[ T - C r o s s ]
    title = Energy distribution in region mesh
     mesh =  reg            # mesh type is region-wise
      reg =    1            # number of crossing regions
      non     r-from   r-to      area
      1       12       11        1.000000    
   e-type =    3            # e-mesh is log given by emin, emax and ne
     emin =  1.0000000E-09  # minimum value of e-mesh points
     emax =   10.00000      # maximum value of e-mesh points
#    edel =   2.302585      # mesh width of e-mesh points
       ne =     10          # number of e-mesh points
#    data = ( e(i), i = 1, ne + 1 )
#           1.00000E-09  1.00000E-08  1.00000E-07  1.00000E-06  1.00000E-05
#           1.00000E-04  1.00000E-03  1.00000E-02  1.00000E-01  1.00000E+00
#           1.00000E+01
     unit =    1            # unit is [1/cm^2/source]
     axis =  eng            # axis of output
     file = current.output  # file name of output for the above axis
   output = current         # surface crossing current spectrum
     part =  neutron  
# kf/name :  2112     
    gshow =    3            # 0: no 1:bnd, 2:bnd+mat, 3:bnd+reg 4:bnd+lat 5:bmp style
    resol =    1            # (D=1) resolution of gshow
    width = 0.5000000       # (D=0.5) width of lines for gshow
   epsout =    2            # (D=0) generate eps file by ANGEL
#    used :        main (  %)        temp (  %)       total (  %)
#  memory :          24 (  0)           0 (  0)          24 (  0)

#------------------------------------------------------------------------------
#newpage:
#   no. =    1   reg = 12 - 11

x: Energy [MeV]
y: Current [1/cm^2/source]                 
p: xlog ylog afac(0.8) form(0.9)
h: n            x            y1(neutron ),hh0l   ny21 dy1=[y1*y21] 
#  e-lower      e-upper      neutron     r.err 
   1.0000E-09   1.0000E-08   4.6759E+03  0.0006
   1.0000E-08   1.0000E-07   7.1112E+04  0.0002
   1.0000E-07   1.0000E-06   8.4871E+03  0.0004
   1.0000E-06   1.0000E-05   6.1876E-01  0.0011
   1.0000E-05   1.0000E-04   5.9079E-02  0.0009
   1.0000E-04   1.0000E-03   6.1412E-03  0.0009
   1.0000E-03   1.0000E-02   9.5492E-04  0.0006
   1.0000E-02   1.0000E-01   4.3855E-04  0.0003
   1.0000E-01   1.0000E+00   6.8349E-04  0.0002
   1.0000E+00   1.0000E+01   6.7632E-04  0.0001

#   sum over                 8.4276E+04
'no. =    1   reg = 12 - 11'
msuc: {\huge Energy distribution in region mesh}
msdr: {\it plotted by \ANGEL \version}
msdl: {\it calculated by \PHITS  3.17}
wt: s(0.7)
\vspace{-3}
  region surface crossing
  area  &=&   1.0000E+00 [cm^2]
e:
 
# Information for Restart Calculation
# This calculation was newly started
# istdev =  2 # 1:Batch variance, 2:History variance
# resc2  = 5.05955977236976469E+03 # Total source weight or Total source weight / maxcas
# resc3  = 2.01520840000000000E+09 # Total history number or Total batch number
# maxcas =      100060 # History / Batch, only used for istdev=1
# rijklst=  84132100632537.0 # Next initial random number
