[ T - Deposit ]
    title = Energy Deposition in silicon (all)
     mesh =  reg            # mesh type is region-wise
      reg = 103
     unit =    3            # unit is [1/source] : only for output=deposit
   letmat =    0            # (D=0) mat ID for LET, 0:real mat, <0: electron for H2O
  dedxfnc =    0            # (D=0) user defined multiplier, 0(no), 1, 2
 material =  all            # (D=all) number of specific material
   output = deposit         # deposit enerygy distribution
  deposit =    0            # (D=0) 0-> total deposit dist, 1-> each process
   e-type =    2            # e-mesh is linear given by emin, emax and ne
     emin =  1.0000000E-05  # minimum value of e-mesh points
     emax =  0.5000000      # maximum value of e-mesh points
#    edel =  1.2499750E-03  # mesh width of e-mesh points
       ne =    400          # number of e-mesh points
#    data = ( e(i), i = 1, ne + 1 )
#           1.00000E-05  1.25997E-03  2.50995E-03  3.75992E-03  5.00990E-03
#           6.25987E-03  7.50985E-03  8.75982E-03  1.00098E-02  1.12598E-02
#           1.25098E-02  1.37597E-02  1.50097E-02  1.62597E-02  1.75096E-02
#           1.87596E-02  2.00096E-02  2.12596E-02  2.25095E-02  2.37595E-02
#           2.50095E-02  2.62595E-02  2.75094E-02  2.87594E-02  3.00094E-02
#           3.12594E-02  3.25093E-02  3.37593E-02  3.50093E-02  3.62593E-02
#           3.75093E-02  3.87592E-02  4.00092E-02  4.12592E-02  4.25092E-02
#           4.37591E-02  4.50091E-02  4.62591E-02  4.75091E-02  4.87590E-02
#           5.00090E-02  5.12590E-02  5.25089E-02  5.37589E-02  5.50089E-02
#           5.62589E-02  5.75089E-02  5.87588E-02  6.00088E-02  6.12588E-02
#           6.25088E-02  6.37587E-02  6.50087E-02  6.62587E-02  6.75086E-02
#           6.87586E-02  7.00086E-02  7.12586E-02  7.25085E-02  7.37585E-02
#           7.50085E-02  7.62585E-02  7.75084E-02  7.87584E-02  8.00084E-02
#           8.12584E-02  8.25083E-02  8.37583E-02  8.50083E-02  8.62583E-02
#           8.75082E-02  8.87582E-02  9.00082E-02  9.12582E-02  9.25081E-02
#           9.37581E-02  9.50081E-02  9.62581E-02  9.75080E-02  9.87580E-02
#           1.00008E-01  1.01258E-01  1.02508E-01  1.03758E-01  1.05008E-01
#           1.06258E-01  1.07508E-01  1.08758E-01  1.10008E-01  1.11258E-01
#           1.12508E-01  1.13758E-01  1.15008E-01  1.16258E-01  1.17508E-01
#           1.18758E-01  1.20008E-01  1.21258E-01  1.22508E-01  1.23758E-01
#           1.25007E-01  1.26257E-01  1.27507E-01  1.28757E-01  1.30007E-01
#           1.31257E-01  1.32507E-01  1.33757E-01  1.35007E-01  1.36257E-01
#           1.37507E-01  1.38757E-01  1.40007E-01  1.41257E-01  1.42507E-01
#           1.43757E-01  1.45007E-01  1.46257E-01  1.47507E-01  1.48757E-01
#           1.50007E-01  1.51257E-01  1.52507E-01  1.53757E-01  1.55007E-01
#           1.56257E-01  1.57507E-01  1.58757E-01  1.60007E-01  1.61257E-01
#           1.62507E-01  1.63757E-01  1.65007E-01  1.66257E-01  1.67507E-01
#           1.68757E-01  1.70007E-01  1.71257E-01  1.72507E-01  1.73757E-01
#           1.75007E-01  1.76256E-01  1.77506E-01  1.78756E-01  1.80006E-01
#           1.81256E-01  1.82506E-01  1.83756E-01  1.85006E-01  1.86256E-01
#           1.87506E-01  1.88756E-01  1.90006E-01  1.91256E-01  1.92506E-01
#           1.93756E-01  1.95006E-01  1.96256E-01  1.97506E-01  1.98756E-01
#           2.00006E-01  2.01256E-01  2.02506E-01  2.03756E-01  2.05006E-01
#           2.06256E-01  2.07506E-01  2.08756E-01  2.10006E-01  2.11256E-01
#           2.12506E-01  2.13756E-01  2.15006E-01  2.16256E-01  2.17506E-01
#           2.18756E-01  2.20006E-01  2.21256E-01  2.22506E-01  2.23756E-01
#           2.25005E-01  2.26255E-01  2.27505E-01  2.28755E-01  2.30005E-01
#           2.31255E-01  2.32505E-01  2.33755E-01  2.35005E-01  2.36255E-01
#           2.37505E-01  2.38755E-01  2.40005E-01  2.41255E-01  2.42505E-01
#           2.43755E-01  2.45005E-01  2.46255E-01  2.47505E-01  2.48755E-01
#           2.50005E-01  2.51255E-01  2.52505E-01  2.53755E-01  2.55005E-01
#           2.56255E-01  2.57505E-01  2.58755E-01  2.60005E-01  2.61255E-01
#           2.62505E-01  2.63755E-01  2.65005E-01  2.66255E-01  2.67505E-01
#           2.68755E-01  2.70005E-01  2.71255E-01  2.72505E-01  2.73755E-01
#           2.75004E-01  2.76254E-01  2.77504E-01  2.78754E-01  2.80004E-01
#           2.81254E-01  2.82504E-01  2.83754E-01  2.85004E-01  2.86254E-01
#           2.87504E-01  2.88754E-01  2.90004E-01  2.91254E-01  2.92504E-01
#           2.93754E-01  2.95004E-01  2.96254E-01  2.97504E-01  2.98754E-01
#           3.00004E-01  3.01254E-01  3.02504E-01  3.03754E-01  3.05004E-01
#           3.06254E-01  3.07504E-01  3.08754E-01  3.10004E-01  3.11254E-01
#           3.12504E-01  3.13754E-01  3.15004E-01  3.16254E-01  3.17504E-01
#           3.18754E-01  3.20004E-01  3.21254E-01  3.22504E-01  3.23754E-01
#           3.25004E-01  3.26253E-01  3.27503E-01  3.28753E-01  3.30003E-01
#           3.31253E-01  3.32503E-01  3.33753E-01  3.35003E-01  3.36253E-01
#           3.37503E-01  3.38753E-01  3.40003E-01  3.41253E-01  3.42503E-01
#           3.43753E-01  3.45003E-01  3.46253E-01  3.47503E-01  3.48753E-01
#           3.50003E-01  3.51253E-01  3.52503E-01  3.53753E-01  3.55003E-01
#           3.56253E-01  3.57503E-01  3.58753E-01  3.60003E-01  3.61253E-01
#           3.62503E-01  3.63753E-01  3.65003E-01  3.66253E-01  3.67503E-01
#           3.68753E-01  3.70003E-01  3.71253E-01  3.72503E-01  3.73753E-01
#           3.75003E-01  3.76252E-01  3.77502E-01  3.78752E-01  3.80002E-01
#           3.81252E-01  3.82502E-01  3.83752E-01  3.85002E-01  3.86252E-01
#           3.87502E-01  3.88752E-01  3.90002E-01  3.91252E-01  3.92502E-01
#           3.93752E-01  3.95002E-01  3.96252E-01  3.97502E-01  3.98752E-01
#           4.00002E-01  4.01252E-01  4.02502E-01  4.03752E-01  4.05002E-01
#           4.06252E-01  4.07502E-01  4.08752E-01  4.10002E-01  4.11252E-01
#           4.12502E-01  4.13752E-01  4.15002E-01  4.16252E-01  4.17502E-01
#           4.18752E-01  4.20002E-01  4.21252E-01  4.22502E-01  4.23752E-01
#           4.25001E-01  4.26251E-01  4.27501E-01  4.28751E-01  4.30001E-01
#           4.31251E-01  4.32501E-01  4.33751E-01  4.35001E-01  4.36251E-01
#           4.37501E-01  4.38751E-01  4.40001E-01  4.41251E-01  4.42501E-01
#           4.43751E-01  4.45001E-01  4.46251E-01  4.47501E-01  4.48751E-01
#           4.50001E-01  4.51251E-01  4.52501E-01  4.53751E-01  4.55001E-01
#           4.56251E-01  4.57501E-01  4.58751E-01  4.60001E-01  4.61251E-01
#           4.62501E-01  4.63751E-01  4.65001E-01  4.66251E-01  4.67501E-01
#           4.68751E-01  4.70001E-01  4.71251E-01  4.72501E-01  4.73751E-01
#           4.75000E-01  4.76250E-01  4.77500E-01  4.78750E-01  4.80000E-01
#           4.81250E-01  4.82500E-01  4.83750E-01  4.85000E-01  4.86250E-01
#           4.87500E-01  4.88750E-01  4.90000E-01  4.91250E-01  4.92500E-01
#           4.93750E-01  4.95000E-01  4.96250E-01  4.97500E-01  4.98750E-01
#           5.00000E-01
     axis =   eng           # axis of output
     file = deposit_Si.out  # file name of output for the above axis
     part =  28Si       25Mg       electron   positron   alpha      all      
# kf/name :  14000028   12000025   11         -11        2000004    0        
   epsout =    1            # (D=0) generate eps file by ANGEL
#    used :        main (  %)        temp (  %)       total (  %)
#  memory :         405 (  0)           0 (  0)         405 (  0)

#------------------------------------------------------------------------------
#newpage:
#   no. =  1   reg =    103

x: Deposit Energy [MeV]
y: Number [1/source]     
p: xlin ylog afac(0.8) form(0.9)
h: n            x            y(28Si    ),hh0l   n y(25Mg    ),hh0dr  n y(electron),hh0ub  n y(positron),hh0mg  n y(alpha   ),hh0qrr n y(all     ),hh0vbb n 
#  e-lower      e-upper      28Si        r.err    25Mg        r.err    electron    r.err    positron    r.err    alpha       r.err    all         r.err 
   1.0000E-05   1.2600E-03   4.4482E-05  0.0047   0.0000E+00  0.0000   2.6457E-06  0.0194   0.0000E+00  0.0000   0.0000E+00  0.0000   4.7136E-05  0.0046
   1.2600E-03   2.5099E-03   4.1295E-05  0.0049   0.0000E+00  0.0000   2.8450E-06  0.0187   1.9958E-09  0.7071   0.0000E+00  0.0000   4.4167E-05  0.0048
   2.5099E-03   3.7599E-03   3.8646E-05  0.0051   0.0000E+00  0.0000   2.9794E-06  0.0183   9.9792E-10  1.0000   0.0000E+00  0.0000   4.1638E-05  0.0049
   3.7599E-03   5.0099E-03   3.6465E-05  0.0052   0.0000E+00  0.0000   2.8606E-06  0.0187   9.9792E-10  1.0000   0.0000E+00  0.0000   3.9341E-05  0.0050
   5.0099E-03   6.2599E-03   3.4904E-05  0.0053   0.0000E+00  0.0000   2.8197E-06  0.0188   9.9792E-10  1.0000   0.0000E+00  0.0000   3.7733E-05  0.0051
   6.2599E-03   7.5098E-03   3.3150E-05  0.0055   0.0000E+00  0.0000   2.8288E-06  0.0188   2.0036E-09  0.5946   0.0000E+00  0.0000   3.5983E-05  0.0053
   7.5098E-03   8.7598E-03   3.1254E-05  0.0057   0.0000E+00  0.0000   4.2047E-06  0.0154   1.8729E-09  0.5994   0.0000E+00  0.0000   3.5464E-05  0.0053
   8.7598E-03   1.0010E-02   2.9407E-05  0.0058   0.0000E+00  0.0000   3.0593E-06  0.0181   2.7529E-09  0.5818   0.0000E+00  0.0000   3.2475E-05  0.0055
   1.0010E-02   1.1260E-02   2.8178E-05  0.0060   0.0000E+00  0.0000   2.6339E-06  0.0195   9.9792E-10  1.0000   0.0000E+00  0.0000   3.0817E-05  0.0057
   1.1260E-02   1.2510E-02   2.6795E-05  0.0061   0.0000E+00  0.0000   2.5991E-06  0.0196   3.6768E-10  1.0000   0.0000E+00  0.0000   2.9402E-05  0.0058
   1.2510E-02   1.3760E-02   2.6000E-05  0.0062   0.0000E+00  0.0000   2.4940E-06  0.0200   1.3494E-09  0.7085   0.0000E+00  0.0000   2.8501E-05  0.0059
   1.3760E-02   1.5010E-02   2.4987E-05  0.0063   0.0000E+00  0.0000   2.5814E-06  0.0197   2.9699E-09  0.5208   0.0000E+00  0.0000   2.7575E-05  0.0060
   1.5010E-02   1.6260E-02   2.4072E-05  0.0064   0.0000E+00  0.0000   2.5422E-06  0.0198   7.4935E-10  1.0000   0.0000E+00  0.0000   2.6622E-05  0.0061
   1.6260E-02   1.7510E-02   2.3711E-05  0.0065   0.0000E+00  0.0000   2.3834E-06  0.0205   4.5356E-10  1.0000   0.0000E+00  0.0000   2.6101E-05  0.0062
   1.7510E-02   1.8760E-02   2.2580E-05  0.0066   0.0000E+00  0.0000   2.4240E-06  0.0203   1.7175E-09  0.7163   0.0000E+00  0.0000   2.5011E-05  0.0063
   1.8760E-02   2.0010E-02   2.2330E-05  0.0067   0.0000E+00  0.0000   2.3444E-06  0.0206   9.9792E-10  1.0000   0.0000E+00  0.0000   2.4681E-05  0.0064
   2.0010E-02   2.1260E-02   2.1841E-05  0.0068   0.0000E+00  0.0000   2.2874E-06  0.0209   0.0000E+00  0.0000   0.0000E+00  0.0000   2.4138E-05  0.0064
   2.1260E-02   2.2510E-02   2.1513E-05  0.0068   0.0000E+00  0.0000   2.3045E-06  0.0208   9.9792E-10  1.0000   0.0000E+00  0.0000   2.3822E-05  0.0065
   2.2510E-02   2.3760E-02   2.0796E-05  0.0069   0.0000E+00  0.0000   2.3291E-06  0.0207   0.0000E+00  0.0000   0.0000E+00  0.0000   2.3131E-05  0.0066
   2.3760E-02   2.5010E-02   1.9536E-05  0.0071   0.0000E+00  0.0000   2.1969E-06  0.0213   8.8541E-10  1.0000   0.0000E+00  0.0000   2.1736E-05  0.0068
   2.5010E-02   2.6259E-02   1.7948E-05  0.0075   0.0000E+00  0.0000   2.2051E-06  0.0213   2.3385E-09  0.5300   0.0000E+00  0.0000   2.0157E-05  0.0070
   2.6259E-02   2.7509E-02   1.6349E-05  0.0078   0.0000E+00  0.0000   2.1711E-06  0.0214   0.0000E+00  0.0000   0.0000E+00  0.0000   1.8522E-05  0.0073
   2.7509E-02   2.8759E-02   1.5128E-05  0.0081   0.0000E+00  0.0000   2.1533E-06  0.0215   7.8532E-10  1.0000   0.0000E+00  0.0000   1.7284E-05  0.0076
   2.8759E-02   3.0009E-02   1.4462E-05  0.0083   0.0000E+00  0.0000   2.1622E-06  0.0215   4.9074E-10  1.0000   0.0000E+00  0.0000   1.6629E-05  0.0077
   3.0009E-02   3.1259E-02   1.3332E-05  0.0087   0.0000E+00  0.0000   2.1827E-06  0.0214   1.4035E-09  0.7254   0.0000E+00  0.0000   1.5519E-05  0.0080
   3.1259E-02   3.2509E-02   1.2757E-05  0.0088   0.0000E+00  0.0000   2.1102E-06  0.0217   2.5680E-09  0.5224   0.0000E+00  0.0000   1.4873E-05  0.0082
   3.2509E-02   3.3759E-02   1.2083E-05  0.0091   0.0000E+00  0.0000   2.0832E-06  0.0219   1.6479E-09  0.6215   0.0000E+00  0.0000   1.4168E-05  0.0084
   3.3759E-02   3.5009E-02   1.1586E-05  0.0093   0.0000E+00  0.0000   1.9381E-06  0.0227   2.8907E-09  0.5018   0.0000E+00  0.0000   1.3530E-05  0.0086
   3.5009E-02   3.6259E-02   1.0825E-05  0.0096   0.0000E+00  0.0000   2.0329E-06  0.0221   8.3757E-10  1.0000   0.0000E+00  0.0000   1.2862E-05  0.0088
   3.6259E-02   3.7509E-02   1.0129E-05  0.0099   0.0000E+00  0.0000   2.0007E-06  0.0223   0.0000E+00  0.0000   0.0000E+00  0.0000   1.2131E-05  0.0091
   3.7509E-02   3.8759E-02   9.6233E-06  0.0102   0.0000E+00  0.0000   2.0221E-06  0.0222   0.0000E+00  0.0000   0.0000E+00  0.0000   1.1647E-05  0.0093
   3.8759E-02   4.0009E-02   9.3347E-06  0.0103   0.0000E+00  0.0000   1.8727E-06  0.0231   1.8474E-09  0.6130   0.0000E+00  0.0000   1.1212E-05  0.0094
   4.0009E-02   4.1259E-02   8.9305E-06  0.0106   0.0000E+00  0.0000   1.9053E-06  0.0229   8.7736E-10  0.7129   0.0000E+00  0.0000   1.0840E-05  0.0096
   4.1259E-02   4.2509E-02   8.6633E-06  0.0107   0.0000E+00  0.0000   1.8663E-06  0.0231   4.2004E-10  1.0000   0.0000E+00  0.0000   1.0533E-05  0.0097
   4.2509E-02   4.3759E-02   8.2908E-06  0.0110   0.0000E+00  0.0000   1.7880E-06  0.0236   3.1298E-09  0.5136   0.0000E+00  0.0000   1.0085E-05  0.0099
   4.3759E-02   4.5009E-02   7.8500E-06  0.0113   0.0000E+00  0.0000   1.8445E-06  0.0232   3.8405E-10  1.0000   0.0000E+00  0.0000   9.6978E-06  0.0101
   4.5009E-02   4.6259E-02   7.4860E-06  0.0115   0.0000E+00  0.0000   1.8093E-06  0.0235   1.4157E-09  0.7455   0.0000E+00  0.0000   9.2986E-06  0.0104
   4.6259E-02   4.7509E-02   7.2884E-06  0.0117   0.0000E+00  0.0000   1.7814E-06  0.0237   1.8008E-09  0.7092   0.0000E+00  0.0000   9.0741E-06  0.0105
   4.7509E-02   4.8759E-02   7.0144E-06  0.0119   0.0000E+00  0.0000   1.7577E-06  0.0238   2.0703E-10  1.0000   0.0000E+00  0.0000   8.7737E-06  0.0107
   4.8759E-02   5.0009E-02   6.7508E-06  0.0122   0.0000E+00  0.0000   1.6912E-06  0.0243   1.1560E-09  0.7766   0.0000E+00  0.0000   8.4434E-06  0.0109
   5.0009E-02   5.1259E-02   6.3018E-06  0.0126   0.0000E+00  0.0000   1.7033E-06  0.0242   3.2754E-09  0.5059   0.0000E+00  0.0000   8.0103E-06  0.0112
   5.1259E-02   5.2509E-02   6.3976E-06  0.0125   0.0000E+00  0.0000   1.7007E-06  0.0242   2.8372E-09  0.5219   0.0000E+00  0.0000   8.1011E-06  0.0111
   5.2509E-02   5.3759E-02   6.0602E-06  0.0128   0.0000E+00  0.0000   1.6198E-06  0.0248   0.0000E+00  0.0000   0.0000E+00  0.0000   7.6810E-06  0.0114
   5.3759E-02   5.5009E-02   5.8554E-06  0.0131   0.0000E+00  0.0000   1.6100E-06  0.0249   0.0000E+00  0.0000   0.0000E+00  0.0000   7.4664E-06  0.0116
   5.5009E-02   5.6259E-02   5.4876E-06  0.0135   0.0000E+00  0.0000   1.5727E-06  0.0252   0.0000E+00  0.0000   0.0000E+00  0.0000   7.0603E-06  0.0119
   5.6259E-02   5.7509E-02   5.2782E-06  0.0137   0.0000E+00  0.0000   1.5706E-06  0.0252   8.9258E-10  1.0000   0.0000E+00  0.0000   6.8507E-06  0.0121
   5.7509E-02   5.8759E-02   5.1914E-06  0.0139   0.0000E+00  0.0000   1.5497E-06  0.0254   8.9137E-10  1.0000   0.0000E+00  0.0000   6.7420E-06  0.0122
   5.8759E-02   6.0009E-02   4.9923E-06  0.0141   0.0000E+00  0.0000   1.5399E-06  0.0254   1.8002E-10  1.0000   0.0000E+00  0.0000   6.5334E-06  0.0124
   6.0009E-02   6.1259E-02   4.7780E-06  0.0144   0.0000E+00  0.0000   1.4351E-06  0.0263   2.3086E-09  0.5889   0.0000E+00  0.0000   6.2161E-06  0.0127
   6.1259E-02   6.2509E-02   4.6029E-06  0.0147   0.0000E+00  0.0000   1.4542E-06  0.0262   3.5277E-10  1.0000   0.0000E+00  0.0000   6.0584E-06  0.0128
   6.2509E-02   6.3759E-02   4.4633E-06  0.0149   0.0000E+00  0.0000   1.4628E-06  0.0261   1.5940E-09  0.7076   0.0000E+00  0.0000   5.9277E-06  0.0130
   6.3759E-02   6.5009E-02   4.5452E-06  0.0148   0.0000E+00  0.0000   1.4413E-06  0.0263   0.0000E+00  0.0000   0.0000E+00  0.0000   5.9865E-06  0.0129
   6.5009E-02   6.6259E-02   4.2606E-06  0.0153   0.0000E+00  0.0000   1.4498E-06  0.0262   3.6572E-09  0.4387   0.0000E+00  0.0000   5.7141E-06  0.0132
   6.6259E-02   6.7509E-02   4.1654E-06  0.0155   0.0000E+00  0.0000   1.4248E-06  0.0264   1.1493E-09  0.7776   0.0000E+00  0.0000   5.5924E-06  0.0134
   6.7509E-02   6.8759E-02   4.0112E-06  0.0158   0.0000E+00  0.0000   1.3694E-06  0.0270   7.6186E-10  1.0000   0.0000E+00  0.0000   5.3838E-06  0.0136
   6.8759E-02   7.0009E-02   3.8846E-06  0.0160   0.0000E+00  0.0000   1.3803E-06  0.0269   1.1843E-09  0.7460   0.0000E+00  0.0000   5.2660E-06  0.0138
   7.0009E-02   7.1259E-02   3.8410E-06  0.0161   0.0000E+00  0.0000   1.2923E-06  0.0278   1.0833E-09  0.7749   0.0000E+00  0.0000   5.1343E-06  0.0139
   7.1259E-02   7.2509E-02   3.6268E-06  0.0166   0.0000E+00  0.0000   1.2687E-06  0.0280   2.2521E-09  0.5895   0.0000E+00  0.0000   4.8978E-06  0.0143
   7.2509E-02   7.3759E-02   3.7127E-06  0.0164   0.0000E+00  0.0000   1.2847E-06  0.0278   2.1825E-10  1.0000   0.0000E+00  0.0000   4.9976E-06  0.0141
   7.3759E-02   7.5008E-02   3.5551E-06  0.0168   0.0000E+00  0.0000   1.2909E-06  0.0278   0.0000E+00  0.0000   0.0000E+00  0.0000   4.8459E-06  0.0144
   7.5008E-02   7.6258E-02   3.3735E-06  0.0172   0.0000E+00  0.0000   1.3055E-06  0.0276   2.9338E-10  0.9808   0.0000E+00  0.0000   4.6793E-06  0.0146
   7.6258E-02   7.7508E-02   3.1990E-06  0.0177   0.0000E+00  0.0000   1.2257E-06  0.0285   2.2408E-09  0.6082   0.0000E+00  0.0000   4.4278E-06  0.0150
   7.7508E-02   7.8758E-02   2.9705E-06  0.0183   0.0000E+00  0.0000   1.2673E-06  0.0280   3.3768E-09  0.4559   0.0000E+00  0.0000   4.2412E-06  0.0153
   7.8758E-02   8.0008E-02   2.8577E-06  0.0187   0.0000E+00  0.0000   1.2026E-06  0.0288   2.3808E-09  0.5904   0.0000E+00  0.0000   4.0635E-06  0.0157
   8.0008E-02   8.1258E-02   2.9308E-06  0.0184   0.0000E+00  0.0000   1.2094E-06  0.0287   1.7950E-10  1.0000   0.0000E+00  0.0000   4.1414E-06  0.0155
   8.1258E-02   8.2508E-02   2.6969E-06  0.0192   0.0000E+00  0.0000   1.2030E-06  0.0288   9.3243E-10  0.7630   0.0000E+00  0.0000   3.9009E-06  0.0160
   8.2508E-02   8.3758E-02   2.5193E-06  0.0199   0.0000E+00  0.0000   1.1959E-06  0.0289   0.0000E+00  0.0000   0.0000E+00  0.0000   3.7153E-06  0.0164
   8.3758E-02   8.5008E-02   2.5611E-06  0.0197   0.0000E+00  0.0000   1.1729E-06  0.0291   2.4730E-10  1.0000   0.0000E+00  0.0000   3.7342E-06  0.0163
   8.5008E-02   8.6258E-02   2.6079E-06  0.0196   0.0000E+00  0.0000   1.1063E-06  0.0300   1.7147E-09  0.7084   0.0000E+00  0.0000   3.7163E-06  0.0164
   8.6258E-02   8.7508E-02   2.4376E-06  0.0202   0.0000E+00  0.0000   1.1558E-06  0.0294   1.0901E-10  1.0000   0.0000E+00  0.0000   3.5935E-06  0.0167
   8.7508E-02   8.8758E-02   2.3747E-06  0.0205   0.0000E+00  0.0000   1.1250E-06  0.0297   1.0171E-09  0.5877   0.0000E+00  0.0000   3.5017E-06  0.0169
   8.8758E-02   9.0008E-02   2.2340E-06  0.0211   0.0000E+00  0.0000   1.2045E-06  0.0288   1.3119E-09  0.7830   0.0000E+00  0.0000   3.4398E-06  0.0170
   9.0008E-02   9.1258E-02   2.2219E-06  0.0212   0.0000E+00  0.0000   1.0590E-06  0.0306   2.2570E-09  0.5788   0.0000E+00  0.0000   3.2832E-06  0.0174
   9.1258E-02   9.2508E-02   2.1634E-06  0.0215   0.0000E+00  0.0000   1.1250E-06  0.0298   7.5798E-10  1.0000   0.0000E+00  0.0000   3.2891E-06  0.0174
   9.2508E-02   9.3758E-02   2.0943E-06  0.0218   0.0000E+00  0.0000   1.1067E-06  0.0300   1.3457E-09  0.7231   0.0000E+00  0.0000   3.2023E-06  0.0177
   9.3758E-02   9.5008E-02   2.0259E-06  0.0222   0.0000E+00  0.0000   1.0911E-06  0.0302   4.9516E-10  1.0000   0.0000E+00  0.0000   3.1175E-06  0.0179
   9.5008E-02   9.6258E-02   2.0466E-06  0.0221   0.0000E+00  0.0000   1.0679E-06  0.0305   0.0000E+00  0.0000   0.0000E+00  0.0000   3.1145E-06  0.0179
   9.6258E-02   9.7508E-02   2.0774E-06  0.0219   0.0000E+00  0.0000   1.0584E-06  0.0307   7.5044E-10  1.0000   0.0000E+00  0.0000   3.1375E-06  0.0178
   9.7508E-02   9.8758E-02   1.9521E-06  0.0226   0.0000E+00  0.0000   1.0265E-06  0.0311   2.2259E-09  0.5801   0.0000E+00  0.0000   2.9808E-06  0.0183
   9.8758E-02   1.0001E-01   1.9189E-06  0.0228   0.0000E+00  0.0000   9.9768E-07  0.0316   1.3025E-09  0.7118   0.0000E+00  0.0000   2.9189E-06  0.0185
   1.0001E-01   1.0126E-01   1.8825E-06  0.0230   0.0000E+00  0.0000   1.0148E-06  0.0313   1.7089E-09  0.6201   0.0000E+00  0.0000   2.9000E-06  0.0186
   1.0126E-01   1.0251E-01   1.8774E-06  0.0230   0.0000E+00  0.0000   9.9938E-07  0.0316   1.2497E-09  0.7461   0.0000E+00  0.0000   2.8780E-06  0.0186
   1.0251E-01   1.0376E-01   1.7546E-06  0.0238   0.0000E+00  0.0000   9.6245E-07  0.0322   1.2568E-09  0.5783   0.0000E+00  0.0000   2.7183E-06  0.0192
   1.0376E-01   1.0501E-01   1.8311E-06  0.0233   0.0000E+00  0.0000   9.8399E-07  0.0318   2.6509E-11  1.0000   0.0000E+00  0.0000   2.8151E-06  0.0188
   1.0501E-01   1.0626E-01   1.8408E-06  0.0233   0.0000E+00  0.0000   9.5126E-07  0.0323   1.0922E-09  0.7795   0.0000E+00  0.0000   2.7942E-06  0.0189
   1.0626E-01   1.0751E-01   1.7469E-06  0.0239   0.0000E+00  0.0000   1.0088E-06  0.0314   1.5796E-09  0.7105   0.0000E+00  0.0000   2.7573E-06  0.0190
   1.0751E-01   1.0876E-01   1.6667E-06  0.0245   0.0000E+00  0.0000   9.6390E-07  0.0321   9.1311E-10  0.7280   0.0000E+00  0.0000   2.6315E-06  0.0195
   1.0876E-01   1.1001E-01   1.5992E-06  0.0250   0.0000E+00  0.0000   9.3184E-07  0.0327   2.2812E-09  0.5821   0.0000E+00  0.0000   2.5337E-06  0.0198
   1.1001E-01   1.1126E-01   1.4858E-06  0.0259   0.0000E+00  0.0000   9.2627E-07  0.0328   9.1181E-10  0.8775   0.0000E+00  0.0000   2.4130E-06  0.0203
   1.1126E-01   1.1251E-01   1.5104E-06  0.0257   0.0000E+00  0.0000   9.0496E-07  0.0332   1.5557E-09  0.7083   0.0000E+00  0.0000   2.4170E-06  0.0203
   1.1251E-01   1.1376E-01   1.4535E-06  0.0262   0.0000E+00  0.0000   8.7476E-07  0.0337   8.9340E-10  1.0000   0.0000E+00  0.0000   2.3291E-06  0.0207
   1.1376E-01   1.1501E-01   1.4184E-06  0.0265   0.0000E+00  0.0000   9.3314E-07  0.0326   5.6788E-10  1.0000   0.0000E+00  0.0000   2.3521E-06  0.0206
   1.1501E-01   1.1626E-01   1.3172E-06  0.0275   0.0000E+00  0.0000   8.5557E-07  0.0341   7.2746E-10  0.8984   0.0000E+00  0.0000   2.1735E-06  0.0214
   1.1626E-01   1.1751E-01   1.3307E-06  0.0274   0.0000E+00  0.0000   8.6350E-07  0.0339   1.1910E-09  0.7596   0.0000E+00  0.0000   2.1954E-06  0.0213
   1.1751E-01   1.1876E-01   1.2905E-06  0.0278   0.0000E+00  0.0000   8.4540E-07  0.0343   7.0124E-10  1.0000   0.0000E+00  0.0000   2.1365E-06  0.0216
   1.1876E-01   1.2001E-01   1.2335E-06  0.0284   0.0000E+00  0.0000   8.7087E-07  0.0338   2.5103E-10  1.0000   0.0000E+00  0.0000   2.1056E-06  0.0218
   1.2001E-01   1.2126E-01   1.2105E-06  0.0287   0.0000E+00  0.0000   8.5898E-07  0.0340   2.2165E-09  0.5112   0.0000E+00  0.0000   2.0717E-06  0.0219
   1.2126E-01   1.2251E-01   1.2034E-06  0.0288   0.0000E+00  0.0000   8.3334E-07  0.0345   1.0455E-09  0.7433   0.0000E+00  0.0000   2.0378E-06  0.0221
   1.2251E-01   1.2376E-01   1.2311E-06  0.0285   0.0000E+00  0.0000   8.1564E-07  0.0349   0.0000E+00  0.0000   0.0000E+00  0.0000   2.0467E-06  0.0221
   1.2376E-01   1.2501E-01   1.1106E-06  0.0300   0.0000E+00  0.0000   7.7943E-07  0.0358   2.0091E-09  0.5934   0.0000E+00  0.0000   1.8921E-06  0.0230
   1.2501E-01   1.2626E-01   1.1722E-06  0.0292   0.0000E+00  0.0000   8.1483E-07  0.0350   8.1304E-10  1.0000   0.0000E+00  0.0000   1.9879E-06  0.0224
   1.2626E-01   1.2751E-01   1.0177E-06  0.0313   0.0000E+00  0.0000   7.7824E-07  0.0358   3.0813E-10  1.0000   0.0000E+00  0.0000   1.7963E-06  0.0236
   1.2751E-01   1.2876E-01   1.0751E-06  0.0304   0.0000E+00  0.0000   8.0358E-07  0.0352   2.4208E-09  0.5781   0.0000E+00  0.0000   1.8821E-06  0.0230
   1.2876E-01   1.3001E-01   9.2906E-07  0.0327   0.0000E+00  0.0000   7.9783E-07  0.0353   2.5110E-09  0.5355   0.0000E+00  0.0000   1.7294E-06  0.0240
   1.3001E-01   1.3126E-01   9.4554E-07  0.0325   0.0000E+00  0.0000   8.6069E-07  0.0340   0.0000E+00  0.0000   0.0000E+00  0.0000   1.8062E-06  0.0235
   1.3126E-01   1.3251E-01   9.2821E-07  0.0327   0.0000E+00  0.0000   7.6473E-07  0.0361   1.5279E-09  0.6232   0.0000E+00  0.0000   1.6945E-06  0.0243
   1.3251E-01   1.3376E-01   9.2819E-07  0.0328   0.0000E+00  0.0000   7.3463E-07  0.0368   7.1964E-10  1.0000   0.0000E+00  0.0000   1.6635E-06  0.0245
   1.3376E-01   1.3501E-01   8.3744E-07  0.0345   0.0000E+00  0.0000   7.7919E-07  0.0358   0.0000E+00  0.0000   0.0000E+00  0.0000   1.6166E-06  0.0248
   1.3501E-01   1.3626E-01   7.9114E-07  0.0355   0.0000E+00  0.0000   7.4419E-07  0.0366   1.4635E-09  0.7133   0.0000E+00  0.0000   1.5368E-06  0.0255
   1.3626E-01   1.3751E-01   8.0219E-07  0.0352   0.0000E+00  0.0000   7.5869E-07  0.0362   8.6045E-10  1.0000   0.0000E+00  0.0000   1.5617E-06  0.0253
   1.3751E-01   1.3876E-01   8.0182E-07  0.0353   0.0000E+00  0.0000   7.2600E-07  0.0370   0.0000E+00  0.0000   0.0000E+00  0.0000   1.5278E-06  0.0256
   1.3876E-01   1.4001E-01   7.9888E-07  0.0353   0.0000E+00  0.0000   7.6824E-07  0.0360   1.6137E-09  0.6429   0.0000E+00  0.0000   1.5687E-06  0.0252
   1.4001E-01   1.4126E-01   7.2937E-07  0.0370   0.0000E+00  0.0000   7.2488E-07  0.0371   7.1446E-10  1.0000   0.0000E+00  0.0000   1.4550E-06  0.0262
   1.4126E-01   1.4251E-01   7.3770E-07  0.0367   0.0000E+00  0.0000   7.0348E-07  0.0376   1.8141E-09  0.6027   0.0000E+00  0.0000   1.4430E-06  0.0263
   1.4251E-01   1.4376E-01   6.7045E-07  0.0386   0.0000E+00  0.0000   6.9458E-07  0.0379   1.1256E-09  0.7132   0.0000E+00  0.0000   1.3672E-06  0.0270
   1.4376E-01   1.4501E-01   7.0177E-07  0.0377   0.0000E+00  0.0000   6.9681E-07  0.0378   1.4994E-09  0.5550   0.0000E+00  0.0000   1.4001E-06  0.0267
   1.4501E-01   1.4626E-01   6.6138E-07  0.0388   0.0000E+00  0.0000   6.9338E-07  0.0379   2.1250E-09  0.6032   0.0000E+00  0.0000   1.3572E-06  0.0271
   1.4626E-01   1.4751E-01   6.8049E-07  0.0383   0.0000E+00  0.0000   6.8766E-07  0.0381   0.0000E+00  0.0000   0.0000E+00  0.0000   1.3681E-06  0.0270
   1.4751E-01   1.4876E-01   6.7962E-07  0.0383   0.0000E+00  0.0000   7.0276E-07  0.0376   7.4019E-10  1.0000   0.0000E+00  0.0000   1.3831E-06  0.0269
   1.4876E-01   1.5001E-01   6.6595E-07  0.0386   0.0000E+00  0.0000   6.7049E-07  0.0385   7.7657E-10  1.0000   0.0000E+00  0.0000   1.3372E-06  0.0273
   1.5001E-01   1.5126E-01   6.7480E-07  0.0384   0.0000E+00  0.0000   6.0218E-07  0.0407   1.3546E-09  0.7073   0.0000E+00  0.0000   1.2783E-06  0.0279
   1.5126E-01   1.5251E-01   6.3148E-07  0.0397   0.0000E+00  0.0000   6.6555E-07  0.0387   1.2603E-09  0.7151   0.0000E+00  0.0000   1.2983E-06  0.0277
   1.5251E-01   1.5376E-01   6.0983E-07  0.0404   0.0000E+00  0.0000   6.6096E-07  0.0388   1.5505E-09  0.5944   0.0000E+00  0.0000   1.2723E-06  0.0280
   1.5376E-01   1.5501E-01   6.0575E-07  0.0405   0.0000E+00  0.0000   6.2816E-07  0.0398   1.5161E-09  0.7091   0.0000E+00  0.0000   1.2354E-06  0.0284
   1.5501E-01   1.5626E-01   5.9809E-07  0.0408   0.0000E+00  0.0000   6.0540E-07  0.0405   1.0009E-09  0.7784   0.0000E+00  0.0000   1.2045E-06  0.0288
   1.5626E-01   1.5751E-01   5.6008E-07  0.0421   0.0000E+00  0.0000   6.2439E-07  0.0399   1.0600E-09  0.7346   0.0000E+00  0.0000   1.1855E-06  0.0290
   1.5751E-01   1.5876E-01   5.5930E-07  0.0422   0.0000E+00  0.0000   6.1363E-07  0.0403   6.2880E-10  1.0000   0.0000E+00  0.0000   1.1736E-06  0.0292
   1.5876E-01   1.6001E-01   5.8244E-07  0.0414   0.0000E+00  0.0000   5.7670E-07  0.0416   1.4449E-09  0.6589   0.0000E+00  0.0000   1.1606E-06  0.0293
   1.6001E-01   1.6126E-01   5.8093E-07  0.0414   0.0000E+00  0.0000   6.0742E-07  0.0405   2.1701E-09  0.5825   0.0000E+00  0.0000   1.1905E-06  0.0290
   1.6126E-01   1.6251E-01   5.7662E-07  0.0415   0.0000E+00  0.0000   5.9783E-07  0.0408   2.0974E-09  0.5412   0.0000E+00  0.0000   1.1765E-06  0.0291
   1.6251E-01   1.6376E-01   5.2885E-07  0.0434   0.0000E+00  0.0000   6.1577E-07  0.0402   0.0000E+00  0.0000   0.0000E+00  0.0000   1.1446E-06  0.0295
   1.6376E-01   1.6501E-01   5.3094E-07  0.0433   0.0000E+00  0.0000   5.9855E-07  0.0408   3.1504E-09  0.5050   0.0000E+00  0.0000   1.1326E-06  0.0297
   1.6501E-01   1.6626E-01   5.6276E-07  0.0421   0.0000E+00  0.0000   6.0011E-07  0.0408   6.9782E-10  1.0000   0.0000E+00  0.0000   1.1636E-06  0.0293
   1.6626E-01   1.6751E-01   4.8621E-07  0.0452   0.0000E+00  0.0000   5.8540E-07  0.0412   2.1550E-09  0.5795   0.0000E+00  0.0000   1.0738E-06  0.0305
   1.6751E-01   1.6876E-01   4.8104E-07  0.0455   0.0000E+00  0.0000   5.8975E-07  0.0411   2.9737E-09  0.4736   0.0000E+00  0.0000   1.0738E-06  0.0305
   1.6876E-01   1.7001E-01   4.5395E-07  0.0468   0.0000E+00  0.0000   5.5244E-07  0.0425   1.5051E-09  0.7083   0.0000E+00  0.0000   1.0079E-06  0.0315
   1.7001E-01   1.7126E-01   4.7620E-07  0.0457   0.0000E+00  0.0000   5.5364E-07  0.0424   2.0092E-09  0.6033   0.0000E+00  0.0000   1.0328E-06  0.0311
   1.7126E-01   1.7251E-01   4.7875E-07  0.0456   0.0000E+00  0.0000   5.8710E-07  0.0412   9.2307E-10  1.0000   0.0000E+00  0.0000   1.0668E-06  0.0306
   1.7251E-01   1.7376E-01   5.0357E-07  0.0445   0.0000E+00  0.0000   5.6479E-07  0.0420   4.1447E-10  1.0000   0.0000E+00  0.0000   1.0688E-06  0.0306
   1.7376E-01   1.7501E-01   4.7130E-07  0.0459   0.0000E+00  0.0000   5.6291E-07  0.0420   1.6343E-09  0.7098   0.0000E+00  0.0000   1.0358E-06  0.0310
   1.7501E-01   1.7626E-01   4.2826E-07  0.0482   0.0000E+00  0.0000   5.7178E-07  0.0417   8.6984E-10  1.0000   0.0000E+00  0.0000   1.0009E-06  0.0316
   1.7626E-01   1.7751E-01   4.4326E-07  0.0474   0.0000E+00  0.0000   5.7047E-07  0.0418   2.1509E-09  0.5857   0.0000E+00  0.0000   1.0159E-06  0.0313
   1.7751E-01   1.7876E-01   4.6185E-07  0.0464   0.0000E+00  0.0000   5.9694E-07  0.0408   2.9989E-09  0.5295   0.0000E+00  0.0000   1.0618E-06  0.0307
   1.7876E-01   1.8001E-01   3.8474E-07  0.0509   0.0000E+00  0.0000   5.6325E-07  0.0420   4.0253E-09  0.4516   0.0000E+00  0.0000   9.5202E-07  0.0324
   1.8001E-01   1.8126E-01   4.0360E-07  0.0497   0.0000E+00  0.0000   5.6350E-07  0.0421   8.8684E-10  1.0000   0.0000E+00  0.0000   9.6798E-07  0.0321
   1.8126E-01   1.8251E-01   4.1034E-07  0.0492   0.0000E+00  0.0000   5.1112E-07  0.0440   5.6155E-09  0.3807   0.0000E+00  0.0000   9.2807E-07  0.0328
   1.8251E-01   1.8376E-01   4.1242E-07  0.0491   0.0000E+00  0.0000   6.2091E-07  0.0400   2.5093E-09  0.5498   0.0000E+00  0.0000   1.0358E-06  0.0310
   1.8376E-01   1.8501E-01   3.8921E-07  0.0506   0.0000E+00  0.0000   5.5993E-07  0.0422   8.8141E-10  1.0000   0.0000E+00  0.0000   9.5002E-07  0.0324
   1.8501E-01   1.8626E-01   4.0716E-07  0.0494   0.0000E+00  0.0000   5.1546E-07  0.0439   4.4508E-09  0.4259   0.0000E+00  0.0000   9.2707E-07  0.0328
   1.8626E-01   1.8751E-01   3.9965E-07  0.0499   0.0000E+00  0.0000   5.4127E-07  0.0429   4.1102E-09  0.4212   0.0000E+00  0.0000   9.4503E-07  0.0325
   1.8751E-01   1.8876E-01   3.9380E-07  0.0503   0.0000E+00  0.0000   5.4310E-07  0.0428   5.1364E-09  0.4084   0.0000E+00  0.0000   9.4204E-07  0.0325
   1.8876E-01   1.9001E-01   3.7696E-07  0.0514   0.0000E+00  0.0000   5.5973E-07  0.0422   2.3556E-09  0.5833   0.0000E+00  0.0000   9.3904E-07  0.0326
   1.9001E-01   1.9126E-01   3.6721E-07  0.0521   0.0000E+00  0.0000   5.2458E-07  0.0436   3.3390E-09  0.5004   0.0000E+00  0.0000   8.9514E-07  0.0334
   1.9126E-01   1.9251E-01   3.3828E-07  0.0543   0.0000E+00  0.0000   5.3547E-07  0.0431   3.4183E-09  0.5001   0.0000E+00  0.0000   8.7817E-07  0.0337
   1.9251E-01   1.9376E-01   3.5468E-07  0.0530   0.0000E+00  0.0000   5.0897E-07  0.0442   3.5464E-09  0.4824   0.0000E+00  0.0000   8.6719E-07  0.0339
   1.9376E-01   1.9501E-01   3.6632E-07  0.0521   0.0000E+00  0.0000   5.3731E-07  0.0430   2.4811E-09  0.5424   0.0000E+00  0.0000   9.0611E-07  0.0332
   1.9501E-01   1.9626E-01   3.5700E-07  0.0528   0.0000E+00  0.0000   5.1518E-07  0.0439   5.0004E-09  0.3878   0.0000E+00  0.0000   8.7717E-07  0.0337
   1.9626E-01   1.9751E-01   3.4479E-07  0.0538   0.0000E+00  0.0000   4.8860E-07  0.0451   3.8713E-09  0.4553   0.0000E+00  0.0000   8.3726E-07  0.0345
   1.9751E-01   1.9876E-01   3.3095E-07  0.0548   0.0000E+00  0.0000   5.5191E-07  0.0424   6.2874E-09  0.3577   0.0000E+00  0.0000   8.8915E-07  0.0335
   1.9876E-01   2.0001E-01   3.6688E-07  0.0521   0.0000E+00  0.0000   5.0373E-07  0.0444   5.5688E-09  0.3654   0.0000E+00  0.0000   8.7617E-07  0.0337
   2.0001E-01   2.0126E-01   3.2342E-07  0.0554   0.0000E+00  0.0000   5.2758E-07  0.0434   5.2137E-09  0.3781   0.0000E+00  0.0000   8.5622E-07  0.0341
   2.0126E-01   2.0251E-01   3.1665E-07  0.0561   0.0000E+00  0.0000   5.4001E-07  0.0429   5.5475E-09  0.3785   0.0000E+00  0.0000   8.6220E-07  0.0340
   2.0251E-01   2.0376E-01   2.9386E-07  0.0582   0.0000E+00  0.0000   5.4352E-07  0.0428   5.8674E-09  0.3788   0.0000E+00  0.0000   8.4324E-07  0.0344
   2.0376E-01   2.0501E-01   3.1499E-07  0.0562   0.0000E+00  0.0000   5.1907E-07  0.0437   1.1179E-08  0.2676   0.0000E+00  0.0000   8.4524E-07  0.0344
   2.0501E-01   2.0626E-01   2.8113E-07  0.0596   0.0000E+00  0.0000   5.1243E-07  0.0441   7.7707E-09  0.3194   0.0000E+00  0.0000   8.0133E-07  0.0353
   2.0626E-01   2.0751E-01   3.2131E-07  0.0557   0.0000E+00  0.0000   5.5568E-07  0.0423   6.1685E-09  0.3551   0.0000E+00  0.0000   8.8316E-07  0.0336
   2.0751E-01   2.0876E-01   3.1277E-07  0.0564   0.0000E+00  0.0000   5.5654E-07  0.0422   6.8718E-09  0.3276   0.0000E+00  0.0000   8.7617E-07  0.0337
   2.0876E-01   2.1001E-01   3.1095E-07  0.0565   0.0000E+00  0.0000   5.4016E-07  0.0429   5.1133E-09  0.3876   0.0000E+00  0.0000   8.5622E-07  0.0341
   2.1001E-01   2.1126E-01   3.1483E-07  0.0563   0.0000E+00  0.0000   5.4609E-07  0.0427   8.2694E-09  0.3061   0.0000E+00  0.0000   8.6919E-07  0.0339
   2.1126E-01   2.1251E-01   2.9187E-07  0.0584   0.0000E+00  0.0000   5.0968E-07  0.0442   5.7616E-09  0.3633   0.0000E+00  0.0000   8.0732E-07  0.0352
   2.1251E-01   2.1376E-01   2.9075E-07  0.0585   0.0000E+00  0.0000   5.2380E-07  0.0436   5.7393E-09  0.3785   0.0000E+00  0.0000   8.2029E-07  0.0349
   2.1376E-01   2.1501E-01   3.0284E-07  0.0573   0.0000E+00  0.0000   5.3831E-07  0.0429   7.0849E-09  0.3157   0.0000E+00  0.0000   8.4823E-07  0.0343
   2.1501E-01   2.1626E-01   3.0649E-07  0.0570   0.0000E+00  0.0000   5.0747E-07  0.0443   7.3300E-09  0.3343   0.0000E+00  0.0000   8.2229E-07  0.0348
   2.1626E-01   2.1751E-01   2.8955E-07  0.0585   0.0000E+00  0.0000   5.0072E-07  0.0444   1.3052E-08  0.2441   0.0000E+00  0.0000   8.0333E-07  0.0352
   2.1751E-01   2.1876E-01   2.5205E-07  0.0628   0.0000E+00  0.0000   5.1687E-07  0.0438   5.4658E-09  0.3788   0.0000E+00  0.0000   7.7439E-07  0.0359
   2.1876E-01   2.2001E-01   2.4539E-07  0.0637   0.0000E+00  0.0000   4.9251E-07  0.0449   4.5481E-09  0.4091   0.0000E+00  0.0000   7.4245E-07  0.0367
   2.2001E-01   2.2126E-01   2.6344E-07  0.0614   0.0000E+00  0.0000   4.9715E-07  0.0447   3.8117E-09  0.4480   0.0000E+00  0.0000   7.6441E-07  0.0361
   2.2126E-01   2.2251E-01   2.4222E-07  0.0640   0.0000E+00  0.0000   4.7139E-07  0.0459   4.8927E-09  0.4088   0.0000E+00  0.0000   7.1850E-07  0.0373
   2.2251E-01   2.2376E-01   2.1652E-07  0.0677   0.0000E+00  0.0000   5.0866E-07  0.0442   6.2878E-09  0.3453   0.0000E+00  0.0000   7.3148E-07  0.0369
   2.2376E-01   2.2501E-01   2.1811E-07  0.0675   0.0000E+00  0.0000   4.7012E-07  0.0460   4.3356E-09  0.4095   0.0000E+00  0.0000   6.9256E-07  0.0380
   2.2501E-01   2.2626E-01   2.0176E-07  0.0701   0.0000E+00  0.0000   4.7663E-07  0.0456   7.1780E-09  0.3284   0.0000E+00  0.0000   6.8557E-07  0.0382
   2.2626E-01   2.2751E-01   2.4165E-07  0.0641   0.0000E+00  0.0000   4.7391E-07  0.0457   6.9360E-09  0.3237   0.0000E+00  0.0000   7.2249E-07  0.0372
   2.2751E-01   2.2876E-01   2.0519E-07  0.0696   0.0000E+00  0.0000   4.8194E-07  0.0453   1.0412E-08  0.2697   0.0000E+00  0.0000   6.9755E-07  0.0378
   2.2876E-01   2.3001E-01   1.7229E-07  0.0760   0.0000E+00  0.0000   4.8333E-07  0.0454   4.0055E-09  0.4332   0.0000E+00  0.0000   6.5963E-07  0.0389
   2.3001E-01   2.3126E-01   2.0108E-07  0.0701   0.0000E+00  0.0000   5.0496E-07  0.0442   1.1458E-08  0.2534   0.0000E+00  0.0000   7.1751E-07  0.0373
   2.3126E-01   2.3251E-01   2.3687E-07  0.0648   0.0000E+00  0.0000   4.7403E-07  0.0458   3.6077E-09  0.4204   0.0000E+00  0.0000   7.1451E-07  0.0374
   2.3251E-01   2.3376E-01   2.1167E-07  0.0685   0.0000E+00  0.0000   4.8989E-07  0.0451   3.9697E-09  0.4477   0.0000E+00  0.0000   7.0553E-07  0.0376
   2.3376E-01   2.3501E-01   2.0790E-07  0.0692   0.0000E+00  0.0000   4.8107E-07  0.0454   6.5827E-09  0.3337   0.0000E+00  0.0000   6.9555E-07  0.0379
   2.3501E-01   2.3626E-01   2.0369E-07  0.0698   0.0000E+00  0.0000   5.0515E-07  0.0443   1.2654E-08  0.2433   0.0000E+00  0.0000   7.2150E-07  0.0372
   2.3626E-01   2.3751E-01   1.6891E-07  0.0767   0.0000E+00  0.0000   4.2762E-07  0.0482   5.2244E-09  0.3790   0.0000E+00  0.0000   6.0175E-07  0.0407
   2.3751E-01   2.3876E-01   2.3422E-07  0.0651   0.0000E+00  0.0000   4.4808E-07  0.0471   5.2687E-09  0.3804   0.0000E+00  0.0000   6.8757E-07  0.0381
   2.3876E-01   2.4001E-01   1.9176E-07  0.0721   0.0000E+00  0.0000   4.3460E-07  0.0477   1.0311E-08  0.2693   0.0000E+00  0.0000   6.3667E-07  0.0396
   2.4001E-01   2.4126E-01   2.0797E-07  0.0691   0.0000E+00  0.0000   4.7954E-07  0.0454   1.1043E-08  0.2597   0.0000E+00  0.0000   6.9854E-07  0.0378
   2.4126E-01   2.4251E-01   1.9684E-07  0.0709   0.0000E+00  0.0000   4.3984E-07  0.0474   7.9800E-09  0.3027   0.0000E+00  0.0000   6.4466E-07  0.0393
   2.4251E-01   2.4376E-01   1.9105E-07  0.0722   0.0000E+00  0.0000   4.2842E-07  0.0481   6.2327E-09  0.3400   0.0000E+00  0.0000   6.2570E-07  0.0399
   2.4376E-01   2.4501E-01   1.8601E-07  0.0730   0.0000E+00  0.0000   4.5694E-07  0.0466   3.7008E-09  0.4478   0.0000E+00  0.0000   6.4665E-07  0.0393
   2.4501E-01   2.4626E-01   2.1465E-07  0.0680   0.0000E+00  0.0000   4.4219E-07  0.0473   5.7793E-09  0.3432   0.0000E+00  0.0000   6.6262E-07  0.0388
   2.4626E-01   2.4751E-01   2.1082E-07  0.0686   0.0000E+00  0.0000   4.7519E-07  0.0457   7.5405E-09  0.3094   0.0000E+00  0.0000   6.9356E-07  0.0379
   2.4751E-01   2.4876E-01   1.7578E-07  0.0753   0.0000E+00  0.0000   4.5203E-07  0.0468   1.1860E-08  0.2528   0.0000E+00  0.0000   6.3967E-07  0.0395
   2.4876E-01   2.5000E-01   1.9053E-07  0.0722   0.0000E+00  0.0000   4.3548E-07  0.0477   5.6712E-09  0.3546   0.0000E+00  0.0000   6.3168E-07  0.0397
   2.5000E-01   2.5125E-01   1.8933E-07  0.0725   0.0000E+00  0.0000   4.1421E-07  0.0489   5.1876E-09  0.3591   0.0000E+00  0.0000   6.0873E-07  0.0405
   2.5125E-01   2.5250E-01   1.5854E-07  0.0792   0.0000E+00  0.0000   4.5204E-07  0.0468   1.0121E-08  0.2669   0.0000E+00  0.0000   6.2071E-07  0.0401
   2.5250E-01   2.5375E-01   1.5447E-07  0.0803   0.0000E+00  0.0000   4.1876E-07  0.0487   3.5689E-09  0.4486   0.0000E+00  0.0000   5.7680E-07  0.0416
   2.5375E-01   2.5500E-01   1.6755E-07  0.0769   0.0000E+00  0.0000   4.2560E-07  0.0483   6.6020E-09  0.3348   0.0000E+00  0.0000   5.9975E-07  0.0408
   2.5500E-01   2.5625E-01   1.3511E-07  0.0858   0.0000E+00  0.0000   4.2805E-07  0.0482   5.6583E-09  0.3537   0.0000E+00  0.0000   5.6882E-07  0.0419
   2.5625E-01   2.5750E-01   1.6071E-07  0.0785   0.0000E+00  0.0000   4.1244E-07  0.0490   3.6502E-09  0.4302   0.0000E+00  0.0000   5.7680E-07  0.0416
   2.5750E-01   2.5875E-01   1.8160E-07  0.0739   0.0000E+00  0.0000   4.5116E-07  0.0469   7.9004E-09  0.3032   0.0000E+00  0.0000   6.4067E-07  0.0395
   2.5875E-01   2.6000E-01   1.3689E-07  0.0851   0.0000E+00  0.0000   3.9741E-07  0.0499   1.0561E-08  0.2665   0.0000E+00  0.0000   5.4486E-07  0.0428
   2.6000E-01   2.6125E-01   1.4879E-07  0.0817   0.0000E+00  0.0000   4.1593E-07  0.0488   7.0547E-09  0.3144   0.0000E+00  0.0000   5.7181E-07  0.0418
   2.6125E-01   2.6250E-01   1.4375E-07  0.0831   0.0000E+00  0.0000   4.4813E-07  0.0471   3.8875E-09  0.4480   0.0000E+00  0.0000   5.9576E-07  0.0409
   2.6250E-01   2.6375E-01   1.3791E-07  0.0850   0.0000E+00  0.0000   4.2454E-07  0.0484   7.3607E-09  0.3177   0.0000E+00  0.0000   5.6981E-07  0.0418
   2.6375E-01   2.6500E-01   1.4735E-07  0.0822   0.0000E+00  0.0000   4.1153E-07  0.0491   5.9462E-09  0.3375   0.0000E+00  0.0000   5.6482E-07  0.0420
   2.6500E-01   2.6625E-01   1.3211E-07  0.0865   0.0000E+00  0.0000   4.1469E-07  0.0489   3.0557E-09  0.5045   0.0000E+00  0.0000   5.4985E-07  0.0426
   2.6625E-01   2.6750E-01   1.4400E-07  0.0831   0.0000E+00  0.0000   4.2360E-07  0.0484   7.1973E-09  0.3184   0.0000E+00  0.0000   5.7480E-07  0.0417
   2.6750E-01   2.6875E-01   1.3820E-07  0.0849   0.0000E+00  0.0000   3.6919E-07  0.0519   1.5531E-09  0.7102   0.0000E+00  0.0000   5.0894E-07  0.0443
   2.6875E-01   2.7000E-01   1.2644E-07  0.0886   0.0000E+00  0.0000   4.0337E-07  0.0496   8.0700E-09  0.3037   0.0000E+00  0.0000   5.3788E-07  0.0431
   2.7000E-01   2.7125E-01   1.3670E-07  0.0850   0.0000E+00  0.0000   4.2346E-07  0.0484   4.6600E-09  0.3893   0.0000E+00  0.0000   5.6482E-07  0.0420
   2.7125E-01   2.7250E-01   1.4174E-07  0.0838   0.0000E+00  0.0000   4.1739E-07  0.0488   5.6903E-09  0.3551   0.0000E+00  0.0000   5.6582E-07  0.0420
   2.7250E-01   2.7375E-01   1.2914E-07  0.0876   0.0000E+00  0.0000   3.6160E-07  0.0523   8.2143E-09  0.3032   0.0000E+00  0.0000   4.9896E-07  0.0447
   2.7375E-01   2.7500E-01   1.1578E-07  0.0927   0.0000E+00  0.0000   3.7393E-07  0.0515   7.1249E-09  0.3173   0.0000E+00  0.0000   4.9696E-07  0.0448
   2.7500E-01   2.7625E-01   1.2760E-07  0.0883   0.0000E+00  0.0000   3.5941E-07  0.0525   5.9629E-09  0.3403   0.0000E+00  0.0000   4.9297E-07  0.0450
   2.7625E-01   2.7750E-01   1.2660E-07  0.0885   0.0000E+00  0.0000   3.8144E-07  0.0510   5.8827E-09  0.3454   0.0000E+00  0.0000   5.1393E-07  0.0441
   2.7750E-01   2.7875E-01   1.1160E-07  0.0945   0.0000E+00  0.0000   3.7127E-07  0.0517   5.1127E-09  0.3791   0.0000E+00  0.0000   4.8798E-07  0.0452
   2.7875E-01   2.8000E-01   1.1215E-07  0.0942   0.0000E+00  0.0000   4.0235E-07  0.0497   6.4220E-09  0.3348   0.0000E+00  0.0000   5.2091E-07  0.0438
   2.8000E-01   2.8125E-01   1.2051E-07  0.0908   0.0000E+00  0.0000   3.7494E-07  0.0513   9.4986E-09  0.2705   0.0000E+00  0.0000   5.0495E-07  0.0445
   2.8125E-01   2.8250E-01   1.0132E-07  0.0988   0.0000E+00  0.0000   3.8458E-07  0.0508   4.0800E-09  0.4128   0.0000E+00  0.0000   4.8998E-07  0.0451
   2.8250E-01   2.8375E-01   1.0279E-07  0.0985   0.0000E+00  0.0000   4.0049E-07  0.0497   9.6551E-09  0.2631   0.0000E+00  0.0000   5.1293E-07  0.0441
   2.8375E-01   2.8500E-01   9.8618E-08  0.1002   0.0000E+00  0.0000   3.5361E-07  0.0530   2.8256E-09  0.5036   0.0000E+00  0.0000   4.5505E-07  0.0468
   2.8500E-01   2.8625E-01   1.0844E-07  0.0957   0.0000E+00  0.0000   3.8572E-07  0.0507   6.7996E-09  0.3171   0.0000E+00  0.0000   5.0096E-07  0.0446
   2.8625E-01   2.8750E-01   9.5837E-08  0.1020   0.0000E+00  0.0000   3.9624E-07  0.0501   3.8941E-09  0.4476   0.0000E+00  0.0000   4.9597E-07  0.0449
   2.8750E-01   2.8875E-01   1.0091E-07  0.0991   0.0000E+00  0.0000   3.7434E-07  0.0515   3.7471E-09  0.4480   0.0000E+00  0.0000   4.7900E-07  0.0456
   2.8875E-01   2.9000E-01   8.6251E-08  0.1071   0.0000E+00  0.0000   3.5900E-07  0.0525   7.8037E-09  0.2982   0.0000E+00  0.0000   4.5306E-07  0.0469
   2.9000E-01   2.9125E-01   1.0850E-07  0.0957   0.0000E+00  0.0000   3.2374E-07  0.0554   2.8499E-09  0.4756   0.0000E+00  0.0000   4.3509E-07  0.0479
   2.9125E-01   2.9250E-01   9.4501E-08  0.1025   0.0000E+00  0.0000   3.8204E-07  0.0509   7.4544E-09  0.3051   0.0000E+00  0.0000   4.8399E-07  0.0454
   2.9250E-01   2.9375E-01   8.7504E-08  0.1064   0.0000E+00  0.0000   3.7398E-07  0.0514   9.5330E-09  0.2735   0.0000E+00  0.0000   4.7102E-07  0.0460
   2.9375E-01   2.9500E-01   1.0862E-07  0.0954   0.0000E+00  0.0000   3.7108E-07  0.0517   3.2961E-09  0.4563   0.0000E+00  0.0000   4.8299E-07  0.0455
   2.9500E-01   2.9625E-01   9.9134E-08  0.0999   0.0000E+00  0.0000   3.5102E-07  0.0532   2.9025E-09  0.5015   0.0000E+00  0.0000   4.5306E-07  0.0469
   2.9625E-01   2.9750E-01   1.0212E-07  0.0983   0.0000E+00  0.0000   3.8520E-07  0.0507   5.5424E-09  0.3544   0.0000E+00  0.0000   4.9297E-07  0.0450
   2.9750E-01   2.9875E-01   1.0263E-07  0.0978   0.0000E+00  0.0000   3.6425E-07  0.0521   4.1348E-09  0.4115   0.0000E+00  0.0000   4.7102E-07  0.0460
   2.9875E-01   3.0000E-01   9.0611E-08  0.1045   0.0000E+00  0.0000   3.7133E-07  0.0516   8.0524E-09  0.2920   0.0000E+00  0.0000   4.7002E-07  0.0461
   3.0000E-01   3.0125E-01   9.2480E-08  0.1034   0.0000E+00  0.0000   3.6961E-07  0.0518   3.9384E-09  0.3934   0.0000E+00  0.0000   4.6603E-07  0.0463
   3.0125E-01   3.0250E-01   8.1354E-08  0.1104   0.0000E+00  0.0000   3.5354E-07  0.0530   4.1930E-09  0.4094   0.0000E+00  0.0000   4.3909E-07  0.0477
   3.0250E-01   3.0375E-01   1.0820E-07  0.0958   0.0000E+00  0.0000   3.3430E-07  0.0544   8.5584E-09  0.2849   0.0000E+00  0.0000   4.5106E-07  0.0470
   3.0375E-01   3.0500E-01   9.6427E-08  0.1015   0.0000E+00  0.0000   3.3914E-07  0.0541   4.5127E-09  0.3869   0.0000E+00  0.0000   4.4008E-07  0.0476
   3.0500E-01   3.0625E-01   8.7464E-08  0.1065   0.0000E+00  0.0000   3.4231E-07  0.0538   5.3210E-09  0.3543   0.0000E+00  0.0000   4.3509E-07  0.0479
   3.0625E-01   3.0750E-01   7.4945E-08  0.1153   0.0000E+00  0.0000   3.5946E-07  0.0526   3.6813E-09  0.4187   0.0000E+00  0.0000   4.3809E-07  0.0477
   3.0750E-01   3.0875E-01   8.9035E-08  0.1053   0.0000E+00  0.0000   3.4905E-07  0.0533   2.9931E-09  0.4744   0.0000E+00  0.0000   4.4108E-07  0.0476
   3.0875E-01   3.1000E-01   6.2139E-08  0.1260   0.0000E+00  0.0000   3.4860E-07  0.0533   6.3915E-09  0.3208   0.0000E+00  0.0000   4.1713E-07  0.0489
   3.1000E-01   3.1125E-01   6.9980E-08  0.1189   0.0000E+00  0.0000   3.3010E-07  0.0548   6.0714E-09  0.3261   0.0000E+00  0.0000   4.0615E-07  0.0496
   3.1125E-01   3.1250E-01   8.0824E-08  0.1106   0.0000E+00  0.0000   3.3897E-07  0.0541   3.3255E-09  0.4517   0.0000E+00  0.0000   4.2312E-07  0.0486
   3.1250E-01   3.1375E-01   8.7394E-08  0.1063   0.0000E+00  0.0000   3.4900E-07  0.0534   6.9776E-10  1.0000   0.0000E+00  0.0000   4.3709E-07  0.0478
   3.1375E-01   3.1500E-01   7.2176E-08  0.1174   0.0000E+00  0.0000   3.6757E-07  0.0520   6.3258E-09  0.3433   0.0000E+00  0.0000   4.4607E-07  0.0473
   3.1500E-01   3.1625E-01   8.2934E-08  0.1093   0.0000E+00  0.0000   3.6423E-07  0.0522   2.9030E-09  0.4834   0.0000E+00  0.0000   4.5006E-07  0.0471
   3.1625E-01   3.1750E-01   8.0755E-08  0.1105   0.0000E+00  0.0000   3.2703E-07  0.0550   5.3562E-09  0.3589   0.0000E+00  0.0000   4.1414E-07  0.0491
   3.1750E-01   3.1875E-01   7.8150E-08  0.1124   0.0000E+00  0.0000   3.1388E-07  0.0562   4.1497E-09  0.4115   0.0000E+00  0.0000   3.9617E-07  0.0502
   3.1875E-01   3.2000E-01   7.8879E-08  0.1119   0.0000E+00  0.0000   3.5046E-07  0.0532   2.7560E-09  0.4998   0.0000E+00  0.0000   4.3210E-07  0.0481
   3.2000E-01   3.2125E-01   8.1845E-08  0.1095   0.0000E+00  0.0000   3.1562E-07  0.0560   2.7028E-09  0.4935   0.0000E+00  0.0000   4.0017E-07  0.0499
   3.2125E-01   3.2250E-01   8.2355E-08  0.1098   0.0000E+00  0.0000   3.3329E-07  0.0545   7.4698E-09  0.3180   0.0000E+00  0.0000   4.2312E-07  0.0486
   3.2250E-01   3.2375E-01   7.7396E-08  0.1132   0.0000E+00  0.0000   3.1373E-07  0.0562   3.9994E-09  0.4004   0.0000E+00  0.0000   3.9518E-07  0.0503
   3.2375E-01   3.2500E-01   5.1144E-08  0.1388   0.0000E+00  0.0000   3.1075E-07  0.0565   5.3423E-09  0.3826   0.0000E+00  0.0000   3.6723E-07  0.0521
   3.2500E-01   3.2625E-01   6.9028E-08  0.1201   0.0000E+00  0.0000   2.9583E-07  0.0580   4.3712E-09  0.4134   0.0000E+00  0.0000   3.6923E-07  0.0520
   3.2625E-01   3.2750E-01   7.8983E-08  0.1122   0.0000E+00  0.0000   3.0498E-07  0.0570   5.2242E-09  0.3571   0.0000E+00  0.0000   3.8919E-07  0.0506
   3.2750E-01   3.2875E-01   7.7689E-08  0.1129   0.0000E+00  0.0000   3.0920E-07  0.0567   3.2967E-09  0.4638   0.0000E+00  0.0000   3.9019E-07  0.0506
   3.2875E-01   3.3000E-01   8.0385E-08  0.1109   0.0000E+00  0.0000   3.1842E-07  0.0558   3.3521E-09  0.4579   0.0000E+00  0.0000   4.0216E-07  0.0498
   3.3000E-01   3.3125E-01   6.9910E-08  0.1183   0.0000E+00  0.0000   3.1692E-07  0.0559   3.3573E-09  0.4640   0.0000E+00  0.0000   3.9019E-07  0.0506
   3.3125E-01   3.3250E-01   5.8858E-08  0.1295   0.0000E+00  0.0000   3.3857E-07  0.0541   6.7320E-09  0.3182   0.0000E+00  0.0000   4.0416E-07  0.0497
   3.3250E-01   3.3375E-01   6.4453E-08  0.1241   0.0000E+00  0.0000   3.1167E-07  0.0565   2.0934E-09  0.5930   0.0000E+00  0.0000   3.7821E-07  0.0514
   3.3375E-01   3.3500E-01   7.6622E-08  0.1139   0.0000E+00  0.0000   3.0120E-07  0.0574   7.3730E-09  0.3165   0.0000E+00  0.0000   3.8520E-07  0.0509
   3.3500E-01   3.3625E-01   5.4019E-08  0.1358   0.0000E+00  0.0000   2.9483E-07  0.0581   2.4160E-09  0.4878   0.0000E+00  0.0000   3.5127E-07  0.0533
   3.3625E-01   3.3750E-01   8.0015E-08  0.1113   0.0000E+00  0.0000   3.2862E-07  0.0549   4.5055E-09  0.3943   0.0000E+00  0.0000   4.1314E-07  0.0491
   3.3750E-01   3.3875E-01   5.5233E-08  0.1341   0.0000E+00  0.0000   2.9348E-07  0.0581   3.5485E-09  0.4142   0.0000E+00  0.0000   3.5227E-07  0.0532
   3.3875E-01   3.4000E-01   7.0142E-08  0.1187   0.0000E+00  0.0000   2.9943E-07  0.0575   6.6414E-09  0.3355   0.0000E+00  0.0000   3.7622E-07  0.0515
   3.4000E-01   3.4125E-01   7.2094E-08  0.1172   0.0000E+00  0.0000   3.0289E-07  0.0572   5.2271E-09  0.3583   0.0000E+00  0.0000   3.8021E-07  0.0512
   3.4125E-01   3.4250E-01   5.6408E-08  0.1326   0.0000E+00  0.0000   2.7585E-07  0.0600   3.0460E-09  0.4866   0.0000E+00  0.0000   3.3530E-07  0.0546
   3.4250E-01   3.4375E-01   7.1746E-08  0.1174   0.0000E+00  0.0000   2.8088E-07  0.0593   7.6202E-09  0.3043   0.0000E+00  0.0000   3.6025E-07  0.0526
   3.4375E-01   3.4500E-01   7.0181E-08  0.1185   0.0000E+00  0.0000   2.9147E-07  0.0582   7.5830E-09  0.2997   0.0000E+00  0.0000   3.6923E-07  0.0520
   3.4500E-01   3.4625E-01   7.6373E-08  0.1139   0.0000E+00  0.0000   3.0692E-07  0.0569   2.9074E-09  0.4652   0.0000E+00  0.0000   3.8620E-07  0.0508
   3.4625E-01   3.4750E-01   5.3961E-08  0.1354   0.0000E+00  0.0000   2.5004E-07  0.0629   2.3644E-09  0.4245   0.0000E+00  0.0000   3.0636E-07  0.0571
   3.4750E-01   3.4875E-01   6.2505E-08  0.1259   0.0000E+00  0.0000   2.7565E-07  0.0600   3.1311E-09  0.4860   0.0000E+00  0.0000   3.4129E-07  0.0541
   3.4875E-01   3.5000E-01   6.3351E-08  0.1242   0.0000E+00  0.0000   2.8345E-07  0.0591   3.4676E-09  0.4609   0.0000E+00  0.0000   3.5027E-07  0.0534
   3.5000E-01   3.5125E-01   5.7564E-08  0.1310   0.0000E+00  0.0000   2.5712E-07  0.0621   2.6508E-09  0.4945   0.0000E+00  0.0000   3.1734E-07  0.0561
   3.5125E-01   3.5250E-01   6.8146E-08  0.1208   0.0000E+00  0.0000   2.5224E-07  0.0628   1.9406E-09  0.5947   0.0000E+00  0.0000   3.2233E-07  0.0556
   3.5250E-01   3.5375E-01   5.1733E-08  0.1376   0.0000E+00  0.0000   3.1289E-07  0.0563   1.6101E-09  0.5781   0.0000E+00  0.0000   3.6624E-07  0.0522
   3.5375E-01   3.5500E-01   6.3931E-08  0.1245   0.0000E+00  0.0000   2.5833E-07  0.0619   5.0568E-09  0.3723   0.0000E+00  0.0000   3.2732E-07  0.0552
   3.5500E-01   3.5625E-01   5.9763E-08  0.1285   0.0000E+00  0.0000   2.7848E-07  0.0597   1.0491E-09  0.6759   0.0000E+00  0.0000   3.3929E-07  0.0542
   3.5625E-01   3.5750E-01   5.4939E-08  0.1347   0.0000E+00  0.0000   2.7921E-07  0.0596   5.1447E-09  0.3820   0.0000E+00  0.0000   3.3929E-07  0.0542
   3.5750E-01   3.5875E-01   6.3461E-08  0.1252   0.0000E+00  0.0000   2.7455E-07  0.0601   4.2739E-09  0.4064   0.0000E+00  0.0000   3.4229E-07  0.0540
   3.5875E-01   3.6000E-01   4.7857E-08  0.1434   0.0000E+00  0.0000   2.7877E-07  0.0596   4.6849E-09  0.3844   0.0000E+00  0.0000   3.3131E-07  0.0549
   3.6000E-01   3.6125E-01   5.2021E-08  0.1382   0.0000E+00  0.0000   2.7545E-07  0.0600   4.8336E-09  0.3757   0.0000E+00  0.0000   3.3231E-07  0.0548
   3.6125E-01   3.6250E-01   3.7677E-08  0.1615   0.0000E+00  0.0000   2.5492E-07  0.0623   5.7832E-09  0.3501   0.0000E+00  0.0000   2.9838E-07  0.0578
   3.6250E-01   3.6375E-01   5.8899E-08  0.1301   0.0000E+00  0.0000   2.5088E-07  0.0628   5.5668E-09  0.3395   0.0000E+00  0.0000   3.1534E-07  0.0563
   3.6375E-01   3.6500E-01   5.6908E-08  0.1310   0.0000E+00  0.0000   2.7268E-07  0.0601   4.7173E-09  0.3530   0.0000E+00  0.0000   3.3430E-07  0.0546
   3.6500E-01   3.6625E-01   4.9738E-08  0.1411   0.0000E+00  0.0000   2.7826E-07  0.0597   3.3113E-09  0.4522   0.0000E+00  0.0000   3.3131E-07  0.0549
   3.6625E-01   3.6750E-01   5.3418E-08  0.1359   0.0000E+00  0.0000   2.4032E-07  0.0641   5.6401E-09  0.3448   0.0000E+00  0.0000   2.9938E-07  0.0577
   3.6750E-01   3.6875E-01   4.9947E-08  0.1403   0.0000E+00  0.0000   2.6052E-07  0.0616   3.8781E-09  0.4138   0.0000E+00  0.0000   3.1435E-07  0.0563
   3.6875E-01   3.7000E-01   5.5110E-08  0.1341   0.0000E+00  0.0000   2.4511E-07  0.0635   5.1452E-09  0.3516   0.0000E+00  0.0000   3.0536E-07  0.0572
   3.7000E-01   3.7125E-01   5.3530E-08  0.1357   0.0000E+00  0.0000   2.4595E-07  0.0635   2.8896E-09  0.4625   0.0000E+00  0.0000   3.0237E-07  0.0574
   3.7125E-01   3.7250E-01   4.8713E-08  0.1416   0.0000E+00  0.0000   2.3891E-07  0.0644   1.7711E-09  0.5901   0.0000E+00  0.0000   2.8940E-07  0.0587
   3.7250E-01   3.7375E-01   5.1256E-08  0.1391   0.0000E+00  0.0000   2.6695E-07  0.0610   4.1235E-09  0.4157   0.0000E+00  0.0000   3.2233E-07  0.0556
   3.7375E-01   3.7500E-01   4.3675E-08  0.1502   0.0000E+00  0.0000   2.4913E-07  0.0631   1.5774E-09  0.5804   0.0000E+00  0.0000   2.9439E-07  0.0582
   3.7500E-01   3.7625E-01   3.2209E-08  0.1753   0.0000E+00  0.0000   2.3174E-07  0.0655   5.0012E-10  0.7340   0.0000E+00  0.0000   2.6445E-07  0.0614
   3.7625E-01   3.7750E-01   3.8195E-08  0.1611   0.0000E+00  0.0000   2.4643E-07  0.0636   7.7983E-10  1.0000   0.0000E+00  0.0000   2.8541E-07  0.0591
   3.7750E-01   3.7875E-01   5.6751E-08  0.1318   0.0000E+00  0.0000   2.3087E-07  0.0655   3.7747E-09  0.4204   0.0000E+00  0.0000   2.9139E-07  0.0585
   3.7875E-01   3.8000E-01   4.0998E-08  0.1559   0.0000E+00  0.0000   2.4333E-07  0.0638   6.0712E-09  0.3376   0.0000E+00  0.0000   2.9040E-07  0.0586
   3.8000E-01   3.8125E-01   5.3373E-08  0.1364   0.0000E+00  0.0000   2.2119E-07  0.0669   3.8572E-09  0.4125   0.0000E+00  0.0000   2.7842E-07  0.0599
   3.8125E-01   3.8250E-01   4.2190E-08  0.1525   0.0000E+00  0.0000   2.7243E-07  0.0604   1.7191E-09  0.6444   0.0000E+00  0.0000   3.1634E-07  0.0562
   3.8250E-01   3.8375E-01   4.6727E-08  0.1445   0.0000E+00  0.0000   2.4375E-07  0.0637   2.9167E-09  0.4655   0.0000E+00  0.0000   2.9339E-07  0.0583
   3.8375E-01   3.8500E-01   4.1545E-08  0.1540   0.0000E+00  0.0000   2.6930E-07  0.0606   5.4972E-09  0.3367   0.0000E+00  0.0000   3.1634E-07  0.0562
   3.8500E-01   3.8625E-01   3.9691E-08  0.1576   0.0000E+00  0.0000   2.4720E-07  0.0632   5.4966E-09  0.3406   0.0000E+00  0.0000   2.9239E-07  0.0584
   3.8625E-01   3.8750E-01   4.9373E-08  0.1416   0.0000E+00  0.0000   2.2600E-07  0.0663   2.0506E-09  0.5840   0.0000E+00  0.0000   2.7742E-07  0.0600
   3.8750E-01   3.8875E-01   4.0332E-08  0.1564   0.0000E+00  0.0000   2.3871E-07  0.0644   3.3712E-09  0.4464   0.0000E+00  0.0000   2.8241E-07  0.0594
   3.8875E-01   3.9000E-01   3.8046E-08  0.1617   0.0000E+00  0.0000   2.2826E-07  0.0658   5.1277E-09  0.3549   0.0000E+00  0.0000   2.7143E-07  0.0606
   3.9000E-01   3.9125E-01   4.9983E-08  0.1412   0.0000E+00  0.0000   2.6703E-07  0.0610   4.3214E-09  0.4130   0.0000E+00  0.0000   3.2133E-07  0.0557
   3.9125E-01   3.9250E-01   3.4084E-08  0.1707   0.0000E+00  0.0000   2.5202E-07  0.0628   3.2908E-09  0.4521   0.0000E+00  0.0000   2.8940E-07  0.0587
   3.9250E-01   3.9375E-01   4.6896E-08  0.1449   0.0000E+00  0.0000   2.3162E-07  0.0654   3.8994E-09  0.4111   0.0000E+00  0.0000   2.8241E-07  0.0594
   3.9375E-01   3.9500E-01   4.7297E-08  0.1446   0.0000E+00  0.0000   2.4439E-07  0.0637   2.6992E-09  0.5042   0.0000E+00  0.0000   2.9439E-07  0.0582
   3.9500E-01   3.9625E-01   3.2341E-08  0.1748   0.0000E+00  0.0000   2.2987E-07  0.0656   4.2337E-09  0.3995   0.0000E+00  0.0000   2.6644E-07  0.0612
   3.9625E-01   3.9750E-01   3.6141E-08  0.1657   0.0000E+00  0.0000   2.3171E-07  0.0654   4.5852E-09  0.3837   0.0000E+00  0.0000   2.7243E-07  0.0605
   3.9750E-01   3.9875E-01   3.3969E-08  0.1702   0.0000E+00  0.0000   2.3009E-07  0.0656   3.3837E-09  0.4447   0.0000E+00  0.0000   2.6744E-07  0.0611
   3.9875E-01   4.0000E-01   3.8809E-08  0.1590   0.0000E+00  0.0000   2.2380E-07  0.0664   4.8361E-09  0.3411   0.0000E+00  0.0000   2.6744E-07  0.0611
   4.0000E-01   4.0125E-01   3.1712E-08  0.1758   0.0000E+00  0.0000   2.4917E-07  0.0630   4.5265E-09  0.3692   0.0000E+00  0.0000   2.8541E-07  0.0591
   4.0125E-01   4.0250E-01   4.4157E-08  0.1499   0.0000E+00  0.0000   2.1897E-07  0.0673   3.3180E-09  0.4291   0.0000E+00  0.0000   2.6644E-07  0.0612
   4.0250E-01   4.0375E-01   3.3324E-08  0.1712   0.0000E+00  0.0000   2.5045E-07  0.0629   1.6276E-09  0.5491   0.0000E+00  0.0000   2.8541E-07  0.0591
   4.0375E-01   4.0500E-01   5.0425E-08  0.1401   0.0000E+00  0.0000   2.1305E-07  0.0683   1.9754E-09  0.5869   0.0000E+00  0.0000   2.6545E-07  0.0613
   4.0500E-01   4.0625E-01   3.9549E-08  0.1578   0.0000E+00  0.0000   2.2562E-07  0.0662   4.2682E-09  0.3651   0.0000E+00  0.0000   2.6944E-07  0.0609
   4.0625E-01   4.0750E-01   3.6315E-08  0.1635   0.0000E+00  0.0000   2.3590E-07  0.0647   5.2053E-09  0.3636   0.0000E+00  0.0000   2.7742E-07  0.0600
   4.0750E-01   4.0875E-01   3.9354E-08  0.1583   0.0000E+00  0.0000   2.3714E-07  0.0647   9.2787E-10  0.7242   0.0000E+00  0.0000   2.7742E-07  0.0600
   4.0875E-01   4.1000E-01   3.0186E-08  0.1806   0.0000E+00  0.0000   2.2626E-07  0.0662   2.0137E-09  0.5381   0.0000E+00  0.0000   2.5846E-07  0.0621
   4.1000E-01   4.1125E-01   2.9397E-08  0.1835   0.0000E+00  0.0000   1.9146E-07  0.0719   3.6718E-09  0.4109   0.0000E+00  0.0000   2.2453E-07  0.0667
   4.1125E-01   4.1250E-01   4.2920E-08  0.1508   0.0000E+00  0.0000   2.3675E-07  0.0647   1.7457E-09  0.5053   0.0000E+00  0.0000   2.8141E-07  0.0595
   4.1250E-01   4.1375E-01   3.1911E-08  0.1762   0.0000E+00  0.0000   2.2241E-07  0.0668   3.1411E-09  0.4464   0.0000E+00  0.0000   2.5746E-07  0.0623
   4.1375E-01   4.1500E-01   2.5573E-08  0.1955   0.0000E+00  0.0000   2.3897E-07  0.0644   1.9019E-09  0.5127   0.0000E+00  0.0000   2.6644E-07  0.0612
   4.1500E-01   4.1625E-01   3.5049E-08  0.1680   0.0000E+00  0.0000   2.3134E-07  0.0654   5.0410E-09  0.3770   0.0000E+00  0.0000   2.7143E-07  0.0606
   4.1625E-01   4.1750E-01   4.9045E-08  0.1413   0.0000E+00  0.0000   2.1034E-07  0.0686   3.0710E-09  0.4868   0.0000E+00  0.0000   2.6245E-07  0.0617
   4.1750E-01   4.1875E-01   3.4123E-08  0.1706   0.0000E+00  0.0000   2.1012E-07  0.0687   2.2465E-09  0.5163   0.0000E+00  0.0000   2.4649E-07  0.0636
   4.1875E-01   4.2000E-01   3.5122E-08  0.1682   0.0000E+00  0.0000   2.2830E-07  0.0660   2.0274E-09  0.5638   0.0000E+00  0.0000   2.6545E-07  0.0613
   4.2000E-01   4.2125E-01   3.8426E-08  0.1596   0.0000E+00  0.0000   1.9738E-07  0.0708   2.6931E-09  0.4994   0.0000E+00  0.0000   2.3850E-07  0.0647
   4.2125E-01   4.2250E-01   2.3952E-08  0.2041   0.0000E+00  0.0000   2.2397E-07  0.0665   4.5479E-09  0.3670   0.0000E+00  0.0000   2.5247E-07  0.0629
   4.2250E-01   4.2375E-01   2.4998E-08  0.1996   0.0000E+00  0.0000   2.1408E-07  0.0680   4.4176E-09  0.3905   0.0000E+00  0.0000   2.4349E-07  0.0640
   4.2375E-01   4.2500E-01   3.5080E-08  0.1684   0.0000E+00  0.0000   2.1221E-07  0.0684   2.1938E-09  0.5191   0.0000E+00  0.0000   2.4948E-07  0.0632
   4.2500E-01   4.2625E-01   2.5783E-08  0.1954   0.0000E+00  0.0000   2.3009E-07  0.0656   3.5889E-09  0.3891   0.0000E+00  0.0000   2.5946E-07  0.0620
   4.2625E-01   4.2750E-01   2.5308E-08  0.1973   0.0000E+00  0.0000   2.1710E-07  0.0675   4.0785E-09  0.3939   0.0000E+00  0.0000   2.4649E-07  0.0636
   4.2750E-01   4.2875E-01   2.3835E-08  0.2018   0.0000E+00  0.0000   2.2376E-07  0.0665   2.8826E-09  0.4825   0.0000E+00  0.0000   2.5048E-07  0.0631
   4.2875E-01   4.3000E-01   3.8926E-08  0.1575   0.0000E+00  0.0000   2.2493E-07  0.0662   3.5904E-09  0.3940   0.0000E+00  0.0000   2.6744E-07  0.0611
   4.3000E-01   4.3125E-01   2.5233E-08  0.1979   0.0000E+00  0.0000   2.1937E-07  0.0672   3.8785E-09  0.4139   0.0000E+00  0.0000   2.4848E-07  0.0634
   4.3125E-01   4.3250E-01   2.6847E-08  0.1907   0.0000E+00  0.0000   2.1926E-07  0.0673   1.3733E-09  0.6148   0.0000E+00  0.0000   2.4748E-07  0.0635
   4.3250E-01   4.3375E-01   2.9903E-08  0.1810   0.0000E+00  0.0000   2.1655E-07  0.0676   4.0237E-09  0.4101   0.0000E+00  0.0000   2.5048E-07  0.0631
   4.3375E-01   4.3500E-01   4.0404E-08  0.1555   0.0000E+00  0.0000   2.2011E-07  0.0670   2.9409E-09  0.4587   0.0000E+00  0.0000   2.6345E-07  0.0615
   4.3500E-01   4.3625E-01   2.3950E-08  0.2041   0.0000E+00  0.0000   1.9507E-07  0.0714   1.5225E-09  0.5944   0.0000E+00  0.0000   2.2054E-07  0.0673
   4.3625E-01   4.3750E-01   2.0465E-08  0.2185   0.0000E+00  0.0000   1.9732E-07  0.0709   2.7512E-09  0.4829   0.0000E+00  0.0000   2.2054E-07  0.0673
   4.3750E-01   4.3875E-01   2.2974E-08  0.2083   0.0000E+00  0.0000   1.7651E-07  0.0749   5.0950E-09  0.3784   0.0000E+00  0.0000   2.0457E-07  0.0698
   4.3875E-01   4.4000E-01   2.5521E-08  0.1962   0.0000E+00  0.0000   2.0579E-07  0.0692   4.2015E-09  0.3309   0.0000E+00  0.0000   2.3551E-07  0.0651
   4.4000E-01   4.4125E-01   2.2779E-08  0.2059   0.0000E+00  0.0000   1.9187E-07  0.0717   3.9009E-09  0.4134   0.0000E+00  0.0000   2.1854E-07  0.0676
   4.4125E-01   4.4250E-01   2.1782E-08  0.2132   0.0000E+00  0.0000   1.9066E-07  0.0720   5.1099E-09  0.3616   0.0000E+00  0.0000   2.1755E-07  0.0677
   4.4250E-01   4.4375E-01   2.4579E-08  0.1996   0.0000E+00  0.0000   1.9337E-07  0.0715   3.5867E-09  0.4177   0.0000E+00  0.0000   2.2154E-07  0.0671
   4.4375E-01   4.4500E-01   2.5601E-08  0.1960   0.0000E+00  0.0000   2.1315E-07  0.0681   4.7449E-09  0.3682   0.0000E+00  0.0000   2.4349E-07  0.0640
   4.4500E-01   4.4625E-01   2.5009E-08  0.1995   0.0000E+00  0.0000   1.8499E-07  0.0731   4.5566E-09  0.3718   0.0000E+00  0.0000   2.1455E-07  0.0682
   4.4625E-01   4.4750E-01   2.4022E-08  0.2035   0.0000E+00  0.0000   2.1322E-07  0.0682   4.2524E-09  0.3957   0.0000E+00  0.0000   2.4150E-07  0.0643
   4.4750E-01   4.4875E-01   1.7177E-08  0.2357   0.0000E+00  0.0000   2.0587E-07  0.0692   3.4843E-09  0.4058   0.0000E+00  0.0000   2.2653E-07  0.0664
   4.4875E-01   4.5000E-01   2.7829E-08  0.1847   0.0000E+00  0.0000   1.9854E-07  0.0704   5.1475E-09  0.3665   0.0000E+00  0.0000   2.3152E-07  0.0657
   4.5000E-01   4.5125E-01   2.9704E-08  0.1815   0.0000E+00  0.0000   1.9164E-07  0.0717   4.1828E-09  0.3739   0.0000E+00  0.0000   2.2553E-07  0.0665
   4.5125E-01   4.5250E-01   2.3014E-08  0.2080   0.0000E+00  0.0000   2.0681E-07  0.0691   5.6875E-09  0.3280   0.0000E+00  0.0000   2.3551E-07  0.0651
   4.5250E-01   4.5375E-01   2.9425E-08  0.1830   0.0000E+00  0.0000   1.6564E-07  0.0773   1.5234E-09  0.5056   0.0000E+00  0.0000   1.9659E-07  0.0712
   4.5375E-01   4.5500E-01   3.0250E-08  0.1810   0.0000E+00  0.0000   2.0640E-07  0.0694   1.8502E-09  0.5863   0.0000E+00  0.0000   2.3850E-07  0.0647
   4.5500E-01   4.5625E-01   2.1929E-08  0.2067   0.0000E+00  0.0000   1.8343E-07  0.0731   5.2059E-09  0.3530   0.0000E+00  0.0000   2.1056E-07  0.0688
   4.5625E-01   4.5750E-01   2.9048E-08  0.1850   0.0000E+00  0.0000   2.0391E-07  0.0698   1.5565E-09  0.6091   0.0000E+00  0.0000   2.3451E-07  0.0652
   4.5750E-01   4.5875E-01   1.9104E-08  0.2278   0.0000E+00  0.0000   1.9496E-07  0.0715   4.9068E-10  0.8037   0.0000E+00  0.0000   2.1455E-07  0.0682
   4.5875E-01   4.6000E-01   2.4808E-08  0.1985   0.0000E+00  0.0000   2.0420E-07  0.0697   2.5093E-09  0.5172   0.0000E+00  0.0000   2.3152E-07  0.0657
   4.6000E-01   4.6125E-01   2.3041E-08  0.2077   0.0000E+00  0.0000   2.1124E-07  0.0684   5.2225E-09  0.3550   0.0000E+00  0.0000   2.3950E-07  0.0645
   4.6125E-01   4.6250E-01   1.5991E-08  0.2496   0.0000E+00  0.0000   1.8101E-07  0.0741   1.5839E-09  0.6151   0.0000E+00  0.0000   1.9859E-07  0.0709
   4.6250E-01   4.6375E-01   2.5256E-08  0.1974   0.0000E+00  0.0000   1.9391E-07  0.0714   4.3703E-09  0.3892   0.0000E+00  0.0000   2.2353E-07  0.0668
   4.6375E-01   4.6500E-01   2.2845E-08  0.2062   0.0000E+00  0.0000   2.0669E-07  0.0691   3.9797E-09  0.3953   0.0000E+00  0.0000   2.3351E-07  0.0654
   4.6500E-01   4.6625E-01   2.3672E-08  0.2028   0.0000E+00  0.0000   1.8951E-07  0.0722   2.3667E-09  0.4557   0.0000E+00  0.0000   2.1555E-07  0.0680
   4.6625E-01   4.6750E-01   2.2117E-08  0.2118   0.0000E+00  0.0000   1.8766E-07  0.0726   3.7765E-09  0.4064   0.0000E+00  0.0000   2.1356E-07  0.0684
   4.6750E-01   4.6875E-01   2.1216E-08  0.2158   0.0000E+00  0.0000   2.0145E-07  0.0702   1.8664E-09  0.5305   0.0000E+00  0.0000   2.2453E-07  0.0667
   4.6875E-01   4.7000E-01   2.6902E-08  0.1918   0.0000E+00  0.0000   1.6177E-07  0.0782   1.9334E-09  0.4875   0.0000E+00  0.0000   1.9160E-07  0.0722
   4.7000E-01   4.7125E-01   2.5958E-08  0.1960   0.0000E+00  0.0000   1.5693E-07  0.0795   2.7282E-09  0.4694   0.0000E+00  0.0000   1.8561E-07  0.0733
   4.7125E-01   4.7250E-01   1.9146E-08  0.2273   0.0000E+00  0.0000   2.0446E-07  0.0695   4.9225E-09  0.3658   0.0000E+00  0.0000   2.2852E-07  0.0661
   4.7250E-01   4.7375E-01   1.9031E-08  0.2286   0.0000E+00  0.0000   1.8825E-07  0.0727   1.2868E-09  0.7073   0.0000E+00  0.0000   2.0857E-07  0.0692
   4.7375E-01   4.7500E-01   1.9982E-08  0.2206   0.0000E+00  0.0000   1.5560E-07  0.0796   5.0381E-09  0.3817   0.0000E+00  0.0000   1.8062E-07  0.0743
   4.7500E-01   4.7625E-01   1.7819E-08  0.2354   0.0000E+00  0.0000   1.7282E-07  0.0758   1.9572E-09  0.5513   0.0000E+00  0.0000   1.9260E-07  0.0720
   4.7625E-01   4.7750E-01   3.1966E-08  0.1743   0.0000E+00  0.0000   1.7703E-07  0.0746   3.5619E-09  0.4187   0.0000E+00  0.0000   2.1256E-07  0.0685
   4.7750E-01   4.7875E-01   1.9897E-08  0.2218   0.0000E+00  0.0000   2.1812E-07  0.0674   2.4777E-09  0.4791   0.0000E+00  0.0000   2.4050E-07  0.0644
   4.7875E-01   4.8000E-01   2.0652E-08  0.2174   0.0000E+00  0.0000   1.7313E-07  0.0754   4.8005E-09  0.3633   0.0000E+00  0.0000   1.9859E-07  0.0709
   4.8000E-01   4.8125E-01   1.8966E-08  0.2293   0.0000E+00  0.0000   1.9950E-07  0.0705   3.0529E-09  0.4294   0.0000E+00  0.0000   2.2154E-07  0.0671
   4.8125E-01   4.8250E-01   1.6287E-08  0.2456   0.0000E+00  0.0000   1.9260E-07  0.0716   3.6667E-09  0.3909   0.0000E+00  0.0000   2.1256E-07  0.0685
   4.8250E-01   4.8375E-01   2.3023E-08  0.2054   0.0000E+00  0.0000   1.8375E-07  0.0732   5.7809E-09  0.3385   0.0000E+00  0.0000   2.1256E-07  0.0685
   4.8375E-01   4.8500E-01   2.2908E-08  0.2085   0.0000E+00  0.0000   1.9234E-07  0.0716   6.2861E-09  0.3101   0.0000E+00  0.0000   2.2154E-07  0.0671
   4.8500E-01   4.8625E-01   2.5921E-08  0.1942   0.0000E+00  0.0000   1.5276E-07  0.0803   3.9439E-09  0.4115   0.0000E+00  0.0000   1.8262E-07  0.0739
   4.8625E-01   4.8750E-01   1.9850E-08  0.2216   0.0000E+00  0.0000   1.4877E-07  0.0815   2.0288E-09  0.4699   0.0000E+00  0.0000   1.7064E-07  0.0765
   4.8750E-01   4.8875E-01   1.4013E-08  0.2665   0.0000E+00  0.0000   1.5397E-07  0.0804   6.6580E-10  0.7103   0.0000E+00  0.0000   1.6865E-07  0.0769
   4.8875E-01   4.9000E-01   1.7657E-08  0.2341   0.0000E+00  0.0000   1.6643E-07  0.0770   2.5263E-09  0.4448   0.0000E+00  0.0000   1.8661E-07  0.0731
   4.9000E-01   4.9125E-01   2.2053E-08  0.2119   0.0000E+00  0.0000   1.8045E-07  0.0740   4.0678E-09  0.3787   0.0000E+00  0.0000   2.0657E-07  0.0695
   4.9125E-01   4.9250E-01   1.2016E-08  0.2877   0.0000E+00  0.0000   1.5445E-07  0.0801   2.1829E-09  0.4817   0.0000E+00  0.0000   1.6865E-07  0.0769
   4.9250E-01   4.9375E-01   1.1494E-08  0.2895   0.0000E+00  0.0000   1.6931E-07  0.0764   3.8126E-09  0.4028   0.0000E+00  0.0000   1.8462E-07  0.0735
   4.9375E-01   4.9500E-01   1.8237E-08  0.2314   0.0000E+00  0.0000   1.5939E-07  0.0789   2.0002E-09  0.5790   0.0000E+00  0.0000   1.7963E-07  0.0745
   4.9500E-01   4.9625E-01   1.4050E-08  0.2657   0.0000E+00  0.0000   1.7219E-07  0.0757   5.3603E-09  0.3597   0.0000E+00  0.0000   1.9160E-07  0.0722
   4.9625E-01   4.9750E-01   1.6380E-08  0.2446   0.0000E+00  0.0000   1.5885E-07  0.0788   3.3959E-09  0.4102   0.0000E+00  0.0000   1.7863E-07  0.0747
   4.9750E-01   4.9875E-01   1.8173E-08  0.2333   0.0000E+00  0.0000   1.6528E-07  0.0774   3.1629E-09  0.4268   0.0000E+00  0.0000   1.8661E-07  0.0731
   4.9875E-01   5.0000E-01   1.6555E-08  0.2434   0.0000E+00  0.0000   1.5943E-07  0.0788   1.6410E-09  0.5306   0.0000E+00  0.0000   1.7763E-07  0.0750

#   sum over                 1.0190E-03           0.0000E+00           2.7518E-04           1.3421E-06           0.0000E+00           1.2958E-03

'no. =  1,  reg  =    103'
msuc: {\huge Energy Deposition in silicon (all)}
msdr: {\it plotted by \ANGEL \version}
msdl: {\it calculated by \PHITS  3.17}
wt: s(0.7)
\vspace{-3}
   vol  &=&   1.0000E+00 [cm^3]
e:
 
# Information for Restart Calculation
# This calculation was newly started
# istdev =  2 # 1:Batch variance, 2:History variance
# resc2  = 1.00208319200000000E+09 # Total source weight or Total source weight / maxcas
# resc3  = 9.99969828000000000E+08 # Total history number or Total batch number
# maxcas =       10004 # History / Batch, only used for istdev=1
# rijklst=  22575757740585.0 # Next initial random number
