           _________________________________________________________
          |                                                         |
          |       _/_/_/_/                                          |
          |      _/      _/                  _/_/_/_/_/_/           |
          |     _/      _/  _/      _/   _/      _/      _/_/_/_/_/ |
          |    _/_/_/_/    _/      _/   _/      _/      _/          |
          |   _/          _/_/_/_/_/   _/      _/       _/_/_/_/    |
          |  _/          _/      _/   _/      _/              _/    |
          | _/          _/      _/   _/      _/      _/_/_/_/_/     |
          |                                                         |
          |                                                         |
          |       Particle and Heavy Ion Transport code System      |
          |                      Version =  3.170                   |
          |                       developed by                      |
          |                                                         |
          |                     Koji NIITA (RIST),                  |
          |                                                         |
          |  Tatsuhiko SATO, Yosuke IWAMOTO, Shintaro HASHIMOTO,    |
          |    Tatsuhiko OGAWA, Takuya FURUTA, Shinichiro ABE,      |
          |      Takeshi KAI, Pi-En TSAI, Norihiro MATSUDA,         |
          |         Yusuke MATSUYA, Hunter RATLIFF (JAEA),          |
          |                                                         |
          |                    Hiroshi IWASE (KEK),                 |
          |                                                         |
          |           Nobuhiro SHIGYO (Kyushu University), and      |
          |                                                         |
          |        Lembit SIHVER (Technische Universitat Wien)      |
          |                                                         |
          |                 Last Revised  2019-10-29                |
          |_________________________________________________________|

        _______________________ [ Job Title ] _____________________ 
       |                                                           |
       |  Sample input for shielding calculation using importance  |
       |___________________________________________________________|

                        Starting Date = 2021-02-16
                        Starting Time = 19h 14m 49

>>> Input Echo >>>=============================================================

[ T i t l e ]
Sample input for shielding calculation using importance

[ P a r a m e t e r s ]
 icntl    =           0     # (D=0) 3:ECH 5:NOR 6:SRC 7,8:GSH 11:DSH 12:DUMP
 maxcas   =        8000     # (D=10) number of particles per one batch
 maxbch   =         200     # (D=10) number of batches
 negs     =           0     # (D=-1) =-1:original, =0:No, =1:EGS
 emin(2)  = 1.000000000E-11 # (D=1.0d-3) cut-off energy of neutron (MeV)
 dmax(2)  =  20.0000000     # (D=emin(2)) data max. energy of neutron (MeV)
 file(1)  = /mnt/hdpablo/pablo/phits/phits # (D=PhitsPath) PHITS install folder name
 file(6)  = phits.out       # (D=phits.out) general output file name

[ S o u r c e ]
  totfact =   1.0000        # (D=1.0) global factor
   s-type =   1             # cylindrical source
     proj =  neutron        # kind of incident particle         
       r0 =   1.0000        # radius [cm]
       r1 =   0.0000        # minimum radius [cm]
       x0 =   0.0000        # (D=0.0) center position of x-axis [cm]
       y0 =   0.0000        # (D=0.0) center position of y-axis [cm]
       z0 = -0.10000        # minimum position of z-axis [cm]
       z1 = -0.10000        # maximum position of z-axis [cm]
      dir =   1.0000        # z-direction of beam [cosine]
   e-type =   1             # energy distribution given by data
       ne =    4            # number of energy and weight
                            # ne>0: lin, ne<0: log interpolation
 #  data = ( e(i), w(i), i = 1, ne ), emax
  0.00000E+00  1.45600E+08  4.00000E-07  1.09900E+09  1.00000E-01  5.69000E+09
  1.00000E+00  2.22000E+07  1.00000E+01

[ M a t e r i a l ]
MAT[ 1 ] 
           1H        -1.0000000E-02
          12C        -1.0000000E-03
          16O        -5.2910700E-01
         23Na        -1.6000000E-02
           Mg        -2.0000000E-03
         27Al        -3.3872000E-02
           Si        -3.3702100E-01
            K        -1.3000000E-02
           Ca        -4.4000000E-02
           Fe        -1.4000000E-02
MAT[ 2 ] 
            H        -6.4000000E-04
            C        -1.4000000E-04
            N        -7.5086000E-01
            O        -2.3555000E-01
           Ar        -1.2810000E-02

[ C e l l ]
 1          1 -2.3000000E+00  1 -2 -40 
 2          1 -2.3000000E+00  2 -3 -40 
 3          1 -2.3000000E+00  3 -4 -40 
 4          1 -2.3000000E+00  4 -5 -40 
 5          1 -2.3000000E+00  5 -6 -40 
 6          1 -2.3000000E+00  6 -7 -40 
 7          1 -2.3000000E+00  7 -8 -40 
 8          1 -2.3000000E+00  8 -9 -40 
 9          1 -2.3000000E+00  9 -10 -40 
 10         1 -2.3000000E+00  10 -11 -40 
 11         1 -2.3000000E+00  11 -12 -40 
 12         1 -2.3000000E+00  12 -13 -40 
 13         1 -2.3000000E+00  13 -14 -40 
 14         1 -2.3000000E+00  14 -15 -40 
 15         1 -2.3000000E+00  15 -16 -40 
 16         1 -2.3000000E+00  16 -17 -40 
 17         1 -2.3000000E+00  17 -18 -40 
 18         1 -2.3000000E+00  18 -19 -40 
 19         1 -2.3000000E+00  19 -20 -40 
 20         1 -2.3000000E+00  20 -21 -40 
 31         0                 21 -42 -40 
 32         0                 41 -1 -40 
 41        -1                 ( 40 : -41 : 42 ) 

[ S u r f a c e ]
 1             pz    0.0000000E+00
 2             pz    1.5000000E+01
 3             pz    3.0000000E+01
 4             pz    4.5000000E+01
 5             pz    6.0000000E+01
 6             pz    7.5000000E+01
 7             pz    9.0000000E+01
 8             pz    1.0500000E+02
 9             pz    1.2000000E+02
 10            pz    1.3500000E+02
 11            pz    1.5000000E+02
 12            pz    1.6500000E+02
 13            pz    1.8000000E+02
 14            pz    1.9500000E+02
 15            pz    2.1000000E+02
 16            pz    2.2500000E+02
 17            pz    2.4000000E+02
 18            pz    2.5500000E+02
 19            pz    2.7000000E+02
 20            pz    2.8500000E+02
 21            pz    2.9500000E+02
 40            cz    5.0000000E+01
 41            pz   -1.0000000E+01
 42            pz    3.0500000E+02

[ V o l u m e ]
    reg        vol
      1      117809.7    
      2      117809.7    
      3      117809.7    
      4      117809.7    
      5      117809.7    
      6      117809.7    
      7      117809.7    
      8      117809.7    
      9      117809.7    
     10      117809.7    
     11      117809.7    
     12      117809.7    
     13      117809.7    
     14      117809.7    
     15      117809.7    
     16      117809.7    
     17      117809.7    
     18      117809.7    
     19      117809.7    
     20      78539.82    

[ Weight Window ]
     mesh =  reg            # mesh type is region-wise

   part = neutron 
    eng =  2
         1.00000E-03   1.00000E+05

   reg        ww1           ww2     
   1      8.00000E+00   4.00000E-01 
   2      3.20000E+00   1.60000E-01 
   3      1.28000E+00   6.40000E-02 
   4      5.12000E-01   2.56000E-02 
   5      2.04800E-01   1.02400E-02 
   6      8.19200E-02   4.09600E-03 
   7      3.27680E-02   1.63840E-03 
   8      1.31072E-02   6.55360E-04 
   9      5.24288E-03   2.62144E-04 
   10     2.09715E-03   1.04858E-04 
   11     8.38861E-04   4.19430E-05 
   12     3.35544E-04   1.67772E-05 
   13     1.34218E-04   6.71089E-06 
   14     5.36871E-05   2.68435E-06 
   15     2.14748E-05   1.07374E-06 
   16     8.58993E-06   4.29497E-07 
   17     3.43597E-06   1.71799E-07 
   18     1.37439E-06   6.87195E-08 
   19     5.49756E-07   2.74878E-08 
   20     2.19902E-07   1.09951E-08 

[ T - T r a c k ]
    title = [t-track] in region mesh
     mesh =  reg            # mesh type is region-wise
      reg = { 1 - 20 }
   e-type =    3            # e-mesh is log given by emin, emax and ne
     emin =  1.0000000E-08  # minimum value of e-mesh points
     emax =   20.00000      # maximum value of e-mesh points
#    edel =  0.2141641      # mesh width of e-mesh points
       ne =    100          # number of e-mesh points
#    data = ( e(i), i = 1, ne + 1 )
#           1.00000E-08  1.23883E-08  1.53469E-08  1.90121E-08  2.35527E-08
#           2.91777E-08  3.61461E-08  4.47788E-08  5.54731E-08  6.87215E-08
#           8.51340E-08  1.05466E-07  1.30654E-07  1.61858E-07  2.00514E-07
#           2.48402E-07  3.07726E-07  3.81219E-07  4.72265E-07  5.85054E-07
#           7.24780E-07  8.97876E-07  1.11231E-06  1.37796E-06  1.70705E-06
#           2.11474E-06  2.61980E-06  3.24547E-06  4.02058E-06  4.98080E-06
#           6.17034E-06  7.64398E-06  9.46956E-06  1.17311E-05  1.45328E-05
#           1.80036E-05  2.23034E-05  2.76300E-05  3.42288E-05  4.24035E-05
#           5.25306E-05  6.50762E-05  8.06181E-05  9.98718E-05  1.23724E-04
#           1.53272E-04  1.89878E-04  2.35225E-04  2.91403E-04  3.60998E-04
#           4.47214E-04  5.54020E-04  6.86334E-04  8.50249E-04  1.05331E-03
#           1.30487E-03  1.61650E-03  2.00257E-03  2.48083E-03  3.07332E-03
#           3.80731E-03  4.71659E-03  5.84304E-03  7.23851E-03  8.96725E-03
#           1.11089E-02  1.37619E-02  1.70487E-02  2.11203E-02  2.61644E-02
#           3.24131E-02  4.01542E-02  4.97441E-02  6.16243E-02  7.63418E-02
#           9.45742E-02  1.17161E-01  1.45142E-01  1.79806E-01  2.22748E-01
#           2.75946E-01  3.41849E-01  4.23491E-01  5.24632E-01  6.49928E-01
#           8.05148E-01  9.97438E-01  1.23565E+00  1.53076E+00  1.89634E+00
#           2.34924E+00  2.91030E+00  3.60535E+00  4.46640E+00  5.53310E+00
#           6.85454E+00  8.49159E+00  1.05196E+01  1.30319E+01  1.61443E+01
#           2.00000E+01
     unit =    1            # unit is [1/cm^2/source]
 material =  all            # (D=all) number of specific material
     axis =  eng            # axis of output
     file = weight-energy.out  # file name of output for the above axis
     part =  neutron  
# kf/name :  2112     
   epsout =    1            # (D=0) generate eps file by ANGEL
#    used :        main (  %)        temp (  %)       total (  %)
#  memory :         125 (  0)           0 (  0)         125 (  0)

[ T - T r a c k ]
    title = [t-track] in region mesh
     mesh =  reg            # mesh type is region-wise
      reg = { 1 - 20 }
   e-type =    2            # e-mesh is linear given by emin, emax and ne
     emin =   0.000000      # minimum value of e-mesh points
     emax =   100.0000      # maximum value of e-mesh points
#    edel =   100.0000      # mesh width of e-mesh points
       ne =      1          # number of e-mesh points
#    data = ( e(i), i = 1, ne + 1 )
#           0.00000E+00  1.00000E+02
     unit =    1            # unit is [1/cm^2/source]
 material =  all            # (D=all) number of specific material
     axis =  reg            # axis of output
     file = weight-dose-reg.out  # file name of output for the above axis
     part =  neutron  
# kf/name :  2112     
  multiplier = all          # number of material group
     part =  all      
# kf/name :  0        
     emax =   1.00000E+10
      mat         mset1  
      all ( 1.0000 -202 )
    y-txt = Effective dose [pSv/source]
   epsout =    1            # (D=0) generate eps file by ANGEL
#    used :        main (  %)        temp (  %)       total (  %)
#  memory :          41 (  0)           0 (  0)          41 (  0)

[ T - T r a c k ]
    title = [t-track] in xyz mesh
     mesh =  xyz            # mesh type is xyz scoring mesh
   x-type =    2            # x-mesh is linear given by xmin, xmax and nx
     xmin =  -50.00000      # minimum value of x-mesh points
     xmax =   50.00000      # maximum value of x-mesh points
#    xdel =   1.000000      # mesh width of x-mesh points
       nx =    100          # number of x-mesh points
#    data = ( x(i), i = 1, nx + 1 )
#          -5.00000E+01 -4.90000E+01 -4.80000E+01 -4.70000E+01 -4.60000E+01
#          -4.50000E+01 -4.40000E+01 -4.30000E+01 -4.20000E+01 -4.10000E+01
#          -4.00000E+01 -3.90000E+01 -3.80000E+01 -3.70000E+01 -3.60000E+01
#          -3.50000E+01 -3.40000E+01 -3.30000E+01 -3.20000E+01 -3.10000E+01
#          -3.00000E+01 -2.90000E+01 -2.80000E+01 -2.70000E+01 -2.60000E+01
#          -2.50000E+01 -2.40000E+01 -2.30000E+01 -2.20000E+01 -2.10000E+01
#          -2.00000E+01 -1.90000E+01 -1.80000E+01 -1.70000E+01 -1.60000E+01
#          -1.50000E+01 -1.40000E+01 -1.30000E+01 -1.20000E+01 -1.10000E+01
#          -1.00000E+01 -9.00000E+00 -8.00000E+00 -7.00000E+00 -6.00000E+00
#          -5.00000E+00 -4.00000E+00 -3.00000E+00 -2.00000E+00 -1.00000E+00
#           0.00000E+00  1.00000E+00  2.00000E+00  3.00000E+00  4.00000E+00
#           5.00000E+00  6.00000E+00  7.00000E+00  8.00000E+00  9.00000E+00
#           1.00000E+01  1.10000E+01  1.20000E+01  1.30000E+01  1.40000E+01
#           1.50000E+01  1.60000E+01  1.70000E+01  1.80000E+01  1.90000E+01
#           2.00000E+01  2.10000E+01  2.20000E+01  2.30000E+01  2.40000E+01
#           2.50000E+01  2.60000E+01  2.70000E+01  2.80000E+01  2.90000E+01
#           3.00000E+01  3.10000E+01  3.20000E+01  3.30000E+01  3.40000E+01
#           3.50000E+01  3.60000E+01  3.70000E+01  3.80000E+01  3.90000E+01
#           4.00000E+01  4.10000E+01  4.20000E+01  4.30000E+01  4.40000E+01
#           4.50000E+01  4.60000E+01  4.70000E+01  4.80000E+01  4.90000E+01
#           5.00000E+01
   y-type =    2            # y-mesh is linear given by ymin, ymax and ny
     ymin =  -20.00000      # minimum value of y-mesh points
     ymax =   20.00000      # maximum value of y-mesh points
#    ydel =   40.00000      # mesh width of y-mesh points
       ny =      1          # number of y-mesh points
#    data = ( y(i), i = 1, ny + 1 )
#          -2.00000E+01  2.00000E+01
   z-type =    2            # z-mesh is linear given by zmin, zmax and nz
     zmin =  -1.000000      # minimum value of z-mesh points
     zmax =   310.0000      # maximum value of z-mesh points
#    zdel =   1.555000      # mesh width of z-mesh points
       nz =    200          # number of z-mesh points
#    data = ( z(i), i = 1, nz + 1 )
#          -1.00000E+00  5.55000E-01  2.11000E+00  3.66500E+00  5.22000E+00
#           6.77500E+00  8.33000E+00  9.88500E+00  1.14400E+01  1.29950E+01
#           1.45500E+01  1.61050E+01  1.76600E+01  1.92150E+01  2.07700E+01
#           2.23250E+01  2.38800E+01  2.54350E+01  2.69900E+01  2.85450E+01
#           3.01000E+01  3.16550E+01  3.32100E+01  3.47650E+01  3.63200E+01
#           3.78750E+01  3.94300E+01  4.09850E+01  4.25400E+01  4.40950E+01
#           4.56500E+01  4.72050E+01  4.87600E+01  5.03150E+01  5.18700E+01
#           5.34250E+01  5.49800E+01  5.65350E+01  5.80900E+01  5.96450E+01
#           6.12000E+01  6.27550E+01  6.43100E+01  6.58650E+01  6.74200E+01
#           6.89750E+01  7.05300E+01  7.20850E+01  7.36400E+01  7.51950E+01
#           7.67500E+01  7.83050E+01  7.98600E+01  8.14150E+01  8.29700E+01
#           8.45250E+01  8.60800E+01  8.76350E+01  8.91900E+01  9.07450E+01
#           9.23000E+01  9.38550E+01  9.54100E+01  9.69650E+01  9.85200E+01
#           1.00075E+02  1.01630E+02  1.03185E+02  1.04740E+02  1.06295E+02
#           1.07850E+02  1.09405E+02  1.10960E+02  1.12515E+02  1.14070E+02
#           1.15625E+02  1.17180E+02  1.18735E+02  1.20290E+02  1.21845E+02
#           1.23400E+02  1.24955E+02  1.26510E+02  1.28065E+02  1.29620E+02
#           1.31175E+02  1.32730E+02  1.34285E+02  1.35840E+02  1.37395E+02
#           1.38950E+02  1.40505E+02  1.42060E+02  1.43615E+02  1.45170E+02
#           1.46725E+02  1.48280E+02  1.49835E+02  1.51390E+02  1.52945E+02
#           1.54500E+02  1.56055E+02  1.57610E+02  1.59165E+02  1.60720E+02
#           1.62275E+02  1.63830E+02  1.65385E+02  1.66940E+02  1.68495E+02
#           1.70050E+02  1.71605E+02  1.73160E+02  1.74715E+02  1.76270E+02
#           1.77825E+02  1.79380E+02  1.80935E+02  1.82490E+02  1.84045E+02
#           1.85600E+02  1.87155E+02  1.88710E+02  1.90265E+02  1.91820E+02
#           1.93375E+02  1.94930E+02  1.96485E+02  1.98040E+02  1.99595E+02
#           2.01150E+02  2.02705E+02  2.04260E+02  2.05815E+02  2.07370E+02
#           2.08925E+02  2.10480E+02  2.12035E+02  2.13590E+02  2.15145E+02
#           2.16700E+02  2.18255E+02  2.19810E+02  2.21365E+02  2.22920E+02
#           2.24475E+02  2.26030E+02  2.27585E+02  2.29140E+02  2.30695E+02
#           2.32250E+02  2.33805E+02  2.35360E+02  2.36915E+02  2.38470E+02
#           2.40025E+02  2.41580E+02  2.43135E+02  2.44690E+02  2.46245E+02
#           2.47800E+02  2.49355E+02  2.50910E+02  2.52465E+02  2.54020E+02
#           2.55575E+02  2.57130E+02  2.58685E+02  2.60240E+02  2.61795E+02
#           2.63350E+02  2.64905E+02  2.66460E+02  2.68015E+02  2.69570E+02
#           2.71125E+02  2.72680E+02  2.74235E+02  2.75790E+02  2.77345E+02
#           2.78900E+02  2.80455E+02  2.82010E+02  2.83565E+02  2.85120E+02
#           2.86675E+02  2.88230E+02  2.89785E+02  2.91340E+02  2.92895E+02
#           2.94450E+02  2.96005E+02  2.97560E+02  2.99115E+02  3.00670E+02
#           3.02225E+02  3.03780E+02  3.05335E+02  3.06890E+02  3.08445E+02
#           3.10000E+02
   e-type =    1            # e-mesh is given by the below data
       ne =      1          # number of e-mesh points
#    data = ( e(i), i = 1, ne + 1 )
            1.00000E-10  1.00000E+03
     unit =    1            # unit is [1/cm^2/source]
 material =  all            # (D=all) number of specific material
  2D-type =    7            # 1:Cont, 2:Clust, 3:Color, 4:xyz, 5:mat, 6:Clust+Cont, 7:Col+Cont
     axis =   xz            # axis of output
     file = weight-dose-xz.out  # file name of output for the above axis
     part =  neutron  
# kf/name :  2112     
  multiplier = all          # number of material group
     part =  all      
# kf/name :  0        
     emax =   1.00000E+10
      mat         mset1  
      all ( 1.0000 -202 )
    z-txt = Effective dose [pSv/source]
    gshow =    1            # 0: no 1:bnd, 2:bnd+mat, 3:bnd+reg 4:bnd+lat 5:bmp style
    resol =    1            # (D=1) resolution of gshow or rshow
    width = 0.5000000       # (D=0.5) width of lines for gshow or rshow
   epsout =    1            # (D=0) generate eps file by ANGEL
#    used :        main (  %)        temp (  %)       total (  %)
#  memory :         325 (  0)           0 (  0)         325 (  0)

[END] of Input Echo <<<========================================================

<<< Report of real Geometry memory >>>
*           GG/CG memory =      320
*     total memory: mdas = 80000000
*                percent =     0.00 %

<<< Report of material memory for high energy>>>
*   high energy material =     1111
*     total memory: mdas = 80000000
*                percent =     0.00 %

<<< Report of material memory for low energy>>>
*    low energy material =  2093054
*     total memory: mdas = 80000000
*                percent =     2.62 %

<<< Report of real tally memory >>>
*      real tally memory =      491
*     total memory: mdas = 80000000
*                percent =     0.00 %

<<< Report of temporary tally memory >>>
* temporary tally memory =  2113233
*     total memory: mdas = 80000000
*                percent =     2.64 %

<<< Report of other memory >>>
*           other memory =    23258
*     total memory: mdas = 80000000
*                percent =     0.03 %

<<< Report of total memory >>>
*      used total memory =  2118234
*     total memory: mdas = 80000000
*                percent =     2.65 %
*                ---------------------

-------------------------------------------------------------------------------
bat[       1] ncas =           8000. : rijk    =   6647299061401.
       low neutron =           8000. : ncall/s =  2.491835000E+02
          cpu time =   2.107 s.

-------------------------------------------------------------------------------
bat[       2] ncas =          16000. : rijk    = 227521626487705.
       low neutron =           8000. : ncall/s =  2.791521250E+02
          cpu time =   3.897 s.

-------------------------------------------------------------------------------
bat[       3] ncas =          24000. : rijk    = 190289902715033.
       low neutron =           8000. : ncall/s =  2.696342500E+02
          cpu time =   3.623 s.

-------------------------------------------------------------------------------
bat[       4] ncas =          32000. : rijk    = 138744353244569.
       low neutron =           8000. : ncall/s =  2.691561250E+02
          cpu time =   3.830 s.

-------------------------------------------------------------------------------
bat[       5] ncas =          40000. : rijk    = 218447006550681.
       low neutron =           8000. : ncall/s =  2.608622500E+02
          cpu time =   3.560 s.

-------------------------------------------------------------------------------
bat[       6] ncas =          48000. : rijk    =   7238229020569.
       low neutron =           8000. : ncall/s =  2.709448750E+02
          cpu time =   3.699 s.

-------------------------------------------------------------------------------
bat[       7] ncas =          56000. : rijk    =  16070096868505.
       low neutron =           8000. : ncall/s =  2.784197500E+02
          cpu time =   3.691 s.

-------------------------------------------------------------------------------
bat[       8] ncas =          64000. : rijk    =  93615024232857.
       low neutron =           8000. : ncall/s =  2.897132500E+02
          cpu time =   3.962 s.

-------------------------------------------------------------------------------
bat[       9] ncas =          72000. : rijk    =  82674204958361.
       low neutron =           8000. : ncall/s =  2.715957500E+02
          cpu time =   3.638 s.

-------------------------------------------------------------------------------
bat[      10] ncas =          80000. : rijk    = 195111077667737.
       low neutron =           8000. : ncall/s =  2.622673750E+02
          cpu time =   3.687 s.

-------------------------------------------------------------------------------
bat[      11] ncas =          88000. : rijk    = 260884883990681.
       low neutron =           8000. : ncall/s =  2.648115000E+02
          cpu time =   3.513 s.

-------------------------------------------------------------------------------
bat[      12] ncas =          96000. : rijk    = 102984133635481.
       low neutron =           8000. : ncall/s =  2.650492500E+02
          cpu time =   3.730 s.

-------------------------------------------------------------------------------
bat[      13] ncas =         104000. : rijk    = 193835046171289.
       low neutron =           8000. : ncall/s =  2.627765000E+02
          cpu time =   3.580 s.

-------------------------------------------------------------------------------
bat[      14] ncas =         112000. : rijk    =  59910179125145.
       low neutron =           8000. : ncall/s =  2.717911250E+02
          cpu time =   3.657 s.

-------------------------------------------------------------------------------
bat[      15] ncas =         120000. : rijk    =  64036776606873.
       low neutron =           8000. : ncall/s =  2.573476250E+02
          cpu time =   3.433 s.

-------------------------------------------------------------------------------
bat[      16] ncas =         128000. : rijk    =  91480374116761.
       low neutron =           8000. : ncall/s =  2.552990000E+02
          cpu time =   3.539 s.

-------------------------------------------------------------------------------
bat[      17] ncas =         136000. : rijk    = 206353240327833.
       low neutron =           8000. : ncall/s =  2.688047500E+02
          cpu time =   3.531 s.

-------------------------------------------------------------------------------
bat[      18] ncas =         144000. : rijk    = 182122912025497.
       low neutron =           8000. : ncall/s =  2.673080000E+02
          cpu time =   3.672 s.

-------------------------------------------------------------------------------
bat[      19] ncas =         152000. : rijk    = 158020635889817.
       low neutron =           8000. : ncall/s =  2.658306250E+02
          cpu time =   3.738 s.

-------------------------------------------------------------------------------
bat[      20] ncas =         160000. : rijk    = 169549903435161.
       low neutron =           8000. : ncall/s =  2.626668750E+02
          cpu time =   3.580 s.

-------------------------------------------------------------------------------
bat[      21] ncas =         168000. : rijk    = 241944939371161.
       low neutron =           8000. : ncall/s =  2.640927500E+02
          cpu time =   3.570 s.

-------------------------------------------------------------------------------
bat[      22] ncas =         176000. : rijk    = 202154213253017.
       low neutron =           8000. : ncall/s =  2.660218750E+02
          cpu time =   3.627 s.

-------------------------------------------------------------------------------
bat[      23] ncas =         184000. : rijk    =  53773904553113.
       low neutron =           8000. : ncall/s =  2.699086250E+02
          cpu time =   4.163 s.

-------------------------------------------------------------------------------
bat[      24] ncas =         192000. : rijk    =  70506391021977.
       low neutron =           8000. : ncall/s =  2.802750000E+02
          cpu time =   3.694 s.

-------------------------------------------------------------------------------
bat[      25] ncas =         200000. : rijk    =  45193806917273.
       low neutron =           8000. : ncall/s =  2.763993750E+02
          cpu time =   3.936 s.

-------------------------------------------------------------------------------
bat[      26] ncas =         208000. : rijk    = 227701461496729.
       low neutron =           8000. : ncall/s =  2.622487500E+02
          cpu time =   3.620 s.

-------------------------------------------------------------------------------
bat[      27] ncas =         216000. : rijk    =  11001443825817.
       low neutron =           8000. : ncall/s =  2.608066250E+02
          cpu time =   3.630 s.

-------------------------------------------------------------------------------
bat[      28] ncas =         224000. : rijk    = 276430924823961.
       low neutron =           8000. : ncall/s =  2.595935000E+02
          cpu time =   3.575 s.

-------------------------------------------------------------------------------
bat[      29] ncas =         232000. : rijk    = 109450925097625.
       low neutron =           8000. : ncall/s =  2.560808750E+02
          cpu time =   3.615 s.

-------------------------------------------------------------------------------
bat[      30] ncas =         240000. : rijk    = 270804523829145.
       low neutron =           8000. : ncall/s =  2.598283750E+02
          cpu time =   3.563 s.

-------------------------------------------------------------------------------
bat[      31] ncas =         248000. : rijk    = 193750603320473.
       low neutron =           8000. : ncall/s =  2.618221250E+02
          cpu time =   4.007 s.

-------------------------------------------------------------------------------
bat[      32] ncas =         256000. : rijk    =  47847174328729.
       low neutron =           8000. : ncall/s =  2.638846250E+02
          cpu time =   3.633 s.

-------------------------------------------------------------------------------
bat[      33] ncas =         264000. : rijk    = 269459911005849.
       low neutron =           8000. : ncall/s =  2.648523750E+02
          cpu time =   3.807 s.

-------------------------------------------------------------------------------
bat[      34] ncas =         272000. : rijk    = 247845755706265.
       low neutron =           8000. : ncall/s =  2.677320000E+02
          cpu time =   3.602 s.

-------------------------------------------------------------------------------
bat[      35] ncas =         280000. : rijk    = 107461267611801.
       low neutron =           8000. : ncall/s =  2.833262500E+02
          cpu time =   3.828 s.

-------------------------------------------------------------------------------
bat[      36] ncas =         288000. : rijk    = 238471157671321.
       low neutron =           8000. : ncall/s =  2.560098750E+02
          cpu time =   3.555 s.

-------------------------------------------------------------------------------
bat[      37] ncas =         296000. : rijk    = 264306870119065.
       low neutron =           8000. : ncall/s =  2.623520000E+02
          cpu time =   3.745 s.

-------------------------------------------------------------------------------
bat[      38] ncas =         304000. : rijk    = 261024977678233.
       low neutron =           8000. : ncall/s =  2.679292500E+02
          cpu time =   3.645 s.

-------------------------------------------------------------------------------
bat[      39] ncas =         312000. : rijk    =   6340739789977.
       low neutron =           8000. : ncall/s =  2.593203750E+02
          cpu time =   3.535 s.

-------------------------------------------------------------------------------
bat[      40] ncas =         320000. : rijk    = 198986497816985.
       low neutron =           8000. : ncall/s =  2.738092500E+02
          cpu time =   3.548 s.

-------------------------------------------------------------------------------
bat[      41] ncas =         328000. : rijk    =  18895373008537.
       low neutron =           8000. : ncall/s =  2.750362500E+02
          cpu time =   3.842 s.

-------------------------------------------------------------------------------
bat[      42] ncas =         336000. : rijk    =  35409521968025.
       low neutron =           8000. : ncall/s =  2.761546250E+02
          cpu time =   3.564 s.

-------------------------------------------------------------------------------
bat[      43] ncas =         344000. : rijk    =  48938811328665.
       low neutron =           8000. : ncall/s =  2.578256250E+02
          cpu time =   3.576 s.

-------------------------------------------------------------------------------
bat[      44] ncas =         352000. : rijk    =  28844236246425.
       low neutron =           8000. : ncall/s =  2.583122500E+02
          cpu time =   3.523 s.

-------------------------------------------------------------------------------
bat[      45] ncas =         360000. : rijk    = 206896408760985.
       low neutron =           8000. : ncall/s =  2.638618750E+02
          cpu time =   3.577 s.

-------------------------------------------------------------------------------
bat[      46] ncas =         368000. : rijk    =  44834139314073.
       low neutron =           8000. : ncall/s =  2.511963750E+02
          cpu time =   3.467 s.

-------------------------------------------------------------------------------
bat[      47] ncas =         376000. : rijk    =  16672785374361.
       low neutron =           8000. : ncall/s =  2.804008750E+02
          cpu time =   3.683 s.

-------------------------------------------------------------------------------
bat[      48] ncas =         384000. : rijk    =  13312879534489.
       low neutron =           8000. : ncall/s =  2.606347500E+02
          cpu time =   3.687 s.

-------------------------------------------------------------------------------
bat[      49] ncas =         392000. : rijk    = 280423548003993.
       low neutron =           8000. : ncall/s =  2.678270000E+02
          cpu time =   3.633 s.

-------------------------------------------------------------------------------
bat[      50] ncas =         400000. : rijk    = 104526115416985.
       low neutron =           8000. : ncall/s =  2.727412500E+02
          cpu time =   3.724 s.

-------------------------------------------------------------------------------
bat[      51] ncas =         408000. : rijk    = 158252406878361.
       low neutron =           8000. : ncall/s =  2.555988750E+02
          cpu time =   3.566 s.

-------------------------------------------------------------------------------
bat[      52] ncas =         416000. : rijk    =  60528445928857.
       low neutron =           8000. : ncall/s =  2.678217500E+02
          cpu time =   4.104 s.

-------------------------------------------------------------------------------
bat[      53] ncas =         424000. : rijk    = 158882803169945.
       low neutron =           8000. : ncall/s =  2.779347500E+02
          cpu time =   3.696 s.

-------------------------------------------------------------------------------
bat[      54] ncas =         432000. : rijk    = 215530201071513.
       low neutron =           8000. : ncall/s =  2.639687500E+02
          cpu time =   3.835 s.

-------------------------------------------------------------------------------
bat[      55] ncas =         440000. : rijk    =  63779955754137.
       low neutron =           8000. : ncall/s =  2.666735000E+02
          cpu time =   3.625 s.

-------------------------------------------------------------------------------
bat[      56] ncas =         448000. : rijk    = 264444418771353.
       low neutron =           8000. : ncall/s =  2.582343750E+02
          cpu time =   3.754 s.

-------------------------------------------------------------------------------
bat[      57] ncas =         456000. : rijk    = 228972628496025.
       low neutron =           8000. : ncall/s =  2.745800000E+02
          cpu time =   3.686 s.

-------------------------------------------------------------------------------
bat[      58] ncas =         464000. : rijk    =   1758658745241.
       low neutron =           8000. : ncall/s =  2.648723750E+02
          cpu time =   3.761 s.

-------------------------------------------------------------------------------
bat[      59] ncas =         472000. : rijk    =  72125130430617.
       low neutron =           8000. : ncall/s =  2.642752500E+02
          cpu time =   3.629 s.

-------------------------------------------------------------------------------
bat[      60] ncas =         480000. : rijk    =  60406816365977.
       low neutron =           8000. : ncall/s =  2.748132500E+02
          cpu time =   3.863 s.

-------------------------------------------------------------------------------
bat[      61] ncas =         488000. : rijk    = 218784013181593.
       low neutron =           8000. : ncall/s =  2.681768750E+02
          cpu time =   3.667 s.

-------------------------------------------------------------------------------
bat[      62] ncas =         496000. : rijk    = 117366146131865.
       low neutron =           8000. : ncall/s =  2.593092500E+02
          cpu time =   3.739 s.

-------------------------------------------------------------------------------
bat[      63] ncas =         504000. : rijk    = 145025141009561.
       low neutron =           8000. : ncall/s =  2.622582500E+02
          cpu time =   3.611 s.

-------------------------------------------------------------------------------
bat[      64] ncas =         512000. : rijk    = 195479028953497.
       low neutron =           8000. : ncall/s =  2.776183750E+02
          cpu time =   3.958 s.

-------------------------------------------------------------------------------
bat[      65] ncas =         520000. : rijk    =  42225411520153.
       low neutron =           8000. : ncall/s =  2.715126250E+02
          cpu time =   3.662 s.

-------------------------------------------------------------------------------
bat[      66] ncas =         528000. : rijk    = 276424879176601.
       low neutron =           8000. : ncall/s =  2.555052500E+02
          cpu time =   3.776 s.

-------------------------------------------------------------------------------
bat[      67] ncas =         536000. : rijk    = 148559685976217.
       low neutron =           8000. : ncall/s =  2.517842500E+02
          cpu time =   3.524 s.

-------------------------------------------------------------------------------
bat[      68] ncas =         544000. : rijk    = 195167028315545.
       low neutron =           8000. : ncall/s =  2.556738750E+02
          cpu time =   3.840 s.

-------------------------------------------------------------------------------
bat[      69] ncas =         552000. : rijk    =  80497719610009.
       low neutron =           8000. : ncall/s =  2.497483750E+02
          cpu time =   3.530 s.

-------------------------------------------------------------------------------
bat[      70] ncas =         560000. : rijk    =  97349562208153.
       low neutron =           8000. : ncall/s =  2.650977500E+02
          cpu time =   3.709 s.

-------------------------------------------------------------------------------
bat[      71] ncas =         568000. : rijk    = 134625928909977.
       low neutron =           8000. : ncall/s =  2.563732500E+02
          cpu time =   3.571 s.

-------------------------------------------------------------------------------
bat[      72] ncas =         576000. : rijk    =  52269228038553.
       low neutron =           8000. : ncall/s =  2.951625000E+02
          cpu time =   3.862 s.

-------------------------------------------------------------------------------
bat[      73] ncas =         584000. : rijk    =  56194368511641.
       low neutron =           8000. : ncall/s =  2.728680000E+02
          cpu time =   3.718 s.

-------------------------------------------------------------------------------
bat[      74] ncas =         592000. : rijk    = 228797294781337.
       low neutron =           8000. : ncall/s =  2.536185000E+02
          cpu time =   3.616 s.

-------------------------------------------------------------------------------
bat[      75] ncas =         600000. : rijk    =  59463521773721.
       low neutron =           8000. : ncall/s =  2.687153750E+02
          cpu time =   3.534 s.

-------------------------------------------------------------------------------
bat[      76] ncas =         608000. : rijk    = 226876483513753.
       low neutron =           8000. : ncall/s =  2.698556250E+02
          cpu time =   3.685 s.

-------------------------------------------------------------------------------
bat[      77] ncas =         616000. : rijk    = 159201231090329.
       low neutron =           8000. : ncall/s =  2.577870000E+02
          cpu time =   3.545 s.

-------------------------------------------------------------------------------
bat[      78] ncas =         624000. : rijk    =  97867757991833.
       low neutron =           8000. : ncall/s =  2.527066250E+02
          cpu time =   3.600 s.

-------------------------------------------------------------------------------
bat[      79] ncas =         632000. : rijk    =  65129581624473.
       low neutron =           8000. : ncall/s =  2.627882500E+02
          cpu time =   3.500 s.

-------------------------------------------------------------------------------
bat[      80] ncas =         640000. : rijk    = 238997208383897.
       low neutron =           8000. : ncall/s =  2.609507500E+02
          cpu time =   3.643 s.

-------------------------------------------------------------------------------
bat[      81] ncas =         648000. : rijk    = 202271691884185.
       low neutron =           8000. : ncall/s =  2.710190000E+02
          cpu time =   3.787 s.

-------------------------------------------------------------------------------
bat[      82] ncas =         656000. : rijk    = 161903028161433.
       low neutron =           8000. : ncall/s =  2.649928750E+02
          cpu time =   3.646 s.

-------------------------------------------------------------------------------
bat[      83] ncas =         664000. : rijk    = 198023713902745.
       low neutron =           8000. : ncall/s =  2.709851250E+02
          cpu time =   3.814 s.

-------------------------------------------------------------------------------
bat[      84] ncas =         672000. : rijk    =  75932258096537.
       low neutron =           8000. : ncall/s =  2.653758750E+02
          cpu time =   3.658 s.

-------------------------------------------------------------------------------
bat[      85] ncas =         680000. : rijk    = 183976600525465.
       low neutron =           8000. : ncall/s =  2.601427500E+02
          cpu time =   3.802 s.

-------------------------------------------------------------------------------
bat[      86] ncas =         688000. : rijk    = 219637716574105.
       low neutron =           8000. : ncall/s =  2.660493750E+02
          cpu time =   3.655 s.

-------------------------------------------------------------------------------
bat[      87] ncas =         696000. : rijk    = 127413035721881.
       low neutron =           8000. : ncall/s =  2.694701250E+02
          cpu time =   3.935 s.

-------------------------------------------------------------------------------
bat[      88] ncas =         704000. : rijk    = 192274929904025.
       low neutron =           8000. : ncall/s =  2.646665000E+02
          cpu time =   3.674 s.

-------------------------------------------------------------------------------
bat[      89] ncas =         712000. : rijk    =   7229295029913.
       low neutron =           8000. : ncall/s =  2.759868750E+02
          cpu time =   4.556 s.

-------------------------------------------------------------------------------
bat[      90] ncas =         720000. : rijk    = 255623899607961.
       low neutron =           8000. : ncall/s =  2.670873750E+02
          cpu time =   3.709 s.

-------------------------------------------------------------------------------
bat[      91] ncas =         728000. : rijk    = 271332082710681.
       low neutron =           8000. : ncall/s =  2.735966250E+02
          cpu time =   3.621 s.

-------------------------------------------------------------------------------
bat[      92] ncas =         736000. : rijk    = 102536079310233.
       low neutron =           8000. : ncall/s =  2.610381250E+02
          cpu time =   3.610 s.

-------------------------------------------------------------------------------
bat[      93] ncas =         744000. : rijk    =  42235555218073.
       low neutron =           8000. : ncall/s =  2.490572500E+02
          cpu time =   3.490 s.

-------------------------------------------------------------------------------
bat[      94] ncas =         752000. : rijk    = 158756142024601.
       low neutron =           8000. : ncall/s =  2.790570000E+02
          cpu time =   3.763 s.

-------------------------------------------------------------------------------
bat[      95] ncas =         760000. : rijk    = 107732948749465.
       low neutron =           8000. : ncall/s =  2.552676250E+02
          cpu time =   3.847 s.

-------------------------------------------------------------------------------
bat[      96] ncas =         768000. : rijk    =  69993980334489.
       low neutron =           8000. : ncall/s =  2.780497500E+02
          cpu time =   3.760 s.

-------------------------------------------------------------------------------
bat[      97] ncas =         776000. : rijk    =    593695872665.
       low neutron =           8000. : ncall/s =  2.636171250E+02
          cpu time =   3.910 s.

-------------------------------------------------------------------------------
bat[      98] ncas =         784000. : rijk    =   3746473679769.
       low neutron =           8000. : ncall/s =  2.652380000E+02
          cpu time =   3.686 s.

-------------------------------------------------------------------------------
bat[      99] ncas =         792000. : rijk    = 144810122944665.
       low neutron =           8000. : ncall/s =  2.767560000E+02
          cpu time =   3.844 s.

-------------------------------------------------------------------------------
bat[     100] ncas =         800000. : rijk    = 262269395379609.
       low neutron =           8000. : ncall/s =  2.669272500E+02
          cpu time =   3.699 s.

-------------------------------------------------------------------------------
bat[     101] ncas =         808000. : rijk    =  61194473581209.
       low neutron =           8000. : ncall/s =  2.686210000E+02
          cpu time =   3.881 s.

-------------------------------------------------------------------------------
bat[     102] ncas =         816000. : rijk    =  51124389523353.
       low neutron =           8000. : ncall/s =  2.631896250E+02
          cpu time =   3.663 s.

-------------------------------------------------------------------------------
bat[     103] ncas =         824000. : rijk    = 232150629364889.
       low neutron =           8000. : ncall/s =  2.631720000E+02
          cpu time =   3.837 s.

-------------------------------------------------------------------------------
bat[     104] ncas =         832000. : rijk    = 188375621810585.
       low neutron =           8000. : ncall/s =  2.530857500E+02
          cpu time =   3.583 s.

-------------------------------------------------------------------------------
bat[     105] ncas =         840000. : rijk    =  25796156604057.
       low neutron =           8000. : ncall/s =  2.575337500E+02
          cpu time =   3.637 s.

-------------------------------------------------------------------------------
bat[     106] ncas =         848000. : rijk    = 184286896178073.
       low neutron =           8000. : ncall/s =  2.772686250E+02
          cpu time =   3.801 s.

-------------------------------------------------------------------------------
bat[     107] ncas =         856000. : rijk    = 123683980462233.
       low neutron =           8000. : ncall/s =  2.802486250E+02
          cpu time =   3.879 s.

-------------------------------------------------------------------------------
bat[     108] ncas =         864000. : rijk    = 106093375507865.
       low neutron =           8000. : ncall/s =  2.720472500E+02
          cpu time =   3.747 s.

-------------------------------------------------------------------------------
bat[     109] ncas =         872000. : rijk    = 163449455006361.
       low neutron =           8000. : ncall/s =  2.647436250E+02
          cpu time =   3.863 s.

-------------------------------------------------------------------------------
bat[     110] ncas =         880000. : rijk    = 190973488650137.
       low neutron =           8000. : ncall/s =  2.632175000E+02
          cpu time =   3.677 s.

-------------------------------------------------------------------------------
bat[     111] ncas =         888000. : rijk    =  40632130493593.
       low neutron =           8000. : ncall/s =  2.609337500E+02
          cpu time =   3.723 s.

-------------------------------------------------------------------------------
bat[     112] ncas =         896000. : rijk    = 177545860735385.
       low neutron =           8000. : ncall/s =  2.653048750E+02
          cpu time =   3.702 s.

-------------------------------------------------------------------------------
bat[     113] ncas =         904000. : rijk    =  84597613815449.
       low neutron =           8000. : ncall/s =  2.682250000E+02
          cpu time =   3.848 s.

-------------------------------------------------------------------------------
bat[     114] ncas =         912000. : rijk    =  44741127039897.
       low neutron =           8000. : ncall/s =  2.644748750E+02
          cpu time =   3.680 s.

-------------------------------------------------------------------------------
bat[     115] ncas =         920000. : rijk    = 108559522099353.
       low neutron =           8000. : ncall/s =  2.801898750E+02
          cpu time =   3.840 s.

-------------------------------------------------------------------------------
bat[     116] ncas =         928000. : rijk    = 187723793429913.
       low neutron =           8000. : ncall/s =  2.608250000E+02
          cpu time =   3.628 s.

-------------------------------------------------------------------------------
bat[     117] ncas =         936000. : rijk    = 148451296574105.
       low neutron =           8000. : ncall/s =  2.806352500E+02
          cpu time =   4.012 s.

-------------------------------------------------------------------------------
bat[     118] ncas =         944000. : rijk    = 186439213252505.
       low neutron =           8000. : ncall/s =  2.673926250E+02
          cpu time =   3.741 s.

-------------------------------------------------------------------------------
bat[     119] ncas =         952000. : rijk    =  75898109592729.
       low neutron =           8000. : ncall/s =  2.521250000E+02
          cpu time =   3.819 s.

-------------------------------------------------------------------------------
bat[     120] ncas =         960000. : rijk    = 107435354622361.
       low neutron =           8000. : ncall/s =  2.651798750E+02
          cpu time =   3.696 s.

-------------------------------------------------------------------------------
bat[     121] ncas =         968000. : rijk    =  55613701787289.
       low neutron =           8000. : ncall/s =  2.698967500E+02
          cpu time =   3.814 s.

-------------------------------------------------------------------------------
bat[     122] ncas =         976000. : rijk    = 116834707444633.
       low neutron =           8000. : ncall/s =  2.784068750E+02
          cpu time =   3.792 s.

-------------------------------------------------------------------------------
bat[     123] ncas =         984000. : rijk    = 158372289091737.
       low neutron =           8000. : ncall/s =  2.603122500E+02
          cpu time =   3.908 s.

-------------------------------------------------------------------------------
bat[     124] ncas =         992000. : rijk    =  93306190437785.
       low neutron =           8000. : ncall/s =  2.615476250E+02
          cpu time =   3.691 s.

-------------------------------------------------------------------------------
bat[     125] ncas =        1000000. : rijk    = 255455446475417.
       low neutron =           8000. : ncall/s =  2.619308750E+02
          cpu time =   3.809 s.

-------------------------------------------------------------------------------
bat[     126] ncas =        1008000. : rijk    =  85461988288409.
       low neutron =           8000. : ncall/s =  2.656608750E+02
          cpu time =   3.681 s.

-------------------------------------------------------------------------------
bat[     127] ncas =        1016000. : rijk    = 194573968387225.
       low neutron =           8000. : ncall/s =  2.684595000E+02
          cpu time =   3.799 s.

-------------------------------------------------------------------------------
bat[     128] ncas =        1024000. : rijk    = 206304435384729.
       low neutron =           8000. : ncall/s =  2.519366250E+02
          cpu time =   3.603 s.

-------------------------------------------------------------------------------
bat[     129] ncas =        1032000. : rijk    = 257264705910425.
       low neutron =           8000. : ncall/s =  2.529391250E+02
          cpu time =   3.677 s.

-------------------------------------------------------------------------------
bat[     130] ncas =        1040000. : rijk    = 246197922839449.
       low neutron =           8000. : ncall/s =  2.861041250E+02
          cpu time =   3.817 s.

-------------------------------------------------------------------------------
bat[     131] ncas =        1048000. : rijk    = 208912520364185.
       low neutron =           8000. : ncall/s =  2.688778750E+02
          cpu time =   3.773 s.

-------------------------------------------------------------------------------
bat[     132] ncas =        1056000. : rijk    = 130265735644569.
       low neutron =           8000. : ncall/s =  2.701186250E+02
          cpu time =   3.733 s.

-------------------------------------------------------------------------------
bat[     133] ncas =        1064000. : rijk    =  37622097169049.
       low neutron =           8000. : ncall/s =  2.699297500E+02
          cpu time =   3.837 s.

-------------------------------------------------------------------------------
bat[     134] ncas =        1072000. : rijk    =  94311913115545.
       low neutron =           8000. : ncall/s =  2.681163750E+02
          cpu time =   3.703 s.

-------------------------------------------------------------------------------
bat[     135] ncas =        1080000. : rijk    = 130139806291097.
       low neutron =           8000. : ncall/s =  2.569360000E+02
          cpu time =   3.947 s.

-------------------------------------------------------------------------------
bat[     136] ncas =        1088000. : rijk    =  16318179203481.
       low neutron =           8000. : ncall/s =  2.614470000E+02
          cpu time =   3.675 s.

-------------------------------------------------------------------------------
bat[     137] ncas =        1096000. : rijk    =  40400679132825.
       low neutron =           8000. : ncall/s =  2.634152500E+02
          cpu time =   3.925 s.

-------------------------------------------------------------------------------
bat[     138] ncas =        1104000. : rijk    = 155315756360601.
       low neutron =           8000. : ncall/s =  2.812146250E+02
          cpu time =   3.813 s.

-------------------------------------------------------------------------------
bat[     139] ncas =        1112000. : rijk    =  72825152530585.
       low neutron =           8000. : ncall/s =  2.606967500E+02
          cpu time =   3.787 s.

-------------------------------------------------------------------------------
bat[     140] ncas =        1120000. : rijk    = 201407319141785.
       low neutron =           8000. : ncall/s =  2.544070000E+02
          cpu time =   3.621 s.

-------------------------------------------------------------------------------
bat[     141] ncas =        1128000. : rijk    =  50866045645465.
       low neutron =           8000. : ncall/s =  2.797948750E+02
          cpu time =   4.029 s.

-------------------------------------------------------------------------------
bat[     142] ncas =        1136000. : rijk    =  14638808070041.
       low neutron =           8000. : ncall/s =  2.774261250E+02
          cpu time =   3.750 s.

-------------------------------------------------------------------------------
bat[     143] ncas =        1144000. : rijk    =  55880373828761.
       low neutron =           8000. : ncall/s =  2.654497500E+02
          cpu time =   3.790 s.

-------------------------------------------------------------------------------
bat[     144] ncas =        1152000. : rijk    =  82396266791321.
       low neutron =           8000. : ncall/s =  2.569273750E+02
          cpu time =   3.666 s.

-------------------------------------------------------------------------------
bat[     145] ncas =        1160000. : rijk    =  40101255644825.
       low neutron =           8000. : ncall/s =  2.586502500E+02
          cpu time =   3.834 s.

-------------------------------------------------------------------------------
bat[     146] ncas =        1168000. : rijk    =   6477842254745.
       low neutron =           8000. : ncall/s =  2.733272500E+02
          cpu time =   3.744 s.

-------------------------------------------------------------------------------
bat[     147] ncas =        1176000. : rijk    =   2559773315225.
       low neutron =           8000. : ncall/s =  2.601011250E+02
          cpu time =   3.866 s.

-------------------------------------------------------------------------------
bat[     148] ncas =        1184000. : rijk    =  86390528710041.
       low neutron =           8000. : ncall/s =  2.601110000E+02
          cpu time =   3.687 s.

-------------------------------------------------------------------------------
bat[     149] ncas =        1192000. : rijk    = 165006833162905.
       low neutron =           8000. : ncall/s =  2.579036250E+02
          cpu time =   3.793 s.

-------------------------------------------------------------------------------
bat[     150] ncas =        1200000. : rijk    =  87897144598425.
       low neutron =           8000. : ncall/s =  2.643687500E+02
          cpu time =   3.697 s.

-------------------------------------------------------------------------------
bat[     151] ncas =        1208000. : rijk    =  21935119213721.
       low neutron =           8000. : ncall/s =  2.727691250E+02
          cpu time =   4.153 s.

-------------------------------------------------------------------------------
bat[     152] ncas =        1216000. : rijk    = 263363123128729.
       low neutron =           8000. : ncall/s =  2.777562500E+02
          cpu time =   3.772 s.

-------------------------------------------------------------------------------
bat[     153] ncas =        1224000. : rijk    = 205350813904537.
       low neutron =           8000. : ncall/s =  2.705613750E+02
          cpu time =   3.828 s.

-------------------------------------------------------------------------------
bat[     154] ncas =        1232000. : rijk    = 120303489168281.
       low neutron =           8000. : ncall/s =  2.577820000E+02
          cpu time =   3.652 s.

-------------------------------------------------------------------------------
bat[     155] ncas =        1240000. : rijk    = 127420668131481.
       low neutron =           8000. : ncall/s =  2.878417500E+02
          cpu time =   3.948 s.

-------------------------------------------------------------------------------
bat[     156] ncas =        1248000. : rijk    =   4679603240345.
       low neutron =           8000. : ncall/s =  2.645965000E+02
          cpu time =   3.696 s.

-------------------------------------------------------------------------------
bat[     157] ncas =        1256000. : rijk    = 126718698668697.
       low neutron =           8000. : ncall/s =  2.702353750E+02
          cpu time =   3.884 s.

-------------------------------------------------------------------------------
bat[     158] ncas =        1264000. : rijk    = 150921115125657.
       low neutron =           8000. : ncall/s =  2.568538750E+02
          cpu time =   3.658 s.

-------------------------------------------------------------------------------
bat[     159] ncas =        1272000. : rijk    = 236773165059225.
       low neutron =           8000. : ncall/s =  2.630087500E+02
          cpu time =   3.792 s.

-------------------------------------------------------------------------------
bat[     160] ncas =        1280000. : rijk    =  13422894174617.
       low neutron =           8000. : ncall/s =  2.821298750E+02
          cpu time =   3.878 s.

-------------------------------------------------------------------------------
bat[     161] ncas =        1288000. : rijk    =  80513453348505.
       low neutron =           8000. : ncall/s =  2.660347500E+02
          cpu time =   3.972 s.

-------------------------------------------------------------------------------
bat[     162] ncas =        1296000. : rijk    = 131316750015385.
       low neutron =           8000. : ncall/s =  2.640640000E+02
          cpu time =   3.698 s.

-------------------------------------------------------------------------------
bat[     163] ncas =        1304000. : rijk    = 172091843371161.
       low neutron =           8000. : ncall/s =  2.649138750E+02
          cpu time =   3.882 s.

-------------------------------------------------------------------------------
bat[     164] ncas =        1312000. : rijk    =  52593479312793.
       low neutron =           8000. : ncall/s =  2.705646250E+02
          cpu time =   3.760 s.

-------------------------------------------------------------------------------
bat[     165] ncas =        1320000. : rijk    = 122480532220569.
       low neutron =           8000. : ncall/s =  2.797307500E+02
          cpu time =   3.930 s.

-------------------------------------------------------------------------------
bat[     166] ncas =        1328000. : rijk    = 198874586476441.
       low neutron =           8000. : ncall/s =  2.759947500E+02
          cpu time =   3.786 s.

-------------------------------------------------------------------------------
bat[     167] ncas =        1336000. : rijk    = 222768378246297.
       low neutron =           8000. : ncall/s =  2.635518750E+02
          cpu time =   3.734 s.

-------------------------------------------------------------------------------
bat[     168] ncas =        1344000. : rijk    =  71009307130265.
       low neutron =           8000. : ncall/s =  2.606722500E+02
          cpu time =   3.703 s.

-------------------------------------------------------------------------------
bat[     169] ncas =        1352000. : rijk    = 212707877944985.
       low neutron =           8000. : ncall/s =  2.678335000E+02
          cpu time =   3.757 s.

-------------------------------------------------------------------------------
bat[     170] ncas =        1360000. : rijk    = 113846328820633.
       low neutron =           8000. : ncall/s =  2.670751250E+02
          cpu time =   3.726 s.

-------------------------------------------------------------------------------
bat[     171] ncas =        1368000. : rijk    =  19586979825817.
       low neutron =           8000. : ncall/s =  2.620425000E+02
          cpu time =   3.794 s.

-------------------------------------------------------------------------------
bat[     172] ncas =        1376000. : rijk    = 203305791196569.
       low neutron =           8000. : ncall/s =  2.844920000E+02
          cpu time =   3.829 s.

-------------------------------------------------------------------------------
bat[     173] ncas =        1384000. : rijk    = 215625921565337.
       low neutron =           8000. : ncall/s =  2.723710000E+02
          cpu time =   3.881 s.

-------------------------------------------------------------------------------
bat[     174] ncas =        1392000. : rijk    = 103776123164569.
       low neutron =           8000. : ncall/s =  2.646211250E+02
          cpu time =   3.715 s.

-------------------------------------------------------------------------------
bat[     175] ncas =        1400000. : rijk    = 223574253477017.
       low neutron =           8000. : ncall/s =  2.598416250E+02
          cpu time =   3.885 s.

-------------------------------------------------------------------------------
bat[     176] ncas =        1408000. : rijk    = 206985856754073.
       low neutron =           8000. : ncall/s =  2.586480000E+02
          cpu time =   3.658 s.

-------------------------------------------------------------------------------
bat[     177] ncas =        1416000. : rijk    = 181482559219353.
       low neutron =           8000. : ncall/s =  2.733108750E+02
          cpu time =   3.932 s.

-------------------------------------------------------------------------------
bat[     178] ncas =        1424000. : rijk    =  19075627297689.
       low neutron =           8000. : ncall/s =  2.651488750E+02
          cpu time =   3.754 s.

-------------------------------------------------------------------------------
bat[     179] ncas =        1432000. : rijk    = 274199386108057.
       low neutron =           8000. : ncall/s =  2.715950000E+02
          cpu time =   3.796 s.

-------------------------------------------------------------------------------
bat[     180] ncas =        1440000. : rijk    =  25369894139289.
       low neutron =           8000. : ncall/s =  2.843175000E+02
          cpu time =   3.858 s.

-------------------------------------------------------------------------------
bat[     181] ncas =        1448000. : rijk    =  64868175428249.
       low neutron =           8000. : ncall/s =  2.703321250E+02
          cpu time =   3.822 s.

-------------------------------------------------------------------------------
bat[     182] ncas =        1456000. : rijk    = 177448940814233.
       low neutron =           8000. : ncall/s =  2.589798750E+02
          cpu time =   4.042 s.

-------------------------------------------------------------------------------
bat[     183] ncas =        1464000. : rijk    =  78224006431897.
       low neutron =           8000. : ncall/s =  2.586961250E+02
          cpu time =   3.828 s.

-------------------------------------------------------------------------------
bat[     184] ncas =        1472000. : rijk    =  69070735493529.
       low neutron =           8000. : ncall/s =  2.660108750E+02
          cpu time =   3.761 s.

-------------------------------------------------------------------------------
bat[     185] ncas =        1480000. : rijk    =   6190619807385.
       low neutron =           8000. : ncall/s =  2.628885000E+02
          cpu time =   3.799 s.

-------------------------------------------------------------------------------
bat[     186] ncas =        1488000. : rijk    = 237992698270617.
       low neutron =           8000. : ncall/s =  2.678730000E+02
          cpu time =   3.647 s.

-------------------------------------------------------------------------------
bat[     187] ncas =        1496000. : rijk    =   9702184966297.
       low neutron =           8000. : ncall/s =  2.693161250E+02
          cpu time =   3.793 s.

-------------------------------------------------------------------------------
bat[     188] ncas =        1504000. : rijk    =  90093747920281.
       low neutron =           8000. : ncall/s =  2.676130000E+02
          cpu time =   3.736 s.

-------------------------------------------------------------------------------
bat[     189] ncas =        1512000. : rijk    =  50200230355609.
       low neutron =           8000. : ncall/s =  2.555927500E+02
          cpu time =   3.744 s.

-------------------------------------------------------------------------------
bat[     190] ncas =        1520000. : rijk    =  45620999317401.
       low neutron =           8000. : ncall/s =  2.642560000E+02
          cpu time =   3.708 s.

-------------------------------------------------------------------------------
bat[     191] ncas =        1528000. : rijk    =  65555503901849.
       low neutron =           8000. : ncall/s =  2.726642500E+02
          cpu time =   3.872 s.

-------------------------------------------------------------------------------
bat[     192] ncas =        1536000. : rijk    =  26261763617177.
       low neutron =           8000. : ncall/s =  2.573046250E+02
          cpu time =   3.653 s.

-------------------------------------------------------------------------------
bat[     193] ncas =        1544000. : rijk    = 145989833455257.
       low neutron =           8000. : ncall/s =  2.631126250E+02
          cpu time =   3.797 s.

-------------------------------------------------------------------------------
bat[     194] ncas =        1552000. : rijk    = 194015362120601.
       low neutron =           8000. : ncall/s =  2.565122500E+02
          cpu time =   3.643 s.

-------------------------------------------------------------------------------
bat[     195] ncas =        1560000. : rijk    = 147048033812633.
       low neutron =           8000. : ncall/s =  2.815685000E+02
          cpu time =   3.847 s.

-------------------------------------------------------------------------------
bat[     196] ncas =        1568000. : rijk    =   1215079875993.
       low neutron =           8000. : ncall/s =  2.721861250E+02
          cpu time =   3.770 s.

-------------------------------------------------------------------------------
bat[     197] ncas =        1576000. : rijk    = 146994743872153.
       low neutron =           8000. : ncall/s =  2.615946250E+02
          cpu time =   4.070 s.

-------------------------------------------------------------------------------
bat[     198] ncas =        1584000. : rijk    =  55299886387097.
       low neutron =           8000. : ncall/s =  2.795947500E+02
          cpu time =   3.857 s.

-------------------------------------------------------------------------------
bat[     199] ncas =        1592000. : rijk    =  59786333656217.
       low neutron =           8000. : ncall/s =  2.578357500E+02
          cpu time =   3.963 s.

-------------------------------------------------------------------------------
bat[     200] ncas =        1600000. : rijk    =  42936482371993.
       low neutron =           8000. : ncall/s =  2.732068750E+02
          cpu time =   3.766 s.

===============================================================================

 Summary for the end of job

-------------------------------------------------------------------------------
 number of analyz call vs ncol
-------------------------------------------------------------------------------
     ncol          number
        1              1.   : start of calculation            
        2              1.   : end of calculation              
        3            200.   : end of a batch                  
        4        1600000.   : source                          
        5              0.   : detection of geometry error/warn
        6              0.   : recovery from geometry warning  
        7              0.   : termination by geometry error   
        8        1114648.   : termination by weight cut-off   
        9              0.   : termination by time cut-off     
       10        3194319.   : geometry boundary crossing      
       11             14.   : termination by energy cut-off   
       12         754410.   : termination by escape or leakage
       13              0.   : reaction : (n,x) type           
       14       23502251.   : reaction : (n,n'x) type         
       15              0.   : sequential transport for tally  

-------------------------------------------------------------------------------
 List of transport particles
-------------------------------------------------------------------------------
     Name      kf-code        mass       charge   baryon

-------------------------------------------------------------------------------
 stop. particles.    number        weight        weight per source
-------------------------------------------------------------------------------
     neutron              14.     6.0451913E+01     3.7782445E-05

-------------------------------------------------------------------------------
 leak. particles       number        weight        weight per source
-------------------------------------------------------------------------------
     neutron          754410.     1.1387906E+06     7.1174413E-01

-------------------------------------------------------------------------------
 source: maxcas    maxbch      irskip   average weight          total source
-------------------------------------------------------------------------------
        8000         200           0    1.0000000E+00    1.6000000000000E+06

-------------------------------------------------------------------------------
 CG error summary
-------------------------------------------------------------------------------
 Number of lost particles     =     0 / nlost =       10
 Number of geometry recovering =     0
 Number of unrecovered errors =     0

-------------------------------------------------------------------------------
      initial random seed =   6647299061401.0
 next initial random seed =  92467741466265.0

-------------------------------------------------------------------------------
 job termination date : 2021/02/16
                 time :   19:16:31

-------------------------------------------------------------------------------
    CPU time and number of event called in PHITS
-------------------------------------------------------------------------------

                             sec
total cpu time =          751.68


                           count
      analysis =       29051194.  : data processing
         nevap =              0.  : evaporation
        dexgam =              0.  : de-excitation
         nreac =       23502251.  : atomic and nuclear reactions
         dklos =              0.  : particle decay
         hydro =              0.  : nucleon-nucleon scattering
        n-data =       23502251.  : neutron data library
        h-data =              0.  : proton data library
        p-data =              0.  : photon data library
        e-data =              0.  : electron data library
        p-egs5 =              0.  : photon interaction with EGS5
        e-egs5 =              0.  : electron interaction with EGS5
      e-tsmode =              0.  : electron track structure mode
     photonucl =              0.  : photo-nuclear reaction
       mu-reac =              0.  : muon-induced nuclear reaction
       mu-brem =              0.  : muon-induced bremsstrahlung
       mu-pprd =              0.  : muon-induced pair production
        mu-cap =              0.  : muon capture in nucleus
         elast =              0.  : elastic scattering
         ncasc =              0.  : nuclear reaction model

       bertini =              0.  : Bertini model
        isobar =              0.  : isobar model
           JAM =              0.  : JAM model
           QMD =              0.  : JQMD model
        JAMQMD =              0.  : JAMQMD model
          INCL =              0.  : INCL model
        INCELF =              0.  : INCELF model

>>> Citation Request >>>=======================================================

 This execution uses model(s) that must be explicitly cited in addition to
 the PHITS original document: T.Sato et al., J.Nucl.Sci.Technol.55, 684-690 (2018).
 Please refer the following document(s) in your publication using this result

 The KUROTAMA model:
    K. Iida, A. Kohama, and K. Oyamatsu, J. Phys. Soc. Japan 76, 044201 (2007).

 END 
