[ T - T r a c k ]
    title = [t-track] in region mesh
     mesh =  reg            # mesh type is region-wise
      reg = { 1 - 20 }
   e-type =    2            # e-mesh is linear given by emin, emax and ne
     emin =   0.000000      # minimum value of e-mesh points
     emax =   100.0000      # maximum value of e-mesh points
#    edel =   100.0000      # mesh width of e-mesh points
       ne =      1          # number of e-mesh points
#    data = ( e(i), i = 1, ne + 1 )
#           0.00000E+00  1.00000E+02
     unit =    1            # unit is [1/cm^2/source]
 material =  all            # (D=all) number of specific material
     axis =  reg            # axis of output
     file = weight-dose-reg.out  # file name of output for the above axis
     part =  neutron  
# kf/name :  2112     
  multiplier = all          # number of material group
     part =  all      
# kf/name :  0        
     emax =   1.00000E+10
      mat         mset1  
      all ( 1.0000 -202 )
    y-txt = Effective dose [pSv/source]
   epsout =    1            # (D=0) generate eps file by ANGEL
#    used :        main (  %)        temp (  %)       total (  %)
#  memory :          41 (  0)           0 (  0)          41 (  0)

#------------------------------------------------------------------------------
#newpage:
#   no. =  1
#  ie =  1
#   e = (   0.0000E+00  -   1.0000E+02  )
#   mset =  1

x: Serial Num. of Region
y: Effective dose [pSv/source]
p: xlin ylog afac(0.8) form(0.9)
h:   x      n     n          y(neutron ),l3   n   
#  num    reg     volume     neutron     r.err 
    1       1   1.1781E+05   1.6097E-02  0.0009
    2       2   1.1781E+05   1.6904E-03  0.0038
    3       3   1.1781E+05   2.3013E-04  0.0093
    4       4   1.1781E+05   4.2153E-05  0.0170
    5       5   1.1781E+05   8.8078E-06  0.0281
    6       6   1.1781E+05   1.9706E-06  0.0425
    7       7   1.1781E+05   4.7365E-07  0.0660
    8       8   1.1781E+05   1.1861E-07  0.0924
    9       9   1.1781E+05   3.1392E-08  0.1178
   10      10   1.1781E+05   8.1304E-09  0.1492
   11      11   1.1781E+05   2.3330E-09  0.1747
   12      12   1.1781E+05   6.6249E-10  0.2234
   13      13   1.1781E+05   1.6010E-10  0.3832
   14      14   1.1781E+05   5.1922E-11  0.5079
   15      15   1.1781E+05   1.5177E-11  0.6143
   16      16   1.1781E+05   3.8899E-12  0.7539
   17      17   1.1781E+05   1.1199E-12  0.7403
   18      18   1.1781E+05   2.9038E-13  0.8031
   19      19   1.1781E+05   8.7155E-14  0.8727
   20      20   7.8540E+04   1.3758E-14  0.8872

#   sum over    2.3169E+06   9.1889E-04

'no. =  1,  ie =  1,  mset =  1'
msuc: {\huge [t-track] in region mesh}
msdr: {\it plotted by \ANGEL \version}
msdl: {\it calculated by \PHITS  3.17}
wt: s(0.7)
\vspace{-3}
  emin  &=&   0.0000E+00 [MeV]
  emax  &=&   1.0000E+02 [MeV]
  mset  &=&   1
e:
 
# Information for Restart Calculation
# This calculation was newly started
# istdev =  1 # 1:Batch variance, 2:History variance
# resc2  = 2.00000000000000000E+02 # Total source weight or Total source weight / maxcas
# resc3  = 2.00000000000000000E+02 # Total history number or Total batch number
# maxcas =        8000 # History / Batch, only used for istdev=1
# rijklst=  92467741466265.0 # Next initial random number
