[ T - C r o s s ]
    title = Energy distribution in region mesh
     mesh =  reg            # mesh type is region-wise
      reg =    3            # number of crossing regions
      non     r-from   r-to      area
      1       51       1         1.000000    
      2       1        51        1.000000    
      3       20       31        1.000000    
   e-type =    3            # e-mesh is log given by emin, emax and ne
     emin =  1.0000000E-09  # minimum value of e-mesh points
     emax =   10.00000      # maximum value of e-mesh points
#    edel =   2.302585      # mesh width of e-mesh points
       ne =     10          # number of e-mesh points
#    data = ( e(i), i = 1, ne + 1 )
#           1.00000E-09  1.00000E-08  1.00000E-07  1.00000E-06  1.00000E-05
#           1.00000E-04  1.00000E-03  1.00000E-02  1.00000E-01  1.00000E+00
#           1.00000E+01
     unit =    2            # unit is [1/cm^2/MeV/source]
     axis =  eng            # axis of output
     file = cross_reg.out   # file name of output for the above axis
   output = current         # surface crossing current spectrum
     part =  neutron  
# kf/name :  2112     
   epsout =    1            # (D=0) generate eps file by ANGEL
#    used :        main (  %)        temp (  %)       total (  %)
#  memory :          38 (  0)           0 (  0)          38 (  0)

#------------------------------------------------------------------------------
#newpage:
#   no. =    1   reg = 51 - 1

x: Energy [MeV]
y: Current [1/cm^2/MeV/source]             
p: xlog ylog afac(0.8) form(0.9)
h: n            x            y(neutron ),hh0l   n 
#  e-lower      e-upper      neutron     r.err 
   1.0000E-09   1.0000E-08   0.0000E+00  0.0000
   1.0000E-08   1.0000E-07   0.0000E+00  0.0000
   1.0000E-07   1.0000E-06   0.0000E+00  0.0000
   1.0000E-06   1.0000E-05   0.0000E+00  0.0000
   1.0000E-05   1.0000E-04   0.0000E+00  0.0000
   1.0000E-04   1.0000E-03   0.0000E+00  0.0000
   1.0000E-03   1.0000E-02   0.0000E+00  0.0000
   1.0000E-02   1.0000E-01   0.0000E+00  0.0000
   1.0000E-01   1.0000E+00   2.7777E-10  1.0000
   1.0000E+00   1.0000E+01   1.1111E-01  0.0000

#   sum over                 1.0000E-01
'no. =    1   reg = 51 - 1'
msuc: {\huge Energy distribution in region mesh}
msdr: {\it plotted by \ANGEL \version}
msdl: {\it calculated by \PHITS  3.17}
wt: s(0.7)
\vspace{-3}
  region surface crossing
  area  &=&   1.0000E+00 [cm^2]
e:

#------------------------------------------------------------------------------
 newpage:
#   no. =    2   reg = 1 - 51

x: Energy [MeV]
y: Current [1/cm^2/MeV/source]             
p: xlog ylog afac(0.8) form(0.9)
h: n            x            y(neutron ),hh0l   n 
#  e-lower      e-upper      neutron     r.err 
   1.0000E-09   1.0000E-08   0.0000E+00  0.0000
   1.0000E-08   1.0000E-07   0.0000E+00  0.0000
   1.0000E-07   1.0000E-06   0.0000E+00  0.0000
   1.0000E-06   1.0000E-05   0.0000E+00  0.0000
   1.0000E-05   1.0000E-04   0.0000E+00  0.0000
   1.0000E-04   1.0000E-03   0.0000E+00  0.0000
   1.0000E-03   1.0000E-02   0.0000E+00  0.0000
   1.0000E-02   1.0000E-01   0.0000E+00  0.0000
   1.0000E-01   1.0000E+00   2.7777E-10  1.0000
   1.0000E+00   1.0000E+01   2.7767E-10  0.3162

#   sum over                 2.7490E-10
'no. =    2   reg = 1 - 51'
msuc: {\huge Energy distribution in region mesh}
msdr: {\it plotted by \ANGEL \version}
msdl: {\it calculated by \PHITS  3.17}
wt: s(0.7)
\vspace{-3}
  region surface crossing
  area  &=&   1.0000E+00 [cm^2]
e:

#------------------------------------------------------------------------------
 newpage:
#   no. =    3   reg = 20 - 31

x: Energy [MeV]
y: Current [1/cm^2/MeV/source]             
p: xlog ylog afac(0.8) form(0.9)
h: n            x            y(neutron ),hh0l   n 
#  e-lower      e-upper      neutron     r.err 
   1.0000E-09   1.0000E-08   1.0437E-04  0.0090
   1.0000E-08   1.0000E-07   2.0122E-04  0.0027
   1.0000E-07   1.0000E-06   3.1320E-06  0.0056
   1.0000E-06   1.0000E-05   3.9208E-08  0.0153
   1.0000E-05   1.0000E-04   3.5649E-09  0.0150
   1.0000E-04   1.0000E-03   3.4389E-10  0.0132
   1.0000E-03   1.0000E-02   3.1763E-11  0.0072
   1.0000E-02   1.0000E-01   3.9466E-12  0.0067
   1.0000E-01   1.0000E+00   8.2595E-13  0.0053
   1.0000E+00   1.0000E+01   1.5685E-13  0.0052

#   sum over                 2.5647E-12
'no. =    3   reg = 20 - 31'
msuc: {\huge Energy distribution in region mesh}
msdr: {\it plotted by \ANGEL \version}
msdl: {\it calculated by \PHITS  3.17}
wt: s(0.7)
\vspace{-3}
  region surface crossing
  area  &=&   1.0000E+00 [cm^2]
e:
 
# Information for Restart Calculation
# This calculation was newly started
# istdev =  2 # 1:Batch variance, 2:History variance
# resc2  = 3.99999600000000000E+09 # Total source weight or Total source weight / maxcas
# resc3  = 3.99999600000000000E+09 # Total history number or Total batch number
# maxcas =      100100 # History / Batch, only used for istdev=1
# rijklst=  19189931865113.0 # Next initial random number
