[ T - C r o s s ]
    title = Energy distribution in region mesh
     mesh =  reg            # mesh type is region-wise
      reg =    3            # number of crossing regions
      non     r-from    r-to       area
      1       110       101        1.000000    
      2       101       102        1.000000    
      3       102       103        1.000000    
   e-type =    3            # e-mesh is log given by emin, emax and ne
     emin =  1.0000000E-09  # minimum value of e-mesh points
     emax =   10.00000      # maximum value of e-mesh points
#    edel =   2.302585      # mesh width of e-mesh points
       ne =     10          # number of e-mesh points
#    data = ( e(i), i = 1, ne + 1 )
#           1.00000E-09  1.00000E-08  1.00000E-07  1.00000E-06  1.00000E-05
#           1.00000E-04  1.00000E-03  1.00000E-02  1.00000E-01  1.00000E+00
#           1.00000E+01
     unit =    1            # unit is [1/cm^2/source]
     axis =  eng            # axis of output
     file = cross_reg.out   # file name of output for the above axis
   output = current         # surface crossing current spectrum
     part =  neutron  
# kf/name :  2112     
   factor =  398320.0       # (D=1.0) normalization factor
   epsout =    1            # (D=0) generate eps file by ANGEL
#    used :        main (  %)        temp (  %)       total (  %)
#  memory :          38 (  0)           0 (  0)          38 (  0)

#------------------------------------------------------------------------------
#newpage:
#   no. =    1   reg = 110 - 101

x: Energy [MeV]
y: Current [1/cm^2/source]                 
p: xlog ylog afac(0.8) form(0.9)
h: n            x            y(neutron ),hh0l   n 
#  e-lower      e-upper      neutron     r.err 
   1.0000E-09   1.0000E-08   1.3294E+05  0.0001
   1.0000E-08   1.0000E-07   2.6102E+05  0.0001
   1.0000E-07   1.0000E-06   4.9921E+03  0.0001
   1.0000E-06   1.0000E-05   1.3332E+02  0.0001
   1.0000E-05   1.0000E-04   1.2682E+01  0.0001
   1.0000E-04   1.0000E-03   1.2189E+00  0.0001
   1.0000E-03   1.0000E-02   1.1702E-01  0.0001
   1.0000E-02   1.0000E-01   1.4905E-02  0.0001
   1.0000E-01   1.0000E+00   3.2715E-03  0.0001
   1.0000E+00   1.0000E+01   1.0326E-03  0.0001

#   sum over                 3.9910E+05
'no. =    1   reg = 110 - 101'
msuc: {\huge Energy distribution in region mesh}
msdr: {\it plotted by \ANGEL \version}
msdl: {\it calculated by \PHITS  3.17}
wt: s(0.7)
\vspace{-3}
  region surface crossing
  area  &=&   1.0000E+00 [cm^2]
e:

#------------------------------------------------------------------------------
 newpage:
#   no. =    2   reg = 101 - 102

x: Energy [MeV]
y: Current [1/cm^2/source]                 
p: xlog ylog afac(0.8) form(0.9)
h: n            x            y(neutron ),hh0l   n 
#  e-lower      e-upper      neutron     r.err 
   1.0000E-09   1.0000E-08   1.3257E+05  0.0001
   1.0000E-08   1.0000E-07   2.6083E+05  0.0001
   1.0000E-07   1.0000E-06   5.0179E+03  0.0001
   1.0000E-06   1.0000E-05   1.3317E+02  0.0001
   1.0000E-05   1.0000E-04   1.2666E+01  0.0001
   1.0000E-04   1.0000E-03   1.2175E+00  0.0001
   1.0000E-03   1.0000E-02   1.1690E-01  0.0001
   1.0000E-02   1.0000E-01   1.4894E-02  0.0001
   1.0000E-01   1.0000E+00   3.2702E-03  0.0001
   1.0000E+00   1.0000E+01   1.0324E-03  0.0001

#   sum over                 3.9857E+05
'no. =    2   reg = 101 - 102'
msuc: {\huge Energy distribution in region mesh}
msdr: {\it plotted by \ANGEL \version}
msdl: {\it calculated by \PHITS  3.17}
wt: s(0.7)
\vspace{-3}
  region surface crossing
  area  &=&   1.0000E+00 [cm^2]
e:

#------------------------------------------------------------------------------
 newpage:
#   no. =    3   reg = 102 - 103

x: Energy [MeV]
y: Current [1/cm^2/source]                 
p: xlog ylog afac(0.8) form(0.9)
h: n            x            y(neutron ),hh0l   n 
#  e-lower      e-upper      neutron     r.err 
   1.0000E-09   1.0000E-08   3.6643E+02  0.0008
   1.0000E-08   1.0000E-07   7.4111E+03  0.0002
   1.0000E-07   1.0000E-06   1.0226E+03  0.0005
   1.0000E-06   1.0000E-05   1.2742E-03  0.0122
   1.0000E-05   1.0000E-04   1.5545E-04  0.0095
   1.0000E-04   1.0000E-03   4.6359E-05  0.0032
   1.0000E-03   1.0000E-02   3.5038E-05  0.0007
   1.0000E-02   1.0000E-01   4.3304E-05  0.0004
   1.0000E-01   1.0000E+00   1.3140E-04  0.0002
   1.0000E+00   1.0000E+01   3.9226E-04  0.0001

#   sum over                 8.8002E+03
'no. =    3   reg = 102 - 103'
msuc: {\huge Energy distribution in region mesh}
msdr: {\it plotted by \ANGEL \version}
msdl: {\it calculated by \PHITS  3.17}
wt: s(0.7)
\vspace{-3}
  region surface crossing
  area  &=&   1.0000E+00 [cm^2]
e:
 
# Information for Restart Calculation
# This calculation was newly started
# istdev =  2 # 1:Batch variance, 2:History variance
# resc2  = 3.33354673417182398E+09 # Total source weight or Total source weight / maxcas
# resc3  = 3.33333271700000000E+09 # Total history number or Total batch number
# maxcas =      100043 # History / Batch, only used for istdev=1
# rijklst=  71371679878709.0 # Next initial random number
