           _________________________________________________________
          |                                                         |
          |       _/_/_/_/                                          |
          |      _/      _/                  _/_/_/_/_/_/           |
          |     _/      _/  _/      _/   _/      _/      _/_/_/_/_/ |
          |    _/_/_/_/    _/      _/   _/      _/      _/          |
          |   _/          _/_/_/_/_/   _/      _/       _/_/_/_/    |
          |  _/          _/      _/   _/      _/              _/    |
          | _/          _/      _/   _/      _/      _/_/_/_/_/     |
          |                                                         |
          |                                                         |
          |       Particle and Heavy Ion Transport code System      |
          |                      Version =  3.170                   |
          |                       developed by                      |
          |                                                         |
          |                     Koji NIITA (RIST),                  |
          |                                                         |
          |  Tatsuhiko SATO, Yosuke IWAMOTO, Shintaro HASHIMOTO,    |
          |    Tatsuhiko OGAWA, Takuya FURUTA, Shinichiro ABE,      |
          |      Takeshi KAI, Pi-En TSAI, Norihiro MATSUDA,         |
          |         Yusuke MATSUYA, Hunter RATLIFF (JAEA),          |
          |                                                         |
          |                    Hiroshi IWASE (KEK),                 |
          |                                                         |
          |           Nobuhiro SHIGYO (Kyushu University), and      |
          |                                                         |
          |        Lembit SIHVER (Technische Universitat Wien)      |
          |                                                         |
          |                 Last Revised  2019-10-29                |
          |_________________________________________________________|

                        Starting Date = 2020-07-20
                        Starting Time = 21h 10m 36

>>> Input Echo >>>=============================================================

[ P a r a m e t e r s ]
 icntl    =           8     # (D=0) 3:ECH 5:NOR 6:SRC 7,8:GSH 11:DSH 12:DUMP
 maxcas   =         500     # (D=10) number of particles per one batch
 maxbch   =         100     # (D=10) number of batches
 ndedx    =           2     # (D=3) 0: SPAR, 1: ATIMA, 2: SPAR all for dE/dx, 3: ATIMA all for dE/dx
 negs     =           1     # (D=-1) =-1:original, =0:No, =1:EGS
 e-mode   =           2     # (D=0) 0: Normal, 1: Event generator mode Ver.1, 2: Ver.2
 emin(2)  = 1.000000000E-11 # (D=1.0d-3) cut-off energy of neutron (MeV)
 dmax(2)  =  20.0000000     # (D=emin(2)) data max. energy of neutron (MeV)
 file(1)  = /mnt/hdpablo/pablo/phits/phits # (D=PhitsPath) PHITS install folder name
 file(6)  = phits.out       # (D=phits.out) general output file name

[ S o u r c e ]
  totfact =   1.0000        # (D=1.0) global factor
   s-type =   1             # cylindrical source
     proj =  252Cf          # kind of incident nucleus          
    ispfs =   1             # Spontaneus Fission Source, 1:neutron, 2: # of SF
       e0 =   0.0000        # energy of beam [MeV/u]
       r0 =   0.0000        # radius [cm]
       x0 =   0.0000        # (D=0.0) center position of x-axis [cm]
       y0 =   7.6199        # (D=0.0) center position of y-axis [cm]
       z0 =   12.700        # minimum position of z-axis [cm]
       z1 =   0.0000        # maximum position of z-axis [cm]
      dir =   all           # z-direction of beam [isotropic]

[ M a t e r i a l ]
MAT[ 2 ] 
            C         1.2150000E-04
         55Mn         1.7510000E-03
         28Si         1.5800000E-03
         29Si         8.0220000E-05
         30Si         5.2880000E-05
         50Cr         7.6390000E-04
         52Cr         1.4730000E-02
         53Cr         1.6700000E-03
         54Cr         4.1580000E-04
         58Ni         5.0230000E-03
         60Ni         1.9350000E-03
         61Ni         8.4110000E-05
         62Ni         2.6810000E-04
         64Ni         6.8320000E-05
         54Fe         3.4730000E-03
         56Fe         5.4520000E-02
         57Fe         1.2590000E-03
         58Fe         1.6760000E-04
MAT[ 3 ] 
        208Pb         5.2400000E-01
        206Pb         2.4100000E-01
        207Pb         2.2100000E-01
        204Pb         1.4000000E-02
MAT[ 4 ] 
         28Si         1.0000000E+00
MAT[ 5 ] 
         27Al         1.0000000E+00
MAT[ 6 ] 
          10B         1.4019000E-02
          11B         5.6430000E-02
          16O         6.4109500E-01
         23Na         2.3311000E-02
         27Al         8.2040000E-03
           Si         2.5532700E-01
            K         1.6150000E-03

[ C e l l ]
 100        0                 -1000 
 101        2 -8.0000000E+00  -1001 
 102        3 -1.1320000E+01  1002 -1003 
 103        4 -2.3300000E+00  -1004 
 104        0                 -1002 1000 
 105        5 -2.7000000E+00  -1007 1008 1005 1006 
 106        0                 -1005 
 107        6 -2.2300000E+00  -1006 
 108        0                 -1008 1004 
 109        0                 -9999 1001 1003 1005 1007 
 999       -1                 9999 

[ S u r f a c e ]
 1000          s     0.0000000E+00  7.6199000E+00  1.2700000E+01
                     1.0000000E-04
 1001          rcc   0.0000000E+00  0.0000000E+00 -4.0000000E+00
                     0.0000000E+00  0.0000000E+00  4.0000000E+00
                     5.0000000E+01
 1002          rcc   0.0000000E+00  0.0000000E+00  0.0000000E+00
                     0.0000000E+00  0.0000000E+00  2.5400000E+01
                     7.6200000E+00
 1003          rcc   0.0000000E+00  0.0000000E+00  0.0000000E+00
                     0.0000000E+00  0.0000000E+00  2.5400000E+01
                     1.2700000E+01
 1004          rpp  -3.0000000E+00  3.0000000E+00  1.6690000E+01
                     1.6710000E+01  1.1700000E+01  1.3700000E+01
 1005          rcc   0.0000000E+00  1.2700100E+01  1.2700000E+01
                     0.0000000E+00  2.4999000E+00  0.0000000E+00
                     8.0000000E+00
 1006          rcc   0.0000000E+00  1.5200000E+01  1.2700000E+01
                     0.0000000E+00  1.0000000E+00  0.0000000E+00
                     8.0000000E+00
 1007          rpp  -1.2500000E+01  1.2500000E+01  1.4700000E+01
                     3.9700000E+01  0.0000000E+00  2.5000000E+01
 1008          rpp  -1.0500000E+01  1.0500000E+01  1.6200000E+01
                     3.8200000E+01  2.0000000E+00  2.3000000E+01
 9999          so    5.0000000E+02

[ C o u n t e r ] off
  counter = 1
     part =  neutron  
# kf/name :  2112     
   reg        in     out    iels     ref
     101       0       0       1       0 
# Warning: there is no tally with counter.

[ Mat Name Color ]
   mat            name     size             color   # HSB color value
     0            void     1.00         lightgray   # { -0.800  1.000  1.000 }
     2       Stainless     1.00       yellowgreen   # {  0.700  1.000  1.000 }
     3            Lead     1.00      orangeyellow   # {  0.867  1.000  1.000 }
     4         Silicon     1.00        pastelblue   # {  0.250  0.400  1.000 }
     5       Aluminium     1.00     pastelmagenta   # {  0.067  0.600  1.000 }
     6    Borosilicate     1.00         bluegreen   # {  0.500  1.000  1.000 }

[ T - Deposit ]
    title = Energy Deposition in silicon (all)
     mesh =  reg            # mesh type is region-wise
      reg = 103
     unit =    3            # unit is [1/source] : only for output=deposit
   letmat =    0            # (D=0) mat ID for LET, 0:real mat, <0: electron for H2O
  dedxfnc =    0            # (D=0) user defined multiplier, 0(no), 1, 2
 material =  all            # (D=all) number of specific material
   output = deposit         # deposit enerygy distribution
  deposit =    0            # (D=0) 0-> total deposit dist, 1-> each process
   e-type =    2            # e-mesh is linear given by emin, emax and ne
     emin =  1.0000000E-05  # minimum value of e-mesh points
     emax =   1.000000      # maximum value of e-mesh points
#    edel =  4.9999500E-03  # mesh width of e-mesh points
       ne =    200          # number of e-mesh points
#    data = ( e(i), i = 1, ne + 1 )
#           1.00000E-05  5.00995E-03  1.00099E-02  1.50099E-02  2.00098E-02
#           2.50098E-02  3.00097E-02  3.50097E-02  4.00096E-02  4.50096E-02
#           5.00095E-02  5.50095E-02  6.00094E-02  6.50094E-02  7.00093E-02
#           7.50092E-02  8.00092E-02  8.50092E-02  9.00091E-02  9.50090E-02
#           1.00009E-01  1.05009E-01  1.10009E-01  1.15009E-01  1.20009E-01
#           1.25009E-01  1.30009E-01  1.35009E-01  1.40009E-01  1.45009E-01
#           1.50009E-01  1.55008E-01  1.60008E-01  1.65008E-01  1.70008E-01
#           1.75008E-01  1.80008E-01  1.85008E-01  1.90008E-01  1.95008E-01
#           2.00008E-01  2.05008E-01  2.10008E-01  2.15008E-01  2.20008E-01
#           2.25008E-01  2.30008E-01  2.35008E-01  2.40008E-01  2.45008E-01
#           2.50007E-01  2.55007E-01  2.60007E-01  2.65007E-01  2.70007E-01
#           2.75007E-01  2.80007E-01  2.85007E-01  2.90007E-01  2.95007E-01
#           3.00007E-01  3.05007E-01  3.10007E-01  3.15007E-01  3.20007E-01
#           3.25007E-01  3.30007E-01  3.35007E-01  3.40007E-01  3.45007E-01
#           3.50007E-01  3.55006E-01  3.60006E-01  3.65006E-01  3.70006E-01
#           3.75006E-01  3.80006E-01  3.85006E-01  3.90006E-01  3.95006E-01
#           4.00006E-01  4.05006E-01  4.10006E-01  4.15006E-01  4.20006E-01
#           4.25006E-01  4.30006E-01  4.35006E-01  4.40006E-01  4.45006E-01
#           4.50006E-01  4.55005E-01  4.60005E-01  4.65005E-01  4.70005E-01
#           4.75005E-01  4.80005E-01  4.85005E-01  4.90005E-01  4.95005E-01
#           5.00005E-01  5.05005E-01  5.10005E-01  5.15005E-01  5.20005E-01
#           5.25005E-01  5.30005E-01  5.35005E-01  5.40005E-01  5.45005E-01
#           5.50005E-01  5.55004E-01  5.60004E-01  5.65004E-01  5.70004E-01
#           5.75004E-01  5.80004E-01  5.85004E-01  5.90004E-01  5.95004E-01
#           6.00004E-01  6.05004E-01  6.10004E-01  6.15004E-01  6.20004E-01
#           6.25004E-01  6.30004E-01  6.35004E-01  6.40004E-01  6.45004E-01
#           6.50003E-01  6.55003E-01  6.60003E-01  6.65003E-01  6.70003E-01
#           6.75003E-01  6.80003E-01  6.85003E-01  6.90003E-01  6.95003E-01
#           7.00003E-01  7.05003E-01  7.10003E-01  7.15003E-01  7.20003E-01
#           7.25003E-01  7.30003E-01  7.35003E-01  7.40003E-01  7.45003E-01
#           7.50003E-01  7.55002E-01  7.60002E-01  7.65002E-01  7.70002E-01
#           7.75002E-01  7.80002E-01  7.85002E-01  7.90002E-01  7.95002E-01
#           8.00002E-01  8.05002E-01  8.10002E-01  8.15002E-01  8.20002E-01
#           8.25002E-01  8.30002E-01  8.35002E-01  8.40002E-01  8.45002E-01
#           8.50002E-01  8.55001E-01  8.60001E-01  8.65001E-01  8.70001E-01
#           8.75001E-01  8.80001E-01  8.85001E-01  8.90001E-01  8.95001E-01
#           9.00001E-01  9.05001E-01  9.10001E-01  9.15001E-01  9.20001E-01
#           9.25001E-01  9.30001E-01  9.35001E-01  9.40001E-01  9.45001E-01
#           9.50001E-01  9.55000E-01  9.60000E-01  9.65000E-01  9.70000E-01
#           9.75000E-01  9.80000E-01  9.85000E-01  9.90000E-01  9.95000E-01
#           1.00000E+00
     axis =   eng           # axis of output
     file = deposit_Si.out  # file name of output for the above axis
     part =  28Si       25Mg       electron   positron   alpha      all      
# kf/name :  14000028   12000025   11         -11        2000004    0        
   epsout =    1            # (D=0) generate eps file by ANGEL
#    used :        main (  %)        temp (  %)       total (  %)
#  memory :         205 (  0)           0 (  0)         205 (  0)

[ T - T r a c k ]
    title = Skipper-CCD Thinned experiment with 252Cf neutron source
     mesh =  xyz            # mesh type is xyz scoring mesh
   x-type =    1            # x-mesh is given by the below data
       nx =      1          # number of x-mesh points
#    data = ( x(i), i = 1, nx + 1 )
            0.00000E+00  0.00000E+00
   y-type =    2            # y-mesh is linear given by ymin, ymax and ny
     ymin =  -15.00000      # minimum value of y-mesh points
     ymax =   50.00000      # maximum value of y-mesh points
#    ydel =  0.3250000      # mesh width of y-mesh points
       ny =    200          # number of y-mesh points
#    data = ( y(i), i = 1, ny + 1 )
#          -1.50000E+01 -1.46750E+01 -1.43500E+01 -1.40250E+01 -1.37000E+01
#          -1.33750E+01 -1.30500E+01 -1.27250E+01 -1.24000E+01 -1.20750E+01
#          -1.17500E+01 -1.14250E+01 -1.11000E+01 -1.07750E+01 -1.04500E+01
#          -1.01250E+01 -9.80000E+00 -9.47500E+00 -9.15000E+00 -8.82500E+00
#          -8.50000E+00 -8.17500E+00 -7.85000E+00 -7.52500E+00 -7.20000E+00
#          -6.87500E+00 -6.55000E+00 -6.22500E+00 -5.90000E+00 -5.57500E+00
#          -5.25000E+00 -4.92500E+00 -4.60000E+00 -4.27500E+00 -3.95000E+00
#          -3.62500E+00 -3.30000E+00 -2.97500E+00 -2.65000E+00 -2.32500E+00
#          -2.00000E+00 -1.67500E+00 -1.35000E+00 -1.02500E+00 -7.00000E-01
#          -3.75000E-01 -5.00000E-02  2.75000E-01  6.00000E-01  9.25000E-01
#           1.25000E+00  1.57500E+00  1.90000E+00  2.22500E+00  2.55000E+00
#           2.87500E+00  3.20000E+00  3.52500E+00  3.85000E+00  4.17500E+00
#           4.50000E+00  4.82500E+00  5.15000E+00  5.47500E+00  5.80000E+00
#           6.12500E+00  6.45000E+00  6.77500E+00  7.10000E+00  7.42500E+00
#           7.75000E+00  8.07500E+00  8.40000E+00  8.72500E+00  9.05000E+00
#           9.37500E+00  9.70000E+00  1.00250E+01  1.03500E+01  1.06750E+01
#           1.10000E+01  1.13250E+01  1.16500E+01  1.19750E+01  1.23000E+01
#           1.26250E+01  1.29500E+01  1.32750E+01  1.36000E+01  1.39250E+01
#           1.42500E+01  1.45750E+01  1.49000E+01  1.52250E+01  1.55500E+01
#           1.58750E+01  1.62000E+01  1.65250E+01  1.68500E+01  1.71750E+01
#           1.75000E+01  1.78250E+01  1.81500E+01  1.84750E+01  1.88000E+01
#           1.91250E+01  1.94500E+01  1.97750E+01  2.01000E+01  2.04250E+01
#           2.07500E+01  2.10750E+01  2.14000E+01  2.17250E+01  2.20500E+01
#           2.23750E+01  2.27000E+01  2.30250E+01  2.33500E+01  2.36750E+01
#           2.40000E+01  2.43250E+01  2.46500E+01  2.49750E+01  2.53000E+01
#           2.56250E+01  2.59500E+01  2.62750E+01  2.66000E+01  2.69250E+01
#           2.72500E+01  2.75750E+01  2.79000E+01  2.82250E+01  2.85500E+01
#           2.88750E+01  2.92000E+01  2.95250E+01  2.98500E+01  3.01750E+01
#           3.05000E+01  3.08250E+01  3.11500E+01  3.14750E+01  3.18000E+01
#           3.21250E+01  3.24500E+01  3.27750E+01  3.31000E+01  3.34250E+01
#           3.37500E+01  3.40750E+01  3.44000E+01  3.47250E+01  3.50500E+01
#           3.53750E+01  3.57000E+01  3.60250E+01  3.63500E+01  3.66750E+01
#           3.70000E+01  3.73250E+01  3.76500E+01  3.79750E+01  3.83000E+01
#           3.86250E+01  3.89500E+01  3.92750E+01  3.96000E+01  3.99250E+01
#           4.02500E+01  4.05750E+01  4.09000E+01  4.12250E+01  4.15500E+01
#           4.18750E+01  4.22000E+01  4.25250E+01  4.28500E+01  4.31750E+01
#           4.35000E+01  4.38250E+01  4.41500E+01  4.44750E+01  4.48000E+01
#           4.51250E+01  4.54500E+01  4.57750E+01  4.61000E+01  4.64250E+01
#           4.67500E+01  4.70750E+01  4.74000E+01  4.77250E+01  4.80500E+01
#           4.83750E+01  4.87000E+01  4.90250E+01  4.93500E+01  4.96750E+01
#           5.00000E+01
   z-type =    2            # z-mesh is linear given by zmin, zmax and nz
     zmin =  -5.000000      # minimum value of z-mesh points
     zmax =   30.00000      # maximum value of z-mesh points
#    zdel =  0.1750000      # mesh width of z-mesh points
       nz =    200          # number of z-mesh points
#    data = ( z(i), i = 1, nz + 1 )
#          -5.00000E+00 -4.82500E+00 -4.65000E+00 -4.47500E+00 -4.30000E+00
#          -4.12500E+00 -3.95000E+00 -3.77500E+00 -3.60000E+00 -3.42500E+00
#          -3.25000E+00 -3.07500E+00 -2.90000E+00 -2.72500E+00 -2.55000E+00
#          -2.37500E+00 -2.20000E+00 -2.02500E+00 -1.85000E+00 -1.67500E+00
#          -1.50000E+00 -1.32500E+00 -1.15000E+00 -9.75000E-01 -8.00000E-01
#          -6.25000E-01 -4.50000E-01 -2.75000E-01 -1.00000E-01  7.50000E-02
#           2.50000E-01  4.25000E-01  6.00000E-01  7.75000E-01  9.50000E-01
#           1.12500E+00  1.30000E+00  1.47500E+00  1.65000E+00  1.82500E+00
#           2.00000E+00  2.17500E+00  2.35000E+00  2.52500E+00  2.70000E+00
#           2.87500E+00  3.05000E+00  3.22500E+00  3.40000E+00  3.57500E+00
#           3.75000E+00  3.92500E+00  4.10000E+00  4.27500E+00  4.45000E+00
#           4.62500E+00  4.80000E+00  4.97500E+00  5.15000E+00  5.32500E+00
#           5.50000E+00  5.67500E+00  5.85000E+00  6.02500E+00  6.20000E+00
#           6.37500E+00  6.55000E+00  6.72500E+00  6.90000E+00  7.07500E+00
#           7.25000E+00  7.42500E+00  7.60000E+00  7.77500E+00  7.95000E+00
#           8.12500E+00  8.30000E+00  8.47500E+00  8.65000E+00  8.82500E+00
#           9.00000E+00  9.17500E+00  9.35000E+00  9.52500E+00  9.70000E+00
#           9.87500E+00  1.00500E+01  1.02250E+01  1.04000E+01  1.05750E+01
#           1.07500E+01  1.09250E+01  1.11000E+01  1.12750E+01  1.14500E+01
#           1.16250E+01  1.18000E+01  1.19750E+01  1.21500E+01  1.23250E+01
#           1.25000E+01  1.26750E+01  1.28500E+01  1.30250E+01  1.32000E+01
#           1.33750E+01  1.35500E+01  1.37250E+01  1.39000E+01  1.40750E+01
#           1.42500E+01  1.44250E+01  1.46000E+01  1.47750E+01  1.49500E+01
#           1.51250E+01  1.53000E+01  1.54750E+01  1.56500E+01  1.58250E+01
#           1.60000E+01  1.61750E+01  1.63500E+01  1.65250E+01  1.67000E+01
#           1.68750E+01  1.70500E+01  1.72250E+01  1.74000E+01  1.75750E+01
#           1.77500E+01  1.79250E+01  1.81000E+01  1.82750E+01  1.84500E+01
#           1.86250E+01  1.88000E+01  1.89750E+01  1.91500E+01  1.93250E+01
#           1.95000E+01  1.96750E+01  1.98500E+01  2.00250E+01  2.02000E+01
#           2.03750E+01  2.05500E+01  2.07250E+01  2.09000E+01  2.10750E+01
#           2.12500E+01  2.14250E+01  2.16000E+01  2.17750E+01  2.19500E+01
#           2.21250E+01  2.23000E+01  2.24750E+01  2.26500E+01  2.28250E+01
#           2.30000E+01  2.31750E+01  2.33500E+01  2.35250E+01  2.37000E+01
#           2.38750E+01  2.40500E+01  2.42250E+01  2.44000E+01  2.45750E+01
#           2.47500E+01  2.49250E+01  2.51000E+01  2.52750E+01  2.54500E+01
#           2.56250E+01  2.58000E+01  2.59750E+01  2.61500E+01  2.63250E+01
#           2.65000E+01  2.66750E+01  2.68500E+01  2.70250E+01  2.72000E+01
#           2.73750E+01  2.75500E+01  2.77250E+01  2.79000E+01  2.80750E+01
#           2.82500E+01  2.84250E+01  2.86000E+01  2.87750E+01  2.89500E+01
#           2.91250E+01  2.93000E+01  2.94750E+01  2.96500E+01  2.98250E+01
#           3.00000E+01
   e-type =    1            # e-mesh is given by the below data
       ne =      1          # number of e-mesh points
#    data = ( e(i), i = 1, ne + 1 )
            0.00000E+00  1.00000E+03
     unit =    1            # unit is [1/cm^2/source]
 material =  all            # (D=all) number of specific material
  2D-type =    3            # 1:Cont, 2:Clust, 3:Color, 4:xyz, 5:mat, 6:Clust+Cont, 7:Col+Cont
     axis =   yz            # axis of output
     file = track_yz.out    # file name of output for the above axis
     part =  all      
# kf/name :  0        
    gshow =    3            # 0: no 1:bnd, 2:bnd+mat, 3:bnd+reg 4:bnd+lat 5:bmp style
    resol =    1            # (D=1) resolution of gshow or rshow
    width = 0.5000000       # (D=0.5) width of lines for gshow or rshow
   epsout =    1            # (D=0) generate eps file by ANGEL
#    used :        main (  %)        temp (  %)       total (  %)
#  memory :         410 (  0)           0 (  0)         410 (  0)

[ T - T r a c k ]
    title = Skipper-CCD Thinned experiment with 252Cf neutron source
     mesh =  xyz            # mesh type is xyz scoring mesh
   x-type =    2            # x-mesh is linear given by xmin, xmax and nx
     xmin =  -25.00000      # minimum value of x-mesh points
     xmax =   25.00000      # maximum value of x-mesh points
#    xdel =  0.2500000      # mesh width of x-mesh points
       nx =    200          # number of x-mesh points
#    data = ( x(i), i = 1, nx + 1 )
#          -2.50000E+01 -2.47500E+01 -2.45000E+01 -2.42500E+01 -2.40000E+01
#          -2.37500E+01 -2.35000E+01 -2.32500E+01 -2.30000E+01 -2.27500E+01
#          -2.25000E+01 -2.22500E+01 -2.20000E+01 -2.17500E+01 -2.15000E+01
#          -2.12500E+01 -2.10000E+01 -2.07500E+01 -2.05000E+01 -2.02500E+01
#          -2.00000E+01 -1.97500E+01 -1.95000E+01 -1.92500E+01 -1.90000E+01
#          -1.87500E+01 -1.85000E+01 -1.82500E+01 -1.80000E+01 -1.77500E+01
#          -1.75000E+01 -1.72500E+01 -1.70000E+01 -1.67500E+01 -1.65000E+01
#          -1.62500E+01 -1.60000E+01 -1.57500E+01 -1.55000E+01 -1.52500E+01
#          -1.50000E+01 -1.47500E+01 -1.45000E+01 -1.42500E+01 -1.40000E+01
#          -1.37500E+01 -1.35000E+01 -1.32500E+01 -1.30000E+01 -1.27500E+01
#          -1.25000E+01 -1.22500E+01 -1.20000E+01 -1.17500E+01 -1.15000E+01
#          -1.12500E+01 -1.10000E+01 -1.07500E+01 -1.05000E+01 -1.02500E+01
#          -1.00000E+01 -9.75000E+00 -9.50000E+00 -9.25000E+00 -9.00000E+00
#          -8.75000E+00 -8.50000E+00 -8.25000E+00 -8.00000E+00 -7.75000E+00
#          -7.50000E+00 -7.25000E+00 -7.00000E+00 -6.75000E+00 -6.50000E+00
#          -6.25000E+00 -6.00000E+00 -5.75000E+00 -5.50000E+00 -5.25000E+00
#          -5.00000E+00 -4.75000E+00 -4.50000E+00 -4.25000E+00 -4.00000E+00
#          -3.75000E+00 -3.50000E+00 -3.25000E+00 -3.00000E+00 -2.75000E+00
#          -2.50000E+00 -2.25000E+00 -2.00000E+00 -1.75000E+00 -1.50000E+00
#          -1.25000E+00 -1.00000E+00 -7.50000E-01 -5.00000E-01 -2.50000E-01
#           0.00000E+00  2.50000E-01  5.00000E-01  7.50000E-01  1.00000E+00
#           1.25000E+00  1.50000E+00  1.75000E+00  2.00000E+00  2.25000E+00
#           2.50000E+00  2.75000E+00  3.00000E+00  3.25000E+00  3.50000E+00
#           3.75000E+00  4.00000E+00  4.25000E+00  4.50000E+00  4.75000E+00
#           5.00000E+00  5.25000E+00  5.50000E+00  5.75000E+00  6.00000E+00
#           6.25000E+00  6.50000E+00  6.75000E+00  7.00000E+00  7.25000E+00
#           7.50000E+00  7.75000E+00  8.00000E+00  8.25000E+00  8.50000E+00
#           8.75000E+00  9.00000E+00  9.25000E+00  9.50000E+00  9.75000E+00
#           1.00000E+01  1.02500E+01  1.05000E+01  1.07500E+01  1.10000E+01
#           1.12500E+01  1.15000E+01  1.17500E+01  1.20000E+01  1.22500E+01
#           1.25000E+01  1.27500E+01  1.30000E+01  1.32500E+01  1.35000E+01
#           1.37500E+01  1.40000E+01  1.42500E+01  1.45000E+01  1.47500E+01
#           1.50000E+01  1.52500E+01  1.55000E+01  1.57500E+01  1.60000E+01
#           1.62500E+01  1.65000E+01  1.67500E+01  1.70000E+01  1.72500E+01
#           1.75000E+01  1.77500E+01  1.80000E+01  1.82500E+01  1.85000E+01
#           1.87500E+01  1.90000E+01  1.92500E+01  1.95000E+01  1.97500E+01
#           2.00000E+01  2.02500E+01  2.05000E+01  2.07500E+01  2.10000E+01
#           2.12500E+01  2.15000E+01  2.17500E+01  2.20000E+01  2.22500E+01
#           2.25000E+01  2.27500E+01  2.30000E+01  2.32500E+01  2.35000E+01
#           2.37500E+01  2.40000E+01  2.42500E+01  2.45000E+01  2.47500E+01
#           2.50000E+01
   y-type =    2            # y-mesh is linear given by ymin, ymax and ny
     ymin =  -20.00000      # minimum value of y-mesh points
     ymax =   50.00000      # maximum value of y-mesh points
#    ydel =  0.3500000      # mesh width of y-mesh points
       ny =    200          # number of y-mesh points
#    data = ( y(i), i = 1, ny + 1 )
#          -2.00000E+01 -1.96500E+01 -1.93000E+01 -1.89500E+01 -1.86000E+01
#          -1.82500E+01 -1.79000E+01 -1.75500E+01 -1.72000E+01 -1.68500E+01
#          -1.65000E+01 -1.61500E+01 -1.58000E+01 -1.54500E+01 -1.51000E+01
#          -1.47500E+01 -1.44000E+01 -1.40500E+01 -1.37000E+01 -1.33500E+01
#          -1.30000E+01 -1.26500E+01 -1.23000E+01 -1.19500E+01 -1.16000E+01
#          -1.12500E+01 -1.09000E+01 -1.05500E+01 -1.02000E+01 -9.85000E+00
#          -9.50000E+00 -9.15000E+00 -8.80000E+00 -8.45000E+00 -8.10000E+00
#          -7.75000E+00 -7.40000E+00 -7.05000E+00 -6.70000E+00 -6.35000E+00
#          -6.00000E+00 -5.65000E+00 -5.30000E+00 -4.95000E+00 -4.60000E+00
#          -4.25000E+00 -3.90000E+00 -3.55000E+00 -3.20000E+00 -2.85000E+00
#          -2.50000E+00 -2.15000E+00 -1.80000E+00 -1.45000E+00 -1.10000E+00
#          -7.50000E-01 -4.00000E-01 -5.00000E-02  3.00000E-01  6.50000E-01
#           1.00000E+00  1.35000E+00  1.70000E+00  2.05000E+00  2.40000E+00
#           2.75000E+00  3.10000E+00  3.45000E+00  3.80000E+00  4.15000E+00
#           4.50000E+00  4.85000E+00  5.20000E+00  5.55000E+00  5.90000E+00
#           6.25000E+00  6.60000E+00  6.95000E+00  7.30000E+00  7.65000E+00
#           8.00000E+00  8.35000E+00  8.70000E+00  9.05000E+00  9.40000E+00
#           9.75000E+00  1.01000E+01  1.04500E+01  1.08000E+01  1.11500E+01
#           1.15000E+01  1.18500E+01  1.22000E+01  1.25500E+01  1.29000E+01
#           1.32500E+01  1.36000E+01  1.39500E+01  1.43000E+01  1.46500E+01
#           1.50000E+01  1.53500E+01  1.57000E+01  1.60500E+01  1.64000E+01
#           1.67500E+01  1.71000E+01  1.74500E+01  1.78000E+01  1.81500E+01
#           1.85000E+01  1.88500E+01  1.92000E+01  1.95500E+01  1.99000E+01
#           2.02500E+01  2.06000E+01  2.09500E+01  2.13000E+01  2.16500E+01
#           2.20000E+01  2.23500E+01  2.27000E+01  2.30500E+01  2.34000E+01
#           2.37500E+01  2.41000E+01  2.44500E+01  2.48000E+01  2.51500E+01
#           2.55000E+01  2.58500E+01  2.62000E+01  2.65500E+01  2.69000E+01
#           2.72500E+01  2.76000E+01  2.79500E+01  2.83000E+01  2.86500E+01
#           2.90000E+01  2.93500E+01  2.97000E+01  3.00500E+01  3.04000E+01
#           3.07500E+01  3.11000E+01  3.14500E+01  3.18000E+01  3.21500E+01
#           3.25000E+01  3.28500E+01  3.32000E+01  3.35500E+01  3.39000E+01
#           3.42500E+01  3.46000E+01  3.49500E+01  3.53000E+01  3.56500E+01
#           3.60000E+01  3.63500E+01  3.67000E+01  3.70500E+01  3.74000E+01
#           3.77500E+01  3.81000E+01  3.84500E+01  3.88000E+01  3.91500E+01
#           3.95000E+01  3.98500E+01  4.02000E+01  4.05500E+01  4.09000E+01
#           4.12500E+01  4.16000E+01  4.19500E+01  4.23000E+01  4.26500E+01
#           4.30000E+01  4.33500E+01  4.37000E+01  4.40500E+01  4.44000E+01
#           4.47500E+01  4.51000E+01  4.54500E+01  4.58000E+01  4.61500E+01
#           4.65000E+01  4.68500E+01  4.72000E+01  4.75500E+01  4.79000E+01
#           4.82500E+01  4.86000E+01  4.89500E+01  4.93000E+01  4.96500E+01
#           5.00000E+01
   z-type =    1            # z-mesh is given by the below data
       nz =      1          # number of z-mesh points
#    data = ( z(i), i = 1, nz + 1 )
            1.27000E+01  1.27000E+01
   e-type =    1            # e-mesh is given by the below data
       ne =      1          # number of e-mesh points
#    data = ( e(i), i = 1, ne + 1 )
            0.00000E+00  1.00000E+03
     unit =    1            # unit is [1/cm^2/source]
 material =  all            # (D=all) number of specific material
  2D-type =    3            # 1:Cont, 2:Clust, 3:Color, 4:xyz, 5:mat, 6:Clust+Cont, 7:Col+Cont
     axis =   xy            # axis of output
     file = track_xy.out    # file name of output for the above axis
     part =  all      
# kf/name :  0        
    gshow =    3            # 0: no 1:bnd, 2:bnd+mat, 3:bnd+reg 4:bnd+lat 5:bmp style
    resol =    1            # (D=1) resolution of gshow or rshow
    width = 0.5000000       # (D=0.5) width of lines for gshow or rshow
   epsout =    1            # (D=0) generate eps file by ANGEL
#    used :        main (  %)        temp (  %)       total (  %)
#  memory :         410 (  0)           0 (  0)         410 (  0)

[ T - 3Dshow ]
    title = Skipper-CCD Thinned experiment with 252Cf neutron source
     file = 3dshow.out      # file name of output
 material =  all            # (D=all) all materials are shown
       x0 =  0.000000       # (D=0.0) x-coordinate of the origin
       y0 =  15.00000       # (D=0.0) y-coordinate of the origin
       z0 =  5.000000       # (D=0.0) z-coordinate of the origin
    e-the =  45.00000       # (D=80.0) eye point theta(degree) from z-axis
    e-phi = -10.00000       # (D=140.0) eye point phi(degree) from x-axis
    e-dst =  400.0000       # (D=w-dst*10) eye point distance from origin
    l-the =  70.00000       # (D=e-the) light point theta from z-axis
    l-phi = -20.00000       # (D=e-phi) light point phi from x-axis
    l-dst =  120.0000       # (D=e-dst) light point distance from origin
    w-wdt =  80.00000       # (D=100) width of window (cm)
    w-hgt =  70.00000       # (D=100) hight of window (cm)
    w-dst =  30.00000       # (D=200) window distance from origin
    w-mnw =  100            # (D=100) mesh number of window width
    w-mnh =  100            # (D=100) mesh number of window hight
   heaven =   z             # (D=y) direction to heaven
    w-ang =  0.000000       # (D=0.0) angle of frame (degree)
   bright = 0.8000000       # (D=0.8) top brightness
     dark = 0.2000000       # (D=0.2) bottom darkness
  axishow =    1            # (D=1) =1: small axis is shown, =2: large, =0: no
    resol =    2            # (D=1) resolution of 3dshow
    width = 0.5000000       # (D=0.5) width of lines for 3dshow
    r-out =  50000.00       # (D=50000) radius of outer sphere
   output =    3            # (D=3) 0:draft, 1:line, 2:col, 3:line+col
     line =    1            # (D=0) 0:surface+mat, 1:+region
   shadow =    2            # (D=0) 0:no, 1:shadow
   epsout =    1            # (D=0) generate eps file by ANGEL
#    used :        main (  %)        temp (  %)       total (  %)
#  memory :           0 (  0)       45905 (  0)       45905 (  0)

[END] of Input Echo <<<========================================================

<<< Report of real Geometry memory >>>
*           GG/CG memory =      552
*     total memory: mdas = 80000000
*                percent =     0.00 %

<<< Report of material memory for high energy>>>
*   high energy material =     1458
*     total memory: mdas = 80000000
*                percent =     0.00 %

<<< Report of material memory for low energy>>>
*    low energy material =  5303824
*     total memory: mdas = 80000000
*                percent =     6.63 %

<<< Report of real tally memory >>>
*      real tally memory =     1025
*     total memory: mdas = 80000000
*                percent =     0.00 %

<<< Report of temporary tally memory >>>
* temporary tally memory =  5353456
*     total memory: mdas = 80000000
*                percent =     6.69 %

<<< Report of other memory >>>
*           other memory =     5693
*     total memory: mdas = 80000000
*                percent =     0.01 %

<<< Report of total memory >>>
*      used total memory =  5358457
*     total memory: mdas = 80000000
*                percent =     6.70 %
*                ---------------------

-------------------------------------------------------------------------------
 job termination date : 2020/07/20
                 time :   21:10:40

 END 
