[ T - C r o s s ]
    title = Energy distribution in region mesh
     mesh =  reg            # mesh type is region-wise
      reg =    3            # number of crossing regions
      non     r-from   r-to      area
      1       51       1         1.000000    
      2       1        51        1.000000    
      3       20       31        1.000000    
   e-type =    3            # e-mesh is log given by emin, emax and ne
     emin =  1.0000000E-09  # minimum value of e-mesh points
     emax =   10.00000      # maximum value of e-mesh points
#    edel =   2.302585      # mesh width of e-mesh points
       ne =     10          # number of e-mesh points
#    data = ( e(i), i = 1, ne + 1 )
#           1.00000E-09  1.00000E-08  1.00000E-07  1.00000E-06  1.00000E-05
#           1.00000E-04  1.00000E-03  1.00000E-02  1.00000E-01  1.00000E+00
#           1.00000E+01
     unit =    2            # unit is [1/cm^2/MeV/source]
     axis =  eng            # axis of output
     file = cross_reg.out   # file name of output for the above axis
   output = current         # surface crossing current spectrum
     part =  neutron  
# kf/name :  2112     
   epsout =    1            # (D=0) generate eps file by ANGEL
#    used :        main (  %)        temp (  %)       total (  %)
#  memory :          38 (  0)           0 (  0)          38 (  0)

#------------------------------------------------------------------------------
#newpage:
#   no. =    1   reg = 51 - 1

x: Energy [MeV]
y: Current [1/cm^2/MeV/source]             
p: xlog ylog afac(0.8) form(0.9)
h: n            x            y(neutron ),hh0l   n 
#  e-lower      e-upper      neutron     r.err 
   1.0000E-09   1.0000E-08   0.0000E+00  0.0000
   1.0000E-08   1.0000E-07   0.0000E+00  0.0000
   1.0000E-07   1.0000E-06   6.6729E+00  0.0017
   1.0000E-06   1.0000E-05   1.0003E+01  0.0004
   1.0000E-05   1.0000E-04   1.0001E+01  0.0001
   1.0000E-04   1.0000E-03   9.9995E+00  0.0000
   1.0000E-03   1.0000E-02   1.0000E+01  0.0000
   1.0000E-02   1.0000E-01   1.0000E+01  0.0000
   1.0000E-01   1.0000E+00   0.0000E+00  0.0000
   1.0000E+00   1.0000E+01   0.0000E+00  0.0000

#   sum over                 1.0000E-01
'no. =    1   reg = 51 - 1'
msuc: {\huge Energy distribution in region mesh}
msdr: {\it plotted by \ANGEL \version}
msdl: {\it calculated by \PHITS  3.17}
wt: s(0.7)
\vspace{-3}
  region surface crossing
  area  &=&   1.0000E+00 [cm^2]
e:

#------------------------------------------------------------------------------
 newpage:
#   no. =    2   reg = 1 - 51

x: Energy [MeV]
y: Current [1/cm^2/MeV/source]             
p: xlog ylog afac(0.8) form(0.9)
h: n            x            y(neutron ),hh0l   n 
#  e-lower      e-upper      neutron     r.err 
   1.0000E-09   1.0000E-08   0.0000E+00  0.0000
   1.0000E-08   1.0000E-07   0.0000E+00  0.0000
   1.0000E-07   1.0000E-06   0.0000E+00  0.0000
   1.0000E-06   1.0000E-05   0.0000E+00  0.0000
   1.0000E-05   1.0000E-04   0.0000E+00  0.0000
   1.0000E-04   1.0000E-03   9.1074E-08  1.0000
   1.0000E-03   1.0000E-02   5.2817E-08  0.1857
   1.0000E-02   1.0000E-01   5.9452E-08  0.0553
   1.0000E-01   1.0000E+00   0.0000E+00  0.0000
   1.0000E+00   1.0000E+01   0.0000E+00  0.0000

#   sum over                 5.9080E-10
'no. =    2   reg = 1 - 51'
msuc: {\huge Energy distribution in region mesh}
msdr: {\it plotted by \ANGEL \version}
msdl: {\it calculated by \PHITS  3.17}
wt: s(0.7)
\vspace{-3}
  region surface crossing
  area  &=&   1.0000E+00 [cm^2]
e:

#------------------------------------------------------------------------------
 newpage:
#   no. =    3   reg = 20 - 31

x: Energy [MeV]
y: Current [1/cm^2/MeV/source]             
p: xlog ylog afac(0.8) form(0.9)
h: n            x            y(neutron ),hh0l   n 
#  e-lower      e-upper      neutron     r.err 
   1.0000E-09   1.0000E-08   1.7745E-06  0.0176
   1.0000E-08   1.0000E-07   3.4634E-06  0.0051
   1.0000E-07   1.0000E-06   4.6486E-08  0.0115
   1.0000E-06   1.0000E-05   0.0000E+00  0.0000
   1.0000E-05   1.0000E-04   0.0000E+00  0.0000
   1.0000E-04   1.0000E-03   0.0000E+00  0.0000
   1.0000E-03   1.0000E-02   0.0000E+00  0.0000
   1.0000E-02   1.0000E-01   0.0000E+00  0.0000
   1.0000E-01   1.0000E+00   0.0000E+00  0.0000
   1.0000E+00   1.0000E+01   0.0000E+00  0.0000

#   sum over                 3.6952E-14
'no. =    3   reg = 20 - 31'
msuc: {\huge Energy distribution in region mesh}
msdr: {\it plotted by \ANGEL \version}
msdl: {\it calculated by \PHITS  3.17}
wt: s(0.7)
\vspace{-3}
  region surface crossing
  area  &=&   1.0000E+00 [cm^2]
e:
 
# Information for Restart Calculation
# This calculation was restarted using cross_reg.out
# istdev =  2 # 1:Batch variance, 2:History variance
# resc2  = 6.10001872280000000E+10 # Total source weight or Total source weight / maxcas
# resc3  = 6.10001872280000000E+10 # Total history number or Total batch number
# maxcas =      100031 # History / Batch, only used for istdev=1
# rijklst= 228388241621513.0 # Next initial random number
