[ T - C r o s s ]
    title = Energy distribution in region mesh
     mesh =  reg            # mesh type is region-wise
      reg =    1            # number of crossing regions
      non     r-from   r-to      area
      1       12       98        1.000000    
   e-type =    3            # e-mesh is log given by emin, emax and ne
     emin =  1.0000000E-03  # minimum value of e-mesh points
     emax =   2.500000      # maximum value of e-mesh points
#    edel =  0.1564809      # mesh width of e-mesh points
       ne =     50          # number of e-mesh points
#    data = ( e(i), i = 1, ne + 1 )
#           1.00000E-03  1.16939E-03  1.36747E-03  1.59910E-03  1.86997E-03
#           2.18672E-03  2.55713E-03  2.99028E-03  3.49680E-03  4.08911E-03
#           4.78176E-03  5.59174E-03  6.53891E-03  7.64653E-03  8.94176E-03
#           1.04564E-02  1.22276E-02  1.42988E-02  1.67209E-02  1.95532E-02
#           2.28653E-02  2.67384E-02  3.12675E-02  3.65639E-02  4.27574E-02
#           5.00000E-02  5.84694E-02  6.83735E-02  7.99551E-02  9.34986E-02
#           1.09336E-01  1.27856E-01  1.49514E-01  1.74840E-01  2.04456E-01
#           2.39088E-01  2.79587E-01  3.26946E-01  3.82327E-01  4.47088E-01
#           5.22820E-01  6.11379E-01  7.14940E-01  8.36043E-01  9.77659E-01
#           1.14326E+00  1.33692E+00  1.56338E+00  1.82819E+00  2.13787E+00
#           2.50000E+00
     unit =    1            # unit is [1/cm^2/source]
     axis =  eng            # axis of output
     file = cross_reg_10Pb.out  # file name of output for the above axis
   output = flux            # surface crossing flux
     part =  photon     all      
# kf/name :  22         0        
   epsout =    1            # (D=0) generate eps file by ANGEL
#    used :        main (  %)        temp (  %)       total (  %)
#  memory :          64 (  0)           0 (  0)          64 (  0)

#------------------------------------------------------------------------------
#newpage:
#   no. =    1   reg = 12 - 98

x: Energy [MeV]
y:   Flux  [1/cm^2/source]                 
p: xlog ylog afac(0.8) form(0.9)
h: n            x            y(photon  ),hh0l   n y(all     ),hh0dr  n 
#  e-lower      e-upper      photon      r.err    all         r.err 
   1.0000E-03   1.1694E-03   0.0000E+00  0.0000   0.0000E+00  0.0000
   1.1694E-03   1.3675E-03   0.0000E+00  0.0000   0.0000E+00  0.0000
   1.3675E-03   1.5991E-03   0.0000E+00  0.0000   0.0000E+00  0.0000
   1.5991E-03   1.8700E-03   0.0000E+00  0.0000   0.0000E+00  0.0000
   1.8700E-03   2.1867E-03   0.0000E+00  0.0000   0.0000E+00  0.0000
   2.1867E-03   2.5571E-03   0.0000E+00  0.0000   0.0000E+00  0.0000
   2.5571E-03   2.9903E-03   0.0000E+00  0.0000   0.0000E+00  0.0000
   2.9903E-03   3.4968E-03   0.0000E+00  0.0000   0.0000E+00  0.0000
   3.4968E-03   4.0891E-03   0.0000E+00  0.0000   0.0000E+00  0.0000
   4.0891E-03   4.7818E-03   0.0000E+00  0.0000   0.0000E+00  0.0000
   4.7818E-03   5.5917E-03   0.0000E+00  0.0000   0.0000E+00  0.0000
   5.5917E-03   6.5389E-03   0.0000E+00  0.0000   0.0000E+00  0.0000
   6.5389E-03   7.6465E-03   0.0000E+00  0.0000   0.0000E+00  0.0000
   7.6465E-03   8.9418E-03   0.0000E+00  0.0000   0.0000E+00  0.0000
   8.9418E-03   1.0456E-02   0.0000E+00  0.0000   0.0000E+00  0.0000
   1.0456E-02   1.2228E-02   0.0000E+00  0.0000   0.0000E+00  0.0000
   1.2228E-02   1.4299E-02   0.0000E+00  0.0000   0.0000E+00  0.0000
   1.4299E-02   1.6721E-02   0.0000E+00  0.0000   0.0000E+00  0.0000
   1.6721E-02   1.9553E-02   0.0000E+00  0.0000   0.0000E+00  0.0000
   1.9553E-02   2.2865E-02   0.0000E+00  0.0000   0.0000E+00  0.0000
   2.2865E-02   2.6738E-02   0.0000E+00  0.0000   0.0000E+00  0.0000
   2.6738E-02   3.1268E-02   0.0000E+00  0.0000   0.0000E+00  0.0000
   3.1268E-02   3.6564E-02   0.0000E+00  0.0000   0.0000E+00  0.0000
   3.6564E-02   4.2757E-02   0.0000E+00  0.0000   0.0000E+00  0.0000
   4.2757E-02   5.0000E-02   0.0000E+00  0.0000   0.0000E+00  0.0000
   5.0000E-02   5.8469E-02   1.3446E-06  1.0000   1.3446E-06  1.0000
   5.8469E-02   6.8373E-02   2.7943E-06  0.7136   2.7943E-06  0.7136
   6.8373E-02   7.9955E-02   4.8334E-05  0.3489   4.8334E-05  0.3489
   7.9955E-02   9.3499E-02   2.3376E-05  0.3282   2.3376E-05  0.3282
   9.3499E-02   1.0934E-01   0.0000E+00  0.0000   0.0000E+00  0.0000
   1.0934E-01   1.2786E-01   1.3210E-06  1.0000   1.3210E-06  1.0000
   1.2786E-01   1.4951E-01   1.3123E-06  1.0000   1.3123E-06  1.0000
   1.4951E-01   1.7484E-01   4.7880E-06  0.7750   4.7880E-06  0.7750
   1.7484E-01   2.0446E-01   3.5236E-06  1.0000   1.7013E-05  0.5107
   2.0446E-01   2.3909E-01   7.3651E-06  0.6232   7.3651E-06  0.6232
   2.3909E-01   2.7959E-01   2.5003E-06  0.7183   9.2501E-06  0.4732
   2.7959E-01   3.2695E-01   4.5314E-05  0.4186   4.5314E-05  0.4186
   3.2695E-01   3.8233E-01   1.9809E-05  0.2895   2.2479E-05  0.2666
   3.8233E-01   4.4709E-01   4.2880E-05  0.2325   4.6093E-05  0.2205
   4.4709E-01   5.2282E-01   1.2744E-04  0.1380   1.2902E-04  0.1373
   5.2282E-01   6.1138E-01   8.6218E-05  0.1576   9.1340E-05  0.1499
   6.1138E-01   7.1494E-01   1.6391E-04  0.1110   1.7048E-04  0.1081
   7.1494E-01   8.3604E-01   2.2210E-04  0.1017   2.3280E-04  0.1004
   8.3604E-01   9.7766E-01   2.5948E-04  0.0754   2.6425E-04  0.0757
   9.7766E-01   1.1433E+00   3.1871E-04  0.0636   3.2137E-04  0.0638
   1.1433E+00   1.3369E+00   3.7737E-04  0.0563   3.8077E-04  0.0556
   1.3369E+00   1.5634E+00   4.5723E-04  0.0470   4.5960E-04  0.0472
   1.5634E+00   1.8282E+00   5.4426E-04  0.0422   5.4644E-04  0.0424
   1.8282E+00   2.1379E+00   1.2057E-03  0.0285   1.2057E-03  0.0285
   2.1379E+00   2.5000E+00   0.0000E+00  0.0000   0.0000E+00  0.0000

#   sum over                 3.9671E-03           4.0325E-03
'no. =    1   reg = 12 - 98'
msuc: {\huge Energy distribution in region mesh}
msdr: {\it plotted by \ANGEL \version}
msdl: {\it calculated by \PHITS  3.17}
wt: s(0.7)
\vspace{-3}
  region surface crossing
  area  &=&   1.0000E+00 [cm^2]
e:
 
# Information for Restart Calculation
# This calculation was newly started
# istdev =  1 # 1:Batch variance, 2:History variance
# resc2  = 2.00000000000000000E+02 # Total source weight or Total source weight / maxcas
# resc3  = 2.00000000000000000E+02 # Total history number or Total batch number
# maxcas =        5000 # History / Batch, only used for istdev=1
# rijklst=  85461988288409.0 # Next initial random number
