[ T - C r o s s ]
    title = Energy distribution in region mesh
     mesh =  reg            # mesh type is region-wise
      reg =    1            # number of crossing regions
      non     r-from   r-to      area
      1       12       98        1.000000    
   e-type =    3            # e-mesh is log given by emin, emax and ne
     emin =  1.0000000E-03  # minimum value of e-mesh points
     emax =   2.500000      # maximum value of e-mesh points
#    edel =  0.1564809      # mesh width of e-mesh points
       ne =     50          # number of e-mesh points
#    data = ( e(i), i = 1, ne + 1 )
#           1.00000E-03  1.16939E-03  1.36747E-03  1.59910E-03  1.86997E-03
#           2.18672E-03  2.55713E-03  2.99028E-03  3.49680E-03  4.08911E-03
#           4.78176E-03  5.59174E-03  6.53891E-03  7.64653E-03  8.94176E-03
#           1.04564E-02  1.22276E-02  1.42988E-02  1.67209E-02  1.95532E-02
#           2.28653E-02  2.67384E-02  3.12675E-02  3.65639E-02  4.27574E-02
#           5.00000E-02  5.84694E-02  6.83735E-02  7.99551E-02  9.34986E-02
#           1.09336E-01  1.27856E-01  1.49514E-01  1.74840E-01  2.04456E-01
#           2.39088E-01  2.79587E-01  3.26946E-01  3.82327E-01  4.47088E-01
#           5.22820E-01  6.11379E-01  7.14940E-01  8.36043E-01  9.77659E-01
#           1.14326E+00  1.33692E+00  1.56338E+00  1.82819E+00  2.13787E+00
#           2.50000E+00
     unit =    1            # unit is [1/cm^2/source]
     axis =  eng            # axis of output
     file = cross_reg_9Pb1Si.out  # file name of output for the above axis
   output = flux            # surface crossing flux
     part =  photon     all      
# kf/name :  22         0        
   epsout =    1            # (D=0) generate eps file by ANGEL
#    used :        main (  %)        temp (  %)       total (  %)
#  memory :          64 (  0)           0 (  0)          64 (  0)

#------------------------------------------------------------------------------
#newpage:
#   no. =    1   reg = 12 - 98

x: Energy [MeV]
y:   Flux  [1/cm^2/source]                 
p: xlog ylog afac(0.8) form(0.9)
h: n            x            y(photon  ),hh0l   n y(all     ),hh0dr  n 
#  e-lower      e-upper      photon      r.err    all         r.err 
   1.0000E-03   1.1694E-03   0.0000E+00  0.0000   0.0000E+00  0.0000
   1.1694E-03   1.3675E-03   0.0000E+00  0.0000   0.0000E+00  0.0000
   1.3675E-03   1.5991E-03   0.0000E+00  0.0000   0.0000E+00  0.0000
   1.5991E-03   1.8700E-03   0.0000E+00  0.0000   0.0000E+00  0.0000
   1.8700E-03   2.1867E-03   0.0000E+00  0.0000   0.0000E+00  0.0000
   2.1867E-03   2.5571E-03   0.0000E+00  0.0000   0.0000E+00  0.0000
   2.5571E-03   2.9903E-03   0.0000E+00  0.0000   0.0000E+00  0.0000
   2.9903E-03   3.4968E-03   0.0000E+00  0.0000   0.0000E+00  0.0000
   3.4968E-03   4.0891E-03   0.0000E+00  0.0000   0.0000E+00  0.0000
   4.0891E-03   4.7818E-03   0.0000E+00  0.0000   0.0000E+00  0.0000
   4.7818E-03   5.5917E-03   0.0000E+00  0.0000   0.0000E+00  0.0000
   5.5917E-03   6.5389E-03   0.0000E+00  0.0000   0.0000E+00  0.0000
   6.5389E-03   7.6465E-03   0.0000E+00  0.0000   0.0000E+00  0.0000
   7.6465E-03   8.9418E-03   0.0000E+00  0.0000   0.0000E+00  0.0000
   8.9418E-03   1.0456E-02   0.0000E+00  0.0000   0.0000E+00  0.0000
   1.0456E-02   1.2228E-02   0.0000E+00  0.0000   0.0000E+00  0.0000
   1.2228E-02   1.4299E-02   0.0000E+00  0.0000   0.0000E+00  0.0000
   1.4299E-02   1.6721E-02   0.0000E+00  0.0000   0.0000E+00  0.0000
   1.6721E-02   1.9553E-02   0.0000E+00  0.0000   0.0000E+00  0.0000
   1.9553E-02   2.2865E-02   0.0000E+00  0.0000   0.0000E+00  0.0000
   2.2865E-02   2.6738E-02   0.0000E+00  0.0000   0.0000E+00  0.0000
   2.6738E-02   3.1268E-02   0.0000E+00  0.0000   0.0000E+00  0.0000
   3.1268E-02   3.6564E-02   3.5859E-06  0.5755   3.5859E-06  0.5755
   3.6564E-02   4.2757E-02   0.0000E+00  0.0000   0.0000E+00  0.0000
   4.2757E-02   5.0000E-02   1.2870E-06  1.0000   1.2870E-06  1.0000
   5.0000E-02   5.8469E-02   8.2487E-06  0.4599   8.2487E-06  0.4599
   5.8469E-02   6.8373E-02   3.0600E-06  0.7112   3.0600E-06  0.7112
   6.8373E-02   7.9955E-02   6.0643E-05  0.1731   6.0643E-05  0.1731
   7.9955E-02   9.3499E-02   4.0243E-05  0.2197   4.0243E-05  0.2197
   9.3499E-02   1.0934E-01   2.8576E-05  0.2810   2.8576E-05  0.2810
   1.0934E-01   1.2786E-01   5.4163E-05  0.3348   5.5613E-05  0.3268
   1.2786E-01   1.4951E-01   9.8125E-05  0.2721   1.0390E-04  0.2696
   1.4951E-01   1.7484E-01   8.0704E-05  0.2539   8.8923E-05  0.2450
   1.7484E-01   2.0446E-01   8.7509E-05  0.2717   8.8814E-05  0.2678
   2.0446E-01   2.3909E-01   2.7137E-05  0.2977   2.7137E-05  0.2977
   2.3909E-01   2.7959E-01   6.5696E-05  0.2249   6.6921E-05  0.2211
   2.7959E-01   3.2695E-01   8.3940E-05  0.1861   8.6920E-05  0.1804
   3.2695E-01   3.8233E-01   1.5445E-04  0.1699   1.5885E-04  0.1678
   3.8233E-01   4.4709E-01   2.1999E-04  0.2497   2.2246E-04  0.2469
   4.4709E-01   5.2282E-01   3.3811E-04  0.1011   3.4646E-04  0.0989
   5.2282E-01   6.1138E-01   3.1963E-04  0.1007   3.2678E-04  0.0979
   6.1138E-01   7.1494E-01   2.9537E-04  0.0753   2.9953E-04  0.0740
   7.1494E-01   8.3604E-01   4.2131E-04  0.0616   4.3463E-04  0.0609
   8.3604E-01   9.7766E-01   4.9086E-04  0.0540   5.0670E-04  0.0536
   9.7766E-01   1.1433E+00   5.3930E-04  0.0483   5.4768E-04  0.0474
   1.1433E+00   1.3369E+00   6.7945E-04  0.0422   6.8337E-04  0.0423
   1.3369E+00   1.5634E+00   7.9760E-04  0.0358   8.0500E-04  0.0359
   1.5634E+00   1.8282E+00   8.8163E-04  0.0323   8.8263E-04  0.0323
   1.8282E+00   2.1379E+00   2.0977E-03  0.0216   2.0977E-03  0.0216
   2.1379E+00   2.5000E+00   0.0000E+00  0.0000   0.0000E+00  0.0000

#   sum over                 7.8783E-03           7.9757E-03
'no. =    1   reg = 12 - 98'
msuc: {\huge Energy distribution in region mesh}
msdr: {\it plotted by \ANGEL \version}
msdl: {\it calculated by \PHITS  3.17}
wt: s(0.7)
\vspace{-3}
  region surface crossing
  area  &=&   1.0000E+00 [cm^2]
e:
 
# Information for Restart Calculation
# This calculation was newly started
# istdev =  1 # 1:Batch variance, 2:History variance
# resc2  = 2.00000000000000000E+02 # Total source weight or Total source weight / maxcas
# resc3  = 2.00000000000000000E+02 # Total history number or Total batch number
# maxcas =        5000 # History / Batch, only used for istdev=1
# rijklst=  85461988288409.0 # Next initial random number
