[ T - C r o s s ]
    title = Energy distribution passing materials
     mesh =  reg            # mesh type is region-wise
      reg =    3            # number of crossing regions
      non     r-from   r-to      area
      1       10       11        1.000000    
      2       11       12        1.000000    
      3       12       98        1.000000    
   e-type =    3            # e-mesh is log given by emin, emax and ne
     emin =  1.0000000E-03  # minimum value of e-mesh points
     emax =   2.500000      # maximum value of e-mesh points
#    edel =  0.1564809      # mesh width of e-mesh points
       ne =     50          # number of e-mesh points
#    data = ( e(i), i = 1, ne + 1 )
#           1.00000E-03  1.16939E-03  1.36747E-03  1.59910E-03  1.86997E-03
#           2.18672E-03  2.55713E-03  2.99028E-03  3.49680E-03  4.08911E-03
#           4.78176E-03  5.59174E-03  6.53891E-03  7.64653E-03  8.94176E-03
#           1.04564E-02  1.22276E-02  1.42988E-02  1.67209E-02  1.95532E-02
#           2.28653E-02  2.67384E-02  3.12675E-02  3.65639E-02  4.27574E-02
#           5.00000E-02  5.84694E-02  6.83735E-02  7.99551E-02  9.34986E-02
#           1.09336E-01  1.27856E-01  1.49514E-01  1.74840E-01  2.04456E-01
#           2.39088E-01  2.79587E-01  3.26946E-01  3.82327E-01  4.47088E-01
#           5.22820E-01  6.11379E-01  7.14940E-01  8.36043E-01  9.77659E-01
#           1.14326E+00  1.33692E+00  1.56338E+00  1.82819E+00  2.13787E+00
#           2.50000E+00
     unit =    1            # unit is [1/cm^2/source]
     axis =  eng            # axis of output
     file = cross_reg_10Pb05Cu05Si.out  # file name of output for the above axis
   output = flux            # surface crossing flux
     part =  photon     all      
# kf/name :  22         0        
   epsout =    1            # (D=0) generate eps file by ANGEL
#    used :        main (  %)        temp (  %)       total (  %)
#  memory :          78 (  0)           0 (  0)          78 (  0)

#------------------------------------------------------------------------------
#newpage:
#   no. =    1   reg = 10 - 11

x: Energy [MeV]
y:   Flux  [1/cm^2/source]                 
p: xlog ylog afac(0.8) form(0.9)
h: n            x            y(photon  ),hh0l   n y(all     ),hh0dr  n 
#  e-lower      e-upper      photon      r.err    all         r.err 
   1.0000E-03   1.1694E-03   0.0000E+00  0.0000   0.0000E+00  0.0000
   1.1694E-03   1.3675E-03   0.0000E+00  0.0000   0.0000E+00  0.0000
   1.3675E-03   1.5991E-03   0.0000E+00  0.0000   0.0000E+00  0.0000
   1.5991E-03   1.8700E-03   0.0000E+00  0.0000   0.0000E+00  0.0000
   1.8700E-03   2.1867E-03   0.0000E+00  0.0000   0.0000E+00  0.0000
   2.1867E-03   2.5571E-03   0.0000E+00  0.0000   0.0000E+00  0.0000
   2.5571E-03   2.9903E-03   0.0000E+00  0.0000   0.0000E+00  0.0000
   2.9903E-03   3.4968E-03   0.0000E+00  0.0000   0.0000E+00  0.0000
   3.4968E-03   4.0891E-03   0.0000E+00  0.0000   0.0000E+00  0.0000
   4.0891E-03   4.7818E-03   0.0000E+00  0.0000   0.0000E+00  0.0000
   4.7818E-03   5.5917E-03   0.0000E+00  0.0000   0.0000E+00  0.0000
   5.5917E-03   6.5389E-03   0.0000E+00  0.0000   0.0000E+00  0.0000
   6.5389E-03   7.6465E-03   0.0000E+00  0.0000   0.0000E+00  0.0000
   7.6465E-03   8.9418E-03   0.0000E+00  0.0000   0.0000E+00  0.0000
   8.9418E-03   1.0456E-02   1.0849E-07  1.0000   1.0849E-07  1.0000
   1.0456E-02   1.2228E-02   2.8196E-07  0.7298   2.8196E-07  0.7298
   1.2228E-02   1.4299E-02   8.0961E-07  0.3834   8.0961E-07  0.3834
   1.4299E-02   1.6721E-02   5.6837E-07  0.7419   5.6837E-07  0.7419
   1.6721E-02   1.9553E-02   0.0000E+00  0.0000   0.0000E+00  0.0000
   1.9553E-02   2.2865E-02   0.0000E+00  0.0000   0.0000E+00  0.0000
   2.2865E-02   2.6738E-02   0.0000E+00  0.0000   0.0000E+00  0.0000
   2.6738E-02   3.1268E-02   0.0000E+00  0.0000   0.0000E+00  0.0000
   3.1268E-02   3.6564E-02   1.1644E-07  1.0000   1.1644E-07  1.0000
   3.6564E-02   4.2757E-02   1.0830E-07  1.0000   1.0830E-07  1.0000
   4.2757E-02   5.0000E-02   1.5344E-07  1.0000   1.5344E-07  1.0000
   5.0000E-02   5.8469E-02   6.6586E-07  0.6400   6.6586E-07  0.6400
   5.8469E-02   6.8373E-02   2.2923E-06  0.3326   2.2923E-06  0.3326
   6.8373E-02   7.9955E-02   5.2274E-05  0.0808   5.2274E-05  0.0808
   7.9955E-02   9.3499E-02   2.1686E-05  0.1080   2.1686E-05  0.1080
   9.3499E-02   1.0934E-01   2.1243E-06  0.7158   3.1656E-06  0.5259
   1.0934E-01   1.2786E-01   1.6487E-06  0.4475   3.3138E-06  0.2881
   1.2786E-01   1.4951E-01   3.0947E-06  0.3563   5.2907E-06  0.3581
   1.4951E-01   1.7484E-01   5.1728E-06  0.2220   7.8405E-06  0.1908
   1.7484E-01   2.0446E-01   6.2837E-06  0.3066   8.6567E-06  0.2431
   2.0446E-01   2.3909E-01   6.9795E-06  0.2893   8.7785E-06  0.2582
   2.3909E-01   2.7959E-01   1.4518E-05  0.1762   1.7098E-05  0.1577
   2.7959E-01   3.2695E-01   2.5720E-05  0.1529   2.8960E-05  0.1476
   3.2695E-01   3.8233E-01   2.9448E-05  0.0965   3.1491E-05  0.0924
   3.8233E-01   4.4709E-01   5.4971E-05  0.0756   5.6609E-05  0.0740
   4.4709E-01   5.2282E-01   1.5441E-04  0.0525   1.5709E-04  0.0517
   5.2282E-01   6.1138E-01   1.1829E-04  0.0690   1.2264E-04  0.0673
   6.1138E-01   7.1494E-01   1.5957E-04  0.0343   1.6222E-04  0.0339
   7.1494E-01   8.3604E-01   2.0887E-04  0.0299   2.1434E-04  0.0298
   8.3604E-01   9.7766E-01   2.6463E-04  0.0237   2.6869E-04  0.0235
   9.7766E-01   1.1433E+00   3.1212E-04  0.0203   3.1753E-04  0.0203
   1.1433E+00   1.3369E+00   3.7148E-04  0.0178   3.7533E-04  0.0178
   1.3369E+00   1.5634E+00   4.7110E-04  0.0153   4.7543E-04  0.0154
   1.5634E+00   1.8282E+00   5.6323E-04  0.0143   5.6582E-04  0.0142
   1.8282E+00   2.1379E+00   1.1755E-03  0.0092   1.1756E-03  0.0092
   2.1379E+00   2.5000E+00   0.0000E+00  0.0000   0.0000E+00  0.0000

#   sum over                 4.0283E-03           4.0850E-03
'no. =    1   reg = 10 - 11'
msuc: {\huge Energy distribution passing materials}
msdr: {\it plotted by \ANGEL \version}
msdl: {\it calculated by \PHITS  3.17}
wt: s(0.7)
\vspace{-3}
  region surface crossing
  area  &=&   1.0000E+00 [cm^2]
e:

#------------------------------------------------------------------------------
 newpage:
#   no. =    2   reg = 11 - 12

x: Energy [MeV]
y:   Flux  [1/cm^2/source]                 
p: xlog ylog afac(0.8) form(0.9)
h: n            x            y(photon  ),hh0l   n y(all     ),hh0dr  n 
#  e-lower      e-upper      photon      r.err    all         r.err 
   1.0000E-03   1.1694E-03   0.0000E+00  0.0000   0.0000E+00  0.0000
   1.1694E-03   1.3675E-03   0.0000E+00  0.0000   0.0000E+00  0.0000
   1.3675E-03   1.5991E-03   0.0000E+00  0.0000   0.0000E+00  0.0000
   1.5991E-03   1.8700E-03   0.0000E+00  0.0000   0.0000E+00  0.0000
   1.8700E-03   2.1867E-03   0.0000E+00  0.0000   0.0000E+00  0.0000
   2.1867E-03   2.5571E-03   0.0000E+00  0.0000   0.0000E+00  0.0000
   2.5571E-03   2.9903E-03   0.0000E+00  0.0000   0.0000E+00  0.0000
   2.9903E-03   3.4968E-03   0.0000E+00  0.0000   0.0000E+00  0.0000
   3.4968E-03   4.0891E-03   0.0000E+00  0.0000   0.0000E+00  0.0000
   4.0891E-03   4.7818E-03   0.0000E+00  0.0000   0.0000E+00  0.0000
   4.7818E-03   5.5917E-03   0.0000E+00  0.0000   0.0000E+00  0.0000
   5.5917E-03   6.5389E-03   0.0000E+00  0.0000   0.0000E+00  0.0000
   6.5389E-03   7.6465E-03   0.0000E+00  0.0000   0.0000E+00  0.0000
   7.6465E-03   8.9418E-03   1.1103E-06  0.4938   1.1103E-06  0.4938
   8.9418E-03   1.0456E-02   0.0000E+00  0.0000   0.0000E+00  0.0000
   1.0456E-02   1.2228E-02   0.0000E+00  0.0000   0.0000E+00  0.0000
   1.2228E-02   1.4299E-02   0.0000E+00  0.0000   0.0000E+00  0.0000
   1.4299E-02   1.6721E-02   1.3907E-07  1.0000   1.3907E-07  1.0000
   1.6721E-02   1.9553E-02   0.0000E+00  0.0000   0.0000E+00  0.0000
   1.9553E-02   2.2865E-02   0.0000E+00  0.0000   0.0000E+00  0.0000
   2.2865E-02   2.6738E-02   1.2932E-07  1.0000   1.2932E-07  1.0000
   2.6738E-02   3.1268E-02   0.0000E+00  0.0000   0.0000E+00  0.0000
   3.1268E-02   3.6564E-02   0.0000E+00  0.0000   0.0000E+00  0.0000
   3.6564E-02   4.2757E-02   2.1256E-07  0.7067   2.1256E-07  0.7067
   4.2757E-02   5.0000E-02   0.0000E+00  0.0000   0.0000E+00  0.0000
   5.0000E-02   5.8469E-02   6.6417E-07  0.4534   6.6417E-07  0.4534
   5.8469E-02   6.8373E-02   1.7337E-06  0.3292   1.7337E-06  0.3292
   6.8373E-02   7.9955E-02   1.5346E-06  0.3344   1.5346E-06  0.3344
   7.9955E-02   9.3499E-02   7.3662E-06  0.1815   7.3662E-06  0.1815
   9.3499E-02   1.0934E-01   1.3993E-05  0.1597   1.4491E-05  0.1548
   1.0934E-01   1.2786E-01   2.7768E-05  0.1283   2.8195E-05  0.1266
   1.2786E-01   1.4951E-01   4.8305E-05  0.2232   4.8305E-05  0.2232
   1.4951E-01   1.7484E-01   3.9500E-05  0.1008   4.0050E-05  0.0999
   1.7484E-01   2.0446E-01   4.3997E-05  0.1066   4.4674E-05  0.1053
   2.0446E-01   2.3909E-01   5.4122E-05  0.1109   5.5256E-05  0.1092
   2.3909E-01   2.7959E-01   4.7976E-05  0.1081   4.9375E-05  0.1054
   2.7959E-01   3.2695E-01   5.6965E-05  0.0906   5.7971E-05  0.0889
   3.2695E-01   3.8233E-01   8.8298E-05  0.0901   8.9187E-05  0.0896
   3.8233E-01   4.4709E-01   1.1415E-04  0.0791   1.1613E-04  0.0781
   4.4709E-01   5.2282E-01   1.8982E-04  0.0534   1.9209E-04  0.0530
   5.2282E-01   6.1138E-01   1.5877E-04  0.0480   1.6182E-04  0.0472
   6.1138E-01   7.1494E-01   1.9197E-04  0.0465   1.9478E-04  0.0460
   7.1494E-01   8.3604E-01   2.1238E-04  0.0290   2.1703E-04  0.0291
   8.3604E-01   9.7766E-01   2.4620E-04  0.0236   2.4909E-04  0.0235
   9.7766E-01   1.1433E+00   2.8062E-04  0.0217   2.8331E-04  0.0216
   1.1433E+00   1.3369E+00   3.3023E-04  0.0191   3.3319E-04  0.0191
   1.3369E+00   1.5634E+00   4.0277E-04  0.0165   4.0555E-04  0.0164
   1.5634E+00   1.8282E+00   4.8294E-04  0.0155   4.8337E-04  0.0155
   1.8282E+00   2.1379E+00   9.8159E-04  0.0102   9.8159E-04  0.0102
   2.1379E+00   2.5000E+00   0.0000E+00  0.0000   0.0000E+00  0.0000

#   sum over                 4.0252E-03           4.0583E-03
'no. =    2   reg = 11 - 12'
msuc: {\huge Energy distribution passing materials}
msdr: {\it plotted by \ANGEL \version}
msdl: {\it calculated by \PHITS  3.17}
wt: s(0.7)
\vspace{-3}
  region surface crossing
  area  &=&   1.0000E+00 [cm^2]
e:

#------------------------------------------------------------------------------
 newpage:
#   no. =    3   reg = 12 - 98

x: Energy [MeV]
y:   Flux  [1/cm^2/source]                 
p: xlog ylog afac(0.8) form(0.9)
h: n            x            y(photon  ),hh0l   n y(all     ),hh0dr  n 
#  e-lower      e-upper      photon      r.err    all         r.err 
   1.0000E-03   1.1694E-03   0.0000E+00  0.0000   0.0000E+00  0.0000
   1.1694E-03   1.3675E-03   0.0000E+00  0.0000   0.0000E+00  0.0000
   1.3675E-03   1.5991E-03   0.0000E+00  0.0000   0.0000E+00  0.0000
   1.5991E-03   1.8700E-03   0.0000E+00  0.0000   0.0000E+00  0.0000
   1.8700E-03   2.1867E-03   0.0000E+00  0.0000   0.0000E+00  0.0000
   2.1867E-03   2.5571E-03   0.0000E+00  0.0000   0.0000E+00  0.0000
   2.5571E-03   2.9903E-03   0.0000E+00  0.0000   0.0000E+00  0.0000
   2.9903E-03   3.4968E-03   0.0000E+00  0.0000   0.0000E+00  0.0000
   3.4968E-03   4.0891E-03   0.0000E+00  0.0000   0.0000E+00  0.0000
   4.0891E-03   4.7818E-03   0.0000E+00  0.0000   0.0000E+00  0.0000
   4.7818E-03   5.5917E-03   0.0000E+00  0.0000   0.0000E+00  0.0000
   5.5917E-03   6.5389E-03   0.0000E+00  0.0000   0.0000E+00  0.0000
   6.5389E-03   7.6465E-03   0.0000E+00  0.0000   0.0000E+00  0.0000
   7.6465E-03   8.9418E-03   0.0000E+00  0.0000   0.0000E+00  0.0000
   8.9418E-03   1.0456E-02   0.0000E+00  0.0000   0.0000E+00  0.0000
   1.0456E-02   1.2228E-02   1.1267E-07  1.0000   1.1267E-07  1.0000
   1.2228E-02   1.4299E-02   0.0000E+00  0.0000   0.0000E+00  0.0000
   1.4299E-02   1.6721E-02   1.0805E-07  1.0000   1.0805E-07  1.0000
   1.6721E-02   1.9553E-02   1.6197E-07  1.0000   1.6197E-07  1.0000
   1.9553E-02   2.2865E-02   0.0000E+00  0.0000   0.0000E+00  0.0000
   2.2865E-02   2.6738E-02   2.6177E-07  0.7084   2.6177E-07  0.7084
   2.6738E-02   3.1268E-02   0.0000E+00  0.0000   0.0000E+00  0.0000
   3.1268E-02   3.6564E-02   0.0000E+00  0.0000   0.0000E+00  0.0000
   3.6564E-02   4.2757E-02   3.4695E-07  0.5801   3.4695E-07  0.5801
   4.2757E-02   5.0000E-02   2.5200E-07  0.7118   2.5200E-07  0.7118
   5.0000E-02   5.8469E-02   1.9876E-06  0.2893   1.9876E-06  0.2893
   5.8469E-02   6.8373E-02   4.2528E-06  0.2217   4.2528E-06  0.2217
   6.8373E-02   7.9955E-02   1.8566E-05  0.5459   1.8566E-05  0.5459
   7.9955E-02   9.3499E-02   1.1982E-05  0.1622   1.1982E-05  0.1622
   9.3499E-02   1.0934E-01   2.1153E-05  0.1170   2.1153E-05  0.1170
   1.0934E-01   1.2786E-01   4.5681E-05  0.1483   4.5985E-05  0.1475
   1.2786E-01   1.4951E-01   5.0894E-05  0.1207   5.0894E-05  0.1207
   1.4951E-01   1.7484E-01   5.4651E-05  0.1479   5.5041E-05  0.1468
   1.7484E-01   2.0446E-01   4.7262E-05  0.0918   4.7845E-05  0.0907
   2.0446E-01   2.3909E-01   6.1907E-05  0.1073   6.3855E-05  0.1052
   2.3909E-01   2.7959E-01   6.0689E-05  0.1056   6.1934E-05  0.1037
   2.7959E-01   3.2695E-01   6.4176E-05  0.0876   6.4662E-05  0.0871
   3.2695E-01   3.8233E-01   9.0875E-05  0.0712   9.4611E-05  0.0694
   3.8233E-01   4.4709E-01   1.1066E-04  0.0742   1.1381E-04  0.0726
   4.4709E-01   5.2282E-01   1.7872E-04  0.0465   1.8216E-04  0.0459
   5.2282E-01   6.1138E-01   1.5896E-04  0.0484   1.6199E-04  0.0481
   6.1138E-01   7.1494E-01   1.8328E-04  0.0362   1.8835E-04  0.0362
   7.1494E-01   8.3604E-01   2.1174E-04  0.0295   2.1452E-04  0.0292
   8.3604E-01   9.7766E-01   2.3769E-04  0.0241   2.4054E-04  0.0240
   9.7766E-01   1.1433E+00   2.7485E-04  0.0218   2.7848E-04  0.0217
   1.1433E+00   1.3369E+00   3.1613E-04  0.0195   3.2050E-04  0.0196
   1.3369E+00   1.5634E+00   3.8569E-04  0.0169   3.8826E-04  0.0169
   1.5634E+00   1.8282E+00   4.6107E-04  0.0160   4.6182E-04  0.0160
   1.8282E+00   2.1379E+00   9.3737E-04  0.0103   9.3737E-04  0.0103
   2.1379E+00   2.5000E+00   0.0000E+00  0.0000   0.0000E+00  0.0000

#   sum over                 3.9915E-03           4.0318E-03
'no. =    3   reg = 12 - 98'
msuc: {\huge Energy distribution passing materials}
msdr: {\it plotted by \ANGEL \version}
msdl: {\it calculated by \PHITS  3.17}
wt: s(0.7)
\vspace{-3}
  region surface crossing
  area  &=&   1.0000E+00 [cm^2]
e:
 
# Information for Restart Calculation
# This calculation was newly started
# istdev =  1 # 1:Batch variance, 2:History variance
# resc2  = 5.00000000000000000E+02 # Total source weight or Total source weight / maxcas
# resc3  = 5.00000000000000000E+02 # Total history number or Total batch number
# maxcas =       20000 # History / Batch, only used for istdev=1
# rijklst= 173130845167769.0 # Next initial random number
