[ T - C r o s s ]
    title = Energy distribution in region mesh
     mesh =  reg            # mesh type is region-wise
      reg =    3            # number of crossing regions
      non     r-from   r-to      area
      1       10       11        1.000000    
      2       11       12        1.000000    
      3       12       98        1.000000    
   e-type =    3            # e-mesh is log given by emin, emax and ne
     emin =  1.0000000E-03  # minimum value of e-mesh points
     emax =   2.500000      # maximum value of e-mesh points
#    edel =  0.1564809      # mesh width of e-mesh points
       ne =     50          # number of e-mesh points
#    data = ( e(i), i = 1, ne + 1 )
#           1.00000E-03  1.16939E-03  1.36747E-03  1.59910E-03  1.86997E-03
#           2.18672E-03  2.55713E-03  2.99028E-03  3.49680E-03  4.08911E-03
#           4.78176E-03  5.59174E-03  6.53891E-03  7.64653E-03  8.94176E-03
#           1.04564E-02  1.22276E-02  1.42988E-02  1.67209E-02  1.95532E-02
#           2.28653E-02  2.67384E-02  3.12675E-02  3.65639E-02  4.27574E-02
#           5.00000E-02  5.84694E-02  6.83735E-02  7.99551E-02  9.34986E-02
#           1.09336E-01  1.27856E-01  1.49514E-01  1.74840E-01  2.04456E-01
#           2.39088E-01  2.79587E-01  3.26946E-01  3.82327E-01  4.47088E-01
#           5.22820E-01  6.11379E-01  7.14940E-01  8.36043E-01  9.77659E-01
#           1.14326E+00  1.33692E+00  1.56338E+00  1.82819E+00  2.13787E+00
#           2.50000E+00
     unit =    1            # unit is [1/cm^2/source]
     axis =  eng            # axis of output
     file = cross_reg_4Pb05Cu05Si.out  # file name of output for the above axis
   output = flux            # surface crossing flux
     part =  photon     all      
# kf/name :  22         0        
   epsout =    1            # (D=0) generate eps file by ANGEL
#    used :        main (  %)        temp (  %)       total (  %)
#  memory :          78 (  0)           0 (  0)          78 (  0)

#------------------------------------------------------------------------------
#newpage:
#   no. =    1   reg = 10 - 11

x: Energy [MeV]
y:   Flux  [1/cm^2/source]                 
p: xlog ylog afac(0.8) form(0.9)
h: n            x            y(photon  ),hh0l   n y(all     ),hh0dr  n 
#  e-lower      e-upper      photon      r.err    all         r.err 
   1.0000E-03   1.1694E-03   0.0000E+00  0.0000   0.0000E+00  0.0000
   1.1694E-03   1.3675E-03   0.0000E+00  0.0000   0.0000E+00  0.0000
   1.3675E-03   1.5991E-03   0.0000E+00  0.0000   0.0000E+00  0.0000
   1.5991E-03   1.8700E-03   0.0000E+00  0.0000   0.0000E+00  0.0000
   1.8700E-03   2.1867E-03   0.0000E+00  0.0000   0.0000E+00  0.0000
   2.1867E-03   2.5571E-03   0.0000E+00  0.0000   0.0000E+00  0.0000
   2.5571E-03   2.9903E-03   0.0000E+00  0.0000   0.0000E+00  0.0000
   2.9903E-03   3.4968E-03   0.0000E+00  0.0000   0.0000E+00  0.0000
   3.4968E-03   4.0891E-03   0.0000E+00  0.0000   0.0000E+00  0.0000
   4.0891E-03   4.7818E-03   2.6490E-06  1.0000   2.6490E-06  1.0000
   4.7818E-03   5.5917E-03   0.0000E+00  0.0000   0.0000E+00  0.0000
   5.5917E-03   6.5389E-03   0.0000E+00  0.0000   0.0000E+00  0.0000
   6.5389E-03   7.6465E-03   1.5622E-06  1.0000   1.5622E-06  1.0000
   7.6465E-03   8.9418E-03   1.2343E-06  1.0000   1.2343E-06  1.0000
   8.9418E-03   1.0456E-02   4.7031E-06  0.6206   4.7031E-06  0.6206
   1.0456E-02   1.2228E-02   2.8879E-05  0.2963   2.8879E-05  0.2963
   1.2228E-02   1.4299E-02   2.7855E-05  0.2550   2.7855E-05  0.2550
   1.4299E-02   1.6721E-02   3.2199E-06  0.5750   3.2199E-06  0.5750
   1.6721E-02   1.9553E-02   4.0569E-06  0.7518   4.0569E-06  0.7518
   1.9553E-02   2.2865E-02   0.0000E+00  0.0000   0.0000E+00  0.0000
   2.2865E-02   2.6738E-02   1.0197E-06  1.0000   1.0197E-06  1.0000
   2.6738E-02   3.1268E-02   4.0473E-06  0.5793   4.0473E-06  0.5793
   3.1268E-02   3.6564E-02   8.3228E-06  0.5613   8.3228E-06  0.5613
   3.6564E-02   4.2757E-02   1.1331E-05  0.4120   1.1331E-05  0.4120
   4.2757E-02   5.0000E-02   1.0670E-05  0.3851   1.0670E-05  0.3851
   5.0000E-02   5.8469E-02   9.5401E-06  0.3812   9.5401E-06  0.3812
   5.8469E-02   6.8373E-02   7.3452E-05  0.2293   7.3452E-05  0.2293
   6.8373E-02   7.9955E-02   2.1883E-03  0.0444   2.1883E-03  0.0444
   7.9955E-02   9.3499E-02   8.6233E-04  0.0658   8.6233E-04  0.0658
   9.3499E-02   1.0934E-01   2.6516E-05  0.3923   8.4924E-05  0.2435
   1.0934E-01   1.2786E-01   5.8531E-05  0.1829   1.3331E-04  0.1590
   1.2786E-01   1.4951E-01   1.1292E-04  0.1635   1.7571E-04  0.1252
   1.4951E-01   1.7484E-01   1.9993E-04  0.1317   2.4582E-04  0.1122
   1.7484E-01   2.0446E-01   2.3417E-04  0.1088   3.2448E-04  0.0953
   2.0446E-01   2.3909E-01   3.0299E-04  0.1065   4.0782E-04  0.0911
   2.3909E-01   2.7959E-01   4.4051E-04  0.0952   5.3431E-04  0.0888
   2.7959E-01   3.2695E-01   7.7106E-04  0.0719   8.6529E-04  0.0656
   3.2695E-01   3.8233E-01   1.2435E-03  0.0927   1.3730E-03  0.0846
   3.8233E-01   4.4709E-01   2.0182E-03  0.0528   2.1595E-03  0.0514
   4.4709E-01   5.2282E-01   6.4242E-03  0.0264   6.5622E-03  0.0260
   5.2282E-01   6.1138E-01   4.0913E-03  0.0272   4.2561E-03  0.0271
   6.1138E-01   7.1494E-01   5.4448E-03  0.0235   5.6329E-03  0.0233
   7.1494E-01   8.3604E-01   6.7204E-03  0.0161   6.8854E-03  0.0160
   8.3604E-01   9.7766E-01   8.2478E-03  0.0126   8.4236E-03  0.0127
   9.7766E-01   1.1433E+00   9.9230E-03  0.0118   1.0142E-02  0.0122
   1.1433E+00   1.3369E+00   1.1728E-02  0.0096   1.1915E-02  0.0097
   1.3369E+00   1.5634E+00   1.3284E-02  0.0085   1.3444E-02  0.0083
   1.5634E+00   1.8282E+00   1.5083E-02  0.0077   1.5229E-02  0.0077
   1.8282E+00   2.1379E+00   6.8866E-02  0.0034   6.8882E-02  0.0034
   2.1379E+00   2.5000E+00   0.0000E+00  0.0000   0.0000E+00  0.0000

#   sum over                 1.5846E-01           1.6092E-01
'no. =    1   reg = 10 - 11'
msuc: {\huge Energy distribution in region mesh}
msdr: {\it plotted by \ANGEL \version}
msdl: {\it calculated by \PHITS  3.17}
wt: s(0.7)
\vspace{-3}
  region surface crossing
  area  &=&   1.0000E+00 [cm^2]
e:

#------------------------------------------------------------------------------
 newpage:
#   no. =    2   reg = 11 - 12

x: Energy [MeV]
y:   Flux  [1/cm^2/source]                 
p: xlog ylog afac(0.8) form(0.9)
h: n            x            y(photon  ),hh0l   n y(all     ),hh0dr  n 
#  e-lower      e-upper      photon      r.err    all         r.err 
   1.0000E-03   1.1694E-03   0.0000E+00  0.0000   0.0000E+00  0.0000
   1.1694E-03   1.3675E-03   0.0000E+00  0.0000   0.0000E+00  0.0000
   1.3675E-03   1.5991E-03   0.0000E+00  0.0000   0.0000E+00  0.0000
   1.5991E-03   1.8700E-03   0.0000E+00  0.0000   0.0000E+00  0.0000
   1.8700E-03   2.1867E-03   0.0000E+00  0.0000   0.0000E+00  0.0000
   2.1867E-03   2.5571E-03   0.0000E+00  0.0000   0.0000E+00  0.0000
   2.5571E-03   2.9903E-03   0.0000E+00  0.0000   0.0000E+00  0.0000
   2.9903E-03   3.4968E-03   0.0000E+00  0.0000   0.0000E+00  0.0000
   3.4968E-03   4.0891E-03   0.0000E+00  0.0000   0.0000E+00  0.0000
   4.0891E-03   4.7818E-03   0.0000E+00  0.0000   0.0000E+00  0.0000
   4.7818E-03   5.5917E-03   0.0000E+00  0.0000   0.0000E+00  0.0000
   5.5917E-03   6.5389E-03   1.0161E-06  1.0000   1.0161E-06  1.0000
   6.5389E-03   7.6465E-03   0.0000E+00  0.0000   0.0000E+00  0.0000
   7.6465E-03   8.9418E-03   2.3206E-05  0.3836   2.3206E-05  0.3836
   8.9418E-03   1.0456E-02   0.0000E+00  0.0000   0.0000E+00  0.0000
   1.0456E-02   1.2228E-02   0.0000E+00  0.0000   0.0000E+00  0.0000
   1.2228E-02   1.4299E-02   0.0000E+00  0.0000   0.0000E+00  0.0000
   1.4299E-02   1.6721E-02   1.1349E-06  1.0000   1.1349E-06  1.0000
   1.6721E-02   1.9553E-02   0.0000E+00  0.0000   0.0000E+00  0.0000
   1.9553E-02   2.2865E-02   1.3096E-06  1.0000   1.3096E-06  1.0000
   2.2865E-02   2.6738E-02   1.7842E-06  1.0000   1.7842E-06  1.0000
   2.6738E-02   3.1268E-02   1.1945E-06  1.0000   1.1945E-06  1.0000
   3.1268E-02   3.6564E-02   0.0000E+00  0.0000   0.0000E+00  0.0000
   3.6564E-02   4.2757E-02   0.0000E+00  0.0000   0.0000E+00  0.0000
   4.2757E-02   5.0000E-02   3.6803E-06  0.5766   3.6803E-06  0.5766
   5.0000E-02   5.8469E-02   1.9869E-05  0.3025   1.9869E-05  0.3025
   5.8469E-02   6.8373E-02   5.1597E-05  0.2295   5.1597E-05  0.2295
   6.8373E-02   7.9955E-02   1.4627E-04  0.1559   1.4627E-04  0.1559
   7.9955E-02   9.3499E-02   3.5786E-04  0.2686   3.5786E-04  0.2686
   9.3499E-02   1.0934E-01   4.5865E-04  0.0876   4.6778E-04  0.0859
   1.0934E-01   1.2786E-01   8.7999E-04  0.0619   9.1850E-04  0.0609
   1.2786E-01   1.4951E-01   1.4852E-03  0.0730   1.5355E-03  0.0729
   1.4951E-01   1.7484E-01   1.6439E-03  0.0536   1.6761E-03  0.0531
   1.7484E-01   2.0446E-01   1.6604E-03  0.0649   1.6969E-03  0.0636
   2.0446E-01   2.3909E-01   1.7678E-03  0.0581   1.8071E-03  0.0578
   2.3909E-01   2.7959E-01   2.7162E-03  0.2165   2.7571E-03  0.2132
   2.7959E-01   3.2695E-01   2.4748E-03  0.0512   2.5089E-03  0.0509
   3.2695E-01   3.8233E-01   2.8575E-03  0.0622   2.9374E-03  0.0607
   3.8233E-01   4.4709E-01   4.0738E-03  0.0457   4.1593E-03  0.0462
   4.4709E-01   5.2282E-01   7.0707E-03  0.0270   7.1899E-03  0.0272
   5.2282E-01   6.1138E-01   5.7446E-03  0.0281   5.8265E-03  0.0279
   6.1138E-01   7.1494E-01   6.2742E-03  0.0202   6.4292E-03  0.0205
   7.1494E-01   8.3604E-01   6.9933E-03  0.0175   7.1236E-03  0.0169
   8.3604E-01   9.7766E-01   8.0836E-03  0.0137   8.2237E-03  0.0137
   9.7766E-01   1.1433E+00   9.3222E-03  0.0120   9.4617E-03  0.0119
   1.1433E+00   1.3369E+00   1.0688E-02  0.0106   1.0869E-02  0.0105
   1.3369E+00   1.5634E+00   1.2099E-02  0.0095   1.2225E-02  0.0095
   1.5634E+00   1.8282E+00   1.3532E-02  0.0082   1.3584E-02  0.0082
   1.8282E+00   2.1379E+00   5.7848E-02  0.0036   5.7849E-02  0.0036
   2.1379E+00   2.5000E+00   0.0000E+00  0.0000   0.0000E+00  0.0000

#   sum over                 1.5828E-01           1.5985E-01
'no. =    2   reg = 11 - 12'
msuc: {\huge Energy distribution in region mesh}
msdr: {\it plotted by \ANGEL \version}
msdl: {\it calculated by \PHITS  3.17}
wt: s(0.7)
\vspace{-3}
  region surface crossing
  area  &=&   1.0000E+00 [cm^2]
e:

#------------------------------------------------------------------------------
 newpage:
#   no. =    3   reg = 12 - 98

x: Energy [MeV]
y:   Flux  [1/cm^2/source]                 
p: xlog ylog afac(0.8) form(0.9)
h: n            x            y(photon  ),hh0l   n y(all     ),hh0dr  n 
#  e-lower      e-upper      photon      r.err    all         r.err 
   1.0000E-03   1.1694E-03   0.0000E+00  0.0000   0.0000E+00  0.0000
   1.1694E-03   1.3675E-03   0.0000E+00  0.0000   0.0000E+00  0.0000
   1.3675E-03   1.5991E-03   0.0000E+00  0.0000   0.0000E+00  0.0000
   1.5991E-03   1.8700E-03   0.0000E+00  0.0000   0.0000E+00  0.0000
   1.8700E-03   2.1867E-03   0.0000E+00  0.0000   0.0000E+00  0.0000
   2.1867E-03   2.5571E-03   0.0000E+00  0.0000   0.0000E+00  0.0000
   2.5571E-03   2.9903E-03   0.0000E+00  0.0000   0.0000E+00  0.0000
   2.9903E-03   3.4968E-03   0.0000E+00  0.0000   0.0000E+00  0.0000
   3.4968E-03   4.0891E-03   0.0000E+00  0.0000   0.0000E+00  0.0000
   4.0891E-03   4.7818E-03   0.0000E+00  0.0000   0.0000E+00  0.0000
   4.7818E-03   5.5917E-03   1.2111E-06  1.0000   1.2111E-06  1.0000
   5.5917E-03   6.5389E-03   0.0000E+00  0.0000   0.0000E+00  0.0000
   6.5389E-03   7.6465E-03   0.0000E+00  0.0000   0.0000E+00  0.0000
   7.6465E-03   8.9418E-03   0.0000E+00  0.0000   0.0000E+00  0.0000
   8.9418E-03   1.0456E-02   1.1961E-06  1.0000   1.1961E-06  1.0000
   1.0456E-02   1.2228E-02   1.0301E-06  1.0000   1.0301E-06  1.0000
   1.2228E-02   1.4299E-02   3.2282E-06  0.7487   3.2282E-06  0.7487
   1.4299E-02   1.6721E-02   0.0000E+00  0.0000   0.0000E+00  0.0000
   1.6721E-02   1.9553E-02   1.6716E-06  1.0000   1.6716E-06  1.0000
   1.9553E-02   2.2865E-02   1.5982E-05  0.4015   1.5982E-05  0.4015
   2.2865E-02   2.6738E-02   1.1316E-05  0.4310   1.1316E-05  0.4310
   2.6738E-02   3.1268E-02   1.1991E-05  0.3334   1.1991E-05  0.3334
   3.1268E-02   3.6564E-02   1.9397E-05  0.4630   1.9397E-05  0.4630
   3.6564E-02   4.2757E-02   4.0114E-05  0.2215   4.0114E-05  0.2215
   4.2757E-02   5.0000E-02   2.3578E-05  0.2947   2.3578E-05  0.2947
   5.0000E-02   5.8469E-02   9.2543E-05  0.2024   9.2543E-05  0.2024
   5.8469E-02   6.8373E-02   1.7496E-04  0.1882   1.7496E-04  0.1882
   6.8373E-02   7.9955E-02   3.1600E-04  0.0966   3.1600E-04  0.0966
   7.9955E-02   9.3499E-02   5.7114E-04  0.0848   5.7114E-04  0.0848
   9.3499E-02   1.0934E-01   9.4835E-04  0.0800   9.6093E-04  0.0791
   1.0934E-01   1.2786E-01   1.3838E-03  0.0648   1.4303E-03  0.0639
   1.2786E-01   1.4951E-01   1.9264E-03  0.0875   1.9584E-03  0.0861
   1.4951E-01   1.7484E-01   2.0370E-03  0.0516   2.0569E-03  0.0508
   1.7484E-01   2.0446E-01   1.9515E-03  0.0523   2.0036E-03  0.0516
   2.0446E-01   2.3909E-01   1.9832E-03  0.0497   2.0419E-03  0.0491
   2.3909E-01   2.7959E-01   2.1459E-03  0.0470   2.2404E-03  0.0489
   2.7959E-01   3.2695E-01   2.8516E-03  0.0676   2.9200E-03  0.0660
   3.2695E-01   3.8233E-01   3.2719E-03  0.0496   3.3967E-03  0.0490
   3.8233E-01   4.4709E-01   4.4602E-03  0.0619   4.5455E-03  0.0607
   4.4709E-01   5.2282E-01   7.0279E-03  0.0210   7.1352E-03  0.0209
   5.2282E-01   6.1138E-01   5.8575E-03  0.0244   5.9825E-03  0.0244
   6.1138E-01   7.1494E-01   6.3591E-03  0.0190   6.5134E-03  0.0191
   7.1494E-01   8.3604E-01   6.9075E-03  0.0173   7.0433E-03  0.0171
   8.3604E-01   9.7766E-01   8.0457E-03  0.0137   8.1910E-03  0.0139
   9.7766E-01   1.1433E+00   9.1166E-03  0.0121   9.2628E-03  0.0121
   1.1433E+00   1.3369E+00   1.0335E-02  0.0112   1.0494E-02  0.0110
   1.3369E+00   1.5634E+00   1.1753E-02  0.0100   1.1896E-02  0.0100
   1.5634E+00   1.8282E+00   1.3171E-02  0.0086   1.3212E-02  0.0086
   1.8282E+00   2.1379E+00   5.5063E-02  0.0038   5.5063E-02  0.0038
   2.1379E+00   2.5000E+00   0.0000E+00  0.0000   0.0000E+00  0.0000

#   sum over                 1.5788E-01           1.5963E-01
'no. =    3   reg = 12 - 98'
msuc: {\huge Energy distribution in region mesh}
msdr: {\it plotted by \ANGEL \version}
msdl: {\it calculated by \PHITS  3.17}
wt: s(0.7)
\vspace{-3}
  region surface crossing
  area  &=&   1.0000E+00 [cm^2]
e:
 
# Information for Restart Calculation
# This calculation was newly started
# istdev =  1 # 1:Batch variance, 2:History variance
# resc2  = 2.00000000000000000E+02 # Total source weight or Total source weight / maxcas
# resc3  = 2.00000000000000000E+02 # Total history number or Total batch number
# maxcas =        5000 # History / Batch, only used for istdev=1
# rijklst=  85461988288409.0 # Next initial random number
