           _________________________________________________________
          |                                                         |
          |       _/_/_/_/                                          |
          |      _/      _/                  _/_/_/_/_/_/           |
          |     _/      _/  _/      _/   _/      _/      _/_/_/_/_/ |
          |    _/_/_/_/    _/      _/   _/      _/      _/          |
          |   _/          _/_/_/_/_/   _/      _/       _/_/_/_/    |
          |  _/          _/      _/   _/      _/              _/    |
          | _/          _/      _/   _/      _/      _/_/_/_/_/     |
          |                                                         |
          |                                                         |
          |       Particle and Heavy Ion Transport code System      |
          |                      Version =  3.170                   |
          |                       developed by                      |
          |                                                         |
          |                     Koji NIITA (RIST),                  |
          |                                                         |
          |  Tatsuhiko SATO, Yosuke IWAMOTO, Shintaro HASHIMOTO,    |
          |    Tatsuhiko OGAWA, Takuya FURUTA, Shinichiro ABE,      |
          |      Takeshi KAI, Pi-En TSAI, Norihiro MATSUDA,         |
          |         Yusuke MATSUYA, Hunter RATLIFF (JAEA),          |
          |                                                         |
          |                    Hiroshi IWASE (KEK),                 |
          |                                                         |
          |           Nobuhiro SHIGYO (Kyushu University), and      |
          |                                                         |
          |        Lembit SIHVER (Technische Universitat Wien)      |
          |                                                         |
          |                 Last Revised  2019-10-29                |
          |_________________________________________________________|

              ________________ [ Job Title ] _______________ 
             |                                              |
             |  Input file for shieldin optimization - 5cm  |
             |______________________________________________|

                        Starting Date = 2021-02-07
                        Starting Time = 10h 12m 28

>>> Input Echo >>>=============================================================

[ T i t l e ]
Input file for shieldin optimization - 5cm

[ P a r a m e t e r s ]
 icntl    =           0     # (D=0) 3:ECH 5:NOR 6:SRC 7,8:GSH 11:DSH 12:DUMP
 maxcas   =        5000     # (D=10) number of particles per one batch
 maxbch   =         200     # (D=10) number of batches
 emin(6)  = 1.000000000E-03 # (D=1.0d-3) cut-off energy of muon+ (MeV)
 emin(7)  = 1.000000000E-03 # (D=1.0d-3) cut-off energy of muon- (MeV)
 negs     =           1     # (D=-1) =-1:original, =0:No, =1:EGS
 ipnint   =           0     # (D=0) 0: no, 1: consider photo-nuclear reaction
 e-mode   =           2     # (D=0) 0: Normal, 1: Event generator mode Ver.1, 2: Ver.2
 emin(2)  = 1.000000000E-11 # (D=1.0d-3) cut-off energy of neutron (MeV)
 dmax(2)  =  20.0000000     # (D=emin(2)) data max. energy of neutron (MeV)
 emin(12) = 0.100000000     # (D=1.d9) cut-off energy of electron (MeV)
 emin(13) = 0.100000000     # (D=1.d9) cut-off energy of positron (MeV)
 emin(14) = 1.000000000E-03 # (D=1.d9) cut-off energy of photon (MeV)
 dmax(12) =  1000.00000     # (D=emin(12)) data max. energy of electron (MeV)
 dmax(13) =  1000.00000     # (D=emin(13)) data max. energy of positron (MeV)
 dmax(14) =  1000.00000     # (D=emin(14)) data max. energy of photon (MeV)

[ S o u r c e ]
  totfact =   1.0000        # (D=1.0) global factor
   s-type =   1             # cylindrical source
     proj =  photon         # kind of incident particle         
       e0 =   2.0000        # energy of beam [MeV/u]
       r0 =   1.0000        # radius [cm]
       r1 =   0.0000        # minimum radius [cm]
       x0 =   0.0000        # (D=0.0) center position of x-axis [cm]
       y0 =   0.0000        # (D=0.0) center position of y-axis [cm]
       z0 = -1.00000E-04    # minimum position of z-axis [cm]
       z1 = -1.00000E-04    # maximum position of z-axis [cm]
      dir =   1.0000        # z-direction of beam [cosine]

[ M a t e r i a l ]
MAT[ 1 ] 
        208Pb         1.0000000E+00
MAT[ 2 ] 
         63Cu         1.0000000E+00
MAT[ 3 ] 
         56Fe         1.0000000E+00
MAT[ 4 ] 
         28Si         1.0000000E+00
MAT[ 5 ] 
         27Al         1.0000000E+00

[ C e l l ]
 1          0                 1 -2 -999 
 10         1 -1.5600000E+01  2 -3 -999 
 11         2 -8.9600000E+00  3 -4 -999 
 12         4 -2.3300000E+00  4 -5 -999 
 98         4 -2.3300000E+00  5 -998 -999 
 99        -1                 -1 : 998 : 999 

[ S u r f a c e ]
 1             pz   -1.0000000E+00
 2             pz    0.0000000E+00
 3             pz    4.0000000E+00
 4             pz    4.5000000E+00
 5             pz    5.0000000E+00
 998           pz    7.0000000E+00
 999           cz    1.5000000E+01

[ T - T r a c k ]
    title = [t-track] in xyz mesh
     mesh =  xyz            # mesh type is xyz scoring mesh
   x-type =    2            # x-mesh is linear given by xmin, xmax and nx
     xmin =  -20.00000      # minimum value of x-mesh points
     xmax =   20.00000      # maximum value of x-mesh points
#    xdel =  0.4000000      # mesh width of x-mesh points
       nx =    100          # number of x-mesh points
#    data = ( x(i), i = 1, nx + 1 )
#          -2.00000E+01 -1.96000E+01 -1.92000E+01 -1.88000E+01 -1.84000E+01
#          -1.80000E+01 -1.76000E+01 -1.72000E+01 -1.68000E+01 -1.64000E+01
#          -1.60000E+01 -1.56000E+01 -1.52000E+01 -1.48000E+01 -1.44000E+01
#          -1.40000E+01 -1.36000E+01 -1.32000E+01 -1.28000E+01 -1.24000E+01
#          -1.20000E+01 -1.16000E+01 -1.12000E+01 -1.08000E+01 -1.04000E+01
#          -1.00000E+01 -9.60000E+00 -9.20000E+00 -8.80000E+00 -8.40000E+00
#          -8.00000E+00 -7.60000E+00 -7.20000E+00 -6.80000E+00 -6.40000E+00
#          -6.00000E+00 -5.60000E+00 -5.20000E+00 -4.80000E+00 -4.40000E+00
#          -4.00000E+00 -3.60000E+00 -3.20000E+00 -2.80000E+00 -2.40000E+00
#          -2.00000E+00 -1.60000E+00 -1.20000E+00 -8.00000E-01 -4.00000E-01
#           0.00000E+00  4.00000E-01  8.00000E-01  1.20000E+00  1.60000E+00
#           2.00000E+00  2.40000E+00  2.80000E+00  3.20000E+00  3.60000E+00
#           4.00000E+00  4.40000E+00  4.80000E+00  5.20000E+00  5.60000E+00
#           6.00000E+00  6.40000E+00  6.80000E+00  7.20000E+00  7.60000E+00
#           8.00000E+00  8.40000E+00  8.80000E+00  9.20000E+00  9.60000E+00
#           1.00000E+01  1.04000E+01  1.08000E+01  1.12000E+01  1.16000E+01
#           1.20000E+01  1.24000E+01  1.28000E+01  1.32000E+01  1.36000E+01
#           1.40000E+01  1.44000E+01  1.48000E+01  1.52000E+01  1.56000E+01
#           1.60000E+01  1.64000E+01  1.68000E+01  1.72000E+01  1.76000E+01
#           1.80000E+01  1.84000E+01  1.88000E+01  1.92000E+01  1.96000E+01
#           2.00000E+01
   y-type =    1            # y-mesh is given by the below data
       ny =      1          # number of y-mesh points
#    data = ( y(i), i = 1, ny + 1 )
           -2.00000E+01  2.00000E+01
   z-type =    2            # z-mesh is linear given by zmin, zmax and nz
     zmin =   0.000000      # minimum value of z-mesh points
     zmax =   25.00000      # maximum value of z-mesh points
#    zdel =  0.2500000      # mesh width of z-mesh points
       nz =    100          # number of z-mesh points
#    data = ( z(i), i = 1, nz + 1 )
#           0.00000E+00  2.50000E-01  5.00000E-01  7.50000E-01  1.00000E+00
#           1.25000E+00  1.50000E+00  1.75000E+00  2.00000E+00  2.25000E+00
#           2.50000E+00  2.75000E+00  3.00000E+00  3.25000E+00  3.50000E+00
#           3.75000E+00  4.00000E+00  4.25000E+00  4.50000E+00  4.75000E+00
#           5.00000E+00  5.25000E+00  5.50000E+00  5.75000E+00  6.00000E+00
#           6.25000E+00  6.50000E+00  6.75000E+00  7.00000E+00  7.25000E+00
#           7.50000E+00  7.75000E+00  8.00000E+00  8.25000E+00  8.50000E+00
#           8.75000E+00  9.00000E+00  9.25000E+00  9.50000E+00  9.75000E+00
#           1.00000E+01  1.02500E+01  1.05000E+01  1.07500E+01  1.10000E+01
#           1.12500E+01  1.15000E+01  1.17500E+01  1.20000E+01  1.22500E+01
#           1.25000E+01  1.27500E+01  1.30000E+01  1.32500E+01  1.35000E+01
#           1.37500E+01  1.40000E+01  1.42500E+01  1.45000E+01  1.47500E+01
#           1.50000E+01  1.52500E+01  1.55000E+01  1.57500E+01  1.60000E+01
#           1.62500E+01  1.65000E+01  1.67500E+01  1.70000E+01  1.72500E+01
#           1.75000E+01  1.77500E+01  1.80000E+01  1.82500E+01  1.85000E+01
#           1.87500E+01  1.90000E+01  1.92500E+01  1.95000E+01  1.97500E+01
#           2.00000E+01  2.02500E+01  2.05000E+01  2.07500E+01  2.10000E+01
#           2.12500E+01  2.15000E+01  2.17500E+01  2.20000E+01  2.22500E+01
#           2.25000E+01  2.27500E+01  2.30000E+01  2.32500E+01  2.35000E+01
#           2.37500E+01  2.40000E+01  2.42500E+01  2.45000E+01  2.47500E+01
#           2.50000E+01
   e-type =    2            # e-mesh is linear given by emin, emax and ne
     emin =   0.000000      # minimum value of e-mesh points
     emax =   5.000000      # maximum value of e-mesh points
#    edel =   5.000000      # mesh width of e-mesh points
       ne =      1          # number of e-mesh points
#    data = ( e(i), i = 1, ne + 1 )
#           0.00000E+00  5.00000E+00
     unit =    1            # unit is [1/cm^2/source]
 material =  all            # (D=all) number of specific material
  2D-type =    3            # 1:Cont, 2:Clust, 3:Color, 4:xyz, 5:mat, 6:Clust+Cont, 7:Col+Cont
     axis =   xz            # axis of output
     file = track.out       # file name of output for the above axis
     part =  photon   
# kf/name :  22       
   epsout =    1            # (D=0) generate eps file by ANGEL
#    used :        main (  %)        temp (  %)       total (  %)
#  memory :         210 (  0)           0 (  0)         210 (  0)

[ T - C r o s s ]
    title = Energy distribution in region mesh
     mesh =  reg            # mesh type is region-wise
      reg =    3            # number of crossing regions
      non     r-from   r-to      area
      1       10       11        1.000000    
      2       11       12        1.000000    
      3       12       98        1.000000    
   e-type =    3            # e-mesh is log given by emin, emax and ne
     emin =  1.0000000E-03  # minimum value of e-mesh points
     emax =   2.500000      # maximum value of e-mesh points
#    edel =  0.1564809      # mesh width of e-mesh points
       ne =     50          # number of e-mesh points
#    data = ( e(i), i = 1, ne + 1 )
#           1.00000E-03  1.16939E-03  1.36747E-03  1.59910E-03  1.86997E-03
#           2.18672E-03  2.55713E-03  2.99028E-03  3.49680E-03  4.08911E-03
#           4.78176E-03  5.59174E-03  6.53891E-03  7.64653E-03  8.94176E-03
#           1.04564E-02  1.22276E-02  1.42988E-02  1.67209E-02  1.95532E-02
#           2.28653E-02  2.67384E-02  3.12675E-02  3.65639E-02  4.27574E-02
#           5.00000E-02  5.84694E-02  6.83735E-02  7.99551E-02  9.34986E-02
#           1.09336E-01  1.27856E-01  1.49514E-01  1.74840E-01  2.04456E-01
#           2.39088E-01  2.79587E-01  3.26946E-01  3.82327E-01  4.47088E-01
#           5.22820E-01  6.11379E-01  7.14940E-01  8.36043E-01  9.77659E-01
#           1.14326E+00  1.33692E+00  1.56338E+00  1.82819E+00  2.13787E+00
#           2.50000E+00
     unit =    1            # unit is [1/cm^2/source]
     axis =  eng            # axis of output
     file = cross_reg_4Pb05Cu05Si.out  # file name of output for the above axis
   output = flux            # surface crossing flux
     part =  photon     all      
# kf/name :  22         0        
   epsout =    1            # (D=0) generate eps file by ANGEL
#    used :        main (  %)        temp (  %)       total (  %)
#  memory :          78 (  0)           0 (  0)          78 (  0)

[ T - Deposit ]
    title = [t-deposit] in Si detector
     mesh =  reg            # mesh type is region-wise
      reg = 98
     unit =    3            # unit is [1/source] : only for output=deposit
   letmat =    0            # (D=0) mat ID for LET, 0:real mat, <0: electron for H2O
  dedxfnc =    0            # (D=0) user defined multiplier, 0(no), 1, 2
 material =  all            # (D=all) number of specific material
   output = deposit         # deposit enerygy distribution
  deposit =    0            # (D=0) 0-> total deposit dist, 1-> each process
   e-type =    3            # e-mesh is log given by emin, emax and ne
     emin =  1.0000000E-05  # minimum value of e-mesh points
     emax =   10.00000      # maximum value of e-mesh points
#    edel =  6.9077553E-02  # mesh width of e-mesh points
       ne =    200          # number of e-mesh points
#    data = ( e(i), i = 1, ne + 1 )
#           1.00000E-05  1.07152E-05  1.14815E-05  1.23027E-05  1.31826E-05
#           1.41254E-05  1.51356E-05  1.62181E-05  1.73780E-05  1.86209E-05
#           1.99526E-05  2.13796E-05  2.29087E-05  2.45471E-05  2.63027E-05
#           2.81838E-05  3.01995E-05  3.23594E-05  3.46737E-05  3.71535E-05
#           3.98107E-05  4.26580E-05  4.57088E-05  4.89779E-05  5.24807E-05
#           5.62341E-05  6.02560E-05  6.45654E-05  6.91831E-05  7.41310E-05
#           7.94328E-05  8.51138E-05  9.12011E-05  9.77237E-05  1.04713E-04
#           1.12202E-04  1.20226E-04  1.28825E-04  1.38038E-04  1.47911E-04
#           1.58489E-04  1.69824E-04  1.81970E-04  1.94984E-04  2.08930E-04
#           2.23872E-04  2.39883E-04  2.57040E-04  2.75423E-04  2.95121E-04
#           3.16228E-04  3.38844E-04  3.63078E-04  3.89045E-04  4.16869E-04
#           4.46684E-04  4.78630E-04  5.12861E-04  5.49541E-04  5.88844E-04
#           6.30957E-04  6.76083E-04  7.24436E-04  7.76247E-04  8.31764E-04
#           8.91251E-04  9.54993E-04  1.02329E-03  1.09648E-03  1.17490E-03
#           1.25893E-03  1.34896E-03  1.44544E-03  1.54882E-03  1.65959E-03
#           1.77828E-03  1.90546E-03  2.04174E-03  2.18776E-03  2.34423E-03
#           2.51189E-03  2.69153E-03  2.88403E-03  3.09030E-03  3.31131E-03
#           3.54813E-03  3.80189E-03  4.07380E-03  4.36516E-03  4.67735E-03
#           5.01187E-03  5.37032E-03  5.75440E-03  6.16595E-03  6.60693E-03
#           7.07946E-03  7.58578E-03  8.12831E-03  8.70964E-03  9.33254E-03
#           1.00000E-02  1.07152E-02  1.14815E-02  1.23027E-02  1.31826E-02
#           1.41254E-02  1.51356E-02  1.62181E-02  1.73780E-02  1.86209E-02
#           1.99526E-02  2.13796E-02  2.29087E-02  2.45471E-02  2.63027E-02
#           2.81838E-02  3.01995E-02  3.23594E-02  3.46737E-02  3.71535E-02
#           3.98107E-02  4.26580E-02  4.57088E-02  4.89779E-02  5.24807E-02
#           5.62341E-02  6.02560E-02  6.45654E-02  6.91831E-02  7.41310E-02
#           7.94328E-02  8.51138E-02  9.12011E-02  9.77237E-02  1.04713E-01
#           1.12202E-01  1.20226E-01  1.28825E-01  1.38038E-01  1.47911E-01
#           1.58489E-01  1.69824E-01  1.81970E-01  1.94984E-01  2.08930E-01
#           2.23872E-01  2.39883E-01  2.57040E-01  2.75423E-01  2.95121E-01
#           3.16228E-01  3.38844E-01  3.63078E-01  3.89045E-01  4.16869E-01
#           4.46684E-01  4.78630E-01  5.12861E-01  5.49541E-01  5.88844E-01
#           6.30957E-01  6.76083E-01  7.24436E-01  7.76247E-01  8.31764E-01
#           8.91251E-01  9.54993E-01  1.02329E+00  1.09648E+00  1.17490E+00
#           1.25893E+00  1.34896E+00  1.44544E+00  1.54882E+00  1.65959E+00
#           1.77828E+00  1.90546E+00  2.04174E+00  2.18776E+00  2.34423E+00
#           2.51189E+00  2.69153E+00  2.88403E+00  3.09030E+00  3.31131E+00
#           3.54813E+00  3.80189E+00  4.07380E+00  4.36516E+00  4.67735E+00
#           5.01187E+00  5.37032E+00  5.75440E+00  6.16595E+00  6.60693E+00
#           7.07946E+00  7.58578E+00  8.12831E+00  8.70964E+00  9.33254E+00
#           1.00000E+01
     axis =   eng           # axis of output
     file = deposit_eng_4Pb05Cu05Si.out  # file name of output for the above axis
     part =  all      
# kf/name :  0        
   epsout =    1            # (D=0) generate eps file by ANGEL
   stdcut = 5.0000000E-02   # (D=-1) threshold value of STD cutoff
#    used :        main (  %)        temp (  %)       total (  %)
#  memory :         205 (  0)           0 (  0)         205 (  0)

[END] of Input Echo <<<========================================================

<<< Report of real Geometry memory >>>
*           GG/CG memory =      131
*     total memory: mdas = 80000000
*                percent =     0.00 %

<<< Report of material memory for high energy>>>
*   high energy material =      377
*     total memory: mdas = 80000000
*                percent =     0.00 %

<<< Report of material memory for low energy>>>
*    low energy material =  1109990
*     total memory: mdas = 80000000
*                percent =     1.39 %

<<< Report of real tally memory >>>
*      real tally memory =      493
*     total memory: mdas = 80000000
*                percent =     0.00 %

<<< Report of temporary tally memory >>>
* temporary tally memory =  1109407
*     total memory: mdas = 80000000
*                percent =     1.39 %

<<< Report of other memory >>>
*           other memory =     3417
*     total memory: mdas = 80000000
*                percent =     0.00 %

<<< Report of total memory >>>
*      used total memory =  1114408
*     total memory: mdas = 80000000
*                percent =     1.39 %
*                ---------------------

-------------------------------------------------------------------------------
bat[       1] ncas =           5000. : rijk    =   6647299061401.
       low neutron =              0. : ncall/s =  1.525970400E+03
          cpu time =   6.103 s.

-------------------------------------------------------------------------------
bat[       2] ncas =          10000. : rijk    = 149336640195513.
       low neutron =              0. : ncall/s =  1.522034800E+03
          cpu time =   6.035 s.

-------------------------------------------------------------------------------
bat[       3] ncas =          15000. : rijk    =  72074150331609.
       low neutron =              0. : ncall/s =  1.538559000E+03
          cpu time =   6.055 s.

-------------------------------------------------------------------------------
bat[       4] ncas =          20000. : rijk    = 105637623161337.
       low neutron =              0. : ncall/s =  1.539885200E+03
          cpu time =   6.138 s.

-------------------------------------------------------------------------------
bat[       5] ncas =          25000. : rijk    =  22685890962201.
       low neutron =              0. : ncall/s =  1.540595600E+03
          cpu time =   6.332 s.

-------------------------------------------------------------------------------
bat[       6] ncas =          30000. : rijk    = 253895222577209.
       low neutron =              0. : ncall/s =  1.544865400E+03
          cpu time =   6.170 s.

-------------------------------------------------------------------------------
bat[       7] ncas =          35000. : rijk    = 196429705548121.
       low neutron =              0. : ncall/s =  1.545630000E+03
          cpu time =   6.120 s.

-------------------------------------------------------------------------------
bat[       8] ncas =          40000. : rijk    = 194532430659193.
       low neutron =              0. : ncall/s =  1.537474000E+03
          cpu time =   6.497 s.

-------------------------------------------------------------------------------
bat[       9] ncas =          45000. : rijk    =   7238229020569.
       low neutron =              0. : ncall/s =  1.532431600E+03
          cpu time =   6.073 s.

-------------------------------------------------------------------------------
bat[      10] ncas =          50000. : rijk    = 151679756715193.
       low neutron =              0. : ncall/s =  1.529596600E+03
          cpu time =   6.057 s.

-------------------------------------------------------------------------------
bat[      11] ncas =          55000. : rijk    = 223416281636313.
       low neutron =              0. : ncall/s =  1.533913000E+03
          cpu time =   6.033 s.

-------------------------------------------------------------------------------
bat[      12] ncas =          60000. : rijk    = 250204455951097.
       low neutron =              0. : ncall/s =  1.533773200E+03
          cpu time =   6.072 s.

-------------------------------------------------------------------------------
bat[      13] ncas =          65000. : rijk    =  44856568249369.
       low neutron =              0. : ncall/s =  1.521924200E+03
          cpu time =   6.008 s.

-------------------------------------------------------------------------------
bat[      14] ncas =          70000. : rijk    = 170490721894713.
       low neutron =              0. : ncall/s =  1.544515400E+03
          cpu time =   6.095 s.

-------------------------------------------------------------------------------
bat[      15] ncas =          75000. : rijk    = 207297084713561.
       low neutron =              0. : ncall/s =  1.533596200E+03
          cpu time =   6.065 s.

-------------------------------------------------------------------------------
bat[      16] ncas =          80000. : rijk    = 135346935347065.
       low neutron =              0. : ncall/s =  1.525072600E+03
          cpu time =   6.009 s.

-------------------------------------------------------------------------------
bat[      17] ncas =          85000. : rijk    = 260884883990681.
       low neutron =              0. : ncall/s =  1.537368600E+03
          cpu time =   6.131 s.

-------------------------------------------------------------------------------
bat[      18] ncas =          90000. : rijk    = 242766388821433.
       low neutron =              0. : ncall/s =  1.531849000E+03
          cpu time =   6.034 s.

-------------------------------------------------------------------------------
bat[      19] ncas =          95000. : rijk    = 125359037970137.
       low neutron =              0. : ncall/s =  1.531630400E+03
          cpu time =   6.006 s.

-------------------------------------------------------------------------------
bat[      20] ncas =         100000. : rijk    = 224817486222329.
       low neutron =              0. : ncall/s =  1.535023200E+03
          cpu time =   6.048 s.

-------------------------------------------------------------------------------
bat[      21] ncas =         105000. : rijk    = 261566935209241.
       low neutron =              0. : ncall/s =  1.536125400E+03
          cpu time =   6.052 s.

-------------------------------------------------------------------------------
bat[      22] ncas =         110000. : rijk    =  24089557252665.
       low neutron =              0. : ncall/s =  1.542799400E+03
          cpu time =   6.071 s.

-------------------------------------------------------------------------------
bat[      23] ncas =         115000. : rijk    = 147052612305753.
       low neutron =              0. : ncall/s =  1.519382200E+03
          cpu time =   5.949 s.

-------------------------------------------------------------------------------
bat[      24] ncas =         120000. : rijk    = 171745542484089.
       low neutron =              0. : ncall/s =  1.531003600E+03
          cpu time =   6.032 s.

-------------------------------------------------------------------------------
bat[      25] ncas =         125000. : rijk    =  91480374116761.
       low neutron =              0. : ncall/s =  1.530952000E+03
          cpu time =   6.018 s.

-------------------------------------------------------------------------------
bat[      26] ncas =         130000. : rijk    = 106807874893497.
       low neutron =              0. : ncall/s =  1.539672400E+03
          cpu time =   6.081 s.

-------------------------------------------------------------------------------
bat[      27] ncas =         135000. : rijk    = 168657889611737.
       low neutron =              0. : ncall/s =  1.529481800E+03
          cpu time =   6.119 s.

-------------------------------------------------------------------------------
bat[      28] ncas =         140000. : rijk    = 176128254856441.
       low neutron =              0. : ncall/s =  1.532118400E+03
          cpu time =   6.067 s.

-------------------------------------------------------------------------------
bat[      29] ncas =         145000. : rijk    = 175022111731225.
       low neutron =              0. : ncall/s =  1.532857000E+03
          cpu time =   6.023 s.

-------------------------------------------------------------------------------
bat[      30] ncas =         150000. : rijk    = 106643086897977.
       low neutron =              0. : ncall/s =  1.532711400E+03
          cpu time =   6.054 s.

-------------------------------------------------------------------------------
bat[      31] ncas =         155000. : rijk    =  20851742252121.
       low neutron =              0. : ncall/s =  1.530782800E+03
          cpu time =   6.016 s.

-------------------------------------------------------------------------------
bat[      32] ncas =         160000. : rijk    = 252315228612985.
       low neutron =              0. : ncall/s =  1.531705600E+03
          cpu time =   6.035 s.

-------------------------------------------------------------------------------
bat[      33] ncas =         165000. : rijk    = 241944939371161.
       low neutron =              0. : ncall/s =  1.525692800E+03
          cpu time =   6.015 s.

-------------------------------------------------------------------------------
bat[      34] ncas =         170000. : rijk    =  96213680320441.
       low neutron =              0. : ncall/s =  1.541205400E+03
          cpu time =   6.108 s.

-------------------------------------------------------------------------------
bat[      35] ncas =         175000. : rijk    =  67701152032985.
       low neutron =              0. : ncall/s =  1.534519600E+03
          cpu time =   6.562 s.

-------------------------------------------------------------------------------
bat[      36] ncas =         180000. : rijk    =  28656889153017.
       low neutron =              0. : ncall/s =  1.531309400E+03
          cpu time =   6.211 s.

-------------------------------------------------------------------------------
bat[      37] ncas =         185000. : rijk    =  51695173191449.
       low neutron =              0. : ncall/s =  1.553994800E+03
          cpu time =   6.169 s.

-------------------------------------------------------------------------------
bat[      38] ncas =         190000. : rijk    =  37446366014521.
       low neutron =              0. : ncall/s =  1.531785200E+03
          cpu time =   6.086 s.

-------------------------------------------------------------------------------
bat[      39] ncas =         195000. : rijk    = 226757831685465.
       low neutron =              0. : ncall/s =  1.528906000E+03
          cpu time =   6.854 s.

-------------------------------------------------------------------------------
bat[      40] ncas =         200000. : rijk    = 205216382263929.
       low neutron =              0. : ncall/s =  1.528823000E+03
          cpu time =   7.341 s.

-------------------------------------------------------------------------------
bat[      41] ncas =         205000. : rijk    = 227701461496729.
       low neutron =              0. : ncall/s =  1.539559400E+03
          cpu time =   6.139 s.

-------------------------------------------------------------------------------
bat[      42] ncas =         210000. : rijk    =  27626165086393.
       low neutron =              0. : ncall/s =  1.535531600E+03
          cpu time =   6.076 s.

-------------------------------------------------------------------------------
bat[      43] ncas =         215000. : rijk    = 225003915968985.
       low neutron =              0. : ncall/s =  1.537483600E+03
          cpu time =   6.064 s.

-------------------------------------------------------------------------------
bat[      44] ncas =         220000. : rijk    =  40045474856697.
       low neutron =              0. : ncall/s =  1.534782400E+03
          cpu time =   6.079 s.

-------------------------------------------------------------------------------
bat[      45] ncas =         225000. : rijk    = 105390011015193.
       low neutron =              0. : ncall/s =  1.540707400E+03
          cpu time =   6.101 s.

-------------------------------------------------------------------------------
bat[      46] ncas =         230000. : rijk    = 233185193059641.
       low neutron =              0. : ncall/s =  1.548310000E+03
          cpu time =   6.143 s.

-------------------------------------------------------------------------------
bat[      47] ncas =         235000. : rijk    = 246223792262745.
       low neutron =              0. : ncall/s =  1.539090200E+03
          cpu time =   6.057 s.

-------------------------------------------------------------------------------
bat[      48] ncas =         240000. : rijk    = 152698687626105.
       low neutron =              0. : ncall/s =  1.524776600E+03
          cpu time =   6.102 s.

-------------------------------------------------------------------------------
bat[      49] ncas =         245000. : rijk    = 193750603320473.
       low neutron =              0. : ncall/s =  1.538421200E+03
          cpu time =   6.088 s.

-------------------------------------------------------------------------------
bat[      50] ncas =         250000. : rijk    = 229755165041081.
       low neutron =              0. : ncall/s =  1.524634200E+03
          cpu time =   6.050 s.

-------------------------------------------------------------------------------
bat[      51] ncas =         255000. : rijk    = 280952210381529.
       low neutron =              0. : ncall/s =  1.540568000E+03
          cpu time =   6.230 s.

-------------------------------------------------------------------------------
bat[      52] ncas =         260000. : rijk    = 230411521341433.
       low neutron =              0. : ncall/s =  1.539263200E+03
          cpu time =   6.097 s.

-------------------------------------------------------------------------------
bat[      53] ncas =         265000. : rijk    = 243254146660633.
       low neutron =              0. : ncall/s =  1.547026600E+03
          cpu time =   6.163 s.

-------------------------------------------------------------------------------
bat[      54] ncas =         270000. : rijk    =    283435572793.
       low neutron =              0. : ncall/s =  1.538099400E+03
          cpu time =   6.063 s.

-------------------------------------------------------------------------------
bat[      55] ncas =         275000. : rijk    = 149323508590425.
       low neutron =              0. : ncall/s =  1.522071000E+03
          cpu time =   5.967 s.

-------------------------------------------------------------------------------
bat[      56] ncas =         280000. : rijk    =  81192078087289.
       low neutron =              0. : ncall/s =  1.532507000E+03
          cpu time =   6.025 s.

-------------------------------------------------------------------------------
bat[      57] ncas =         285000. : rijk    = 238471157671321.
       low neutron =              0. : ncall/s =  1.542376600E+03
          cpu time =   6.065 s.

-------------------------------------------------------------------------------
bat[      58] ncas =         290000. : rijk    =  57937782774457.
       low neutron =              0. : ncall/s =  1.542037400E+03
          cpu time =   6.101 s.

-------------------------------------------------------------------------------
bat[      59] ncas =         295000. : rijk    = 196821955818457.
       low neutron =              0. : ncall/s =  1.536938000E+03
          cpu time =   6.199 s.

-------------------------------------------------------------------------------
bat[      60] ncas =         300000. : rijk    =  93176403505401.
       low neutron =              0. : ncall/s =  1.541672800E+03
          cpu time =   6.092 s.

-------------------------------------------------------------------------------
bat[      61] ncas =         305000. : rijk    =  93266522313241.
       low neutron =              0. : ncall/s =  1.528868200E+03
          cpu time =   6.128 s.

-------------------------------------------------------------------------------
bat[      62] ncas =         310000. : rijk    = 130849983354681.
       low neutron =              0. : ncall/s =  1.536502800E+03
          cpu time =   6.126 s.

-------------------------------------------------------------------------------
bat[      63] ncas =         315000. : rijk    = 129658419675225.
       low neutron =              0. : ncall/s =  1.531869600E+03
          cpu time =   6.144 s.

-------------------------------------------------------------------------------
bat[      64] ncas =         320000. : rijk    = 255822619905401.
       low neutron =              0. : ncall/s =  1.549015600E+03
          cpu time =   6.170 s.

-------------------------------------------------------------------------------
bat[      65] ncas =         325000. : rijk    =  18895373008537.
       low neutron =              0. : ncall/s =  1.519791600E+03
          cpu time =   6.150 s.

-------------------------------------------------------------------------------
bat[      66] ncas =         330000. : rijk    =  67872875729849.
       low neutron =              0. : ncall/s =  1.535401200E+03
          cpu time =   6.177 s.

-------------------------------------------------------------------------------
bat[      67] ncas =         335000. : rijk    = 211898010930393.
       low neutron =              0. : ncall/s =  1.546308000E+03
          cpu time =   6.183 s.

-------------------------------------------------------------------------------
bat[      68] ncas =         340000. : rijk    = 276218640640505.
       low neutron =              0. : ncall/s =  1.543819800E+03
          cpu time =   6.192 s.

-------------------------------------------------------------------------------
bat[      69] ncas =         345000. : rijk    = 157625198422809.
       low neutron =              0. : ncall/s =  1.550234200E+03
          cpu time =   6.268 s.

-------------------------------------------------------------------------------
bat[      70] ncas =         350000. : rijk    = 150601144143929.
       low neutron =              0. : ncall/s =  1.525135200E+03
          cpu time =   6.187 s.

-------------------------------------------------------------------------------
bat[      71] ncas =         355000. : rijk    =  39264100374873.
       low neutron =              0. : ncall/s =  1.529129200E+03
          cpu time =   6.223 s.

-------------------------------------------------------------------------------
bat[      72] ncas =         360000. : rijk    = 227553512326777.
       low neutron =              0. : ncall/s =  1.529722600E+03
          cpu time =   6.191 s.

-------------------------------------------------------------------------------
bat[      73] ncas =         365000. : rijk    =  44834139314073.
       low neutron =              0. : ncall/s =  1.535429400E+03
          cpu time =   6.209 s.

-------------------------------------------------------------------------------
bat[      74] ncas =         370000. : rijk    = 248705870367929.
       low neutron =              0. : ncall/s =  1.540335400E+03
          cpu time =   6.305 s.

-------------------------------------------------------------------------------
bat[      75] ncas =         375000. : rijk    = 237643265566169.
       low neutron =              0. : ncall/s =  1.542629200E+03
          cpu time =   6.415 s.

-------------------------------------------------------------------------------
bat[      76] ncas =         380000. : rijk    =  40902524642041.
       low neutron =              0. : ncall/s =  1.531312400E+03
          cpu time =   6.314 s.

-------------------------------------------------------------------------------
bat[      77] ncas =         385000. : rijk    = 151385284133913.
       low neutron =              0. : ncall/s =  1.549281200E+03
          cpu time =   6.286 s.

-------------------------------------------------------------------------------
bat[      78] ncas =         390000. : rijk    =  70382666664249.
       low neutron =              0. : ncall/s =  1.533060200E+03
          cpu time =   6.367 s.

-------------------------------------------------------------------------------
bat[      79] ncas =         395000. : rijk    =  49416749691481.
       low neutron =              0. : ncall/s =  1.529173600E+03
          cpu time =   6.323 s.

-------------------------------------------------------------------------------
bat[      80] ncas =         400000. : rijk    =  92125901389689.
       low neutron =              0. : ncall/s =  1.539225000E+03
          cpu time =   6.312 s.

-------------------------------------------------------------------------------
bat[      81] ncas =         405000. : rijk    = 158252406878361.
       low neutron =              0. : ncall/s =  1.533864200E+03
          cpu time =   6.238 s.

-------------------------------------------------------------------------------
bat[      82] ncas =         410000. : rijk    = 226438413305273.
       low neutron =              0. : ncall/s =  1.529363200E+03
          cpu time =   6.293 s.

-------------------------------------------------------------------------------
bat[      83] ncas =         415000. : rijk    =  96292664000217.
       low neutron =              0. : ncall/s =  1.530545400E+03
          cpu time =   6.327 s.

-------------------------------------------------------------------------------
bat[      84] ncas =         420000. : rijk    =  69131305720825.
       low neutron =              0. : ncall/s =  1.534509000E+03
          cpu time =   6.308 s.

-------------------------------------------------------------------------------
bat[      85] ncas =         425000. : rijk    = 155846634822937.
       low neutron =              0. : ncall/s =  1.530842600E+03
          cpu time =   6.242 s.

-------------------------------------------------------------------------------
bat[      86] ncas =         430000. : rijk    = 167366926697017.
       low neutron =              0. : ncall/s =  1.551984400E+03
          cpu time =   6.467 s.

-------------------------------------------------------------------------------
bat[      87] ncas =         435000. : rijk    = 185539772222297.
       low neutron =              0. : ncall/s =  1.531065600E+03
          cpu time =   6.263 s.

-------------------------------------------------------------------------------
bat[      88] ncas =         440000. : rijk    =  60149833463929.
       low neutron =              0. : ncall/s =  1.533515000E+03
          cpu time =   6.269 s.

-------------------------------------------------------------------------------
bat[      89] ncas =         445000. : rijk    = 264444418771353.
       low neutron =              0. : ncall/s =  1.545968600E+03
          cpu time =   6.321 s.

-------------------------------------------------------------------------------
bat[      90] ncas =         450000. : rijk    =  30287975874233.
       low neutron =              0. : ncall/s =  1.542844200E+03
          cpu time =   6.354 s.

-------------------------------------------------------------------------------
bat[      91] ncas =         455000. : rijk    =  40922204870617.
       low neutron =              0. : ncall/s =  1.540023200E+03
          cpu time =   6.436 s.

-------------------------------------------------------------------------------
bat[      92] ncas =         460000. : rijk    = 203850797323513.
       low neutron =              0. : ncall/s =  1.540677000E+03
          cpu time =   6.343 s.

-------------------------------------------------------------------------------
bat[      93] ncas =         465000. : rijk    =  83091689371161.
       low neutron =              0. : ncall/s =  1.531339800E+03
          cpu time =   6.467 s.

-------------------------------------------------------------------------------
bat[      94] ncas =         470000. : rijk    = 203300159732537.
       low neutron =              0. : ncall/s =  1.552309600E+03
          cpu time =   6.366 s.

-------------------------------------------------------------------------------
bat[      95] ncas =         475000. : rijk    = 143585336321113.
       low neutron =              0. : ncall/s =  1.524647400E+03
          cpu time =   6.234 s.

-------------------------------------------------------------------------------
bat[      96] ncas =         480000. : rijk    =  27195208790393.
       low neutron =              0. : ncall/s =  1.534282000E+03
          cpu time =   6.319 s.

-------------------------------------------------------------------------------
bat[      97] ncas =         485000. : rijk    = 218784013181593.
       low neutron =              0. : ncall/s =  1.538175000E+03
          cpu time =   6.411 s.

-------------------------------------------------------------------------------
bat[      98] ncas =         490000. : rijk    =  14622528550841.
       low neutron =              0. : ncall/s =  1.541893800E+03
          cpu time =   6.397 s.

-------------------------------------------------------------------------------
bat[      99] ncas =         495000. : rijk    = 149618034274521.
       low neutron =              0. : ncall/s =  1.530295000E+03
          cpu time =   6.373 s.

-------------------------------------------------------------------------------
bat[     100] ncas =         500000. : rijk    =   4302748159481.
       low neutron =              0. : ncall/s =  1.529256000E+03
          cpu time =   6.369 s.

-------------------------------------------------------------------------------
bat[     101] ncas =         505000. : rijk    = 266423214280473.
       low neutron =              0. : ncall/s =  1.537720800E+03
          cpu time =   6.401 s.

-------------------------------------------------------------------------------
bat[     102] ncas =         510000. : rijk    =  50124577174585.
       low neutron =              0. : ncall/s =  1.547243200E+03
          cpu time =   6.472 s.

-------------------------------------------------------------------------------
bat[     103] ncas =         515000. : rijk    = 232315839102297.
       low neutron =              0. : ncall/s =  1.544283400E+03
          cpu time =   6.438 s.

-------------------------------------------------------------------------------
bat[     104] ncas =         520000. : rijk    = 269782641863289.
       low neutron =              0. : ncall/s =  1.551334800E+03
          cpu time =   6.475 s.

-------------------------------------------------------------------------------
bat[     105] ncas =         525000. : rijk    = 276424879176601.
       low neutron =              0. : ncall/s =  1.546151200E+03
          cpu time =   6.515 s.

-------------------------------------------------------------------------------
bat[     106] ncas =         530000. : rijk    = 217945261961401.
       low neutron =              0. : ncall/s =  1.546348200E+03
          cpu time =   6.502 s.

-------------------------------------------------------------------------------
bat[     107] ncas =         535000. : rijk    =   1120515574233.
       low neutron =              0. : ncall/s =  1.533072800E+03
          cpu time =   6.378 s.

-------------------------------------------------------------------------------
bat[     108] ncas =         540000. : rijk    = 145703144359673.
       low neutron =              0. : ncall/s =  1.543300400E+03
          cpu time =   6.943 s.

-------------------------------------------------------------------------------
bat[     109] ncas =         545000. : rijk    =  80477210814489.
       low neutron =              0. : ncall/s =  1.545967000E+03
          cpu time =   6.447 s.

-------------------------------------------------------------------------------
bat[     110] ncas =         550000. : rijk    =  34125505834297.
       low neutron =              0. : ncall/s =  1.526052000E+03
          cpu time =   6.610 s.

-------------------------------------------------------------------------------
bat[     111] ncas =         555000. : rijk    =  63785557759577.
       low neutron =              0. : ncall/s =  1.543797600E+03
          cpu time =   6.470 s.

-------------------------------------------------------------------------------
bat[     112] ncas =         560000. : rijk    = 171049484837753.
       low neutron =              0. : ncall/s =  1.539847000E+03
          cpu time =   6.438 s.

-------------------------------------------------------------------------------
bat[     113] ncas =         565000. : rijk    = 134625928909977.
       low neutron =              0. : ncall/s =  1.543495200E+03
          cpu time =   6.422 s.

-------------------------------------------------------------------------------
bat[     114] ncas =         570000. : rijk    =   3354284599737.
       low neutron =              0. : ncall/s =  1.540540200E+03
          cpu time =   6.470 s.

-------------------------------------------------------------------------------
bat[     115] ncas =         575000. : rijk    =  39318159467225.
       low neutron =              0. : ncall/s =  1.541199800E+03
          cpu time =   6.410 s.

-------------------------------------------------------------------------------
bat[     116] ncas =         580000. : rijk    = 159745814396921.
       low neutron =              0. : ncall/s =  1.531430600E+03
          cpu time =   6.537 s.

-------------------------------------------------------------------------------
bat[     117] ncas =         585000. : rijk    = 220510519378201.
       low neutron =              0. : ncall/s =  1.539774200E+03
          cpu time =   6.723 s.

-------------------------------------------------------------------------------
bat[     118] ncas =         590000. : rijk    = 154178620581433.
       low neutron =              0. : ncall/s =  1.534821600E+03
          cpu time =   6.465 s.

-------------------------------------------------------------------------------
bat[     119] ncas =         595000. : rijk    =  58572067991385.
       low neutron =              0. : ncall/s =  1.530474200E+03
          cpu time =   6.485 s.

-------------------------------------------------------------------------------
bat[     120] ncas =         600000. : rijk    =  42640594754681.
       low neutron =              0. : ncall/s =  1.524053600E+03
          cpu time =   6.459 s.

-------------------------------------------------------------------------------
bat[     121] ncas =         605000. : rijk    = 226876483513753.
       low neutron =              0. : ncall/s =  1.519122000E+03
          cpu time =   6.381 s.

-------------------------------------------------------------------------------
bat[     122] ncas =         610000. : rijk    = 232277110940345.
       low neutron =              0. : ncall/s =  1.523322000E+03
          cpu time =   6.441 s.

-------------------------------------------------------------------------------
bat[     123] ncas =         615000. : rijk    = 122991786949593.
       low neutron =              0. : ncall/s =  1.539953200E+03
          cpu time =   6.489 s.

-------------------------------------------------------------------------------
bat[     124] ncas =         620000. : rijk    = 115755707955449.
       low neutron =              0. : ncall/s =  1.538593600E+03
          cpu time =   6.499 s.

-------------------------------------------------------------------------------
bat[     125] ncas =         625000. : rijk    = 196613819816473.
       low neutron =              0. : ncall/s =  1.525663800E+03
          cpu time =   6.461 s.

-------------------------------------------------------------------------------
bat[     126] ncas =         630000. : rijk    = 144422107127609.
       low neutron =              0. : ncall/s =  1.545186000E+03
          cpu time =   6.587 s.

-------------------------------------------------------------------------------
bat[     127] ncas =         635000. : rijk    = 136257895319641.
       low neutron =              0. : ncall/s =  1.530170400E+03
          cpu time =   6.583 s.

-------------------------------------------------------------------------------
bat[     128] ncas =         640000. : rijk    = 131849333659001.
       low neutron =              0. : ncall/s =  1.541383400E+03
          cpu time =   6.541 s.

-------------------------------------------------------------------------------
bat[     129] ncas =         645000. : rijk    = 202271691884185.
       low neutron =              0. : ncall/s =  1.525463200E+03
          cpu time =   6.459 s.

-------------------------------------------------------------------------------
bat[     130] ncas =         650000. : rijk    =  90180592049081.
       low neutron =              0. : ncall/s =  1.529405600E+03
          cpu time =   6.492 s.

-------------------------------------------------------------------------------
bat[     131] ncas =         655000. : rijk    =  45883529254105.
       low neutron =              0. : ncall/s =  1.545140200E+03
          cpu time =   6.528 s.

-------------------------------------------------------------------------------
bat[     132] ncas =         660000. : rijk    =  50042361115129.
       low neutron =              0. : ncall/s =  1.532528400E+03
          cpu time =   6.494 s.

-------------------------------------------------------------------------------
bat[     133] ncas =         665000. : rijk    =  50049282372377.
       low neutron =              0. : ncall/s =  1.551954400E+03
          cpu time =   6.586 s.

-------------------------------------------------------------------------------
bat[     134] ncas =         670000. : rijk    =  99878778230841.
       low neutron =              0. : ncall/s =  1.545344800E+03
          cpu time =   6.556 s.

-------------------------------------------------------------------------------
bat[     135] ncas =         675000. : rijk    =  94762026672473.
       low neutron =              0. : ncall/s =  1.525421400E+03
          cpu time =   6.444 s.

-------------------------------------------------------------------------------
bat[     136] ncas =         680000. : rijk    = 191708522139257.
       low neutron =              0. : ncall/s =  1.539781400E+03
          cpu time =   6.550 s.

-------------------------------------------------------------------------------
bat[     137] ncas =         685000. : rijk    = 219637716574105.
       low neutron =              0. : ncall/s =  1.525716000E+03
          cpu time =   6.510 s.

-------------------------------------------------------------------------------
bat[     138] ncas =         690000. : rijk    = 104730333828281.
       low neutron =              0. : ncall/s =  1.546031800E+03
          cpu time =   6.556 s.

-------------------------------------------------------------------------------
bat[     139] ncas =         695000. : rijk    =  56765827788249.
       low neutron =              0. : ncall/s =  1.539081000E+03
          cpu time =   6.584 s.

-------------------------------------------------------------------------------
bat[     140] ncas =         700000. : rijk    = 239678291667705.
       low neutron =              0. : ncall/s =  1.538994000E+03
          cpu time =   6.904 s.

-------------------------------------------------------------------------------
bat[     141] ncas =         705000. : rijk    =  99263381670937.
       low neutron =              0. : ncall/s =  1.531266000E+03
          cpu time =   6.576 s.

-------------------------------------------------------------------------------
bat[     142] ncas =         710000. : rijk    = 257653259768121.
       low neutron =              0. : ncall/s =  1.517014000E+03
          cpu time =   6.458 s.

-------------------------------------------------------------------------------
bat[     143] ncas =         715000. : rijk    = 271146398677593.
       low neutron =              0. : ncall/s =  1.546942400E+03
          cpu time =   6.552 s.

-------------------------------------------------------------------------------
bat[     144] ncas =         720000. : rijk    = 176981299709817.
       low neutron =              0. : ncall/s =  1.527133800E+03
          cpu time =   6.518 s.

-------------------------------------------------------------------------------
bat[     145] ncas =         725000. : rijk    = 271332082710681.
       low neutron =              0. : ncall/s =  1.540243000E+03
          cpu time =   6.532 s.

-------------------------------------------------------------------------------
bat[     146] ncas =         730000. : rijk    =  97400534470073.
       low neutron =              0. : ncall/s =  1.534160600E+03
          cpu time =   6.661 s.

-------------------------------------------------------------------------------
bat[     147] ncas =         735000. : rijk    = 253610527229657.
       low neutron =              0. : ncall/s =  1.534100000E+03
          cpu time =   6.659 s.

-------------------------------------------------------------------------------
bat[     148] ncas =         740000. : rijk    =  68902510879737.
       low neutron =              0. : ncall/s =  1.527808400E+03
          cpu time =   6.596 s.

-------------------------------------------------------------------------------
bat[     149] ncas =         745000. : rijk    = 122949757281561.
       low neutron =              0. : ncall/s =  1.538252400E+03
          cpu time =   6.574 s.

-------------------------------------------------------------------------------
bat[     150] ncas =         750000. : rijk    = 215179223386681.
       low neutron =              0. : ncall/s =  1.533926000E+03
          cpu time =   6.548 s.

-------------------------------------------------------------------------------
bat[     151] ncas =         755000. : rijk    = 232097548981081.
       low neutron =              0. : ncall/s =  1.542944000E+03
          cpu time =   6.562 s.

-------------------------------------------------------------------------------
bat[     152] ncas =         760000. : rijk    =  95727055061113.
       low neutron =              0. : ncall/s =  1.528258200E+03
          cpu time =   6.547 s.

-------------------------------------------------------------------------------
bat[     153] ncas =         765000. : rijk    =  69993980334489.
       low neutron =              0. : ncall/s =  1.537609400E+03
          cpu time =   6.633 s.

-------------------------------------------------------------------------------
bat[     154] ncas =         770000. : rijk    = 231308565726905.
       low neutron =              0. : ncall/s =  1.548528200E+03
          cpu time =   6.751 s.

-------------------------------------------------------------------------------
bat[     155] ncas =         775000. : rijk    = 259232945332185.
       low neutron =              0. : ncall/s =  1.534021000E+03
          cpu time =   6.639 s.

-------------------------------------------------------------------------------
bat[     156] ncas =         780000. : rijk    = 273223755783417.
       low neutron =              0. : ncall/s =  1.528988800E+03
          cpu time =   6.670 s.

-------------------------------------------------------------------------------
bat[     157] ncas =         785000. : rijk    = 231961934544409.
       low neutron =              0. : ncall/s =  1.537661000E+03
          cpu time =   6.610 s.

-------------------------------------------------------------------------------
bat[     158] ncas =         790000. : rijk    = 118791456129849.
       low neutron =              0. : ncall/s =  1.531685400E+03
          cpu time =   6.630 s.

-------------------------------------------------------------------------------
bat[     159] ncas =         795000. : rijk    = 279158034672729.
       low neutron =              0. : ncall/s =  1.534730200E+03
          cpu time =   6.580 s.

-------------------------------------------------------------------------------
bat[     160] ncas =         800000. : rijk    = 142342333020537.
       low neutron =              0. : ncall/s =  1.534902600E+03
          cpu time =   6.599 s.

-------------------------------------------------------------------------------
bat[     161] ncas =         805000. : rijk    =  61194473581209.
       low neutron =              0. : ncall/s =  1.538107800E+03
          cpu time =   6.591 s.

-------------------------------------------------------------------------------
bat[     162] ncas =         810000. : rijk    =  88724717207481.
       low neutron =              0. : ncall/s =  1.535008800E+03
          cpu time =   6.605 s.

-------------------------------------------------------------------------------
bat[     163] ncas =         815000. : rijk    =  22835849574617.
       low neutron =              0. : ncall/s =  1.542061800E+03
          cpu time =   6.655 s.

-------------------------------------------------------------------------------
bat[     164] ncas =         820000. : rijk    = 116974140675577.
       low neutron =              0. : ncall/s =  1.535455800E+03
          cpu time =   6.664 s.

-------------------------------------------------------------------------------
bat[     165] ncas =         825000. : rijk    =  52376185132825.
       low neutron =              0. : ncall/s =  1.531691600E+03
          cpu time =   6.606 s.

-------------------------------------------------------------------------------
bat[     166] ncas =         830000. : rijk    = 163448069798969.
       low neutron =              0. : ncall/s =  1.542145200E+03
          cpu time =   6.632 s.

-------------------------------------------------------------------------------
bat[     167] ncas =         835000. : rijk    = 139208083604825.
       low neutron =              0. : ncall/s =  1.534078000E+03
          cpu time =   6.708 s.

-------------------------------------------------------------------------------
bat[     168] ncas =         840000. : rijk    = 267651788092025.
       low neutron =              0. : ncall/s =  1.533663000E+03
          cpu time =   6.621 s.

-------------------------------------------------------------------------------
bat[     169] ncas =         845000. : rijk    = 184286896178073.
       low neutron =              0. : ncall/s =  1.524488000E+03
          cpu time =   6.559 s.

-------------------------------------------------------------------------------
bat[     170] ncas =         850000. : rijk    =    381754357945.
       low neutron =              0. : ncall/s =  1.540989600E+03
          cpu time =   6.658 s.

-------------------------------------------------------------------------------
bat[     171] ncas =         855000. : rijk    =  58603480388057.
       low neutron =              0. : ncall/s =  1.526864000E+03
          cpu time =   6.592 s.

-------------------------------------------------------------------------------
bat[     172] ncas =         860000. : rijk    = 200362342829817.
       low neutron =              0. : ncall/s =  1.537178600E+03
          cpu time =   6.685 s.

-------------------------------------------------------------------------------
bat[     173] ncas =         865000. : rijk    = 160354201301017.
       low neutron =              0. : ncall/s =  1.526525600E+03
          cpu time =   6.645 s.

-------------------------------------------------------------------------------
bat[     174] ncas =         870000. : rijk    =  92452710315321.
       low neutron =              0. : ncall/s =  1.534621800E+03
          cpu time =   6.658 s.

-------------------------------------------------------------------------------
bat[     175] ncas =         875000. : rijk    = 188222036106841.
       low neutron =              0. : ncall/s =  1.540831800E+03
          cpu time =   6.602 s.

-------------------------------------------------------------------------------
bat[     176] ncas =         880000. : rijk    =  30474114706297.
       low neutron =              0. : ncall/s =  1.536684000E+03
          cpu time =   6.642 s.

-------------------------------------------------------------------------------
bat[     177] ncas =         885000. : rijk    =  40632130493593.
       low neutron =              0. : ncall/s =  1.543358400E+03
          cpu time =   6.638 s.

-------------------------------------------------------------------------------
bat[     178] ncas =         890000. : rijk    = 122984662757817.
       low neutron =              0. : ncall/s =  1.536063000E+03
          cpu time =   6.631 s.

-------------------------------------------------------------------------------
bat[     179] ncas =         895000. : rijk    = 276920690830041.
       low neutron =              0. : ncall/s =  1.530332000E+03
          cpu time =   6.579 s.

-------------------------------------------------------------------------------
bat[     180] ncas =         900000. : rijk    = 199977207416825.
       low neutron =              0. : ncall/s =  1.528959200E+03
          cpu time =   6.595 s.

-------------------------------------------------------------------------------
bat[     181] ncas =         905000. : rijk    = 139306049603865.
       low neutron =              0. : ncall/s =  1.542934400E+03
          cpu time =   6.705 s.

-------------------------------------------------------------------------------
bat[     182] ncas =         910000. : rijk    = 104551650635321.
       low neutron =              0. : ncall/s =  1.540453800E+03
          cpu time =   6.741 s.

-------------------------------------------------------------------------------
bat[     183] ncas =         915000. : rijk    = 141749996304217.
       low neutron =              0. : ncall/s =  1.543549400E+03
          cpu time =   6.679 s.

-------------------------------------------------------------------------------
bat[     184] ncas =         920000. : rijk    = 138037837735033.
       low neutron =              0. : ncall/s =  1.530201000E+03
          cpu time =   6.602 s.

-------------------------------------------------------------------------------
bat[     185] ncas =         925000. : rijk    = 187723793429913.
       low neutron =              0. : ncall/s =  1.532993400E+03
          cpu time =   6.638 s.

-------------------------------------------------------------------------------
bat[     186] ncas =         930000. : rijk    =  79670345837241.
       low neutron =              0. : ncall/s =  1.533252400E+03
          cpu time =   6.618 s.

-------------------------------------------------------------------------------
bat[     187] ncas =         935000. : rijk    = 222966969811929.
       low neutron =              0. : ncall/s =  1.532622800E+03
          cpu time =   6.612 s.

-------------------------------------------------------------------------------
bat[     188] ncas =         940000. : rijk    = 268466049663225.
       low neutron =              0. : ncall/s =  1.537525800E+03
          cpu time =   6.673 s.

-------------------------------------------------------------------------------
bat[     189] ncas =         945000. : rijk    =  14752845144601.
       low neutron =              0. : ncall/s =  1.534078400E+03
          cpu time =   6.617 s.

-------------------------------------------------------------------------------
bat[     190] ncas =         950000. : rijk    =  72181023401785.
       low neutron =              0. : ncall/s =  1.532198600E+03
          cpu time =   6.661 s.

-------------------------------------------------------------------------------
bat[     191] ncas =         955000. : rijk    = 278674273833049.
       low neutron =              0. : ncall/s =  1.546038200E+03
          cpu time =   6.699 s.

-------------------------------------------------------------------------------
bat[     192] ncas =         960000. : rijk    =  45747429055865.
       low neutron =              0. : ncall/s =  1.548043000E+03
          cpu time =   6.713 s.

-------------------------------------------------------------------------------
bat[     193] ncas =         965000. : rijk    =  55613701787289.
       low neutron =              0. : ncall/s =  1.538458800E+03
          cpu time =   6.647 s.

-------------------------------------------------------------------------------
bat[     194] ncas =         970000. : rijk    =   7842206147513.
       low neutron =              0. : ncall/s =  1.532324200E+03
          cpu time =   6.636 s.

-------------------------------------------------------------------------------
bat[     195] ncas =         975000. : rijk    = 159735395458265.
       low neutron =              0. : ncall/s =  1.540943400E+03
          cpu time =   6.824 s.

-------------------------------------------------------------------------------
bat[     196] ncas =         980000. : rijk    = 182413143325177.
       low neutron =              0. : ncall/s =  1.532478000E+03
          cpu time =   6.695 s.

-------------------------------------------------------------------------------
bat[     197] ncas =         985000. : rijk    =    339565558553.
       low neutron =              0. : ncall/s =  1.547809800E+03
          cpu time =   6.905 s.

-------------------------------------------------------------------------------
bat[     198] ncas =         990000. : rijk    = 167088937148473.
       low neutron =              0. : ncall/s =  1.541577200E+03
          cpu time =   7.303 s.

-------------------------------------------------------------------------------
bat[     199] ncas =         995000. : rijk    = 131691035158873.
       low neutron =              0. : ncall/s =  1.536805800E+03
          cpu time =   6.787 s.

-------------------------------------------------------------------------------
bat[     200] ncas =        1000000. : rijk    =  60549051487865.
       low neutron =              0. : ncall/s =  1.536883800E+03
          cpu time =   7.091 s.

===============================================================================

 Summary for the end of job

-------------------------------------------------------------------------------
 number of analyz call vs ncol
-------------------------------------------------------------------------------
     ncol          number
        1              1.   : start of calculation            
        2              1.   : end of calculation              
        3            200.   : end of a batch                  
        4        1000000.   : source                          
        5              0.   : detection of geometry error/warn
        6              0.   : recovery from geometry warning  
        7              0.   : termination by geometry error   
        8              0.   : termination by weight cut-off   
        9              0.   : termination by time cut-off     
       10        1462906.   : geometry boundary crossing      
       11        2907813.   : termination by energy cut-off   
       12         149364.   : termination by escape or leakage
       13        5531795.   : reaction : (n,x) type           
       14      216517414.   : reaction : (n,n'x) type         
       15              0.   : sequential transport for tally  

-------------------------------------------------------------------------------
 List of transport particles
-------------------------------------------------------------------------------
     Name      kf-code        mass       charge   baryon
     positron      -11          0.5         1       0
     photon         22          0.0         0       0

-------------------------------------------------------------------------------
 prod. particles       number        weight        weight per source
-------------------------------------------------------------------------------
     photon           208688.     2.0868800E+05     2.0868800E-01
     positron         104344.     1.0434400E+05     1.0434400E-01

-------------------------------------------------------------------------------
 particle decays       number        weight        weight per source
-------------------------------------------------------------------------------
     positron         104344.     1.0434400E+05     1.0434400E-01

-------------------------------------------------------------------------------
 stop. particles.    number        weight        weight per source
-------------------------------------------------------------------------------
     electron       14996302.     1.4996302E+07     1.4996302E+01
     photon           458923.     4.5892300E+05     4.5892300E-01
     positron         124950.     1.2495000E+05     1.2495000E-01

-------------------------------------------------------------------------------
 leak. particles       number        weight        weight per source
-------------------------------------------------------------------------------
     photon           146432.     1.4643200E+05     1.4643200E-01
     electron           2800.     2.8000000E+03     2.8000000E-03
     positron            132.     1.3200000E+02     1.3200000E-04

-------------------------------------------------------------------------------
 source: maxcas    maxbch      irskip   average weight          total source
-------------------------------------------------------------------------------
        5000         200           0    1.0000000E+00    1.0000000000000E+06

-------------------------------------------------------------------------------
 CG error summary
-------------------------------------------------------------------------------
 Number of lost particles     =     0 / nlost =       10
 Number of geometry recovering =     0
 Number of unrecovered errors =     0

-------------------------------------------------------------------------------
      initial random seed =   6647299061401.0
 next initial random seed =  85461988288409.0

-------------------------------------------------------------------------------
 job termination date : 2021/02/07
                 time :   10:16:05

-------------------------------------------------------------------------------
    CPU time and number of event called in PHITS
-------------------------------------------------------------------------------

                             sec
total cpu time =         1283.19


                           count
      analysis =      227569492.  : data processing
         nevap =              0.  : evaporation
        dexgam =              0.  : de-excitation
         nreac =      222049209.  : atomic and nuclear reactions
         dklos =         104344.  : particle decay
         hydro =              0.  : nucleon-nucleon scattering
        n-data =              0.  : neutron data library
        h-data =              0.  : proton data library
        p-data =              0.  : photon data library
        e-data =              0.  : electron data library
        p-egs5 =        7406215.  : photon interaction with EGS5
        e-egs5 =      214538650.  : electron interaction with EGS5
      e-tsmode =              0.  : electron track structure mode
     photonucl =              0.  : photo-nuclear reaction
       mu-reac =              0.  : muon-induced nuclear reaction
       mu-brem =              0.  : muon-induced bremsstrahlung
       mu-pprd =              0.  : muon-induced pair production
        mu-cap =              0.  : muon capture in nucleus
         elast =              0.  : elastic scattering
         ncasc =              0.  : nuclear reaction model

       bertini =              0.  : Bertini model
        isobar =              0.  : isobar model
           JAM =              0.  : JAM model
           QMD =              0.  : JQMD model
        JAMQMD =              0.  : JAMQMD model
          INCL =              0.  : INCL model
        INCELF =              0.  : INCELF model

>>> Citation Request >>>=======================================================

 This execution uses model(s) that must be explicitly cited in addition to
 the PHITS original document: T.Sato et al., J.Nucl.Sci.Technol.55, 684-690 (2018).
 Please refer the following document(s) in your publication using this result

 The EGS5 code:
    H. Hirayama et al., SLAC-R-730 (2005) and KEK Report 2005-8 (2005)

 The KUROTAMA model:
    K. Iida, A. Kohama, and K. Oyamatsu, J. Phys. Soc. Japan 76, 044201 (2007).

 END 
