           _________________________________________________________
          |                                                         |
          |       _/_/_/_/                                          |
          |      _/      _/                  _/_/_/_/_/_/           |
          |     _/      _/  _/      _/   _/      _/      _/_/_/_/_/ |
          |    _/_/_/_/    _/      _/   _/      _/      _/          |
          |   _/          _/_/_/_/_/   _/      _/       _/_/_/_/    |
          |  _/          _/      _/   _/      _/              _/    |
          | _/          _/      _/   _/      _/      _/_/_/_/_/     |
          |                                                         |
          |                                                         |
          |       Particle and Heavy Ion Transport code System      |
          |                      Version =  3.170                   |
          |                       developed by                      |
          |                                                         |
          |                     Koji NIITA (RIST),                  |
          |                                                         |
          |  Tatsuhiko SATO, Yosuke IWAMOTO, Shintaro HASHIMOTO,    |
          |    Tatsuhiko OGAWA, Takuya FURUTA, Shinichiro ABE,      |
          |      Takeshi KAI, Pi-En TSAI, Norihiro MATSUDA,         |
          |         Yusuke MATSUYA, Hunter RATLIFF (JAEA),          |
          |                                                         |
          |                    Hiroshi IWASE (KEK),                 |
          |                                                         |
          |           Nobuhiro SHIGYO (Kyushu University), and      |
          |                                                         |
          |        Lembit SIHVER (Technische Universitat Wien)      |
          |                                                         |
          |                 Last Revised  2019-10-29                |
          |_________________________________________________________|

                        Starting Date = 2020-07-24
                        Starting Time = 18h 16m 34

>>> Input Echo >>>=============================================================

[ P a r a m e t e r s ]
 icntl    =           0     # (D=0) 3:ECH 5:NOR 6:SRC 7,8:GSH 11:DSH 12:DUMP
 maxcas   =          10     # (D=10) number of particles per one batch
 maxbch   =           1     # (D=10) number of batches
 ndedx    =           3     # (D=3) 0: SPAR, 1: ATIMA, 2: SPAR all for dE/dx, 3: ATIMA all for dE/dx
 negs     =           1     # (D=-1) =-1:original, =0:No, =1:EGS
 e-mode   =           2     # (D=0) 0: Normal, 1: Event generator mode Ver.1, 2: Ver.2
 emin(2)  = 1.000000000E-11 # (D=1.0d-3) cut-off energy of neutron (MeV)
 dmax(2)  =  20.0000000     # (D=emin(2)) data max. energy of neutron (MeV)
 emin(12) = 0.100000000     # (D=1.d9) cut-off energy of electron (MeV)
 emin(13) = 0.100000000     # (D=1.d9) cut-off energy of positron (MeV)
 emin(14) = 1.000000000E-03 # (D=1.d9) cut-off energy of photon (MeV)
 dmax(12) =  1000.00000     # (D=emin(12)) data max. energy of electron (MeV)
 dmax(13) =  1000.00000     # (D=emin(13)) data max. energy of positron (MeV)
 dmax(14) =  1000.00000     # (D=emin(14)) data max. energy of photon (MeV)
 file(1)  = /mnt/hdpablo/pablo/phits/phits # (D=PhitsPath) PHITS install folder name
 file(6)  = phits.out       # (D=phits.out) general output file name

[ S o u r c e ]
  totfact =   1.0000        # (D=1.0) global factor
   s-type =   1             # cylindrical source
     proj =  alpha          # kind of incident particle         
       e0 =   100.00        # energy of beam [MeV/u]
       r0 =   0.0000        # radius [cm]
       x0 =  -3.0945        # (D=0.0) center position of x-axis [cm]
       y0 =   0.0000        # (D=0.0) center position of y-axis [cm]
       z0 =   0.0000        # minimum position of z-axis [cm]
       z1 =   0.0000        # maximum position of z-axis [cm]
      dir =   0.0000        # z-direction of beam [cosine]
      phi =   0.0000        # azimuthal angle of beam [degree]
      dom =   0.0000        # spread of beam direction [degree]

[ M a t e r i a l ]
MAT[ 1 ] 
         28Si         1.0000000E+00

[ C e l l ]
 100        1 -2.3300000E+00  -1000 
 101        0                 1000 -9999 
 999       -1                 9999 

[ S u r f a c e ]
 1000          rpp  -3.0945000E+00  3.0945000E+00 -6.6450000E-01
                     6.6450000E-01 -1.0000000E-02  1.0000000E-02
 9999          so    4.0000000E+01

[ Mat Name Color ]
   mat       name     size           color   # HSB color value
     0       void     1.00       lightgray   # { -0.800  1.000  1.000 }
     1    Silicon     1.00     yellowgreen   # {  0.700  1.000  1.000 }

[ T - Deposit ]
    title = Total Energy Deposition in silicon
     mesh =  reg            # mesh type is region-wise
      reg = 100
     unit =    3            # unit is [1/source] : only for output=deposit
   letmat =    0            # (D=0) mat ID for LET, 0:real mat, <0: electron for H2O
  dedxfnc =    0            # (D=0) user defined multiplier, 0(no), 1, 2
 material =  all            # (D=all) number of specific material
   output = deposit         # deposit enerygy distribution
  deposit =    0            # (D=0) 0-> total deposit dist, 1-> each process
   e-type =    3            # e-mesh is log given by emin, emax and ne
     emin =  1.1000000E-02  # minimum value of e-mesh points
     emax =   500.0000      # maximum value of e-mesh points
#    edel =  5.3622341E-02  # mesh width of e-mesh points
       ne =    200          # number of e-mesh points
#    data = ( e(i), i = 1, ne + 1 )
#           1.10000E-02  1.16059E-02  1.22453E-02  1.29198E-02  1.36315E-02
#           1.43824E-02  1.51747E-02  1.60106E-02  1.68926E-02  1.78231E-02
#           1.88049E-02  1.98408E-02  2.09338E-02  2.20869E-02  2.33036E-02
#           2.45873E-02  2.59417E-02  2.73708E-02  2.88785E-02  3.04693E-02
#           3.21477E-02  3.39186E-02  3.57871E-02  3.77584E-02  3.98384E-02
#           4.20329E-02  4.43484E-02  4.67914E-02  4.93689E-02  5.20884E-02
#           5.49578E-02  5.79852E-02  6.11794E-02  6.45495E-02  6.81053E-02
#           7.18569E-02  7.58153E-02  7.99916E-02  8.43980E-02  8.90472E-02
#           9.39525E-02  9.91279E-02  1.04588E-01  1.10350E-01  1.16429E-01
#           1.22842E-01  1.29609E-01  1.36749E-01  1.44282E-01  1.52230E-01
#           1.60615E-01  1.69463E-01  1.78798E-01  1.88647E-01  1.99039E-01
#           2.10003E-01  2.21572E-01  2.33777E-01  2.46655E-01  2.60242E-01
#           2.74578E-01  2.89704E-01  3.05662E-01  3.22500E-01  3.40265E-01
#           3.59009E-01  3.78785E-01  3.99651E-01  4.21666E-01  4.44894E-01
#           4.69402E-01  4.95259E-01  5.22541E-01  5.51326E-01  5.81696E-01
#           6.13740E-01  6.47548E-01  6.83219E-01  7.20855E-01  7.60564E-01
#           8.02460E-01  8.46665E-01  8.93304E-01  9.42513E-01  9.94432E-01
#           1.04921E+00  1.10701E+00  1.16799E+00  1.23233E+00  1.30021E+00
#           1.37184E+00  1.44741E+00  1.52714E+00  1.61126E+00  1.70002E+00
#           1.79367E+00  1.89247E+00  1.99672E+00  2.10671E+00  2.22276E+00
#           2.34521E+00  2.47440E+00  2.61070E+00  2.75451E+00  2.90625E+00
#           3.06634E+00  3.23526E+00  3.41347E+00  3.60151E+00  3.79990E+00
#           4.00922E+00  4.23008E+00  4.46309E+00  4.70895E+00  4.96835E+00
#           5.24203E+00  5.53079E+00  5.83546E+00  6.15692E+00  6.49608E+00
#           6.85392E+00  7.23148E+00  7.62983E+00  8.05013E+00  8.49358E+00
#           8.96145E+00  9.45511E+00  9.97595E+00  1.05255E+01  1.11053E+01
#           1.17170E+01  1.23625E+01  1.30435E+01  1.37620E+01  1.45201E+01
#           1.53200E+01  1.61639E+01  1.70543E+01  1.79937E+01  1.89849E+01
#           2.00307E+01  2.11341E+01  2.22983E+01  2.35267E+01  2.48227E+01
#           2.61900E+01  2.76328E+01  2.91549E+01  3.07610E+01  3.24555E+01
#           3.42433E+01  3.61296E+01  3.81199E+01  4.02197E+01  4.24353E+01
#           4.47729E+01  4.72393E+01  4.98415E+01  5.25870E+01  5.54839E+01
#           5.85402E+01  6.17650E+01  6.51674E+01  6.87572E+01  7.25448E+01
#           7.65410E+01  8.07573E+01  8.52059E+01  8.98996E+01  9.48518E+01
#           1.00077E+02  1.05590E+02  1.11406E+02  1.17543E+02  1.24018E+02
#           1.30850E+02  1.38058E+02  1.45663E+02  1.53687E+02  1.62153E+02
#           1.71085E+02  1.80510E+02  1.90453E+02  2.00944E+02  2.12014E+02
#           2.23693E+02  2.36015E+02  2.49016E+02  2.62733E+02  2.77206E+02
#           2.92477E+02  3.08588E+02  3.25587E+02  3.43522E+02  3.62445E+02
#           3.82411E+02  4.03477E+02  4.25703E+02  4.49153E+02  4.73895E+02
#           5.00000E+02
     axis =   eng           # axis of output
     file = deposit_Si.out  # file name of output for the above axis
     part =  all      
# kf/name :  0        
   epsout =    1            # (D=0) generate eps file by ANGEL
#    used :        main (  %)        temp (  %)       total (  %)
#  memory :         205 (  0)           0 (  0)         205 (  0)

[ T - Deposit ]
    title = Energy deposition in mesh
     mesh =  xyz            # mesh type is xyz scoring mesh
   x-type =    2            # x-mesh is linear given by xmin, xmax and nx
     xmin =  -3.094500      # minimum value of x-mesh points
     xmax =   3.094500      # maximum value of x-mesh points
#    xdel =  1.5000000E-03  # mesh width of x-mesh points
       nx =   4126          # number of x-mesh points
#    data = ( x(i), i = 1, nx + 1 )
#          -3.09450E+00 -3.09300E+00 -3.09150E+00 -3.09000E+00 -3.08850E+00
#          -3.08700E+00 -3.08550E+00 -3.08400E+00 -3.08250E+00 -3.08100E+00
#          -3.07950E+00 -3.07800E+00 -3.07650E+00 -3.07500E+00 -3.07350E+00
#          -3.07200E+00 -3.07050E+00 -3.06900E+00 -3.06750E+00 -3.06600E+00
#          -3.06450E+00 -3.06300E+00 -3.06150E+00 -3.06000E+00 -3.05850E+00
#          -3.05700E+00 -3.05550E+00 -3.05400E+00 -3.05250E+00 -3.05100E+00
#          -3.04950E+00 -3.04800E+00 -3.04650E+00 -3.04500E+00 -3.04350E+00
#          -3.04200E+00 -3.04050E+00 -3.03900E+00 -3.03750E+00 -3.03600E+00
#          -3.03450E+00 -3.03300E+00 -3.03150E+00 -3.03000E+00 -3.02850E+00
#          -3.02700E+00 -3.02550E+00 -3.02400E+00 -3.02250E+00 -3.02100E+00
#          -3.01950E+00 -3.01800E+00 -3.01650E+00 -3.01500E+00 -3.01350E+00
#          -3.01200E+00 -3.01050E+00 -3.00900E+00 -3.00750E+00 -3.00600E+00
#          -3.00450E+00 -3.00300E+00 -3.00150E+00 -3.00000E+00 -2.99850E+00
#          -2.99700E+00 -2.99550E+00 -2.99400E+00 -2.99250E+00 -2.99100E+00
#          -2.98950E+00 -2.98800E+00 -2.98650E+00 -2.98500E+00 -2.98350E+00
#          -2.98200E+00 -2.98050E+00 -2.97900E+00 -2.97750E+00 -2.97600E+00
#          -2.97450E+00 -2.97300E+00 -2.97150E+00 -2.97000E+00 -2.96850E+00
#          -2.96700E+00 -2.96550E+00 -2.96400E+00 -2.96250E+00 -2.96100E+00
#          -2.95950E+00 -2.95800E+00 -2.95650E+00 -2.95500E+00 -2.95350E+00
#          -2.95200E+00 -2.95050E+00 -2.94900E+00 -2.94750E+00 -2.94600E+00
#          -2.94450E+00 -2.94300E+00 -2.94150E+00 -2.94000E+00 -2.93850E+00
#          -2.93700E+00 -2.93550E+00 -2.93400E+00 -2.93250E+00 -2.93100E+00
#          -2.92950E+00 -2.92800E+00 -2.92650E+00 -2.92500E+00 -2.92350E+00
#          -2.92200E+00 -2.92050E+00 -2.91900E+00 -2.91750E+00 -2.91600E+00
#          -2.91450E+00 -2.91300E+00 -2.91150E+00 -2.91000E+00 -2.90850E+00
#          -2.90700E+00 -2.90550E+00 -2.90400E+00 -2.90250E+00 -2.90100E+00
#          -2.89950E+00 -2.89800E+00 -2.89650E+00 -2.89500E+00 -2.89350E+00
#          -2.89200E+00 -2.89050E+00 -2.88900E+00 -2.88750E+00 -2.88600E+00
#          -2.88450E+00 -2.88300E+00 -2.88150E+00 -2.88000E+00 -2.87850E+00
#          -2.87700E+00 -2.87550E+00 -2.87400E+00 -2.87250E+00 -2.87100E+00
#          -2.86950E+00 -2.86800E+00 -2.86650E+00 -2.86500E+00 -2.86350E+00
#          -2.86200E+00 -2.86050E+00 -2.85900E+00 -2.85750E+00 -2.85600E+00
#          -2.85450E+00 -2.85300E+00 -2.85150E+00 -2.85000E+00 -2.84850E+00
#          -2.84700E+00 -2.84550E+00 -2.84400E+00 -2.84250E+00 -2.84100E+00
#          -2.83950E+00 -2.83800E+00 -2.83650E+00 -2.83500E+00 -2.83350E+00
#          -2.83200E+00 -2.83050E+00 -2.82900E+00 -2.82750E+00 -2.82600E+00
#          -2.82450E+00 -2.82300E+00 -2.82150E+00 -2.82000E+00 -2.81850E+00
#          -2.81700E+00 -2.81550E+00 -2.81400E+00 -2.81250E+00 -2.81100E+00
#          -2.80950E+00 -2.80800E+00 -2.80650E+00 -2.80500E+00 -2.80350E+00
#          -2.80200E+00 -2.80050E+00 -2.79900E+00 -2.79750E+00 -2.79600E+00
#          -2.79450E+00 -2.79300E+00 -2.79150E+00 -2.79000E+00 -2.78850E+00
#          -2.78700E+00 -2.78550E+00 -2.78400E+00 -2.78250E+00 -2.78100E+00
#          -2.77950E+00 -2.77800E+00 -2.77650E+00 -2.77500E+00 -2.77350E+00
#          -2.77200E+00 -2.77050E+00 -2.76900E+00 -2.76750E+00 -2.76600E+00
#          -2.76450E+00 -2.76300E+00 -2.76150E+00 -2.76000E+00 -2.75850E+00
#          -2.75700E+00 -2.75550E+00 -2.75400E+00 -2.75250E+00 -2.75100E+00
#          -2.74950E+00 -2.74800E+00 -2.74650E+00 -2.74500E+00 -2.74350E+00
#          -2.74200E+00 -2.74050E+00 -2.73900E+00 -2.73750E+00 -2.73600E+00
#          -2.73450E+00 -2.73300E+00 -2.73150E+00 -2.73000E+00 -2.72850E+00
#          -2.72700E+00 -2.72550E+00 -2.72400E+00 -2.72250E+00 -2.72100E+00
#          -2.71950E+00 -2.71800E+00 -2.71650E+00 -2.71500E+00 -2.71350E+00
#          -2.71200E+00 -2.71050E+00 -2.70900E+00 -2.70750E+00 -2.70600E+00
#          -2.70450E+00 -2.70300E+00 -2.70150E+00 -2.70000E+00 -2.69850E+00
#          -2.69700E+00 -2.69550E+00 -2.69400E+00 -2.69250E+00 -2.69100E+00
#          -2.68950E+00 -2.68800E+00 -2.68650E+00 -2.68500E+00 -2.68350E+00
#          -2.68200E+00 -2.68050E+00 -2.67900E+00 -2.67750E+00 -2.67600E+00
#          -2.67450E+00 -2.67300E+00 -2.67150E+00 -2.67000E+00 -2.66850E+00
#          -2.66700E+00 -2.66550E+00 -2.66400E+00 -2.66250E+00 -2.66100E+00
#          -2.65950E+00 -2.65800E+00 -2.65650E+00 -2.65500E+00 -2.65350E+00
#          -2.65200E+00 -2.65050E+00 -2.64900E+00 -2.64750E+00 -2.64600E+00
#          -2.64450E+00 -2.64300E+00 -2.64150E+00 -2.64000E+00 -2.63850E+00
#          -2.63700E+00 -2.63550E+00 -2.63400E+00 -2.63250E+00 -2.63100E+00
#          -2.62950E+00 -2.62800E+00 -2.62650E+00 -2.62500E+00 -2.62350E+00
#          -2.62200E+00 -2.62050E+00 -2.61900E+00 -2.61750E+00 -2.61600E+00
#          -2.61450E+00 -2.61300E+00 -2.61150E+00 -2.61000E+00 -2.60850E+00
#          -2.60700E+00 -2.60550E+00 -2.60400E+00 -2.60250E+00 -2.60100E+00
#          -2.59950E+00 -2.59800E+00 -2.59650E+00 -2.59500E+00 -2.59350E+00
#          -2.59200E+00 -2.59050E+00 -2.58900E+00 -2.58750E+00 -2.58600E+00
#          -2.58450E+00 -2.58300E+00 -2.58150E+00 -2.58000E+00 -2.57850E+00
#          -2.57700E+00 -2.57550E+00 -2.57400E+00 -2.57250E+00 -2.57100E+00
#          -2.56950E+00 -2.56800E+00 -2.56650E+00 -2.56500E+00 -2.56350E+00
#          -2.56200E+00 -2.56050E+00 -2.55900E+00 -2.55750E+00 -2.55600E+00
#          -2.55450E+00 -2.55300E+00 -2.55150E+00 -2.55000E+00 -2.54850E+00
#          -2.54700E+00 -2.54550E+00 -2.54400E+00 -2.54250E+00 -2.54100E+00
#          -2.53950E+00 -2.53800E+00 -2.53650E+00 -2.53500E+00 -2.53350E+00
#          -2.53200E+00 -2.53050E+00 -2.52900E+00 -2.52750E+00 -2.52600E+00
#          -2.52450E+00 -2.52300E+00 -2.52150E+00 -2.52000E+00 -2.51850E+00
#          -2.51700E+00 -2.51550E+00 -2.51400E+00 -2.51250E+00 -2.51100E+00
#          -2.50950E+00 -2.50800E+00 -2.50650E+00 -2.50500E+00 -2.50350E+00
#          -2.50200E+00 -2.50050E+00 -2.49900E+00 -2.49750E+00 -2.49600E+00
#          -2.49450E+00 -2.49300E+00 -2.49150E+00 -2.49000E+00 -2.48850E+00
#          -2.48700E+00 -2.48550E+00 -2.48400E+00 -2.48250E+00 -2.48100E+00
#          -2.47950E+00 -2.47800E+00 -2.47650E+00 -2.47500E+00 -2.47350E+00
#          -2.47200E+00 -2.47050E+00 -2.46900E+00 -2.46750E+00 -2.46600E+00
#          -2.46450E+00 -2.46300E+00 -2.46150E+00 -2.46000E+00 -2.45850E+00
#          -2.45700E+00 -2.45550E+00 -2.45400E+00 -2.45250E+00 -2.45100E+00
#          -2.44950E+00 -2.44800E+00 -2.44650E+00 -2.44500E+00 -2.44350E+00
#          -2.44200E+00 -2.44050E+00 -2.43900E+00 -2.43750E+00 -2.43600E+00
#          -2.43450E+00 -2.43300E+00 -2.43150E+00 -2.43000E+00 -2.42850E+00
#          -2.42700E+00 -2.42550E+00 -2.42400E+00 -2.42250E+00 -2.42100E+00
#          -2.41950E+00 -2.41800E+00 -2.41650E+00 -2.41500E+00 -2.41350E+00
#          -2.41200E+00 -2.41050E+00 -2.40900E+00 -2.40750E+00 -2.40600E+00
#          -2.40450E+00 -2.40300E+00 -2.40150E+00 -2.40000E+00 -2.39850E+00
#          -2.39700E+00 -2.39550E+00 -2.39400E+00 -2.39250E+00 -2.39100E+00
#          -2.38950E+00 -2.38800E+00 -2.38650E+00 -2.38500E+00 -2.38350E+00
#          -2.38200E+00 -2.38050E+00 -2.37900E+00 -2.37750E+00 -2.37600E+00
#          -2.37450E+00 -2.37300E+00 -2.37150E+00 -2.37000E+00 -2.36850E+00
#          -2.36700E+00 -2.36550E+00 -2.36400E+00 -2.36250E+00 -2.36100E+00
#          -2.35950E+00 -2.35800E+00 -2.35650E+00 -2.35500E+00 -2.35350E+00
#          -2.35200E+00 -2.35050E+00 -2.34900E+00 -2.34750E+00 -2.34600E+00
#          -2.34450E+00 -2.34300E+00 -2.34150E+00 -2.34000E+00 -2.33850E+00
#          -2.33700E+00 -2.33550E+00 -2.33400E+00 -2.33250E+00 -2.33100E+00
#          -2.32950E+00 -2.32800E+00 -2.32650E+00 -2.32500E+00 -2.32350E+00
#          -2.32200E+00 -2.32050E+00 -2.31900E+00 -2.31750E+00 -2.31600E+00
#          -2.31450E+00 -2.31300E+00 -2.31150E+00 -2.31000E+00 -2.30850E+00
#          -2.30700E+00 -2.30550E+00 -2.30400E+00 -2.30250E+00 -2.30100E+00
#          -2.29950E+00 -2.29800E+00 -2.29650E+00 -2.29500E+00 -2.29350E+00
#          -2.29200E+00 -2.29050E+00 -2.28900E+00 -2.28750E+00 -2.28600E+00
#          -2.28450E+00 -2.28300E+00 -2.28150E+00 -2.28000E+00 -2.27850E+00
#          -2.27700E+00 -2.27550E+00 -2.27400E+00 -2.27250E+00 -2.27100E+00
#          -2.26950E+00 -2.26800E+00 -2.26650E+00 -2.26500E+00 -2.26350E+00
#          -2.26200E+00 -2.26050E+00 -2.25900E+00 -2.25750E+00 -2.25600E+00
#          -2.25450E+00 -2.25300E+00 -2.25150E+00 -2.25000E+00 -2.24850E+00
#          -2.24700E+00 -2.24550E+00 -2.24400E+00 -2.24250E+00 -2.24100E+00
#          -2.23950E+00 -2.23800E+00 -2.23650E+00 -2.23500E+00 -2.23350E+00
#          -2.23200E+00 -2.23050E+00 -2.22900E+00 -2.22750E+00 -2.22600E+00
#          -2.22450E+00 -2.22300E+00 -2.22150E+00 -2.22000E+00 -2.21850E+00
#          -2.21700E+00 -2.21550E+00 -2.21400E+00 -2.21250E+00 -2.21100E+00
#          -2.20950E+00 -2.20800E+00 -2.20650E+00 -2.20500E+00 -2.20350E+00
#          -2.20200E+00 -2.20050E+00 -2.19900E+00 -2.19750E+00 -2.19600E+00
#          -2.19450E+00 -2.19300E+00 -2.19150E+00 -2.19000E+00 -2.18850E+00
#          -2.18700E+00 -2.18550E+00 -2.18400E+00 -2.18250E+00 -2.18100E+00
#          -2.17950E+00 -2.17800E+00 -2.17650E+00 -2.17500E+00 -2.17350E+00
#          -2.17200E+00 -2.17050E+00 -2.16900E+00 -2.16750E+00 -2.16600E+00
#          -2.16450E+00 -2.16300E+00 -2.16150E+00 -2.16000E+00 -2.15850E+00
#          -2.15700E+00 -2.15550E+00 -2.15400E+00 -2.15250E+00 -2.15100E+00
#          -2.14950E+00 -2.14800E+00 -2.14650E+00 -2.14500E+00 -2.14350E+00
#          -2.14200E+00 -2.14050E+00 -2.13900E+00 -2.13750E+00 -2.13600E+00
#          -2.13450E+00 -2.13300E+00 -2.13150E+00 -2.13000E+00 -2.12850E+00
#          -2.12700E+00 -2.12550E+00 -2.12400E+00 -2.12250E+00 -2.12100E+00
#          -2.11950E+00 -2.11800E+00 -2.11650E+00 -2.11500E+00 -2.11350E+00
#          -2.11200E+00 -2.11050E+00 -2.10900E+00 -2.10750E+00 -2.10600E+00
#          -2.10450E+00 -2.10300E+00 -2.10150E+00 -2.10000E+00 -2.09850E+00
#          -2.09700E+00 -2.09550E+00 -2.09400E+00 -2.09250E+00 -2.09100E+00
#          -2.08950E+00 -2.08800E+00 -2.08650E+00 -2.08500E+00 -2.08350E+00
#          -2.08200E+00 -2.08050E+00 -2.07900E+00 -2.07750E+00 -2.07600E+00
#          -2.07450E+00 -2.07300E+00 -2.07150E+00 -2.07000E+00 -2.06850E+00
#          -2.06700E+00 -2.06550E+00 -2.06400E+00 -2.06250E+00 -2.06100E+00
#          -2.05950E+00 -2.05800E+00 -2.05650E+00 -2.05500E+00 -2.05350E+00
#          -2.05200E+00 -2.05050E+00 -2.04900E+00 -2.04750E+00 -2.04600E+00
#          -2.04450E+00 -2.04300E+00 -2.04150E+00 -2.04000E+00 -2.03850E+00
#          -2.03700E+00 -2.03550E+00 -2.03400E+00 -2.03250E+00 -2.03100E+00
#          -2.02950E+00 -2.02800E+00 -2.02650E+00 -2.02500E+00 -2.02350E+00
#          -2.02200E+00 -2.02050E+00 -2.01900E+00 -2.01750E+00 -2.01600E+00
#          -2.01450E+00 -2.01300E+00 -2.01150E+00 -2.01000E+00 -2.00850E+00
#          -2.00700E+00 -2.00550E+00 -2.00400E+00 -2.00250E+00 -2.00100E+00
#          -1.99950E+00 -1.99800E+00 -1.99650E+00 -1.99500E+00 -1.99350E+00
#          -1.99200E+00 -1.99050E+00 -1.98900E+00 -1.98750E+00 -1.98600E+00
#          -1.98450E+00 -1.98300E+00 -1.98150E+00 -1.98000E+00 -1.97850E+00
#          -1.97700E+00 -1.97550E+00 -1.97400E+00 -1.97250E+00 -1.97100E+00
#          -1.96950E+00 -1.96800E+00 -1.96650E+00 -1.96500E+00 -1.96350E+00
#          -1.96200E+00 -1.96050E+00 -1.95900E+00 -1.95750E+00 -1.95600E+00
#          -1.95450E+00 -1.95300E+00 -1.95150E+00 -1.95000E+00 -1.94850E+00
#          -1.94700E+00 -1.94550E+00 -1.94400E+00 -1.94250E+00 -1.94100E+00
#          -1.93950E+00 -1.93800E+00 -1.93650E+00 -1.93500E+00 -1.93350E+00
#          -1.93200E+00 -1.93050E+00 -1.92900E+00 -1.92750E+00 -1.92600E+00
#          -1.92450E+00 -1.92300E+00 -1.92150E+00 -1.92000E+00 -1.91850E+00
#          -1.91700E+00 -1.91550E+00 -1.91400E+00 -1.91250E+00 -1.91100E+00
#          -1.90950E+00 -1.90800E+00 -1.90650E+00 -1.90500E+00 -1.90350E+00
#          -1.90200E+00 -1.90050E+00 -1.89900E+00 -1.89750E+00 -1.89600E+00
#          -1.89450E+00 -1.89300E+00 -1.89150E+00 -1.89000E+00 -1.88850E+00
#          -1.88700E+00 -1.88550E+00 -1.88400E+00 -1.88250E+00 -1.88100E+00
#          -1.87950E+00 -1.87800E+00 -1.87650E+00 -1.87500E+00 -1.87350E+00
#          -1.87200E+00 -1.87050E+00 -1.86900E+00 -1.86750E+00 -1.86600E+00
#          -1.86450E+00 -1.86300E+00 -1.86150E+00 -1.86000E+00 -1.85850E+00
#          -1.85700E+00 -1.85550E+00 -1.85400E+00 -1.85250E+00 -1.85100E+00
#          -1.84950E+00 -1.84800E+00 -1.84650E+00 -1.84500E+00 -1.84350E+00
#          -1.84200E+00 -1.84050E+00 -1.83900E+00 -1.83750E+00 -1.83600E+00
#          -1.83450E+00 -1.83300E+00 -1.83150E+00 -1.83000E+00 -1.82850E+00
#          -1.82700E+00 -1.82550E+00 -1.82400E+00 -1.82250E+00 -1.82100E+00
#          -1.81950E+00 -1.81800E+00 -1.81650E+00 -1.81500E+00 -1.81350E+00
#          -1.81200E+00 -1.81050E+00 -1.80900E+00 -1.80750E+00 -1.80600E+00
#          -1.80450E+00 -1.80300E+00 -1.80150E+00 -1.80000E+00 -1.79850E+00
#          -1.79700E+00 -1.79550E+00 -1.79400E+00 -1.79250E+00 -1.79100E+00
#          -1.78950E+00 -1.78800E+00 -1.78650E+00 -1.78500E+00 -1.78350E+00
#          -1.78200E+00 -1.78050E+00 -1.77900E+00 -1.77750E+00 -1.77600E+00
#          -1.77450E+00 -1.77300E+00 -1.77150E+00 -1.77000E+00 -1.76850E+00
#          -1.76700E+00 -1.76550E+00 -1.76400E+00 -1.76250E+00 -1.76100E+00
#          -1.75950E+00 -1.75800E+00 -1.75650E+00 -1.75500E+00 -1.75350E+00
#          -1.75200E+00 -1.75050E+00 -1.74900E+00 -1.74750E+00 -1.74600E+00
#          -1.74450E+00 -1.74300E+00 -1.74150E+00 -1.74000E+00 -1.73850E+00
#          -1.73700E+00 -1.73550E+00 -1.73400E+00 -1.73250E+00 -1.73100E+00
#          -1.72950E+00 -1.72800E+00 -1.72650E+00 -1.72500E+00 -1.72350E+00
#          -1.72200E+00 -1.72050E+00 -1.71900E+00 -1.71750E+00 -1.71600E+00
#          -1.71450E+00 -1.71300E+00 -1.71150E+00 -1.71000E+00 -1.70850E+00
#          -1.70700E+00 -1.70550E+00 -1.70400E+00 -1.70250E+00 -1.70100E+00
#          -1.69950E+00 -1.69800E+00 -1.69650E+00 -1.69500E+00 -1.69350E+00
#          -1.69200E+00 -1.69050E+00 -1.68900E+00 -1.68750E+00 -1.68600E+00
#          -1.68450E+00 -1.68300E+00 -1.68150E+00 -1.68000E+00 -1.67850E+00
#          -1.67700E+00 -1.67550E+00 -1.67400E+00 -1.67250E+00 -1.67100E+00
#          -1.66950E+00 -1.66800E+00 -1.66650E+00 -1.66500E+00 -1.66350E+00
#          -1.66200E+00 -1.66050E+00 -1.65900E+00 -1.65750E+00 -1.65600E+00
#          -1.65450E+00 -1.65300E+00 -1.65150E+00 -1.65000E+00 -1.64850E+00
#          -1.64700E+00 -1.64550E+00 -1.64400E+00 -1.64250E+00 -1.64100E+00
#          -1.63950E+00 -1.63800E+00 -1.63650E+00 -1.63500E+00 -1.63350E+00
#          -1.63200E+00 -1.63050E+00 -1.62900E+00 -1.62750E+00 -1.62600E+00
#          -1.62450E+00 -1.62300E+00 -1.62150E+00 -1.62000E+00 -1.61850E+00
#          -1.61700E+00 -1.61550E+00 -1.61400E+00 -1.61250E+00 -1.61100E+00
#          -1.60950E+00 -1.60800E+00 -1.60650E+00 -1.60500E+00 -1.60350E+00
#          -1.60200E+00 -1.60050E+00 -1.59900E+00 -1.59750E+00 -1.59600E+00
#          -1.59450E+00 -1.59300E+00 -1.59150E+00 -1.59000E+00 -1.58850E+00
#          -1.58700E+00 -1.58550E+00 -1.58400E+00 -1.58250E+00 -1.58100E+00
#          -1.57950E+00 -1.57800E+00 -1.57650E+00 -1.57500E+00 -1.57350E+00
#          -1.57200E+00 -1.57050E+00 -1.56900E+00 -1.56750E+00 -1.56600E+00
#          -1.56450E+00 -1.56300E+00 -1.56150E+00 -1.56000E+00 -1.55850E+00
#          -1.55700E+00 -1.55550E+00 -1.55400E+00 -1.55250E+00 -1.55100E+00
#          -1.54950E+00 -1.54800E+00 -1.54650E+00 -1.54500E+00 -1.54350E+00
#          -1.54200E+00 -1.54050E+00 -1.53900E+00 -1.53750E+00 -1.53600E+00
#          -1.53450E+00 -1.53300E+00 -1.53150E+00 -1.53000E+00 -1.52850E+00
#          -1.52700E+00 -1.52550E+00 -1.52400E+00 -1.52250E+00 -1.52100E+00
#          -1.51950E+00 -1.51800E+00 -1.51650E+00 -1.51500E+00 -1.51350E+00
#          -1.51200E+00 -1.51050E+00 -1.50900E+00 -1.50750E+00 -1.50600E+00
#          -1.50450E+00 -1.50300E+00 -1.50150E+00 -1.50000E+00 -1.49850E+00
#          -1.49700E+00 -1.49550E+00 -1.49400E+00 -1.49250E+00 -1.49100E+00
#          -1.48950E+00 -1.48800E+00 -1.48650E+00 -1.48500E+00 -1.48350E+00
#          -1.48200E+00 -1.48050E+00 -1.47900E+00 -1.47750E+00 -1.47600E+00
#          -1.47450E+00 -1.47300E+00 -1.47150E+00 -1.47000E+00 -1.46850E+00
#          -1.46700E+00 -1.46550E+00 -1.46400E+00 -1.46250E+00 -1.46100E+00
#          -1.45950E+00 -1.45800E+00 -1.45650E+00 -1.45500E+00 -1.45350E+00
#          -1.45200E+00 -1.45050E+00 -1.44900E+00 -1.44750E+00 -1.44600E+00
#          -1.44450E+00 -1.44300E+00 -1.44150E+00 -1.44000E+00 -1.43850E+00
#          -1.43700E+00 -1.43550E+00 -1.43400E+00 -1.43250E+00 -1.43100E+00
#          -1.42950E+00 -1.42800E+00 -1.42650E+00 -1.42500E+00 -1.42350E+00
#          -1.42200E+00 -1.42050E+00 -1.41900E+00 -1.41750E+00 -1.41600E+00
#          -1.41450E+00 -1.41300E+00 -1.41150E+00 -1.41000E+00 -1.40850E+00
#          -1.40700E+00 -1.40550E+00 -1.40400E+00 -1.40250E+00 -1.40100E+00
#          -1.39950E+00 -1.39800E+00 -1.39650E+00 -1.39500E+00 -1.39350E+00
#          -1.39200E+00 -1.39050E+00 -1.38900E+00 -1.38750E+00 -1.38600E+00
#          -1.38450E+00 -1.38300E+00 -1.38150E+00 -1.38000E+00 -1.37850E+00
#          -1.37700E+00 -1.37550E+00 -1.37400E+00 -1.37250E+00 -1.37100E+00
#          -1.36950E+00 -1.36800E+00 -1.36650E+00 -1.36500E+00 -1.36350E+00
#          -1.36200E+00 -1.36050E+00 -1.35900E+00 -1.35750E+00 -1.35600E+00
#          -1.35450E+00 -1.35300E+00 -1.35150E+00 -1.35000E+00 -1.34850E+00
#          -1.34700E+00 -1.34550E+00 -1.34400E+00 -1.34250E+00 -1.34100E+00
#          -1.33950E+00 -1.33800E+00 -1.33650E+00 -1.33500E+00 -1.33350E+00
#          -1.33200E+00 -1.33050E+00 -1.32900E+00 -1.32750E+00 -1.32600E+00
#          -1.32450E+00 -1.32300E+00 -1.32150E+00 -1.32000E+00 -1.31850E+00
#          -1.31700E+00 -1.31550E+00 -1.31400E+00 -1.31250E+00 -1.31100E+00
#          -1.30950E+00 -1.30800E+00 -1.30650E+00 -1.30500E+00 -1.30350E+00
#          -1.30200E+00 -1.30050E+00 -1.29900E+00 -1.29750E+00 -1.29600E+00
#          -1.29450E+00 -1.29300E+00 -1.29150E+00 -1.29000E+00 -1.28850E+00
#          -1.28700E+00 -1.28550E+00 -1.28400E+00 -1.28250E+00 -1.28100E+00
#          -1.27950E+00 -1.27800E+00 -1.27650E+00 -1.27500E+00 -1.27350E+00
#          -1.27200E+00 -1.27050E+00 -1.26900E+00 -1.26750E+00 -1.26600E+00
#          -1.26450E+00 -1.26300E+00 -1.26150E+00 -1.26000E+00 -1.25850E+00
#          -1.25700E+00 -1.25550E+00 -1.25400E+00 -1.25250E+00 -1.25100E+00
#          -1.24950E+00 -1.24800E+00 -1.24650E+00 -1.24500E+00 -1.24350E+00
#          -1.24200E+00 -1.24050E+00 -1.23900E+00 -1.23750E+00 -1.23600E+00
#          -1.23450E+00 -1.23300E+00 -1.23150E+00 -1.23000E+00 -1.22850E+00
#          -1.22700E+00 -1.22550E+00 -1.22400E+00 -1.22250E+00 -1.22100E+00
#          -1.21950E+00 -1.21800E+00 -1.21650E+00 -1.21500E+00 -1.21350E+00
#          -1.21200E+00 -1.21050E+00 -1.20900E+00 -1.20750E+00 -1.20600E+00
#          -1.20450E+00 -1.20300E+00 -1.20150E+00 -1.20000E+00 -1.19850E+00
#          -1.19700E+00 -1.19550E+00 -1.19400E+00 -1.19250E+00 -1.19100E+00
#          -1.18950E+00 -1.18800E+00 -1.18650E+00 -1.18500E+00 -1.18350E+00
#          -1.18200E+00 -1.18050E+00 -1.17900E+00 -1.17750E+00 -1.17600E+00
#          -1.17450E+00 -1.17300E+00 -1.17150E+00 -1.17000E+00 -1.16850E+00
#          -1.16700E+00 -1.16550E+00 -1.16400E+00 -1.16250E+00 -1.16100E+00
#          -1.15950E+00 -1.15800E+00 -1.15650E+00 -1.15500E+00 -1.15350E+00
#          -1.15200E+00 -1.15050E+00 -1.14900E+00 -1.14750E+00 -1.14600E+00
#          -1.14450E+00 -1.14300E+00 -1.14150E+00 -1.14000E+00 -1.13850E+00
#          -1.13700E+00 -1.13550E+00 -1.13400E+00 -1.13250E+00 -1.13100E+00
#          -1.12950E+00 -1.12800E+00 -1.12650E+00 -1.12500E+00 -1.12350E+00
#          -1.12200E+00 -1.12050E+00 -1.11900E+00 -1.11750E+00 -1.11600E+00
#          -1.11450E+00 -1.11300E+00 -1.11150E+00 -1.11000E+00 -1.10850E+00
#          -1.10700E+00 -1.10550E+00 -1.10400E+00 -1.10250E+00 -1.10100E+00
#          -1.09950E+00 -1.09800E+00 -1.09650E+00 -1.09500E+00 -1.09350E+00
#          -1.09200E+00 -1.09050E+00 -1.08900E+00 -1.08750E+00 -1.08600E+00
#          -1.08450E+00 -1.08300E+00 -1.08150E+00 -1.08000E+00 -1.07850E+00
#          -1.07700E+00 -1.07550E+00 -1.07400E+00 -1.07250E+00 -1.07100E+00
#          -1.06950E+00 -1.06800E+00 -1.06650E+00 -1.06500E+00 -1.06350E+00
#          -1.06200E+00 -1.06050E+00 -1.05900E+00 -1.05750E+00 -1.05600E+00
#          -1.05450E+00 -1.05300E+00 -1.05150E+00 -1.05000E+00 -1.04850E+00
#          -1.04700E+00 -1.04550E+00 -1.04400E+00 -1.04250E+00 -1.04100E+00
#          -1.03950E+00 -1.03800E+00 -1.03650E+00 -1.03500E+00 -1.03350E+00
#          -1.03200E+00 -1.03050E+00 -1.02900E+00 -1.02750E+00 -1.02600E+00
#          -1.02450E+00 -1.02300E+00 -1.02150E+00 -1.02000E+00 -1.01850E+00
#          -1.01700E+00 -1.01550E+00 -1.01400E+00 -1.01250E+00 -1.01100E+00
#          -1.00950E+00 -1.00800E+00 -1.00650E+00 -1.00500E+00 -1.00350E+00
#          -1.00200E+00 -1.00050E+00 -9.99000E-01 -9.97500E-01 -9.96000E-01
#          -9.94500E-01 -9.93000E-01 -9.91500E-01 -9.90000E-01 -9.88500E-01
#          -9.87000E-01 -9.85500E-01 -9.84000E-01 -9.82500E-01 -9.81000E-01
#          -9.79500E-01 -9.78000E-01 -9.76500E-01 -9.75000E-01 -9.73500E-01
#          -9.72000E-01 -9.70500E-01 -9.69000E-01 -9.67500E-01 -9.66000E-01
#          -9.64500E-01 -9.63000E-01 -9.61500E-01 -9.60000E-01 -9.58500E-01
#          -9.57000E-01 -9.55500E-01 -9.54000E-01 -9.52500E-01 -9.51000E-01
#          -9.49500E-01 -9.48000E-01 -9.46500E-01 -9.45000E-01 -9.43500E-01
#          -9.42000E-01 -9.40500E-01 -9.39000E-01 -9.37500E-01 -9.36000E-01
#          -9.34500E-01 -9.33000E-01 -9.31500E-01 -9.30000E-01 -9.28500E-01
#          -9.27000E-01 -9.25500E-01 -9.24000E-01 -9.22500E-01 -9.21000E-01
#          -9.19500E-01 -9.18000E-01 -9.16500E-01 -9.15000E-01 -9.13500E-01
#          -9.12000E-01 -9.10500E-01 -9.09000E-01 -9.07500E-01 -9.06000E-01
#          -9.04500E-01 -9.03000E-01 -9.01500E-01 -9.00000E-01 -8.98500E-01
#          -8.97000E-01 -8.95500E-01 -8.94000E-01 -8.92500E-01 -8.91000E-01
#          -8.89500E-01 -8.88000E-01 -8.86500E-01 -8.85000E-01 -8.83500E-01
#          -8.82000E-01 -8.80500E-01 -8.79000E-01 -8.77500E-01 -8.76000E-01
#          -8.74500E-01 -8.73000E-01 -8.71500E-01 -8.70000E-01 -8.68500E-01
#          -8.67000E-01 -8.65500E-01 -8.64000E-01 -8.62500E-01 -8.61000E-01
#          -8.59500E-01 -8.58000E-01 -8.56500E-01 -8.55000E-01 -8.53500E-01
#          -8.52000E-01 -8.50500E-01 -8.49000E-01 -8.47500E-01 -8.46000E-01
#          -8.44500E-01 -8.43000E-01 -8.41500E-01 -8.40000E-01 -8.38500E-01
#          -8.37000E-01 -8.35500E-01 -8.34000E-01 -8.32500E-01 -8.31000E-01
#          -8.29500E-01 -8.28000E-01 -8.26500E-01 -8.25000E-01 -8.23500E-01
#          -8.22000E-01 -8.20500E-01 -8.19000E-01 -8.17500E-01 -8.16000E-01
#          -8.14500E-01 -8.13000E-01 -8.11500E-01 -8.10000E-01 -8.08500E-01
#          -8.07000E-01 -8.05500E-01 -8.04000E-01 -8.02500E-01 -8.01000E-01
#          -7.99500E-01 -7.98000E-01 -7.96500E-01 -7.95000E-01 -7.93500E-01
#          -7.92000E-01 -7.90500E-01 -7.89000E-01 -7.87500E-01 -7.86000E-01
#          -7.84500E-01 -7.83000E-01 -7.81500E-01 -7.80000E-01 -7.78500E-01
#          -7.77000E-01 -7.75500E-01 -7.74000E-01 -7.72500E-01 -7.71000E-01
#          -7.69500E-01 -7.68000E-01 -7.66500E-01 -7.65000E-01 -7.63500E-01
#          -7.62000E-01 -7.60500E-01 -7.59000E-01 -7.57500E-01 -7.56000E-01
#          -7.54500E-01 -7.53000E-01 -7.51500E-01 -7.50000E-01 -7.48500E-01
#          -7.47000E-01 -7.45500E-01 -7.44000E-01 -7.42500E-01 -7.41000E-01
#          -7.39500E-01 -7.38000E-01 -7.36500E-01 -7.35000E-01 -7.33500E-01
#          -7.32000E-01 -7.30500E-01 -7.29000E-01 -7.27500E-01 -7.26000E-01
#          -7.24500E-01 -7.23000E-01 -7.21500E-01 -7.20000E-01 -7.18500E-01
#          -7.17000E-01 -7.15500E-01 -7.14000E-01 -7.12500E-01 -7.11000E-01
#          -7.09500E-01 -7.08000E-01 -7.06500E-01 -7.05000E-01 -7.03500E-01
#          -7.02000E-01 -7.00500E-01 -6.99000E-01 -6.97500E-01 -6.96000E-01
#          -6.94500E-01 -6.93000E-01 -6.91500E-01 -6.90000E-01 -6.88500E-01
#          -6.87000E-01 -6.85500E-01 -6.84000E-01 -6.82500E-01 -6.81000E-01
#          -6.79500E-01 -6.78000E-01 -6.76500E-01 -6.75000E-01 -6.73500E-01
#          -6.72000E-01 -6.70500E-01 -6.69000E-01 -6.67500E-01 -6.66000E-01
#          -6.64500E-01 -6.63000E-01 -6.61500E-01 -6.60000E-01 -6.58500E-01
#          -6.57000E-01 -6.55500E-01 -6.54000E-01 -6.52500E-01 -6.51000E-01
#          -6.49500E-01 -6.48000E-01 -6.46500E-01 -6.45000E-01 -6.43500E-01
#          -6.42000E-01 -6.40500E-01 -6.39000E-01 -6.37500E-01 -6.36000E-01
#          -6.34500E-01 -6.33000E-01 -6.31500E-01 -6.30000E-01 -6.28500E-01
#          -6.27000E-01 -6.25500E-01 -6.24000E-01 -6.22500E-01 -6.21000E-01
#          -6.19500E-01 -6.18000E-01 -6.16500E-01 -6.15000E-01 -6.13500E-01
#          -6.12000E-01 -6.10500E-01 -6.09000E-01 -6.07500E-01 -6.06000E-01
#          -6.04500E-01 -6.03000E-01 -6.01500E-01 -6.00000E-01 -5.98500E-01
#          -5.97000E-01 -5.95500E-01 -5.94000E-01 -5.92500E-01 -5.91000E-01
#          -5.89500E-01 -5.88000E-01 -5.86500E-01 -5.85000E-01 -5.83500E-01
#          -5.82000E-01 -5.80500E-01 -5.79000E-01 -5.77500E-01 -5.76000E-01
#          -5.74500E-01 -5.73000E-01 -5.71500E-01 -5.70000E-01 -5.68500E-01
#          -5.67000E-01 -5.65500E-01 -5.64000E-01 -5.62500E-01 -5.61000E-01
#          -5.59500E-01 -5.58000E-01 -5.56500E-01 -5.55000E-01 -5.53500E-01
#          -5.52000E-01 -5.50500E-01 -5.49000E-01 -5.47500E-01 -5.46000E-01
#          -5.44500E-01 -5.43000E-01 -5.41500E-01 -5.40000E-01 -5.38500E-01
#          -5.37000E-01 -5.35500E-01 -5.34000E-01 -5.32500E-01 -5.31000E-01
#          -5.29500E-01 -5.28000E-01 -5.26500E-01 -5.25000E-01 -5.23500E-01
#          -5.22000E-01 -5.20500E-01 -5.19000E-01 -5.17500E-01 -5.16000E-01
#          -5.14500E-01 -5.13000E-01 -5.11500E-01 -5.10000E-01 -5.08500E-01
#          -5.07000E-01 -5.05500E-01 -5.04000E-01 -5.02500E-01 -5.01000E-01
#          -4.99500E-01 -4.98000E-01 -4.96500E-01 -4.95000E-01 -4.93500E-01
#          -4.92000E-01 -4.90500E-01 -4.89000E-01 -4.87500E-01 -4.86000E-01
#          -4.84500E-01 -4.83000E-01 -4.81500E-01 -4.80000E-01 -4.78500E-01
#          -4.77000E-01 -4.75500E-01 -4.74000E-01 -4.72500E-01 -4.71000E-01
#          -4.69500E-01 -4.68000E-01 -4.66500E-01 -4.65000E-01 -4.63500E-01
#          -4.62000E-01 -4.60500E-01 -4.59000E-01 -4.57500E-01 -4.56000E-01
#          -4.54500E-01 -4.53000E-01 -4.51500E-01 -4.50000E-01 -4.48500E-01
#          -4.47000E-01 -4.45500E-01 -4.44000E-01 -4.42500E-01 -4.41000E-01
#          -4.39500E-01 -4.38000E-01 -4.36500E-01 -4.35000E-01 -4.33500E-01
#          -4.32000E-01 -4.30500E-01 -4.29000E-01 -4.27500E-01 -4.26000E-01
#          -4.24500E-01 -4.23000E-01 -4.21500E-01 -4.20000E-01 -4.18500E-01
#          -4.17000E-01 -4.15500E-01 -4.14000E-01 -4.12500E-01 -4.11000E-01
#          -4.09500E-01 -4.08000E-01 -4.06500E-01 -4.05000E-01 -4.03500E-01
#          -4.02000E-01 -4.00500E-01 -3.99000E-01 -3.97500E-01 -3.96000E-01
#          -3.94500E-01 -3.93000E-01 -3.91500E-01 -3.90000E-01 -3.88500E-01
#          -3.87000E-01 -3.85500E-01 -3.84000E-01 -3.82500E-01 -3.81000E-01
#          -3.79500E-01 -3.78000E-01 -3.76500E-01 -3.75000E-01 -3.73500E-01
#          -3.72000E-01 -3.70500E-01 -3.69000E-01 -3.67500E-01 -3.66000E-01
#          -3.64500E-01 -3.63000E-01 -3.61500E-01 -3.60000E-01 -3.58500E-01
#          -3.57000E-01 -3.55500E-01 -3.54000E-01 -3.52500E-01 -3.51000E-01
#          -3.49500E-01 -3.48000E-01 -3.46500E-01 -3.45000E-01 -3.43500E-01
#          -3.42000E-01 -3.40500E-01 -3.39000E-01 -3.37500E-01 -3.36000E-01
#          -3.34500E-01 -3.33000E-01 -3.31500E-01 -3.30000E-01 -3.28500E-01
#          -3.27000E-01 -3.25500E-01 -3.24000E-01 -3.22500E-01 -3.21000E-01
#          -3.19500E-01 -3.18000E-01 -3.16500E-01 -3.15000E-01 -3.13500E-01
#          -3.12000E-01 -3.10500E-01 -3.09000E-01 -3.07500E-01 -3.06000E-01
#          -3.04500E-01 -3.03000E-01 -3.01500E-01 -3.00000E-01 -2.98500E-01
#          -2.97000E-01 -2.95500E-01 -2.94000E-01 -2.92500E-01 -2.91000E-01
#          -2.89500E-01 -2.88000E-01 -2.86500E-01 -2.85000E-01 -2.83500E-01
#          -2.82000E-01 -2.80500E-01 -2.79000E-01 -2.77500E-01 -2.76000E-01
#          -2.74500E-01 -2.73000E-01 -2.71500E-01 -2.70000E-01 -2.68500E-01
#          -2.67000E-01 -2.65500E-01 -2.64000E-01 -2.62500E-01 -2.61000E-01
#          -2.59500E-01 -2.58000E-01 -2.56500E-01 -2.55000E-01 -2.53500E-01
#          -2.52000E-01 -2.50500E-01 -2.49000E-01 -2.47500E-01 -2.46000E-01
#          -2.44500E-01 -2.43000E-01 -2.41500E-01 -2.40000E-01 -2.38500E-01
#          -2.37000E-01 -2.35500E-01 -2.34000E-01 -2.32500E-01 -2.31000E-01
#          -2.29500E-01 -2.28000E-01 -2.26500E-01 -2.25000E-01 -2.23500E-01
#          -2.22000E-01 -2.20500E-01 -2.19000E-01 -2.17500E-01 -2.16000E-01
#          -2.14500E-01 -2.13000E-01 -2.11500E-01 -2.10000E-01 -2.08500E-01
#          -2.07000E-01 -2.05500E-01 -2.04000E-01 -2.02500E-01 -2.01000E-01
#          -1.99500E-01 -1.98000E-01 -1.96500E-01 -1.95000E-01 -1.93500E-01
#          -1.92000E-01 -1.90500E-01 -1.89000E-01 -1.87500E-01 -1.86000E-01
#          -1.84500E-01 -1.83000E-01 -1.81500E-01 -1.80000E-01 -1.78500E-01
#          -1.77000E-01 -1.75500E-01 -1.74000E-01 -1.72500E-01 -1.71000E-01
#          -1.69500E-01 -1.68000E-01 -1.66500E-01 -1.65000E-01 -1.63500E-01
#          -1.62000E-01 -1.60500E-01 -1.59000E-01 -1.57500E-01 -1.56000E-01
#          -1.54500E-01 -1.53000E-01 -1.51500E-01 -1.50000E-01 -1.48500E-01
#          -1.47000E-01 -1.45500E-01 -1.44000E-01 -1.42500E-01 -1.41000E-01
#          -1.39500E-01 -1.38000E-01 -1.36500E-01 -1.35000E-01 -1.33500E-01
#          -1.32000E-01 -1.30500E-01 -1.29000E-01 -1.27500E-01 -1.26000E-01
#          -1.24500E-01 -1.23000E-01 -1.21500E-01 -1.20000E-01 -1.18500E-01
#          -1.17000E-01 -1.15500E-01 -1.14000E-01 -1.12500E-01 -1.11000E-01
#          -1.09500E-01 -1.08000E-01 -1.06500E-01 -1.05000E-01 -1.03500E-01
#          -1.02000E-01 -1.00500E-01 -9.90000E-02 -9.75000E-02 -9.60000E-02
#          -9.45000E-02 -9.30000E-02 -9.15000E-02 -9.00000E-02 -8.85000E-02
#          -8.70000E-02 -8.55000E-02 -8.40000E-02 -8.25000E-02 -8.10000E-02
#          -7.95000E-02 -7.80000E-02 -7.65000E-02 -7.50000E-02 -7.35000E-02
#          -7.20000E-02 -7.05000E-02 -6.90000E-02 -6.75000E-02 -6.60000E-02
#          -6.45000E-02 -6.30000E-02 -6.15000E-02 -6.00000E-02 -5.85000E-02
#          -5.70000E-02 -5.55000E-02 -5.40000E-02 -5.25000E-02 -5.10000E-02
#          -4.95000E-02 -4.80000E-02 -4.65000E-02 -4.50000E-02 -4.35000E-02
#          -4.20000E-02 -4.05000E-02 -3.90000E-02 -3.75000E-02 -3.60000E-02
#          -3.45000E-02 -3.30000E-02 -3.15000E-02 -3.00000E-02 -2.85000E-02
#          -2.70000E-02 -2.55000E-02 -2.40000E-02 -2.25000E-02 -2.10000E-02
#          -1.95000E-02 -1.80000E-02 -1.65000E-02 -1.50000E-02 -1.35000E-02
#          -1.20000E-02 -1.05000E-02 -9.00000E-03 -7.50000E-03 -6.00000E-03
#          -4.50000E-03 -3.00000E-03 -1.50000E-03  0.00000E+00  1.50000E-03
#           3.00000E-03  4.50000E-03  6.00000E-03  7.50000E-03  9.00000E-03
#           1.05000E-02  1.20000E-02  1.35000E-02  1.50000E-02  1.65000E-02
#           1.80000E-02  1.95000E-02  2.10000E-02  2.25000E-02  2.40000E-02
#           2.55000E-02  2.70000E-02  2.85000E-02  3.00000E-02  3.15000E-02
#           3.30000E-02  3.45000E-02  3.60000E-02  3.75000E-02  3.90000E-02
#           4.05000E-02  4.20000E-02  4.35000E-02  4.50000E-02  4.65000E-02
#           4.80000E-02  4.95000E-02  5.10000E-02  5.25000E-02  5.40000E-02
#           5.55000E-02  5.70000E-02  5.85000E-02  6.00000E-02  6.15000E-02
#           6.30000E-02  6.45000E-02  6.60000E-02  6.75000E-02  6.90000E-02
#           7.05000E-02  7.20000E-02  7.35000E-02  7.50000E-02  7.65000E-02
#           7.80000E-02  7.95000E-02  8.10000E-02  8.25000E-02  8.40000E-02
#           8.55000E-02  8.70000E-02  8.85000E-02  9.00000E-02  9.15000E-02
#           9.30000E-02  9.45000E-02  9.60000E-02  9.75000E-02  9.90000E-02
#           1.00500E-01  1.02000E-01  1.03500E-01  1.05000E-01  1.06500E-01
#           1.08000E-01  1.09500E-01  1.11000E-01  1.12500E-01  1.14000E-01
#           1.15500E-01  1.17000E-01  1.18500E-01  1.20000E-01  1.21500E-01
#           1.23000E-01  1.24500E-01  1.26000E-01  1.27500E-01  1.29000E-01
#           1.30500E-01  1.32000E-01  1.33500E-01  1.35000E-01  1.36500E-01
#           1.38000E-01  1.39500E-01  1.41000E-01  1.42500E-01  1.44000E-01
#           1.45500E-01  1.47000E-01  1.48500E-01  1.50000E-01  1.51500E-01
#           1.53000E-01  1.54500E-01  1.56000E-01  1.57500E-01  1.59000E-01
#           1.60500E-01  1.62000E-01  1.63500E-01  1.65000E-01  1.66500E-01
#           1.68000E-01  1.69500E-01  1.71000E-01  1.72500E-01  1.74000E-01
#           1.75500E-01  1.77000E-01  1.78500E-01  1.80000E-01  1.81500E-01
#           1.83000E-01  1.84500E-01  1.86000E-01  1.87500E-01  1.89000E-01
#           1.90500E-01  1.92000E-01  1.93500E-01  1.95000E-01  1.96500E-01
#           1.98000E-01  1.99500E-01  2.01000E-01  2.02500E-01  2.04000E-01
#           2.05500E-01  2.07000E-01  2.08500E-01  2.10000E-01  2.11500E-01
#           2.13000E-01  2.14500E-01  2.16000E-01  2.17500E-01  2.19000E-01
#           2.20500E-01  2.22000E-01  2.23500E-01  2.25000E-01  2.26500E-01
#           2.28000E-01  2.29500E-01  2.31000E-01  2.32500E-01  2.34000E-01
#           2.35500E-01  2.37000E-01  2.38500E-01  2.40000E-01  2.41500E-01
#           2.43000E-01  2.44500E-01  2.46000E-01  2.47500E-01  2.49000E-01
#           2.50500E-01  2.52000E-01  2.53500E-01  2.55000E-01  2.56500E-01
#           2.58000E-01  2.59500E-01  2.61000E-01  2.62500E-01  2.64000E-01
#           2.65500E-01  2.67000E-01  2.68500E-01  2.70000E-01  2.71500E-01
#           2.73000E-01  2.74500E-01  2.76000E-01  2.77500E-01  2.79000E-01
#           2.80500E-01  2.82000E-01  2.83500E-01  2.85000E-01  2.86500E-01
#           2.88000E-01  2.89500E-01  2.91000E-01  2.92500E-01  2.94000E-01
#           2.95500E-01  2.97000E-01  2.98500E-01  3.00000E-01  3.01500E-01
#           3.03000E-01  3.04500E-01  3.06000E-01  3.07500E-01  3.09000E-01
#           3.10500E-01  3.12000E-01  3.13500E-01  3.15000E-01  3.16500E-01
#           3.18000E-01  3.19500E-01  3.21000E-01  3.22500E-01  3.24000E-01
#           3.25500E-01  3.27000E-01  3.28500E-01  3.30000E-01  3.31500E-01
#           3.33000E-01  3.34500E-01  3.36000E-01  3.37500E-01  3.39000E-01
#           3.40500E-01  3.42000E-01  3.43500E-01  3.45000E-01  3.46500E-01
#           3.48000E-01  3.49500E-01  3.51000E-01  3.52500E-01  3.54000E-01
#           3.55500E-01  3.57000E-01  3.58500E-01  3.60000E-01  3.61500E-01
#           3.63000E-01  3.64500E-01  3.66000E-01  3.67500E-01  3.69000E-01
#           3.70500E-01  3.72000E-01  3.73500E-01  3.75000E-01  3.76500E-01
#           3.78000E-01  3.79500E-01  3.81000E-01  3.82500E-01  3.84000E-01
#           3.85500E-01  3.87000E-01  3.88500E-01  3.90000E-01  3.91500E-01
#           3.93000E-01  3.94500E-01  3.96000E-01  3.97500E-01  3.99000E-01
#           4.00500E-01  4.02000E-01  4.03500E-01  4.05000E-01  4.06500E-01
#           4.08000E-01  4.09500E-01  4.11000E-01  4.12500E-01  4.14000E-01
#           4.15500E-01  4.17000E-01  4.18500E-01  4.20000E-01  4.21500E-01
#           4.23000E-01  4.24500E-01  4.26000E-01  4.27500E-01  4.29000E-01
#           4.30500E-01  4.32000E-01  4.33500E-01  4.35000E-01  4.36500E-01
#           4.38000E-01  4.39500E-01  4.41000E-01  4.42500E-01  4.44000E-01
#           4.45500E-01  4.47000E-01  4.48500E-01  4.50000E-01  4.51500E-01
#           4.53000E-01  4.54500E-01  4.56000E-01  4.57500E-01  4.59000E-01
#           4.60500E-01  4.62000E-01  4.63500E-01  4.65000E-01  4.66500E-01
#           4.68000E-01  4.69500E-01  4.71000E-01  4.72500E-01  4.74000E-01
#           4.75500E-01  4.77000E-01  4.78500E-01  4.80000E-01  4.81500E-01
#           4.83000E-01  4.84500E-01  4.86000E-01  4.87500E-01  4.89000E-01
#           4.90500E-01  4.92000E-01  4.93500E-01  4.95000E-01  4.96500E-01
#           4.98000E-01  4.99500E-01  5.01000E-01  5.02500E-01  5.04000E-01
#           5.05500E-01  5.07000E-01  5.08500E-01  5.10000E-01  5.11500E-01
#           5.13000E-01  5.14500E-01  5.16000E-01  5.17500E-01  5.19000E-01
#           5.20500E-01  5.22000E-01  5.23500E-01  5.25000E-01  5.26500E-01
#           5.28000E-01  5.29500E-01  5.31000E-01  5.32500E-01  5.34000E-01
#           5.35500E-01  5.37000E-01  5.38500E-01  5.40000E-01  5.41500E-01
#           5.43000E-01  5.44500E-01  5.46000E-01  5.47500E-01  5.49000E-01
#           5.50500E-01  5.52000E-01  5.53500E-01  5.55000E-01  5.56500E-01
#           5.58000E-01  5.59500E-01  5.61000E-01  5.62500E-01  5.64000E-01
#           5.65500E-01  5.67000E-01  5.68500E-01  5.70000E-01  5.71500E-01
#           5.73000E-01  5.74500E-01  5.76000E-01  5.77500E-01  5.79000E-01
#           5.80500E-01  5.82000E-01  5.83500E-01  5.85000E-01  5.86500E-01
#           5.88000E-01  5.89500E-01  5.91000E-01  5.92500E-01  5.94000E-01
#           5.95500E-01  5.97000E-01  5.98500E-01  6.00000E-01  6.01500E-01
#           6.03000E-01  6.04500E-01  6.06000E-01  6.07500E-01  6.09000E-01
#           6.10500E-01  6.12000E-01  6.13500E-01  6.15000E-01  6.16500E-01
#           6.18000E-01  6.19500E-01  6.21000E-01  6.22500E-01  6.24000E-01
#           6.25500E-01  6.27000E-01  6.28500E-01  6.30000E-01  6.31500E-01
#           6.33000E-01  6.34500E-01  6.36000E-01  6.37500E-01  6.39000E-01
#           6.40500E-01  6.42000E-01  6.43500E-01  6.45000E-01  6.46500E-01
#           6.48000E-01  6.49500E-01  6.51000E-01  6.52500E-01  6.54000E-01
#           6.55500E-01  6.57000E-01  6.58500E-01  6.60000E-01  6.61500E-01
#           6.63000E-01  6.64500E-01  6.66000E-01  6.67500E-01  6.69000E-01
#           6.70500E-01  6.72000E-01  6.73500E-01  6.75000E-01  6.76500E-01
#           6.78000E-01  6.79500E-01  6.81000E-01  6.82500E-01  6.84000E-01
#           6.85500E-01  6.87000E-01  6.88500E-01  6.90000E-01  6.91500E-01
#           6.93000E-01  6.94500E-01  6.96000E-01  6.97500E-01  6.99000E-01
#           7.00500E-01  7.02000E-01  7.03500E-01  7.05000E-01  7.06500E-01
#           7.08000E-01  7.09500E-01  7.11000E-01  7.12500E-01  7.14000E-01
#           7.15500E-01  7.17000E-01  7.18500E-01  7.20000E-01  7.21500E-01
#           7.23000E-01  7.24500E-01  7.26000E-01  7.27500E-01  7.29000E-01
#           7.30500E-01  7.32000E-01  7.33500E-01  7.35000E-01  7.36500E-01
#           7.38000E-01  7.39500E-01  7.41000E-01  7.42500E-01  7.44000E-01
#           7.45500E-01  7.47000E-01  7.48500E-01  7.50000E-01  7.51500E-01
#           7.53000E-01  7.54500E-01  7.56000E-01  7.57500E-01  7.59000E-01
#           7.60500E-01  7.62000E-01  7.63500E-01  7.65000E-01  7.66500E-01
#           7.68000E-01  7.69500E-01  7.71000E-01  7.72500E-01  7.74000E-01
#           7.75500E-01  7.77000E-01  7.78500E-01  7.80000E-01  7.81500E-01
#           7.83000E-01  7.84500E-01  7.86000E-01  7.87500E-01  7.89000E-01
#           7.90500E-01  7.92000E-01  7.93500E-01  7.95000E-01  7.96500E-01
#           7.98000E-01  7.99500E-01  8.01000E-01  8.02500E-01  8.04000E-01
#           8.05500E-01  8.07000E-01  8.08500E-01  8.10000E-01  8.11500E-01
#           8.13000E-01  8.14500E-01  8.16000E-01  8.17500E-01  8.19000E-01
#           8.20500E-01  8.22000E-01  8.23500E-01  8.25000E-01  8.26500E-01
#           8.28000E-01  8.29500E-01  8.31000E-01  8.32500E-01  8.34000E-01
#           8.35500E-01  8.37000E-01  8.38500E-01  8.40000E-01  8.41500E-01
#           8.43000E-01  8.44500E-01  8.46000E-01  8.47500E-01  8.49000E-01
#           8.50500E-01  8.52000E-01  8.53500E-01  8.55000E-01  8.56500E-01
#           8.58000E-01  8.59500E-01  8.61000E-01  8.62500E-01  8.64000E-01
#           8.65500E-01  8.67000E-01  8.68500E-01  8.70000E-01  8.71500E-01
#           8.73000E-01  8.74500E-01  8.76000E-01  8.77500E-01  8.79000E-01
#           8.80500E-01  8.82000E-01  8.83500E-01  8.85000E-01  8.86500E-01
#           8.88000E-01  8.89500E-01  8.91000E-01  8.92500E-01  8.94000E-01
#           8.95500E-01  8.97000E-01  8.98500E-01  9.00000E-01  9.01500E-01
#           9.03000E-01  9.04500E-01  9.06000E-01  9.07500E-01  9.09000E-01
#           9.10500E-01  9.12000E-01  9.13500E-01  9.15000E-01  9.16500E-01
#           9.18000E-01  9.19500E-01  9.21000E-01  9.22500E-01  9.24000E-01
#           9.25500E-01  9.27000E-01  9.28500E-01  9.30000E-01  9.31500E-01
#           9.33000E-01  9.34500E-01  9.36000E-01  9.37500E-01  9.39000E-01
#           9.40500E-01  9.42000E-01  9.43500E-01  9.45000E-01  9.46500E-01
#           9.48000E-01  9.49500E-01  9.51000E-01  9.52500E-01  9.54000E-01
#           9.55500E-01  9.57000E-01  9.58500E-01  9.60000E-01  9.61500E-01
#           9.63000E-01  9.64500E-01  9.66000E-01  9.67500E-01  9.69000E-01
#           9.70500E-01  9.72000E-01  9.73500E-01  9.75000E-01  9.76500E-01
#           9.78000E-01  9.79500E-01  9.81000E-01  9.82500E-01  9.84000E-01
#           9.85500E-01  9.87000E-01  9.88500E-01  9.90000E-01  9.91500E-01
#           9.93000E-01  9.94500E-01  9.96000E-01  9.97500E-01  9.99000E-01
#           1.00050E+00  1.00200E+00  1.00350E+00  1.00500E+00  1.00650E+00
#           1.00800E+00  1.00950E+00  1.01100E+00  1.01250E+00  1.01400E+00
#           1.01550E+00  1.01700E+00  1.01850E+00  1.02000E+00  1.02150E+00
#           1.02300E+00  1.02450E+00  1.02600E+00  1.02750E+00  1.02900E+00
#           1.03050E+00  1.03200E+00  1.03350E+00  1.03500E+00  1.03650E+00
#           1.03800E+00  1.03950E+00  1.04100E+00  1.04250E+00  1.04400E+00
#           1.04550E+00  1.04700E+00  1.04850E+00  1.05000E+00  1.05150E+00
#           1.05300E+00  1.05450E+00  1.05600E+00  1.05750E+00  1.05900E+00
#           1.06050E+00  1.06200E+00  1.06350E+00  1.06500E+00  1.06650E+00
#           1.06800E+00  1.06950E+00  1.07100E+00  1.07250E+00  1.07400E+00
#           1.07550E+00  1.07700E+00  1.07850E+00  1.08000E+00  1.08150E+00
#           1.08300E+00  1.08450E+00  1.08600E+00  1.08750E+00  1.08900E+00
#           1.09050E+00  1.09200E+00  1.09350E+00  1.09500E+00  1.09650E+00
#           1.09800E+00  1.09950E+00  1.10100E+00  1.10250E+00  1.10400E+00
#           1.10550E+00  1.10700E+00  1.10850E+00  1.11000E+00  1.11150E+00
#           1.11300E+00  1.11450E+00  1.11600E+00  1.11750E+00  1.11900E+00
#           1.12050E+00  1.12200E+00  1.12350E+00  1.12500E+00  1.12650E+00
#           1.12800E+00  1.12950E+00  1.13100E+00  1.13250E+00  1.13400E+00
#           1.13550E+00  1.13700E+00  1.13850E+00  1.14000E+00  1.14150E+00
#           1.14300E+00  1.14450E+00  1.14600E+00  1.14750E+00  1.14900E+00
#           1.15050E+00  1.15200E+00  1.15350E+00  1.15500E+00  1.15650E+00
#           1.15800E+00  1.15950E+00  1.16100E+00  1.16250E+00  1.16400E+00
#           1.16550E+00  1.16700E+00  1.16850E+00  1.17000E+00  1.17150E+00
#           1.17300E+00  1.17450E+00  1.17600E+00  1.17750E+00  1.17900E+00
#           1.18050E+00  1.18200E+00  1.18350E+00  1.18500E+00  1.18650E+00
#           1.18800E+00  1.18950E+00  1.19100E+00  1.19250E+00  1.19400E+00
#           1.19550E+00  1.19700E+00  1.19850E+00  1.20000E+00  1.20150E+00
#           1.20300E+00  1.20450E+00  1.20600E+00  1.20750E+00  1.20900E+00
#           1.21050E+00  1.21200E+00  1.21350E+00  1.21500E+00  1.21650E+00
#           1.21800E+00  1.21950E+00  1.22100E+00  1.22250E+00  1.22400E+00
#           1.22550E+00  1.22700E+00  1.22850E+00  1.23000E+00  1.23150E+00
#           1.23300E+00  1.23450E+00  1.23600E+00  1.23750E+00  1.23900E+00
#           1.24050E+00  1.24200E+00  1.24350E+00  1.24500E+00  1.24650E+00
#           1.24800E+00  1.24950E+00  1.25100E+00  1.25250E+00  1.25400E+00
#           1.25550E+00  1.25700E+00  1.25850E+00  1.26000E+00  1.26150E+00
#           1.26300E+00  1.26450E+00  1.26600E+00  1.26750E+00  1.26900E+00
#           1.27050E+00  1.27200E+00  1.27350E+00  1.27500E+00  1.27650E+00
#           1.27800E+00  1.27950E+00  1.28100E+00  1.28250E+00  1.28400E+00
#           1.28550E+00  1.28700E+00  1.28850E+00  1.29000E+00  1.29150E+00
#           1.29300E+00  1.29450E+00  1.29600E+00  1.29750E+00  1.29900E+00
#           1.30050E+00  1.30200E+00  1.30350E+00  1.30500E+00  1.30650E+00
#           1.30800E+00  1.30950E+00  1.31100E+00  1.31250E+00  1.31400E+00
#           1.31550E+00  1.31700E+00  1.31850E+00  1.32000E+00  1.32150E+00
#           1.32300E+00  1.32450E+00  1.32600E+00  1.32750E+00  1.32900E+00
#           1.33050E+00  1.33200E+00  1.33350E+00  1.33500E+00  1.33650E+00
#           1.33800E+00  1.33950E+00  1.34100E+00  1.34250E+00  1.34400E+00
#           1.34550E+00  1.34700E+00  1.34850E+00  1.35000E+00  1.35150E+00
#           1.35300E+00  1.35450E+00  1.35600E+00  1.35750E+00  1.35900E+00
#           1.36050E+00  1.36200E+00  1.36350E+00  1.36500E+00  1.36650E+00
#           1.36800E+00  1.36950E+00  1.37100E+00  1.37250E+00  1.37400E+00
#           1.37550E+00  1.37700E+00  1.37850E+00  1.38000E+00  1.38150E+00
#           1.38300E+00  1.38450E+00  1.38600E+00  1.38750E+00  1.38900E+00
#           1.39050E+00  1.39200E+00  1.39350E+00  1.39500E+00  1.39650E+00
#           1.39800E+00  1.39950E+00  1.40100E+00  1.40250E+00  1.40400E+00
#           1.40550E+00  1.40700E+00  1.40850E+00  1.41000E+00  1.41150E+00
#           1.41300E+00  1.41450E+00  1.41600E+00  1.41750E+00  1.41900E+00
#           1.42050E+00  1.42200E+00  1.42350E+00  1.42500E+00  1.42650E+00
#           1.42800E+00  1.42950E+00  1.43100E+00  1.43250E+00  1.43400E+00
#           1.43550E+00  1.43700E+00  1.43850E+00  1.44000E+00  1.44150E+00
#           1.44300E+00  1.44450E+00  1.44600E+00  1.44750E+00  1.44900E+00
#           1.45050E+00  1.45200E+00  1.45350E+00  1.45500E+00  1.45650E+00
#           1.45800E+00  1.45950E+00  1.46100E+00  1.46250E+00  1.46400E+00
#           1.46550E+00  1.46700E+00  1.46850E+00  1.47000E+00  1.47150E+00
#           1.47300E+00  1.47450E+00  1.47600E+00  1.47750E+00  1.47900E+00
#           1.48050E+00  1.48200E+00  1.48350E+00  1.48500E+00  1.48650E+00
#           1.48800E+00  1.48950E+00  1.49100E+00  1.49250E+00  1.49400E+00
#           1.49550E+00  1.49700E+00  1.49850E+00  1.50000E+00  1.50150E+00
#           1.50300E+00  1.50450E+00  1.50600E+00  1.50750E+00  1.50900E+00
#           1.51050E+00  1.51200E+00  1.51350E+00  1.51500E+00  1.51650E+00
#           1.51800E+00  1.51950E+00  1.52100E+00  1.52250E+00  1.52400E+00
#           1.52550E+00  1.52700E+00  1.52850E+00  1.53000E+00  1.53150E+00
#           1.53300E+00  1.53450E+00  1.53600E+00  1.53750E+00  1.53900E+00
#           1.54050E+00  1.54200E+00  1.54350E+00  1.54500E+00  1.54650E+00
#           1.54800E+00  1.54950E+00  1.55100E+00  1.55250E+00  1.55400E+00
#           1.55550E+00  1.55700E+00  1.55850E+00  1.56000E+00  1.56150E+00
#           1.56300E+00  1.56450E+00  1.56600E+00  1.56750E+00  1.56900E+00
#           1.57050E+00  1.57200E+00  1.57350E+00  1.57500E+00  1.57650E+00
#           1.57800E+00  1.57950E+00  1.58100E+00  1.58250E+00  1.58400E+00
#           1.58550E+00  1.58700E+00  1.58850E+00  1.59000E+00  1.59150E+00
#           1.59300E+00  1.59450E+00  1.59600E+00  1.59750E+00  1.59900E+00
#           1.60050E+00  1.60200E+00  1.60350E+00  1.60500E+00  1.60650E+00
#           1.60800E+00  1.60950E+00  1.61100E+00  1.61250E+00  1.61400E+00
#           1.61550E+00  1.61700E+00  1.61850E+00  1.62000E+00  1.62150E+00
#           1.62300E+00  1.62450E+00  1.62600E+00  1.62750E+00  1.62900E+00
#           1.63050E+00  1.63200E+00  1.63350E+00  1.63500E+00  1.63650E+00
#           1.63800E+00  1.63950E+00  1.64100E+00  1.64250E+00  1.64400E+00
#           1.64550E+00  1.64700E+00  1.64850E+00  1.65000E+00  1.65150E+00
#           1.65300E+00  1.65450E+00  1.65600E+00  1.65750E+00  1.65900E+00
#           1.66050E+00  1.66200E+00  1.66350E+00  1.66500E+00  1.66650E+00
#           1.66800E+00  1.66950E+00  1.67100E+00  1.67250E+00  1.67400E+00
#           1.67550E+00  1.67700E+00  1.67850E+00  1.68000E+00  1.68150E+00
#           1.68300E+00  1.68450E+00  1.68600E+00  1.68750E+00  1.68900E+00
#           1.69050E+00  1.69200E+00  1.69350E+00  1.69500E+00  1.69650E+00
#           1.69800E+00  1.69950E+00  1.70100E+00  1.70250E+00  1.70400E+00
#           1.70550E+00  1.70700E+00  1.70850E+00  1.71000E+00  1.71150E+00
#           1.71300E+00  1.71450E+00  1.71600E+00  1.71750E+00  1.71900E+00
#           1.72050E+00  1.72200E+00  1.72350E+00  1.72500E+00  1.72650E+00
#           1.72800E+00  1.72950E+00  1.73100E+00  1.73250E+00  1.73400E+00
#           1.73550E+00  1.73700E+00  1.73850E+00  1.74000E+00  1.74150E+00
#           1.74300E+00  1.74450E+00  1.74600E+00  1.74750E+00  1.74900E+00
#           1.75050E+00  1.75200E+00  1.75350E+00  1.75500E+00  1.75650E+00
#           1.75800E+00  1.75950E+00  1.76100E+00  1.76250E+00  1.76400E+00
#           1.76550E+00  1.76700E+00  1.76850E+00  1.77000E+00  1.77150E+00
#           1.77300E+00  1.77450E+00  1.77600E+00  1.77750E+00  1.77900E+00
#           1.78050E+00  1.78200E+00  1.78350E+00  1.78500E+00  1.78650E+00
#           1.78800E+00  1.78950E+00  1.79100E+00  1.79250E+00  1.79400E+00
#           1.79550E+00  1.79700E+00  1.79850E+00  1.80000E+00  1.80150E+00
#           1.80300E+00  1.80450E+00  1.80600E+00  1.80750E+00  1.80900E+00
#           1.81050E+00  1.81200E+00  1.81350E+00  1.81500E+00  1.81650E+00
#           1.81800E+00  1.81950E+00  1.82100E+00  1.82250E+00  1.82400E+00
#           1.82550E+00  1.82700E+00  1.82850E+00  1.83000E+00  1.83150E+00
#           1.83300E+00  1.83450E+00  1.83600E+00  1.83750E+00  1.83900E+00
#           1.84050E+00  1.84200E+00  1.84350E+00  1.84500E+00  1.84650E+00
#           1.84800E+00  1.84950E+00  1.85100E+00  1.85250E+00  1.85400E+00
#           1.85550E+00  1.85700E+00  1.85850E+00  1.86000E+00  1.86150E+00
#           1.86300E+00  1.86450E+00  1.86600E+00  1.86750E+00  1.86900E+00
#           1.87050E+00  1.87200E+00  1.87350E+00  1.87500E+00  1.87650E+00
#           1.87800E+00  1.87950E+00  1.88100E+00  1.88250E+00  1.88400E+00
#           1.88550E+00  1.88700E+00  1.88850E+00  1.89000E+00  1.89150E+00
#           1.89300E+00  1.89450E+00  1.89600E+00  1.89750E+00  1.89900E+00
#           1.90050E+00  1.90200E+00  1.90350E+00  1.90500E+00  1.90650E+00
#           1.90800E+00  1.90950E+00  1.91100E+00  1.91250E+00  1.91400E+00
#           1.91550E+00  1.91700E+00  1.91850E+00  1.92000E+00  1.92150E+00
#           1.92300E+00  1.92450E+00  1.92600E+00  1.92750E+00  1.92900E+00
#           1.93050E+00  1.93200E+00  1.93350E+00  1.93500E+00  1.93650E+00
#           1.93800E+00  1.93950E+00  1.94100E+00  1.94250E+00  1.94400E+00
#           1.94550E+00  1.94700E+00  1.94850E+00  1.95000E+00  1.95150E+00
#           1.95300E+00  1.95450E+00  1.95600E+00  1.95750E+00  1.95900E+00
#           1.96050E+00  1.96200E+00  1.96350E+00  1.96500E+00  1.96650E+00
#           1.96800E+00  1.96950E+00  1.97100E+00  1.97250E+00  1.97400E+00
#           1.97550E+00  1.97700E+00  1.97850E+00  1.98000E+00  1.98150E+00
#           1.98300E+00  1.98450E+00  1.98600E+00  1.98750E+00  1.98900E+00
#           1.99050E+00  1.99200E+00  1.99350E+00  1.99500E+00  1.99650E+00
#           1.99800E+00  1.99950E+00  2.00100E+00  2.00250E+00  2.00400E+00
#           2.00550E+00  2.00700E+00  2.00850E+00  2.01000E+00  2.01150E+00
#           2.01300E+00  2.01450E+00  2.01600E+00  2.01750E+00  2.01900E+00
#           2.02050E+00  2.02200E+00  2.02350E+00  2.02500E+00  2.02650E+00
#           2.02800E+00  2.02950E+00  2.03100E+00  2.03250E+00  2.03400E+00
#           2.03550E+00  2.03700E+00  2.03850E+00  2.04000E+00  2.04150E+00
#           2.04300E+00  2.04450E+00  2.04600E+00  2.04750E+00  2.04900E+00
#           2.05050E+00  2.05200E+00  2.05350E+00  2.05500E+00  2.05650E+00
#           2.05800E+00  2.05950E+00  2.06100E+00  2.06250E+00  2.06400E+00
#           2.06550E+00  2.06700E+00  2.06850E+00  2.07000E+00  2.07150E+00
#           2.07300E+00  2.07450E+00  2.07600E+00  2.07750E+00  2.07900E+00
#           2.08050E+00  2.08200E+00  2.08350E+00  2.08500E+00  2.08650E+00
#           2.08800E+00  2.08950E+00  2.09100E+00  2.09250E+00  2.09400E+00
#           2.09550E+00  2.09700E+00  2.09850E+00  2.10000E+00  2.10150E+00
#           2.10300E+00  2.10450E+00  2.10600E+00  2.10750E+00  2.10900E+00
#           2.11050E+00  2.11200E+00  2.11350E+00  2.11500E+00  2.11650E+00
#           2.11800E+00  2.11950E+00  2.12100E+00  2.12250E+00  2.12400E+00
#           2.12550E+00  2.12700E+00  2.12850E+00  2.13000E+00  2.13150E+00
#           2.13300E+00  2.13450E+00  2.13600E+00  2.13750E+00  2.13900E+00
#           2.14050E+00  2.14200E+00  2.14350E+00  2.14500E+00  2.14650E+00
#           2.14800E+00  2.14950E+00  2.15100E+00  2.15250E+00  2.15400E+00
#           2.15550E+00  2.15700E+00  2.15850E+00  2.16000E+00  2.16150E+00
#           2.16300E+00  2.16450E+00  2.16600E+00  2.16750E+00  2.16900E+00
#           2.17050E+00  2.17200E+00  2.17350E+00  2.17500E+00  2.17650E+00
#           2.17800E+00  2.17950E+00  2.18100E+00  2.18250E+00  2.18400E+00
#           2.18550E+00  2.18700E+00  2.18850E+00  2.19000E+00  2.19150E+00
#           2.19300E+00  2.19450E+00  2.19600E+00  2.19750E+00  2.19900E+00
#           2.20050E+00  2.20200E+00  2.20350E+00  2.20500E+00  2.20650E+00
#           2.20800E+00  2.20950E+00  2.21100E+00  2.21250E+00  2.21400E+00
#           2.21550E+00  2.21700E+00  2.21850E+00  2.22000E+00  2.22150E+00
#           2.22300E+00  2.22450E+00  2.22600E+00  2.22750E+00  2.22900E+00
#           2.23050E+00  2.23200E+00  2.23350E+00  2.23500E+00  2.23650E+00
#           2.23800E+00  2.23950E+00  2.24100E+00  2.24250E+00  2.24400E+00
#           2.24550E+00  2.24700E+00  2.24850E+00  2.25000E+00  2.25150E+00
#           2.25300E+00  2.25450E+00  2.25600E+00  2.25750E+00  2.25900E+00
#           2.26050E+00  2.26200E+00  2.26350E+00  2.26500E+00  2.26650E+00
#           2.26800E+00  2.26950E+00  2.27100E+00  2.27250E+00  2.27400E+00
#           2.27550E+00  2.27700E+00  2.27850E+00  2.28000E+00  2.28150E+00
#           2.28300E+00  2.28450E+00  2.28600E+00  2.28750E+00  2.28900E+00
#           2.29050E+00  2.29200E+00  2.29350E+00  2.29500E+00  2.29650E+00
#           2.29800E+00  2.29950E+00  2.30100E+00  2.30250E+00  2.30400E+00
#           2.30550E+00  2.30700E+00  2.30850E+00  2.31000E+00  2.31150E+00
#           2.31300E+00  2.31450E+00  2.31600E+00  2.31750E+00  2.31900E+00
#           2.32050E+00  2.32200E+00  2.32350E+00  2.32500E+00  2.32650E+00
#           2.32800E+00  2.32950E+00  2.33100E+00  2.33250E+00  2.33400E+00
#           2.33550E+00  2.33700E+00  2.33850E+00  2.34000E+00  2.34150E+00
#           2.34300E+00  2.34450E+00  2.34600E+00  2.34750E+00  2.34900E+00
#           2.35050E+00  2.35200E+00  2.35350E+00  2.35500E+00  2.35650E+00
#           2.35800E+00  2.35950E+00  2.36100E+00  2.36250E+00  2.36400E+00
#           2.36550E+00  2.36700E+00  2.36850E+00  2.37000E+00  2.37150E+00
#           2.37300E+00  2.37450E+00  2.37600E+00  2.37750E+00  2.37900E+00
#           2.38050E+00  2.38200E+00  2.38350E+00  2.38500E+00  2.38650E+00
#           2.38800E+00  2.38950E+00  2.39100E+00  2.39250E+00  2.39400E+00
#           2.39550E+00  2.39700E+00  2.39850E+00  2.40000E+00  2.40150E+00
#           2.40300E+00  2.40450E+00  2.40600E+00  2.40750E+00  2.40900E+00
#           2.41050E+00  2.41200E+00  2.41350E+00  2.41500E+00  2.41650E+00
#           2.41800E+00  2.41950E+00  2.42100E+00  2.42250E+00  2.42400E+00
#           2.42550E+00  2.42700E+00  2.42850E+00  2.43000E+00  2.43150E+00
#           2.43300E+00  2.43450E+00  2.43600E+00  2.43750E+00  2.43900E+00
#           2.44050E+00  2.44200E+00  2.44350E+00  2.44500E+00  2.44650E+00
#           2.44800E+00  2.44950E+00  2.45100E+00  2.45250E+00  2.45400E+00
#           2.45550E+00  2.45700E+00  2.45850E+00  2.46000E+00  2.46150E+00
#           2.46300E+00  2.46450E+00  2.46600E+00  2.46750E+00  2.46900E+00
#           2.47050E+00  2.47200E+00  2.47350E+00  2.47500E+00  2.47650E+00
#           2.47800E+00  2.47950E+00  2.48100E+00  2.48250E+00  2.48400E+00
#           2.48550E+00  2.48700E+00  2.48850E+00  2.49000E+00  2.49150E+00
#           2.49300E+00  2.49450E+00  2.49600E+00  2.49750E+00  2.49900E+00
#           2.50050E+00  2.50200E+00  2.50350E+00  2.50500E+00  2.50650E+00
#           2.50800E+00  2.50950E+00  2.51100E+00  2.51250E+00  2.51400E+00
#           2.51550E+00  2.51700E+00  2.51850E+00  2.52000E+00  2.52150E+00
#           2.52300E+00  2.52450E+00  2.52600E+00  2.52750E+00  2.52900E+00
#           2.53050E+00  2.53200E+00  2.53350E+00  2.53500E+00  2.53650E+00
#           2.53800E+00  2.53950E+00  2.54100E+00  2.54250E+00  2.54400E+00
#           2.54550E+00  2.54700E+00  2.54850E+00  2.55000E+00  2.55150E+00
#           2.55300E+00  2.55450E+00  2.55600E+00  2.55750E+00  2.55900E+00
#           2.56050E+00  2.56200E+00  2.56350E+00  2.56500E+00  2.56650E+00
#           2.56800E+00  2.56950E+00  2.57100E+00  2.57250E+00  2.57400E+00
#           2.57550E+00  2.57700E+00  2.57850E+00  2.58000E+00  2.58150E+00
#           2.58300E+00  2.58450E+00  2.58600E+00  2.58750E+00  2.58900E+00
#           2.59050E+00  2.59200E+00  2.59350E+00  2.59500E+00  2.59650E+00
#           2.59800E+00  2.59950E+00  2.60100E+00  2.60250E+00  2.60400E+00
#           2.60550E+00  2.60700E+00  2.60850E+00  2.61000E+00  2.61150E+00
#           2.61300E+00  2.61450E+00  2.61600E+00  2.61750E+00  2.61900E+00
#           2.62050E+00  2.62200E+00  2.62350E+00  2.62500E+00  2.62650E+00
#           2.62800E+00  2.62950E+00  2.63100E+00  2.63250E+00  2.63400E+00
#           2.63550E+00  2.63700E+00  2.63850E+00  2.64000E+00  2.64150E+00
#           2.64300E+00  2.64450E+00  2.64600E+00  2.64750E+00  2.64900E+00
#           2.65050E+00  2.65200E+00  2.65350E+00  2.65500E+00  2.65650E+00
#           2.65800E+00  2.65950E+00  2.66100E+00  2.66250E+00  2.66400E+00
#           2.66550E+00  2.66700E+00  2.66850E+00  2.67000E+00  2.67150E+00
#           2.67300E+00  2.67450E+00  2.67600E+00  2.67750E+00  2.67900E+00
#           2.68050E+00  2.68200E+00  2.68350E+00  2.68500E+00  2.68650E+00
#           2.68800E+00  2.68950E+00  2.69100E+00  2.69250E+00  2.69400E+00
#           2.69550E+00  2.69700E+00  2.69850E+00  2.70000E+00  2.70150E+00
#           2.70300E+00  2.70450E+00  2.70600E+00  2.70750E+00  2.70900E+00
#           2.71050E+00  2.71200E+00  2.71350E+00  2.71500E+00  2.71650E+00
#           2.71800E+00  2.71950E+00  2.72100E+00  2.72250E+00  2.72400E+00
#           2.72550E+00  2.72700E+00  2.72850E+00  2.73000E+00  2.73150E+00
#           2.73300E+00  2.73450E+00  2.73600E+00  2.73750E+00  2.73900E+00
#           2.74050E+00  2.74200E+00  2.74350E+00  2.74500E+00  2.74650E+00
#           2.74800E+00  2.74950E+00  2.75100E+00  2.75250E+00  2.75400E+00
#           2.75550E+00  2.75700E+00  2.75850E+00  2.76000E+00  2.76150E+00
#           2.76300E+00  2.76450E+00  2.76600E+00  2.76750E+00  2.76900E+00
#           2.77050E+00  2.77200E+00  2.77350E+00  2.77500E+00  2.77650E+00
#           2.77800E+00  2.77950E+00  2.78100E+00  2.78250E+00  2.78400E+00
#           2.78550E+00  2.78700E+00  2.78850E+00  2.79000E+00  2.79150E+00
#           2.79300E+00  2.79450E+00  2.79600E+00  2.79750E+00  2.79900E+00
#           2.80050E+00  2.80200E+00  2.80350E+00  2.80500E+00  2.80650E+00
#           2.80800E+00  2.80950E+00  2.81100E+00  2.81250E+00  2.81400E+00
#           2.81550E+00  2.81700E+00  2.81850E+00  2.82000E+00  2.82150E+00
#           2.82300E+00  2.82450E+00  2.82600E+00  2.82750E+00  2.82900E+00
#           2.83050E+00  2.83200E+00  2.83350E+00  2.83500E+00  2.83650E+00
#           2.83800E+00  2.83950E+00  2.84100E+00  2.84250E+00  2.84400E+00
#           2.84550E+00  2.84700E+00  2.84850E+00  2.85000E+00  2.85150E+00
#           2.85300E+00  2.85450E+00  2.85600E+00  2.85750E+00  2.85900E+00
#           2.86050E+00  2.86200E+00  2.86350E+00  2.86500E+00  2.86650E+00
#           2.86800E+00  2.86950E+00  2.87100E+00  2.87250E+00  2.87400E+00
#           2.87550E+00  2.87700E+00  2.87850E+00  2.88000E+00  2.88150E+00
#           2.88300E+00  2.88450E+00  2.88600E+00  2.88750E+00  2.88900E+00
#           2.89050E+00  2.89200E+00  2.89350E+00  2.89500E+00  2.89650E+00
#           2.89800E+00  2.89950E+00  2.90100E+00  2.90250E+00  2.90400E+00
#           2.90550E+00  2.90700E+00  2.90850E+00  2.91000E+00  2.91150E+00
#           2.91300E+00  2.91450E+00  2.91600E+00  2.91750E+00  2.91900E+00
#           2.92050E+00  2.92200E+00  2.92350E+00  2.92500E+00  2.92650E+00
#           2.92800E+00  2.92950E+00  2.93100E+00  2.93250E+00  2.93400E+00
#           2.93550E+00  2.93700E+00  2.93850E+00  2.94000E+00  2.94150E+00
#           2.94300E+00  2.94450E+00  2.94600E+00  2.94750E+00  2.94900E+00
#           2.95050E+00  2.95200E+00  2.95350E+00  2.95500E+00  2.95650E+00
#           2.95800E+00  2.95950E+00  2.96100E+00  2.96250E+00  2.96400E+00
#           2.96550E+00  2.96700E+00  2.96850E+00  2.97000E+00  2.97150E+00
#           2.97300E+00  2.97450E+00  2.97600E+00  2.97750E+00  2.97900E+00
#           2.98050E+00  2.98200E+00  2.98350E+00  2.98500E+00  2.98650E+00
#           2.98800E+00  2.98950E+00  2.99100E+00  2.99250E+00  2.99400E+00
#           2.99550E+00  2.99700E+00  2.99850E+00  3.00000E+00  3.00150E+00
#           3.00300E+00  3.00450E+00  3.00600E+00  3.00750E+00  3.00900E+00
#           3.01050E+00  3.01200E+00  3.01350E+00  3.01500E+00  3.01650E+00
#           3.01800E+00  3.01950E+00  3.02100E+00  3.02250E+00  3.02400E+00
#           3.02550E+00  3.02700E+00  3.02850E+00  3.03000E+00  3.03150E+00
#           3.03300E+00  3.03450E+00  3.03600E+00  3.03750E+00  3.03900E+00
#           3.04050E+00  3.04200E+00  3.04350E+00  3.04500E+00  3.04650E+00
#           3.04800E+00  3.04950E+00  3.05100E+00  3.05250E+00  3.05400E+00
#           3.05550E+00  3.05700E+00  3.05850E+00  3.06000E+00  3.06150E+00
#           3.06300E+00  3.06450E+00  3.06600E+00  3.06750E+00  3.06900E+00
#           3.07050E+00  3.07200E+00  3.07350E+00  3.07500E+00  3.07650E+00
#           3.07800E+00  3.07950E+00  3.08100E+00  3.08250E+00  3.08400E+00
#           3.08550E+00  3.08700E+00  3.08850E+00  3.09000E+00  3.09150E+00
#           3.09300E+00  3.09450E+00
   y-type =    2            # y-mesh is linear given by ymin, ymax and ny
     ymin = -0.6645000      # minimum value of y-mesh points
     ymax =  0.6645000      # maximum value of y-mesh points
#    ydel =  1.5000000E-03  # mesh width of y-mesh points
       ny =    886          # number of y-mesh points
#    data = ( y(i), i = 1, ny + 1 )
#          -6.64500E-01 -6.63000E-01 -6.61500E-01 -6.60000E-01 -6.58500E-01
#          -6.57000E-01 -6.55500E-01 -6.54000E-01 -6.52500E-01 -6.51000E-01
#          -6.49500E-01 -6.48000E-01 -6.46500E-01 -6.45000E-01 -6.43500E-01
#          -6.42000E-01 -6.40500E-01 -6.39000E-01 -6.37500E-01 -6.36000E-01
#          -6.34500E-01 -6.33000E-01 -6.31500E-01 -6.30000E-01 -6.28500E-01
#          -6.27000E-01 -6.25500E-01 -6.24000E-01 -6.22500E-01 -6.21000E-01
#          -6.19500E-01 -6.18000E-01 -6.16500E-01 -6.15000E-01 -6.13500E-01
#          -6.12000E-01 -6.10500E-01 -6.09000E-01 -6.07500E-01 -6.06000E-01
#          -6.04500E-01 -6.03000E-01 -6.01500E-01 -6.00000E-01 -5.98500E-01
#          -5.97000E-01 -5.95500E-01 -5.94000E-01 -5.92500E-01 -5.91000E-01
#          -5.89500E-01 -5.88000E-01 -5.86500E-01 -5.85000E-01 -5.83500E-01
#          -5.82000E-01 -5.80500E-01 -5.79000E-01 -5.77500E-01 -5.76000E-01
#          -5.74500E-01 -5.73000E-01 -5.71500E-01 -5.70000E-01 -5.68500E-01
#          -5.67000E-01 -5.65500E-01 -5.64000E-01 -5.62500E-01 -5.61000E-01
#          -5.59500E-01 -5.58000E-01 -5.56500E-01 -5.55000E-01 -5.53500E-01
#          -5.52000E-01 -5.50500E-01 -5.49000E-01 -5.47500E-01 -5.46000E-01
#          -5.44500E-01 -5.43000E-01 -5.41500E-01 -5.40000E-01 -5.38500E-01
#          -5.37000E-01 -5.35500E-01 -5.34000E-01 -5.32500E-01 -5.31000E-01
#          -5.29500E-01 -5.28000E-01 -5.26500E-01 -5.25000E-01 -5.23500E-01
#          -5.22000E-01 -5.20500E-01 -5.19000E-01 -5.17500E-01 -5.16000E-01
#          -5.14500E-01 -5.13000E-01 -5.11500E-01 -5.10000E-01 -5.08500E-01
#          -5.07000E-01 -5.05500E-01 -5.04000E-01 -5.02500E-01 -5.01000E-01
#          -4.99500E-01 -4.98000E-01 -4.96500E-01 -4.95000E-01 -4.93500E-01
#          -4.92000E-01 -4.90500E-01 -4.89000E-01 -4.87500E-01 -4.86000E-01
#          -4.84500E-01 -4.83000E-01 -4.81500E-01 -4.80000E-01 -4.78500E-01
#          -4.77000E-01 -4.75500E-01 -4.74000E-01 -4.72500E-01 -4.71000E-01
#          -4.69500E-01 -4.68000E-01 -4.66500E-01 -4.65000E-01 -4.63500E-01
#          -4.62000E-01 -4.60500E-01 -4.59000E-01 -4.57500E-01 -4.56000E-01
#          -4.54500E-01 -4.53000E-01 -4.51500E-01 -4.50000E-01 -4.48500E-01
#          -4.47000E-01 -4.45500E-01 -4.44000E-01 -4.42500E-01 -4.41000E-01
#          -4.39500E-01 -4.38000E-01 -4.36500E-01 -4.35000E-01 -4.33500E-01
#          -4.32000E-01 -4.30500E-01 -4.29000E-01 -4.27500E-01 -4.26000E-01
#          -4.24500E-01 -4.23000E-01 -4.21500E-01 -4.20000E-01 -4.18500E-01
#          -4.17000E-01 -4.15500E-01 -4.14000E-01 -4.12500E-01 -4.11000E-01
#          -4.09500E-01 -4.08000E-01 -4.06500E-01 -4.05000E-01 -4.03500E-01
#          -4.02000E-01 -4.00500E-01 -3.99000E-01 -3.97500E-01 -3.96000E-01
#          -3.94500E-01 -3.93000E-01 -3.91500E-01 -3.90000E-01 -3.88500E-01
#          -3.87000E-01 -3.85500E-01 -3.84000E-01 -3.82500E-01 -3.81000E-01
#          -3.79500E-01 -3.78000E-01 -3.76500E-01 -3.75000E-01 -3.73500E-01
#          -3.72000E-01 -3.70500E-01 -3.69000E-01 -3.67500E-01 -3.66000E-01
#          -3.64500E-01 -3.63000E-01 -3.61500E-01 -3.60000E-01 -3.58500E-01
#          -3.57000E-01 -3.55500E-01 -3.54000E-01 -3.52500E-01 -3.51000E-01
#          -3.49500E-01 -3.48000E-01 -3.46500E-01 -3.45000E-01 -3.43500E-01
#          -3.42000E-01 -3.40500E-01 -3.39000E-01 -3.37500E-01 -3.36000E-01
#          -3.34500E-01 -3.33000E-01 -3.31500E-01 -3.30000E-01 -3.28500E-01
#          -3.27000E-01 -3.25500E-01 -3.24000E-01 -3.22500E-01 -3.21000E-01
#          -3.19500E-01 -3.18000E-01 -3.16500E-01 -3.15000E-01 -3.13500E-01
#          -3.12000E-01 -3.10500E-01 -3.09000E-01 -3.07500E-01 -3.06000E-01
#          -3.04500E-01 -3.03000E-01 -3.01500E-01 -3.00000E-01 -2.98500E-01
#          -2.97000E-01 -2.95500E-01 -2.94000E-01 -2.92500E-01 -2.91000E-01
#          -2.89500E-01 -2.88000E-01 -2.86500E-01 -2.85000E-01 -2.83500E-01
#          -2.82000E-01 -2.80500E-01 -2.79000E-01 -2.77500E-01 -2.76000E-01
#          -2.74500E-01 -2.73000E-01 -2.71500E-01 -2.70000E-01 -2.68500E-01
#          -2.67000E-01 -2.65500E-01 -2.64000E-01 -2.62500E-01 -2.61000E-01
#          -2.59500E-01 -2.58000E-01 -2.56500E-01 -2.55000E-01 -2.53500E-01
#          -2.52000E-01 -2.50500E-01 -2.49000E-01 -2.47500E-01 -2.46000E-01
#          -2.44500E-01 -2.43000E-01 -2.41500E-01 -2.40000E-01 -2.38500E-01
#          -2.37000E-01 -2.35500E-01 -2.34000E-01 -2.32500E-01 -2.31000E-01
#          -2.29500E-01 -2.28000E-01 -2.26500E-01 -2.25000E-01 -2.23500E-01
#          -2.22000E-01 -2.20500E-01 -2.19000E-01 -2.17500E-01 -2.16000E-01
#          -2.14500E-01 -2.13000E-01 -2.11500E-01 -2.10000E-01 -2.08500E-01
#          -2.07000E-01 -2.05500E-01 -2.04000E-01 -2.02500E-01 -2.01000E-01
#          -1.99500E-01 -1.98000E-01 -1.96500E-01 -1.95000E-01 -1.93500E-01
#          -1.92000E-01 -1.90500E-01 -1.89000E-01 -1.87500E-01 -1.86000E-01
#          -1.84500E-01 -1.83000E-01 -1.81500E-01 -1.80000E-01 -1.78500E-01
#          -1.77000E-01 -1.75500E-01 -1.74000E-01 -1.72500E-01 -1.71000E-01
#          -1.69500E-01 -1.68000E-01 -1.66500E-01 -1.65000E-01 -1.63500E-01
#          -1.62000E-01 -1.60500E-01 -1.59000E-01 -1.57500E-01 -1.56000E-01
#          -1.54500E-01 -1.53000E-01 -1.51500E-01 -1.50000E-01 -1.48500E-01
#          -1.47000E-01 -1.45500E-01 -1.44000E-01 -1.42500E-01 -1.41000E-01
#          -1.39500E-01 -1.38000E-01 -1.36500E-01 -1.35000E-01 -1.33500E-01
#          -1.32000E-01 -1.30500E-01 -1.29000E-01 -1.27500E-01 -1.26000E-01
#          -1.24500E-01 -1.23000E-01 -1.21500E-01 -1.20000E-01 -1.18500E-01
#          -1.17000E-01 -1.15500E-01 -1.14000E-01 -1.12500E-01 -1.11000E-01
#          -1.09500E-01 -1.08000E-01 -1.06500E-01 -1.05000E-01 -1.03500E-01
#          -1.02000E-01 -1.00500E-01 -9.90000E-02 -9.75000E-02 -9.60000E-02
#          -9.45000E-02 -9.30000E-02 -9.15000E-02 -9.00000E-02 -8.85000E-02
#          -8.70000E-02 -8.55000E-02 -8.40000E-02 -8.25000E-02 -8.10000E-02
#          -7.95000E-02 -7.80000E-02 -7.65000E-02 -7.50000E-02 -7.35000E-02
#          -7.20000E-02 -7.05000E-02 -6.90000E-02 -6.75000E-02 -6.60000E-02
#          -6.45000E-02 -6.30000E-02 -6.15000E-02 -6.00000E-02 -5.85000E-02
#          -5.70000E-02 -5.55000E-02 -5.40000E-02 -5.25000E-02 -5.10000E-02
#          -4.95000E-02 -4.80000E-02 -4.65000E-02 -4.50000E-02 -4.35000E-02
#          -4.20000E-02 -4.05000E-02 -3.90000E-02 -3.75000E-02 -3.60000E-02
#          -3.45000E-02 -3.30000E-02 -3.15000E-02 -3.00000E-02 -2.85000E-02
#          -2.70000E-02 -2.55000E-02 -2.40000E-02 -2.25000E-02 -2.10000E-02
#          -1.95000E-02 -1.80000E-02 -1.65000E-02 -1.50000E-02 -1.35000E-02
#          -1.20000E-02 -1.05000E-02 -9.00000E-03 -7.50000E-03 -6.00000E-03
#          -4.50000E-03 -3.00000E-03 -1.50000E-03  0.00000E+00  1.50000E-03
#           3.00000E-03  4.50000E-03  6.00000E-03  7.50000E-03  9.00000E-03
#           1.05000E-02  1.20000E-02  1.35000E-02  1.50000E-02  1.65000E-02
#           1.80000E-02  1.95000E-02  2.10000E-02  2.25000E-02  2.40000E-02
#           2.55000E-02  2.70000E-02  2.85000E-02  3.00000E-02  3.15000E-02
#           3.30000E-02  3.45000E-02  3.60000E-02  3.75000E-02  3.90000E-02
#           4.05000E-02  4.20000E-02  4.35000E-02  4.50000E-02  4.65000E-02
#           4.80000E-02  4.95000E-02  5.10000E-02  5.25000E-02  5.40000E-02
#           5.55000E-02  5.70000E-02  5.85000E-02  6.00000E-02  6.15000E-02
#           6.30000E-02  6.45000E-02  6.60000E-02  6.75000E-02  6.90000E-02
#           7.05000E-02  7.20000E-02  7.35000E-02  7.50000E-02  7.65000E-02
#           7.80000E-02  7.95000E-02  8.10000E-02  8.25000E-02  8.40000E-02
#           8.55000E-02  8.70000E-02  8.85000E-02  9.00000E-02  9.15000E-02
#           9.30000E-02  9.45000E-02  9.60000E-02  9.75000E-02  9.90000E-02
#           1.00500E-01  1.02000E-01  1.03500E-01  1.05000E-01  1.06500E-01
#           1.08000E-01  1.09500E-01  1.11000E-01  1.12500E-01  1.14000E-01
#           1.15500E-01  1.17000E-01  1.18500E-01  1.20000E-01  1.21500E-01
#           1.23000E-01  1.24500E-01  1.26000E-01  1.27500E-01  1.29000E-01
#           1.30500E-01  1.32000E-01  1.33500E-01  1.35000E-01  1.36500E-01
#           1.38000E-01  1.39500E-01  1.41000E-01  1.42500E-01  1.44000E-01
#           1.45500E-01  1.47000E-01  1.48500E-01  1.50000E-01  1.51500E-01
#           1.53000E-01  1.54500E-01  1.56000E-01  1.57500E-01  1.59000E-01
#           1.60500E-01  1.62000E-01  1.63500E-01  1.65000E-01  1.66500E-01
#           1.68000E-01  1.69500E-01  1.71000E-01  1.72500E-01  1.74000E-01
#           1.75500E-01  1.77000E-01  1.78500E-01  1.80000E-01  1.81500E-01
#           1.83000E-01  1.84500E-01  1.86000E-01  1.87500E-01  1.89000E-01
#           1.90500E-01  1.92000E-01  1.93500E-01  1.95000E-01  1.96500E-01
#           1.98000E-01  1.99500E-01  2.01000E-01  2.02500E-01  2.04000E-01
#           2.05500E-01  2.07000E-01  2.08500E-01  2.10000E-01  2.11500E-01
#           2.13000E-01  2.14500E-01  2.16000E-01  2.17500E-01  2.19000E-01
#           2.20500E-01  2.22000E-01  2.23500E-01  2.25000E-01  2.26500E-01
#           2.28000E-01  2.29500E-01  2.31000E-01  2.32500E-01  2.34000E-01
#           2.35500E-01  2.37000E-01  2.38500E-01  2.40000E-01  2.41500E-01
#           2.43000E-01  2.44500E-01  2.46000E-01  2.47500E-01  2.49000E-01
#           2.50500E-01  2.52000E-01  2.53500E-01  2.55000E-01  2.56500E-01
#           2.58000E-01  2.59500E-01  2.61000E-01  2.62500E-01  2.64000E-01
#           2.65500E-01  2.67000E-01  2.68500E-01  2.70000E-01  2.71500E-01
#           2.73000E-01  2.74500E-01  2.76000E-01  2.77500E-01  2.79000E-01
#           2.80500E-01  2.82000E-01  2.83500E-01  2.85000E-01  2.86500E-01
#           2.88000E-01  2.89500E-01  2.91000E-01  2.92500E-01  2.94000E-01
#           2.95500E-01  2.97000E-01  2.98500E-01  3.00000E-01  3.01500E-01
#           3.03000E-01  3.04500E-01  3.06000E-01  3.07500E-01  3.09000E-01
#           3.10500E-01  3.12000E-01  3.13500E-01  3.15000E-01  3.16500E-01
#           3.18000E-01  3.19500E-01  3.21000E-01  3.22500E-01  3.24000E-01
#           3.25500E-01  3.27000E-01  3.28500E-01  3.30000E-01  3.31500E-01
#           3.33000E-01  3.34500E-01  3.36000E-01  3.37500E-01  3.39000E-01
#           3.40500E-01  3.42000E-01  3.43500E-01  3.45000E-01  3.46500E-01
#           3.48000E-01  3.49500E-01  3.51000E-01  3.52500E-01  3.54000E-01
#           3.55500E-01  3.57000E-01  3.58500E-01  3.60000E-01  3.61500E-01
#           3.63000E-01  3.64500E-01  3.66000E-01  3.67500E-01  3.69000E-01
#           3.70500E-01  3.72000E-01  3.73500E-01  3.75000E-01  3.76500E-01
#           3.78000E-01  3.79500E-01  3.81000E-01  3.82500E-01  3.84000E-01
#           3.85500E-01  3.87000E-01  3.88500E-01  3.90000E-01  3.91500E-01
#           3.93000E-01  3.94500E-01  3.96000E-01  3.97500E-01  3.99000E-01
#           4.00500E-01  4.02000E-01  4.03500E-01  4.05000E-01  4.06500E-01
#           4.08000E-01  4.09500E-01  4.11000E-01  4.12500E-01  4.14000E-01
#           4.15500E-01  4.17000E-01  4.18500E-01  4.20000E-01  4.21500E-01
#           4.23000E-01  4.24500E-01  4.26000E-01  4.27500E-01  4.29000E-01
#           4.30500E-01  4.32000E-01  4.33500E-01  4.35000E-01  4.36500E-01
#           4.38000E-01  4.39500E-01  4.41000E-01  4.42500E-01  4.44000E-01
#           4.45500E-01  4.47000E-01  4.48500E-01  4.50000E-01  4.51500E-01
#           4.53000E-01  4.54500E-01  4.56000E-01  4.57500E-01  4.59000E-01
#           4.60500E-01  4.62000E-01  4.63500E-01  4.65000E-01  4.66500E-01
#           4.68000E-01  4.69500E-01  4.71000E-01  4.72500E-01  4.74000E-01
#           4.75500E-01  4.77000E-01  4.78500E-01  4.80000E-01  4.81500E-01
#           4.83000E-01  4.84500E-01  4.86000E-01  4.87500E-01  4.89000E-01
#           4.90500E-01  4.92000E-01  4.93500E-01  4.95000E-01  4.96500E-01
#           4.98000E-01  4.99500E-01  5.01000E-01  5.02500E-01  5.04000E-01
#           5.05500E-01  5.07000E-01  5.08500E-01  5.10000E-01  5.11500E-01
#           5.13000E-01  5.14500E-01  5.16000E-01  5.17500E-01  5.19000E-01
#           5.20500E-01  5.22000E-01  5.23500E-01  5.25000E-01  5.26500E-01
#           5.28000E-01  5.29500E-01  5.31000E-01  5.32500E-01  5.34000E-01
#           5.35500E-01  5.37000E-01  5.38500E-01  5.40000E-01  5.41500E-01
#           5.43000E-01  5.44500E-01  5.46000E-01  5.47500E-01  5.49000E-01
#           5.50500E-01  5.52000E-01  5.53500E-01  5.55000E-01  5.56500E-01
#           5.58000E-01  5.59500E-01  5.61000E-01  5.62500E-01  5.64000E-01
#           5.65500E-01  5.67000E-01  5.68500E-01  5.70000E-01  5.71500E-01
#           5.73000E-01  5.74500E-01  5.76000E-01  5.77500E-01  5.79000E-01
#           5.80500E-01  5.82000E-01  5.83500E-01  5.85000E-01  5.86500E-01
#           5.88000E-01  5.89500E-01  5.91000E-01  5.92500E-01  5.94000E-01
#           5.95500E-01  5.97000E-01  5.98500E-01  6.00000E-01  6.01500E-01
#           6.03000E-01  6.04500E-01  6.06000E-01  6.07500E-01  6.09000E-01
#           6.10500E-01  6.12000E-01  6.13500E-01  6.15000E-01  6.16500E-01
#           6.18000E-01  6.19500E-01  6.21000E-01  6.22500E-01  6.24000E-01
#           6.25500E-01  6.27000E-01  6.28500E-01  6.30000E-01  6.31500E-01
#           6.33000E-01  6.34500E-01  6.36000E-01  6.37500E-01  6.39000E-01
#           6.40500E-01  6.42000E-01  6.43500E-01  6.45000E-01  6.46500E-01
#           6.48000E-01  6.49500E-01  6.51000E-01  6.52500E-01  6.54000E-01
#           6.55500E-01  6.57000E-01  6.58500E-01  6.60000E-01  6.61500E-01
#           6.63000E-01  6.64500E-01
   z-type =    2            # z-mesh is linear given by zmin, zmax and nz
     zmin = -1.0000000E-02  # minimum value of z-mesh points
     zmax =  1.0000000E-02  # maximum value of z-mesh points
#    zdel =  4.0000000E-04  # mesh width of z-mesh points
       nz =     50          # number of z-mesh points
#    data = ( z(i), i = 1, nz + 1 )
#          -1.00000E-02 -9.60000E-03 -9.20000E-03 -8.80000E-03 -8.40000E-03
#          -8.00000E-03 -7.60000E-03 -7.20000E-03 -6.80000E-03 -6.40000E-03
#          -6.00000E-03 -5.60000E-03 -5.20000E-03 -4.80000E-03 -4.40000E-03
#          -4.00000E-03 -3.60000E-03 -3.20000E-03 -2.80000E-03 -2.40000E-03
#          -2.00000E-03 -1.60000E-03 -1.20000E-03 -8.00000E-04 -4.00000E-04
#           0.00000E+00  4.00000E-04  8.00000E-04  1.20000E-03  1.60000E-03
#           2.00000E-03  2.40000E-03  2.80000E-03  3.20000E-03  3.60000E-03
#           4.00000E-03  4.40000E-03  4.80000E-03  5.20000E-03  5.60000E-03
#           6.00000E-03  6.40000E-03  6.80000E-03  7.20000E-03  7.60000E-03
#           8.00000E-03  8.40000E-03  8.80000E-03  9.20000E-03  9.60000E-03
#           1.00000E-02
     unit =    2            # unit is [MeV/source)]
   letmat =    0            # (D=0) mat ID for LET, 0:real mat, <0: electron for H2O
  dedxfnc =    0            # (D=0) user defined multiplier, 0(no), 1, 2
 material =  all            # (D=all) number of specific material
   output =  dose           # total deposit energy
  deposit =    0            # (D=0) 0-> total deposit dist, 1-> each process
  2D-type =    3            # 1:Cont, 2:Clust, 3:Color, 4:xyz, 5:mat, 6:Clust+Cont, 7:Col+Cont
     axis =    xz           # axis of output
     file = deposit_mesh.out  # file name of output for the above axis
     part =  all      
# kf/name :  0        
#    used :        main (  %)        temp (  %)       total (  %)
#  memory :        5068 (  0)           0 (  0)        5068 (  0)

[END] of Input Echo <<<========================================================

<<< Report of real Geometry memory >>>
*           GG/CG memory =      140
*     total memory: mdas = 80000000
*                percent =     0.00 %

<<< Report of material memory for high energy>>>
*   high energy material =       77
*     total memory: mdas = 80000000
*                percent =     0.00 %

<<< Report of material memory for low energy>>>
*    low energy material =   196889
*     total memory: mdas = 80000000
*                percent =     0.25 %

<<< Report of real tally memory >>>
*      real tally memory =     5273
*     total memory: mdas = 80000000
*                percent =     0.01 %

<<< Report of temporary tally memory >>>
* temporary tally memory =   198881
*     total memory: mdas = 80000000
*                percent =     0.25 %

<<< Report of other memory >>>
*           other memory =     1503
*     total memory: mdas = 80000000
*                percent =     0.00 %

<<< Report of total memory >>>
*      used total memory =   203882
*     total memory: mdas = 80000000
*                percent =     0.25 %
*                ---------------------

-------------------------------------------------------------------------------
bat[       1] ncas =             10. : rijk    =   6647299061401.
       low neutron =              0. : ncall/s =  7.500000000E+00
          cpu time =   1.258 s.

===============================================================================

 Summary for the end of job

-------------------------------------------------------------------------------
 number of analyz call vs ncol
-------------------------------------------------------------------------------
     ncol          number
        1              1.   : start of calculation            
        2              1.   : end of calculation              
        3              1.   : end of a batch                  
        4             10.   : source                          
        5              0.   : detection of geometry error/warn
        6              0.   : recovery from geometry warning  
        7              0.   : termination by geometry error   
        8              0.   : termination by weight cut-off   
        9              0.   : termination by time cut-off     
       10             10.   : geometry boundary crossing      
       11             10.   : termination by energy cut-off   
       12              0.   : termination by escape or leakage
       13              0.   : reaction : (n,x) type           
       14              0.   : reaction : (n,n'x) type         
       15              0.   : sequential transport for tally  

-------------------------------------------------------------------------------
 List of transport particles
-------------------------------------------------------------------------------
     Name      kf-code        mass       charge   baryon

-------------------------------------------------------------------------------
 stop. particles.    number        weight        weight per source
-------------------------------------------------------------------------------
     alpha                10.     1.0000000E+01     1.0000000E+00

-------------------------------------------------------------------------------
 source: maxcas    maxbch      irskip   average weight          total source
-------------------------------------------------------------------------------
          10           1           0    1.0000000E+00    1.0000000000000E+01

-------------------------------------------------------------------------------
 used ATIMA database
-------------------------------------------------------------------------------
     for dedx  =        1 / mdbatima =      500

-------------------------------------------------------------------------------
 CG error summary
-------------------------------------------------------------------------------
 Number of lost particles     =     0 / nlost =       10
 Number of geometry recovering =     0
 Number of unrecovered errors =     0

-------------------------------------------------------------------------------
      initial random seed =   6647299061401.0
 next initial random seed = 148844717761569.0

-------------------------------------------------------------------------------
 job termination date : 2020/07/24
                 time :   18:18:19

-------------------------------------------------------------------------------
    CPU time and number of event called in PHITS
-------------------------------------------------------------------------------

                             sec
total cpu time =          104.04


                           count
      analysis =             31.  : data processing
         nevap =              0.  : evaporation
        dexgam =              0.  : de-excitation
         nreac =              0.  : atomic and nuclear reactions
         dklos =              0.  : particle decay
         hydro =              0.  : nucleon-nucleon scattering
        n-data =              0.  : neutron data library
        h-data =              0.  : proton data library
        p-data =              0.  : photon data library
        e-data =              0.  : electron data library
        p-egs5 =              0.  : photon interaction with EGS5
        e-egs5 =              0.  : electron interaction with EGS5
      e-tsmode =              0.  : electron track structure mode
     photonucl =              0.  : photo-nuclear reaction
       mu-reac =              0.  : muon-induced nuclear reaction
       mu-brem =              0.  : muon-induced bremsstrahlung
       mu-pprd =              0.  : muon-induced pair production
        mu-cap =              0.  : muon capture in nucleus
         elast =              0.  : elastic scattering
         ncasc =              0.  : nuclear reaction model

       bertini =              0.  : Bertini model
        isobar =              0.  : isobar model
           JAM =              0.  : JAM model
           QMD =              0.  : JQMD model
        JAMQMD =              0.  : JAMQMD model
          INCL =              0.  : INCL model
        INCELF =              0.  : INCELF model

>>> Citation Request >>>=======================================================

 This execution uses model(s) that must be explicitly cited in addition to
 the PHITS original document: T.Sato et al., J.Nucl.Sci.Technol.55, 684-690 (2018).
 Please refer the following document(s) in your publication using this result

 The EGS5 code:
    H. Hirayama et al., SLAC-R-730 (2005) and KEK Report 2005-8 (2005)

 The KUROTAMA model:
    K. Iida, A. Kohama, and K. Oyamatsu, J. Phys. Soc. Japan 76, 044201 (2007).

 END 
